This is pdfTeX, Version 3.14159265-2.6-1.40.20 (MiKTeX 2.9.6960 64-bit) (preloaded format=pdflatex 2019.3.1)  4 OCT 2019 09:58
entering extended mode
**./AutumnSchoolPoster.tex
(AutumnSchoolPoster.tex
LaTeX2e <2018-12-01>
(a0poster.cls
Document Class: a0poster 1997/05/07 v1.21b a0poster class (GK, MW)

("C:\Users\s1452504\AppData\Local\Programs\MiKTeX 2.9\tex/latex/base\article.cl
s"
Document Class: article 2018/09/03 v1.4i Standard LaTeX document class
("C:\Users\s1452504\AppData\Local\Programs\MiKTeX 2.9\tex/latex/base\size10.clo
"
File: size10.clo 2018/09/03 v1.4i Standard LaTeX file (size option)
)
\c@part=\count80
\c@section=\count81
\c@subsection=\count82
\c@subsubsection=\count83
\c@paragraph=\count84
\c@subparagraph=\count85
\c@figure=\count86
\c@table=\count87
\abovecaptionskip=\skip41
\belowcaptionskip=\skip42
\bibindent=\dimen102
)
\xkoord=\count88
\ykoord=\count89
\xscale=\count90
\yscale=\count91
\tausch=\dimen103
 (a0size.sty
File: a0size.sty 1997/05/06 v1.21b a0poster class (GK, MW)
LaTeX Font Info:    Redeclaring symbol font `largesymbols' on input line 218.
LaTeX Font Info:    Overwriting symbol font `largesymbols' in version `normal'
(Font)                  OMX/cmex/m/n --> OMX/cmex/m/n on input line 218.
LaTeX Font Info:    Overwriting symbol font `largesymbols' in version `bold'
(Font)                  OMX/cmex/m/n --> OMX/cmex/m/n on input line 218.
\big@size=\dimen104
))
("C:\Users\s1452504\AppData\Local\Programs\MiKTeX 2.9\tex/latex/tools\multicol.
sty"
Package: multicol 2018/11/09 v1.8u multicolumn formatting (FMi)
\c@tracingmulticols=\count92
\mult@box=\box27
\multicol@leftmargin=\dimen105
\c@unbalance=\count93
\c@collectmore=\count94
\doublecol@number=\count95
\multicoltolerance=\count96
\multicolpretolerance=\count97
\full@width=\dimen106
\page@free=\dimen107
\premulticols=\dimen108
\postmulticols=\dimen109
\multicolsep=\skip43
\multicolbaselineskip=\skip44
\partial@page=\box28
\last@line=\box29
\maxbalancingoverflow=\dimen110
\mult@rightbox=\box30
\mult@grightbox=\box31
\mult@gfirstbox=\box32
\mult@firstbox=\box33
\@tempa=\box34
\@tempa=\box35
\@tempa=\box36
\@tempa=\box37
\@tempa=\box38
\@tempa=\box39
\@tempa=\box40
\@tempa=\box41
\@tempa=\box42
\@tempa=\box43
\@tempa=\box44
\@tempa=\box45
\@tempa=\box46
\@tempa=\box47
\@tempa=\box48
\@tempa=\box49
\@tempa=\box50
\c@columnbadness=\count98
\c@finalcolumnbadness=\count99
\last@try=\dimen111
\multicolovershoot=\dimen112
\multicolundershoot=\dimen113
\mult@nat@firstbox=\box51
\colbreak@box=\box52
\mc@col@check@num=\count100
)
("C:\Users\s1452504\AppData\Local\Programs\MiKTeX 2.9\tex/latex/xcolor\xcolor.s
ty"
Package: xcolor 2016/05/11 v2.12 LaTeX color extensions (UK)

("C:\Users\s1452504\AppData\Local\Programs\MiKTeX 2.9\tex/latex/graphics-cfg\co
lor.cfg"
File: color.cfg 2016/01/02 v1.6 sample color configuration
)
Package xcolor Info: Driver file: pdftex.def on input line 225.

("C:\Users\s1452504\AppData\Local\Programs\MiKTeX 2.9\tex/latex/graphics-def\pd
ftex.def"
File: pdftex.def 2018/01/08 v1.0l Graphics/color driver for pdftex
)
Package xcolor Info: Model `cmy' substituted by `cmy0' on input line 1348.
Package xcolor Info: Model `hsb' substituted by `rgb' on input line 1352.
Package xcolor Info: Model `RGB' extended on input line 1364.
Package xcolor Info: Model `HTML' substituted by `rgb' on input line 1366.
Package xcolor Info: Model `Hsb' substituted by `hsb' on input line 1367.
Package xcolor Info: Model `tHsb' substituted by `hsb' on input line 1368.
Package xcolor Info: Model `HSB' substituted by `hsb' on input line 1369.
Package xcolor Info: Model `Gray' substituted by `gray' on input line 1370.
Package xcolor Info: Model `wave' substituted by `hsb' on input line 1371.

("C:\Users\s1452504\AppData\Local\Programs\MiKTeX 2.9\tex/latex/xcolor\svgnam.d
ef"
File: svgnam.def 2016/05/11 v2.12 Predefined colors according to SVG 1.1 (UK)
))
("C:\Users\s1452504\AppData\Local\Programs\MiKTeX 2.9\tex/latex/psnfss\times.st
y"
Package: times 2005/04/12 PSNFSS-v9.2a (SPQR) 
)
("C:\Users\s1452504\AppData\Local\Programs\MiKTeX 2.9\tex/latex/graphics\graphi
cx.sty"
Package: graphicx 2017/06/01 v1.1a Enhanced LaTeX Graphics (DPC,SPQR)

("C:\Users\s1452504\AppData\Local\Programs\MiKTeX 2.9\tex/latex/graphics\keyval
.sty"
Package: keyval 2014/10/28 v1.15 key=value parser (DPC)
\KV@toks@=\toks14
)
("C:\Users\s1452504\AppData\Local\Programs\MiKTeX 2.9\tex/latex/graphics\graphi
cs.sty"
Package: graphics 2017/06/25 v1.2c Standard LaTeX Graphics (DPC,SPQR)

("C:\Users\s1452504\AppData\Local\Programs\MiKTeX 2.9\tex/latex/graphics\trig.s
ty"
Package: trig 2016/01/03 v1.10 sin cos tan (DPC)
)
("C:\Users\s1452504\AppData\Local\Programs\MiKTeX 2.9\tex/latex/graphics-cfg\gr
aphics.cfg"
File: graphics.cfg 2016/06/04 v1.11 sample graphics configuration
)
Package graphics Info: Driver file: pdftex.def on input line 99.
)
\Gin@req@height=\dimen114
\Gin@req@width=\dimen115
)
("C:\Users\s1452504\AppData\Local\Programs\MiKTeX 2.9\tex/latex/wrapfig\wrapfig
.sty"
\wrapoverhang=\dimen116
\WF@size=\dimen117
\c@WF@wrappedlines=\count101
\WF@box=\box53
\WF@everypar=\toks15
Package: wrapfig 2003/01/31  v 3.6
)
("C:\Users\s1452504\AppData\Local\Programs\MiKTeX 2.9\tex/latex/booktabs\bookta
bs.sty"
Package: booktabs 2005/04/14 v1.61803 publication quality tables
\heavyrulewidth=\dimen118
\lightrulewidth=\dimen119
\cmidrulewidth=\dimen120
\belowrulesep=\dimen121
\belowbottomsep=\dimen122
\aboverulesep=\dimen123
\abovetopsep=\dimen124
\cmidrulesep=\dimen125
\cmidrulekern=\dimen126
\defaultaddspace=\dimen127
\@cmidla=\count102
\@cmidlb=\count103
\@aboverulesep=\dimen128
\@belowrulesep=\dimen129
\@thisruleclass=\count104
\@lastruleclass=\count105
\@thisrulewidth=\dimen130
)
("C:\Users\s1452504\AppData\Local\Programs\MiKTeX 2.9\tex/latex/caption\caption
.sty"
Package: caption 2018/10/06 v3.3-154 Customizing captions (AR)

("C:\Users\s1452504\AppData\Local\Programs\MiKTeX 2.9\tex/latex/caption\caption
3.sty"
Package: caption3 2018/09/12 v1.8c caption3 kernel (AR)
Package caption3 Info: TeX engine: e-TeX on input line 64.
\captionmargin=\dimen131
\captionmargin@=\dimen132
\captionwidth=\dimen133
\caption@tempdima=\dimen134
\caption@indent=\dimen135
\caption@parindent=\dimen136
\caption@hangindent=\dimen137
)
\c@caption@flags=\count106
\c@ContinuedFloat=\count107
Package caption Info: wrapfig package is loaded.
)
("C:\Users\s1452504\AppData\Local\Programs\MiKTeX 2.9\tex/latex/amsfonts\amsfon
ts.sty"
Package: amsfonts 2013/01/14 v3.01 Basic AMSFonts support
\@emptytoks=\toks16
\symAMSa=\mathgroup4
\symAMSb=\mathgroup5
LaTeX Font Info:    Overwriting math alphabet `\mathfrak' in version `bold'
(Font)                  U/euf/m/n --> U/euf/b/n on input line 106.
)
("C:\Users\s1452504\AppData\Local\Programs\MiKTeX 2.9\tex/latex/amsmath\amsmath
.sty"
Package: amsmath 2018/12/01 v2.17b AMS math features
\@mathmargin=\skip45

For additional information on amsmath, use the `?' option.

("C:\Users\s1452504\AppData\Local\Programs\MiKTeX 2.9\tex/latex/amsmath\amstext
.sty"
Package: amstext 2000/06/29 v2.01 AMS text

("C:\Users\s1452504\AppData\Local\Programs\MiKTeX 2.9\tex/latex/amsmath\amsgen.
sty"
File: amsgen.sty 1999/11/30 v2.0 generic functions
\@emptytoks=\toks17
\ex@=\dimen138
))
("C:\Users\s1452504\AppData\Local\Programs\MiKTeX 2.9\tex/latex/amsmath\amsbsy.
sty"
Package: amsbsy 1999/11/29 v1.2d Bold Symbols
\pmbraise@=\dimen139
)
("C:\Users\s1452504\AppData\Local\Programs\MiKTeX 2.9\tex/latex/amsmath\amsopn.
sty"
Package: amsopn 2016/03/08 v2.02 operator names
)
\inf@bad=\count108
LaTeX Info: Redefining \frac on input line 223.
\uproot@=\count109
\leftroot@=\count110
LaTeX Info: Redefining \overline on input line 385.
\classnum@=\count111
\DOTSCASE@=\count112
LaTeX Info: Redefining \ldots on input line 482.
LaTeX Info: Redefining \dots on input line 485.
LaTeX Info: Redefining \cdots on input line 606.
\Mathstrutbox@=\box54
\strutbox@=\box55
\big@size=\dimen140
LaTeX Font Info:    Redeclaring font encoding OML on input line 729.
LaTeX Font Info:    Redeclaring font encoding OMS on input line 730.
\macc@depth=\count113
\c@MaxMatrixCols=\count114
\dotsspace@=\muskip10
\c@parentequation=\count115
\dspbrk@lvl=\count116
\tag@help=\toks18
\row@=\count117
\column@=\count118
\maxfields@=\count119
\andhelp@=\toks19
\eqnshift@=\dimen141
\alignsep@=\dimen142
\tagshift@=\dimen143
\tagwidth@=\dimen144
\totwidth@=\dimen145
\lineht@=\dimen146
\@envbody=\toks20
\multlinegap=\skip46
\multlinetaggap=\skip47
\mathdisplay@stack=\toks21
LaTeX Info: Redefining \[ on input line 2844.
LaTeX Info: Redefining \] on input line 2845.
)
("C:\Users\s1452504\AppData\Local\Programs\MiKTeX 2.9\tex/latex/amscls\amsthm.s
ty"
Package: amsthm 2017/10/31 v2.20.4
\thm@style=\toks22
\thm@bodyfont=\toks23
\thm@headfont=\toks24
\thm@notefont=\toks25
\thm@headpunct=\toks26
\thm@preskip=\skip48
\thm@postskip=\skip49
\thm@headsep=\skip50
\dth@everypar=\toks27
)
("C:\Users\s1452504\AppData\Local\Programs\MiKTeX 2.9\tex/latex/amsfonts\amssym
b.sty"
Package: amssymb 2013/01/14 v3.01 AMS font symbols
) (AutumnSchoolPoster.aux)
\openout1 = `AutumnSchoolPoster.aux'.

LaTeX Font Info:    Checking defaults for OML/cmm/m/it on input line 24.
LaTeX Font Info:    ... okay on input line 24.
LaTeX Font Info:    Checking defaults for T1/cmr/m/n on input line 24.
LaTeX Font Info:    ... okay on input line 24.
LaTeX Font Info:    Checking defaults for OT1/cmr/m/n on input line 24.
LaTeX Font Info:    ... okay on input line 24.
LaTeX Font Info:    Checking defaults for OMS/cmsy/m/n on input line 24.
LaTeX Font Info:    ... okay on input line 24.
LaTeX Font Info:    Checking defaults for OMX/cmex/m/n on input line 24.
LaTeX Font Info:    ... okay on input line 24.
LaTeX Font Info:    Checking defaults for U/cmr/m/n on input line 24.
LaTeX Font Info:    ... okay on input line 24.
LaTeX Font Info:    Try loading font information for OT1+ptm on input line 24.

("C:\Users\s1452504\AppData\Local\Programs\MiKTeX 2.9\tex/latex/psnfss\ot1ptm.f
d"
File: ot1ptm.fd 2001/06/04 font definitions for OT1/ptm.
)
("C:\Users\s1452504\AppData\Local\Programs\MiKTeX 2.9\tex/context/base\supp-pdf
.mkii"
[Loading MPS to PDF converter (version 2006.09.02).]
\scratchcounter=\count120
\scratchdimen=\dimen147
\scratchbox=\box56
\nofMPsegments=\count121
\nofMParguments=\count122
\everyMPshowfont=\toks28
\MPscratchCnt=\count123
\MPscratchDim=\dimen148
\MPnumerator=\count124
\makeMPintoPDFobject=\count125
\everyMPtoPDFconversion=\toks29
)
("C:\Users\s1452504\AppData\Local\Programs\MiKTeX 2.9\tex/latex/oberdiek\epstop
df-base.sty"
Package: epstopdf-base 2016/05/15 v2.6 Base part for package epstopdf

("C:\Users\s1452504\AppData\Local\Programs\MiKTeX 2.9\tex/generic/oberdiek\infw
arerr.sty"
Package: infwarerr 2016/05/16 v1.4 Providing info/warning/error messages (HO)
)
("C:\Users\s1452504\AppData\Local\Programs\MiKTeX 2.9\tex/latex/oberdiek\grfext
.sty"
Package: grfext 2016/05/16 v1.2 Manage graphics extensions (HO)

("C:\Users\s1452504\AppData\Local\Programs\MiKTeX 2.9\tex/generic/oberdiek\kvde
finekeys.sty"
Package: kvdefinekeys 2016/05/16 v1.4 Define keys (HO)

("C:\Users\s1452504\AppData\Local\Programs\MiKTeX 2.9\tex/generic/oberdiek\ltxc
mds.sty"
Package: ltxcmds 2016/05/16 v1.23 LaTeX kernel commands for general use (HO)
)))
("C:\Users\s1452504\AppData\Local\Programs\MiKTeX 2.9\tex/latex/oberdiek\kvopti
ons.sty"
Package: kvoptions 2016/05/16 v3.12 Key value format for package options (HO)

("C:\Users\s1452504\AppData\Local\Programs\MiKTeX 2.9\tex/generic/oberdiek\kvse
tkeys.sty"
Package: kvsetkeys 2016/05/16 v1.17 Key value parser (HO)

("C:\Users\s1452504\AppData\Local\Programs\MiKTeX 2.9\tex/generic/oberdiek\etex
cmds.sty"
Package: etexcmds 2016/05/16 v1.6 Avoid name clashes with e-TeX commands (HO)

("C:\Users\s1452504\AppData\Local\Programs\MiKTeX 2.9\tex/generic/oberdiek\iflu
atex.sty"
Package: ifluatex 2016/05/16 v1.4 Provides the ifluatex switch (HO)
Package ifluatex Info: LuaTeX not detected.
))))
("C:\Users\s1452504\AppData\Local\Programs\MiKTeX 2.9\tex/generic/oberdiek\pdft
excmds.sty"
Package: pdftexcmds 2018/09/10 v0.29 Utility functions of pdfTeX for LuaTeX (HO
)

("C:\Users\s1452504\AppData\Local\Programs\MiKTeX 2.9\tex/generic/oberdiek\ifpd
f.sty"
Package: ifpdf 2018/09/07 v3.3 Provides the ifpdf switch
)
Package pdftexcmds Info: LuaTeX not detected.
Package pdftexcmds Info: \pdf@primitive is available.
Package pdftexcmds Info: \pdf@ifprimitive is available.
Package pdftexcmds Info: \pdfdraftmode found.
)
Package epstopdf-base Info: Redefining graphics rule for `.eps' on input line 4
38.
Package grfext Info: Graphics extension search list:
(grfext)             [.pdf,.png,.jpg,.mps,.jpeg,.jbig2,.jb2,.PDF,.PNG,.JPG,.JPE
G,.JBIG2,.JB2,.eps]
(grfext)             \AppendGraphicsExtensions on input line 456.
)
Package caption Info: Begin \AtBeginDocument code.
Package caption Info: End \AtBeginDocument code.
LaTeX Font Info:    Font shape `OT1/ptm/bx/n' in size <74.3> not available
(Font)              Font shape `OT1/ptm/b/n' tried instead on input line 30.
LaTeX Font Info:    Try loading font information for U+msa on input line 30.

("C:\Users\s1452504\AppData\Local\Programs\MiKTeX 2.9\tex/latex/amsfonts\umsa.f
d"
File: umsa.fd 2013/01/14 v3.01 AMS symbols A
)
LaTeX Font Info:    Try loading font information for U+msb on input line 30.

("C:\Users\s1452504\AppData\Local\Programs\MiKTeX 2.9\tex/latex/amsfonts\umsb.f
d"
File: umsb.fd 2013/01/14 v3.01 AMS symbols B
)
LaTeX Font Info:    Font shape `OT1/ptm/bx/n' in size <51.6> not available
(Font)              Font shape `OT1/ptm/b/n' tried instead on input line 34.

Underfull \hbox (badness 10000) in paragraph at lines 33--37

 []

<figures/EdinburghUni.png, id=1, 1204.5pt x 1212.53pt>
File: figures/EdinburghUni.png Graphic file (type png)
<use figures/EdinburghUni.png>
Package pdftex.def Info: figures/EdinburghUni.png  used on input line 40.
(pdftex.def)             Requested size: 199.16928pt x 200.48436pt.
<figures/MIGSAA.jpg, id=3, 318.9516pt x 140.2038pt>
File: figures/MIGSAA.jpg Graphic file (type jpg)
<use figures/MIGSAA.jpg>
Package pdftex.def Info: figures/MIGSAA.jpg  used on input line 41.
(pdftex.def)             Requested size: 426.79134pt x 187.61537pt.

Overfull \hbox (19.72723pt too wide) in paragraph at lines 32--44
[][] [] 
 []

LaTeX Font Info:    Font shape `OT1/ptm/bx/n' in size <35.83> not available
(Font)              Font shape `OT1/ptm/b/n' tried instead on input line 65.
<figures/chebnodes1.png, id=4, 752.8125pt x 423.5825pt>
File: figures/chebnodes1.png Graphic file (type png)
<use figures/chebnodes1.png>
Package pdftex.def Info: figures/chebnodes1.png  used on input line 104.
(pdftex.def)             Requested size: 341.43306pt x 192.11632pt.
LaTeX Font Info:    Font shape `OT1/ptm/bx/n' in size <20.74> not available
(Font)              Font shape `OT1/ptm/b/n' tried instead on input line 105.
LaTeX Font Info:    Font shape `OT1/ptm/bx/n' in size <29.86> not available
(Font)              Font shape `OT1/ptm/b/n' tried instead on input line 110.
LaTeX Font Info:    Try loading font information for OMS+ptm on input line 117.


("C:\Users\s1452504\AppData\Local\Programs\MiKTeX 2.9\tex/latex/psnfss\omsptm.f
d"
File: omsptm.fd 
)
LaTeX Font Info:    Font shape `OMS/ptm/m/n' in size <24.88> not available
(Font)              Font shape `OMS/cmsy/m/n' tried instead on input line 117.
<figures/rhoSol.png, id=5, 422.57875pt x 141.52875pt>
File: figures/rhoSol.png Graphic file (type png)
<use figures/rhoSol.png>
Package pdftex.def Info: figures/rhoSol.png  used on input line 151.
(pdftex.def)             Requested size: 483.69684pt x 162.0031pt.
<figures/qSol.png, id=6, 427.5975pt x 149.55875pt>
File: figures/qSol.png Graphic file (type png)
<use figures/qSol.png>
Package pdftex.def Info: figures/qSol.png  used on input line 152.
(pdftex.def)             Requested size: 483.69684pt x 169.17969pt.
<figures/Rhoalpha0.png, id=7, 632.3625pt x 474.27188pt>
File: figures/Rhoalpha0.png Graphic file (type png)
<use figures/Rhoalpha0.png>
Package pdftex.def Info: figures/Rhoalpha0.png  used on input line 159.
(pdftex.def)             Requested size: 474.27072pt x 355.70303pt.
<figures/qalpha0.png, id=8, 632.3625pt x 474.27188pt>
File: figures/qalpha0.png Graphic file (type png)
<use figures/qalpha0.png>
Package pdftex.def Info: figures/qalpha0.png  used on input line 160.
(pdftex.def)             Requested size: 474.27072pt x 355.70303pt.
<figures/Rhoalpha01.png, id=9, 632.3625pt x 474.27188pt>
File: figures/Rhoalpha01.png Graphic file (type png)
<use figures/Rhoalpha01.png>
Package pdftex.def Info: figures/Rhoalpha01.png  used on input line 161.
(pdftex.def)             Requested size: 474.27072pt x 355.70303pt.
<figures/qalpha01.png, id=10, 632.3625pt x 474.27188pt>
File: figures/qalpha01.png Graphic file (type png)
<use figures/qalpha01.png>
Package pdftex.def Info: figures/qalpha01.png  used on input line 162.
(pdftex.def)             Requested size: 474.27072pt x 355.70303pt.
 (AutumnSchoolPoster.bbl) [1


Non-PDF special ignored!
<special> papersize=83.96cm,118.82cm
{C:/Users/s1452504/AppData/Local/MiKTeX/2.9/pdftex/config/pdftex.map} <./figure
s/EdinburghUni.png> <./figures/MIGSAA.jpg> <./figures/chebnodes1.png> <./figure
s/rhoSol.png> <./figures/qSol.png> <./figures/Rhoalpha0.png (PNG copy)> <./figu
res/qalpha0.png (PNG copy)> <./figures/Rhoalpha01.png (PNG copy)> <./figures/qa
lpha01.png (PNG copy)>] (AutumnSchoolPoster.aux) ) 
Here is how much of TeX's memory you used:
 4577 strings out of 492946
 71045 string characters out of 3124935
 191521 words of memory out of 3000000
 8387 multiletter control sequences out of 15000+200000
 31135 words of font info for 70 fonts, out of 3000000 for 9000
 1141 hyphenation exceptions out of 8191
 41i,12n,39p,596b,402s stack positions out of 5000i,500n,10000p,200000b,50000s
{C:/Users/s1452504/AppData/Lo
cal/Programs/MiKTeX 2.9/fonts/enc/dvips/base/8r.enc}<C:/Users/s1452504/AppData/
Local/Programs/MiKTeX 2.9/fonts/type1/public/amsfonts/cm/cmex10.pfb><C:/Users/s
1452504/AppData/Local/Programs/MiKTeX 2.9/fonts/type1/public/amsfonts/cm/cmmi12
.pfb><C:/Users/s1452504/AppData/Local/Programs/MiKTeX 2.9/fonts/type1/public/am
sfonts/cm/cmr12.pfb><C:/Users/s1452504/AppData/Local/Programs/MiKTeX 2.9/fonts/
type1/public/amsfonts/cm/cmr17.pfb><C:/Users/s1452504/AppData/Local/Programs/Mi
KTeX 2.9/fonts/type1/public/amsfonts/cm/cmsy10.pfb><C:/Users/s1452504/AppData/L
ocal/Programs/MiKTeX 2.9/fonts/type1/public/amsfonts/symbols/msbm10.pfb><C:/Use
rs/s1452504/AppData/Local/Programs/MiKTeX 2.9/fonts/type1/urw/times/utmb8a.pfb>
<C:/Users/s1452504/AppData/Local/Programs/MiKTeX 2.9/fonts/type1/urw/times/utmr
8a.pfb><C:/Users/s1452504/AppData/Local/Programs/MiKTeX 2.9/fonts/type1/urw/tim
es/utmri8a.pfb>
Output written on AutumnSchoolPoster.pdf (1 page, 622718 bytes).
PDF statistics:
 57 PDF objects out of 1000 (max. 8388607)
 0 named destinations out of 1000 (max. 500000)
 46 words of extra memory for PDF output out of 10000 (max. 10000000)

