This is pdfTeX, Version 3.14159265-2.6-1.40.20 (MiKTeX 2.9.6960 64-bit) (preloaded format=pdflatex 2019.3.1)  7 MAY 2020 09:08
entering extended mode
**./Report07052020.tex
(Report07052020.tex
LaTeX2e <2018-12-01>

("C:\Users\s1452504\AppData\Local\Programs\MiKTeX 2.9\tex/latex/base\article.cl
s"
Document Class: article 2018/09/03 v1.4i Standard LaTeX document class
("C:\Users\s1452504\AppData\Local\Programs\MiKTeX 2.9\tex/latex/base\size11.clo
"
File: size11.clo 2018/09/03 v1.4i Standard LaTeX file (size option)
)
\c@part=\count80
\c@section=\count81
\c@subsection=\count82
\c@subsubsection=\count83
\c@paragraph=\count84
\c@subparagraph=\count85
\c@figure=\count86
\c@table=\count87
\abovecaptionskip=\skip41
\belowcaptionskip=\skip42
\bibindent=\dimen102
)
("C:\Users\s1452504\AppData\Local\Programs\MiKTeX 2.9\tex/latex/natbib\natbib.s
ty"
Package: natbib 2010/09/13 8.31b (PWD, AO)
\bibhang=\skip43
\bibsep=\skip44
LaTeX Info: Redefining \cite on input line 694.
\c@NAT@ctr=\count88
)
("C:\Users\s1452504\AppData\Local\Programs\MiKTeX 2.9\tex/latex/fancyhdr\fancyh
dr.sty"
Package: fancyhdr 2017/06/30 v3.9a Extensive control of page headers and footer
s
\f@nch@headwidth=\skip45
\f@nch@O@elh=\skip46
\f@nch@O@erh=\skip47
\f@nch@O@olh=\skip48
\f@nch@O@orh=\skip49
\f@nch@O@elf=\skip50
\f@nch@O@erf=\skip51
\f@nch@O@olf=\skip52
\f@nch@O@orf=\skip53
)
("C:\Users\s1452504\AppData\Local\Programs\MiKTeX 2.9\tex/latex/caption\subcapt
ion.sty"
Package: subcaption 2018/05/01 v1.1-162 Sub-captions (AR)

("C:\Users\s1452504\AppData\Local\Programs\MiKTeX 2.9\tex/latex/caption\caption
.sty"
Package: caption 2018/10/06 v3.3-154 Customizing captions (AR)

("C:\Users\s1452504\AppData\Local\Programs\MiKTeX 2.9\tex/latex/caption\caption
3.sty"
Package: caption3 2018/09/12 v1.8c caption3 kernel (AR)
Package caption3 Info: TeX engine: e-TeX on input line 64.

("C:\Users\s1452504\AppData\Local\Programs\MiKTeX 2.9\tex/latex/graphics\keyval
.sty"
Package: keyval 2014/10/28 v1.15 key=value parser (DPC)
\KV@toks@=\toks14
)
\captionmargin=\dimen103
\captionmargin@=\dimen104
\captionwidth=\dimen105
\caption@tempdima=\dimen106
\caption@indent=\dimen107
\caption@parindent=\dimen108
\caption@hangindent=\dimen109
)
\c@caption@flags=\count89
\c@ContinuedFloat=\count90
)
\c@subfigure=\count91
\c@subtable=\count92
)
("C:\Users\s1452504\AppData\Local\Programs\MiKTeX 2.9\tex/latex/graphics\graphi
cx.sty"
Package: graphicx 2017/06/01 v1.1a Enhanced LaTeX Graphics (DPC,SPQR)

("C:\Users\s1452504\AppData\Local\Programs\MiKTeX 2.9\tex/latex/graphics\graphi
cs.sty"
Package: graphics 2017/06/25 v1.2c Standard LaTeX Graphics (DPC,SPQR)

("C:\Users\s1452504\AppData\Local\Programs\MiKTeX 2.9\tex/latex/graphics\trig.s
ty"
Package: trig 2016/01/03 v1.10 sin cos tan (DPC)
)
("C:\Users\s1452504\AppData\Local\Programs\MiKTeX 2.9\tex/latex/graphics-cfg\gr
aphics.cfg"
File: graphics.cfg 2016/06/04 v1.11 sample graphics configuration
)
Package graphics Info: Driver file: pdftex.def on input line 99.

("C:\Users\s1452504\AppData\Local\Programs\MiKTeX 2.9\tex/latex/graphics-def\pd
ftex.def"
File: pdftex.def 2018/01/08 v1.0l Graphics/color driver for pdftex
))
\Gin@req@height=\dimen110
\Gin@req@width=\dimen111
)
("C:\Users\s1452504\AppData\Local\Programs\MiKTeX 2.9\tex/latex/hyperref\hyperr
ef.sty"
Package: hyperref 2018/11/30 v6.88e Hypertext links for LaTeX

("C:\Users\s1452504\AppData\Local\Programs\MiKTeX 2.9\tex/generic/oberdiek\hobs
ub-hyperref.sty"
Package: hobsub-hyperref 2016/05/16 v1.14 Bundle oberdiek, subset hyperref (HO)


("C:\Users\s1452504\AppData\Local\Programs\MiKTeX 2.9\tex/generic/oberdiek\hobs
ub-generic.sty"
Package: hobsub-generic 2016/05/16 v1.14 Bundle oberdiek, subset generic (HO)
Package: hobsub 2016/05/16 v1.14 Construct package bundles (HO)
Package: infwarerr 2016/05/16 v1.4 Providing info/warning/error messages (HO)
Package: ltxcmds 2016/05/16 v1.23 LaTeX kernel commands for general use (HO)
Package: ifluatex 2016/05/16 v1.4 Provides the ifluatex switch (HO)
Package ifluatex Info: LuaTeX not detected.
Package: ifvtex 2016/05/16 v1.6 Detect VTeX and its facilities (HO)
Package ifvtex Info: VTeX not detected.
Package: intcalc 2016/05/16 v1.2 Expandable calculations with integers (HO)
Package: ifpdf 2018/09/07 v3.3 Provides the ifpdf switch
Package: etexcmds 2016/05/16 v1.6 Avoid name clashes with e-TeX commands (HO)
Package: kvsetkeys 2016/05/16 v1.17 Key value parser (HO)
Package: kvdefinekeys 2016/05/16 v1.4 Define keys (HO)
Package: pdftexcmds 2018/09/10 v0.29 Utility functions of pdfTeX for LuaTeX (HO
)
Package pdftexcmds Info: LuaTeX not detected.
Package pdftexcmds Info: \pdf@primitive is available.
Package pdftexcmds Info: \pdf@ifprimitive is available.
Package pdftexcmds Info: \pdfdraftmode found.
Package: pdfescape 2016/05/16 v1.14 Implements pdfTeX's escape features (HO)
Package: bigintcalc 2016/05/16 v1.4 Expandable calculations on big integers (HO
)
Package: bitset 2016/05/16 v1.2 Handle bit-vector datatype (HO)
Package: uniquecounter 2016/05/16 v1.3 Provide unlimited unique counter (HO)
)
Package hobsub Info: Skipping package `hobsub' (already loaded).
Package: letltxmacro 2016/05/16 v1.5 Let assignment for LaTeX macros (HO)
Package: hopatch 2016/05/16 v1.3 Wrapper for package hooks (HO)
Package: xcolor-patch 2016/05/16 xcolor patch
Package: atveryend 2016/05/16 v1.9 Hooks at the very end of document (HO)
Package atveryend Info: \enddocument detected (standard20110627).
Package: atbegshi 2016/06/09 v1.18 At begin shipout hook (HO)
Package: refcount 2016/05/16 v3.5 Data extraction from label references (HO)
Package: hycolor 2016/05/16 v1.8 Color options for hyperref/bookmark (HO)
)
("C:\Users\s1452504\AppData\Local\Programs\MiKTeX 2.9\tex/generic/ifxetex\ifxet
ex.sty"
Package: ifxetex 2010/09/12 v0.6 Provides ifxetex conditional
)
("C:\Users\s1452504\AppData\Local\Programs\MiKTeX 2.9\tex/latex/oberdiek\auxhoo
k.sty"
Package: auxhook 2016/05/16 v1.4 Hooks for auxiliary files (HO)
)
("C:\Users\s1452504\AppData\Local\Programs\MiKTeX 2.9\tex/latex/oberdiek\kvopti
ons.sty"
Package: kvoptions 2016/05/16 v3.12 Key value format for package options (HO)
)
\@linkdim=\dimen112
\Hy@linkcounter=\count93
\Hy@pagecounter=\count94

("C:\Users\s1452504\AppData\Local\Programs\MiKTeX 2.9\tex/latex/hyperref\pd1enc
.def"
File: pd1enc.def 2018/11/30 v6.88e Hyperref: PDFDocEncoding definition (HO)
Now handling font encoding PD1 ...
... no UTF-8 mapping file for font encoding PD1
)
\Hy@SavedSpaceFactor=\count95

("C:\Users\s1452504\AppData\Local\Programs\MiKTeX 2.9\tex/latex/00miktex\hyperr
ef.cfg"
File: hyperref.cfg 2002/06/06 v1.2 hyperref configuration of TeXLive
)
Package hyperref Info: Hyper figures OFF on input line 4519.
Package hyperref Info: Link nesting OFF on input line 4524.
Package hyperref Info: Hyper index ON on input line 4527.
Package hyperref Info: Plain pages OFF on input line 4534.
Package hyperref Info: Backreferencing OFF on input line 4539.
Package hyperref Info: Implicit mode ON; LaTeX internals redefined.
Package hyperref Info: Bookmarks ON on input line 4772.
\c@Hy@tempcnt=\count96

("C:\Users\s1452504\AppData\Local\Programs\MiKTeX 2.9\tex/latex/url\url.sty"
\Urlmuskip=\muskip10
Package: url 2013/09/16  ver 3.4  Verb mode for urls, etc.
)
LaTeX Info: Redefining \url on input line 5125.
\XeTeXLinkMargin=\dimen113
\Fld@menulength=\count97
\Field@Width=\dimen114
\Fld@charsize=\dimen115
Package hyperref Info: Hyper figures OFF on input line 6380.
Package hyperref Info: Link nesting OFF on input line 6385.
Package hyperref Info: Hyper index ON on input line 6388.
Package hyperref Info: backreferencing OFF on input line 6395.
Package hyperref Info: Link coloring OFF on input line 6400.
Package hyperref Info: Link coloring with OCG OFF on input line 6405.
Package hyperref Info: PDF/A mode OFF on input line 6410.
LaTeX Info: Redefining \ref on input line 6450.
LaTeX Info: Redefining \pageref on input line 6454.
\Hy@abspage=\count98
\c@Item=\count99
\c@Hfootnote=\count100
)
Package hyperref Info: Driver (autodetected): hpdftex.

("C:\Users\s1452504\AppData\Local\Programs\MiKTeX 2.9\tex/latex/hyperref\hpdfte
x.def"
File: hpdftex.def 2018/11/30 v6.88e Hyperref driver for pdfTeX
\Fld@listcount=\count101
\c@bookmark@seq@number=\count102

("C:\Users\s1452504\AppData\Local\Programs\MiKTeX 2.9\tex/latex/oberdiek\rerunf
ilecheck.sty"
Package: rerunfilecheck 2016/05/16 v1.8 Rerun checks for auxiliary files (HO)
Package uniquecounter Info: New unique counter `rerunfilecheck' on input line 2
82.
)
\Hy@SectionHShift=\skip54
)
("C:\Users\s1452504\AppData\Local\Programs\MiKTeX 2.9\tex/latex/amsmath\amsmath
.sty"
Package: amsmath 2018/12/01 v2.17b AMS math features
\@mathmargin=\skip55

For additional information on amsmath, use the `?' option.

("C:\Users\s1452504\AppData\Local\Programs\MiKTeX 2.9\tex/latex/amsmath\amstext
.sty"
Package: amstext 2000/06/29 v2.01 AMS text

("C:\Users\s1452504\AppData\Local\Programs\MiKTeX 2.9\tex/latex/amsmath\amsgen.
sty"
File: amsgen.sty 1999/11/30 v2.0 generic functions
\@emptytoks=\toks15
\ex@=\dimen116
))
("C:\Users\s1452504\AppData\Local\Programs\MiKTeX 2.9\tex/latex/amsmath\amsbsy.
sty"
Package: amsbsy 1999/11/29 v1.2d Bold Symbols
\pmbraise@=\dimen117
)
("C:\Users\s1452504\AppData\Local\Programs\MiKTeX 2.9\tex/latex/amsmath\amsopn.
sty"
Package: amsopn 2016/03/08 v2.02 operator names
)
\inf@bad=\count103
LaTeX Info: Redefining \frac on input line 223.
\uproot@=\count104
\leftroot@=\count105
LaTeX Info: Redefining \overline on input line 385.
\classnum@=\count106
\DOTSCASE@=\count107
LaTeX Info: Redefining \ldots on input line 482.
LaTeX Info: Redefining \dots on input line 485.
LaTeX Info: Redefining \cdots on input line 606.
\Mathstrutbox@=\box27
\strutbox@=\box28
\big@size=\dimen118
LaTeX Font Info:    Redeclaring font encoding OML on input line 729.
LaTeX Font Info:    Redeclaring font encoding OMS on input line 730.
\macc@depth=\count108
\c@MaxMatrixCols=\count109
\dotsspace@=\muskip11
\c@parentequation=\count110
\dspbrk@lvl=\count111
\tag@help=\toks16
\row@=\count112
\column@=\count113
\maxfields@=\count114
\andhelp@=\toks17
\eqnshift@=\dimen119
\alignsep@=\dimen120
\tagshift@=\dimen121
\tagwidth@=\dimen122
\totwidth@=\dimen123
\lineht@=\dimen124
\@envbody=\toks18
\multlinegap=\skip56
\multlinetaggap=\skip57
\mathdisplay@stack=\toks19
LaTeX Info: Redefining \[ on input line 2844.
LaTeX Info: Redefining \] on input line 2845.
)
("C:\Users\s1452504\AppData\Local\Programs\MiKTeX 2.9\tex/latex/amsfonts\amsfon
ts.sty"
Package: amsfonts 2013/01/14 v3.01 Basic AMSFonts support
\symAMSa=\mathgroup4
\symAMSb=\mathgroup5
LaTeX Font Info:    Overwriting math alphabet `\mathfrak' in version `bold'
(Font)                  U/euf/m/n --> U/euf/b/n on input line 106.
)
("C:\Users\s1452504\AppData\Local\Programs\MiKTeX 2.9\tex/latex/amsfonts\amssym
b.sty"
Package: amssymb 2013/01/14 v3.01 AMS font symbols
)
("C:\Users\s1452504\AppData\Local\Programs\MiKTeX 2.9\tex/latex/amscls\amsthm.s
ty"
Package: amsthm 2017/10/31 v2.20.4
\thm@style=\toks20
\thm@bodyfont=\toks21
\thm@headfont=\toks22
\thm@notefont=\toks23
\thm@headpunct=\toks24
\thm@preskip=\skip58
\thm@postskip=\skip59
\thm@headsep=\skip60
\dth@everypar=\toks25
)
("C:\Users\s1452504\AppData\Local\Programs\MiKTeX 2.9\tex/latex/mathtools\matht
ools.sty"
Package: mathtools 2018/01/08 v1.21 mathematical typesetting tools

("C:\Users\s1452504\AppData\Local\Programs\MiKTeX 2.9\tex/latex/tools\calc.sty"
Package: calc 2017/05/25 v4.3 Infix arithmetic (KKT,FJ)
\calc@Acount=\count115
\calc@Bcount=\count116
\calc@Adimen=\dimen125
\calc@Bdimen=\dimen126
\calc@Askip=\skip61
\calc@Bskip=\skip62
LaTeX Info: Redefining \setlength on input line 80.
LaTeX Info: Redefining \addtolength on input line 81.
\calc@Ccount=\count117
\calc@Cskip=\skip63
)
("C:\Users\s1452504\AppData\Local\Programs\MiKTeX 2.9\tex/latex/mathtools\mhset
up.sty"
Package: mhsetup 2017/03/31 v1.3 programming setup (MH)
)
LaTeX Info: Thecontrolsequence`\('isalreadyrobust on input line 129.
LaTeX Info: Thecontrolsequence`\)'isalreadyrobust on input line 129.
LaTeX Info: Thecontrolsequence`\['isalreadyrobust on input line 129.
LaTeX Info: Thecontrolsequence`\]'isalreadyrobust on input line 129.
\g_MT_multlinerow_int=\count118
\l_MT_multwidth_dim=\dimen127
\origjot=\skip64
\l_MT_shortvdotswithinadjustabove_dim=\dimen128
\l_MT_shortvdotswithinadjustbelow_dim=\dimen129
\l_MT_above_intertext_sep=\dimen130
\l_MT_below_intertext_sep=\dimen131
\l_MT_above_shortintertext_sep=\dimen132
\l_MT_below_shortintertext_sep=\dimen133
)
("C:\Users\s1452504\AppData\Local\Programs\MiKTeX 2.9\tex/latex/commath\commath
.sty"
("C:\Users\s1452504\AppData\Local\Programs\MiKTeX 2.9\tex/latex/base\ifthen.sty
"
Package: ifthen 2014/09/29 v1.1c Standard LaTeX ifthen package (DPC)
))
("C:\Users\s1452504\AppData\Local\Programs\MiKTeX 2.9\tex/latex/geometry\geomet
ry.sty"
Package: geometry 2018/04/16 v5.8 Page Geometry
\Gm@cnth=\count119
\Gm@cntv=\count120
\c@Gm@tempcnt=\count121
\Gm@bindingoffset=\dimen134
\Gm@wd@mp=\dimen135
\Gm@odd@mp=\dimen136
\Gm@even@mp=\dimen137
\Gm@layoutwidth=\dimen138
\Gm@layoutheight=\dimen139
\Gm@layouthoffset=\dimen140
\Gm@layoutvoffset=\dimen141
\Gm@dimlist=\toks26

("C:\Users\s1452504\AppData\Local\Programs\MiKTeX 2.9\tex/latex/geometry\geomet
ry.cfg"))
("C:\Users\s1452504\AppData\Local\Programs\MiKTeX 2.9\tex/latex/listings\listin
gs.sty"
\lst@mode=\count122
\lst@gtempboxa=\box29
\lst@token=\toks27
\lst@length=\count123
\lst@currlwidth=\dimen142
\lst@column=\count124
\lst@pos=\count125
\lst@lostspace=\dimen143
\lst@width=\dimen144
\lst@newlines=\count126
\lst@lineno=\count127
\lst@maxwidth=\dimen145

("C:\Users\s1452504\AppData\Local\Programs\MiKTeX 2.9\tex/latex/listings\lstmis
c.sty"
File: lstmisc.sty 2018/09/02 1.7 (Carsten Heinz)
\c@lstnumber=\count128
\lst@skipnumbers=\count129
\lst@framebox=\box30
)
("C:\Users\s1452504\AppData\Local\Programs\MiKTeX 2.9\tex/latex/listings\listin
gs.cfg"
File: listings.cfg 2018/09/02 1.7 listings configuration
))
Package: listings 2018/09/02 1.7 (Carsten Heinz)

("C:\Users\s1452504\AppData\Local\Programs\MiKTeX 2.9\tex/latex/graphics\color.
sty"
Package: color 2016/07/10 v1.1e Standard LaTeX Color (DPC)

("C:\Users\s1452504\AppData\Local\Programs\MiKTeX 2.9\tex/latex/graphics-cfg\co
lor.cfg"
File: color.cfg 2016/01/02 v1.6 sample color configuration
)
Package color Info: Driver file: pdftex.def on input line 147.
)
Package hyperref Info: Option `colorlinks' set `true' on input line 29.
\c@definition=\count130
 (Report07052020.aux)
\openout1 = `Report07052020.aux'.

LaTeX Font Info:    Checking defaults for OML/cmm/m/it on input line 44.
LaTeX Font Info:    ... okay on input line 44.
LaTeX Font Info:    Checking defaults for T1/cmr/m/n on input line 44.
LaTeX Font Info:    ... okay on input line 44.
LaTeX Font Info:    Checking defaults for OT1/cmr/m/n on input line 44.
LaTeX Font Info:    ... okay on input line 44.
LaTeX Font Info:    Checking defaults for OMS/cmsy/m/n on input line 44.
LaTeX Font Info:    ... okay on input line 44.
LaTeX Font Info:    Checking defaults for OMX/cmex/m/n on input line 44.
LaTeX Font Info:    ... okay on input line 44.
LaTeX Font Info:    Checking defaults for U/cmr/m/n on input line 44.
LaTeX Font Info:    ... okay on input line 44.
LaTeX Font Info:    Checking defaults for PD1/pdf/m/n on input line 44.
LaTeX Font Info:    ... okay on input line 44.
Package caption Info: Begin \AtBeginDocument code.
Package caption Info: hyperref package is loaded.
Package caption Info: listings package is loaded.
Package caption Info: End \AtBeginDocument code.

("C:\Users\s1452504\AppData\Local\Programs\MiKTeX 2.9\tex/context/base\supp-pdf
.mkii"
[Loading MPS to PDF converter (version 2006.09.02).]
\scratchcounter=\count131
\scratchdimen=\dimen146
\scratchbox=\box31
\nofMPsegments=\count132
\nofMParguments=\count133
\everyMPshowfont=\toks28
\MPscratchCnt=\count134
\MPscratchDim=\dimen147
\MPnumerator=\count135
\makeMPintoPDFobject=\count136
\everyMPtoPDFconversion=\toks29
)
("C:\Users\s1452504\AppData\Local\Programs\MiKTeX 2.9\tex/latex/oberdiek\epstop
df-base.sty"
Package: epstopdf-base 2016/05/15 v2.6 Base part for package epstopdf

("C:\Users\s1452504\AppData\Local\Programs\MiKTeX 2.9\tex/latex/oberdiek\grfext
.sty"
Package: grfext 2016/05/16 v1.2 Manage graphics extensions (HO)
)
Package epstopdf-base Info: Redefining graphics rule for `.eps' on input line 4
38.
Package grfext Info: Graphics extension search list:
(grfext)             [.pdf,.png,.jpg,.mps,.jpeg,.jbig2,.jb2,.PDF,.PNG,.JPG,.JPE
G,.JBIG2,.JB2,.eps]
(grfext)             \AppendGraphicsExtensions on input line 456.
)
\AtBeginShipoutBox=\box32
Package hyperref Info: Link coloring ON on input line 44.

("C:\Users\s1452504\AppData\Local\Programs\MiKTeX 2.9\tex/latex/hyperref\namere
f.sty"
Package: nameref 2016/05/21 v2.44 Cross-referencing by name of section

("C:\Users\s1452504\AppData\Local\Programs\MiKTeX 2.9\tex/generic/oberdiek\gett
itlestring.sty"
Package: gettitlestring 2016/05/16 v1.5 Cleanup title references (HO)
)
\c@section@level=\count137
)
LaTeX Info: Redefining \ref on input line 44.
LaTeX Info: Redefining \pageref on input line 44.
LaTeX Info: Redefining \nameref on input line 44.
 (Report07052020.out) (Report07052020.out)
\@outlinefile=\write3
\openout3 = `Report07052020.out'.


*geometry* driver: auto-detecting
*geometry* detected driver: pdftex
*geometry* verbose mode - [ preamble ] result:
* driver: pdftex
* paper: a4paper
* layout: <same size as paper>
* layoutoffset:(h,v)=(0.0pt,0.0pt)
* modes: includehead includefoot 
* h-part:(L,W,R)=(72.26999pt, 452.9679pt, 72.26999pt)
* v-part:(T,H,B)=(72.26999pt, 700.50687pt, 72.26999pt)
* \paperwidth=597.50787pt
* \paperheight=845.04684pt
* \textwidth=452.9679pt
* \textheight=633.50687pt
* \oddsidemargin=0.0pt
* \evensidemargin=0.0pt
* \topmargin=0.0pt
* \headheight=12.0pt
* \headsep=25.0pt
* \topskip=11.0pt
* \footskip=30.0pt
* \marginparwidth=50.0pt
* \marginparsep=10.0pt
* \columnsep=10.0pt
* \skip\footins=10.0pt plus 4.0pt minus 2.0pt
* \hoffset=0.0pt
* \voffset=0.0pt
* \mag=1000
* \@twocolumnfalse
* \@twosidefalse
* \@mparswitchfalse
* \@reversemarginfalse
* (1in=72.27pt=25.4mm, 1cm=28.453pt)

\c@lstlisting=\count138
LaTeX Font Info:    Try loading font information for U+msa on input line 50.

("C:\Users\s1452504\AppData\Local\Programs\MiKTeX 2.9\tex/latex/amsfonts\umsa.f
d"
File: umsa.fd 2013/01/14 v3.01 AMS symbols A
)
LaTeX Font Info:    Try loading font information for U+msb on input line 50.

("C:\Users\s1452504\AppData\Local\Programs\MiKTeX 2.9\tex/latex/amsfonts\umsb.f
d"
File: umsb.fd 2013/01/14 v3.01 AMS symbols B
)
<Images/rhoHat2DN1.jpg, id=62, 843.15pt x 632.3625pt>
File: Images/rhoHat2DN1.jpg Graphic file (type jpg)
<use Images/rhoHat2DN1.jpg>
Package pdftex.def Info: Images/rhoHat2DN1.jpg  used on input line 63.
(pdftex.def)             Requested size: 252.94695pt x 189.7102pt.
<Images/rhoFW2DN1.jpg, id=63, 843.15pt x 632.3625pt>
File: Images/rhoFW2DN1.jpg Graphic file (type jpg)
<use Images/rhoFW2DN1.jpg>
Package pdftex.def Info: Images/rhoFW2DN1.jpg  used on input line 64.
(pdftex.def)             Requested size: 252.94695pt x 189.7102pt.
<Images/rhoOpt2DN1.jpg, id=64, 843.15pt x 632.3625pt>
File: Images/rhoOpt2DN1.jpg Graphic file (type jpg)
<use Images/rhoOpt2DN1.jpg>
Package pdftex.def Info: Images/rhoOpt2DN1.jpg  used on input line 65.
(pdftex.def)             Requested size: 252.94695pt x 189.7102pt.

Overfull \hbox (55.35933pt too wide) in paragraph at lines 63--66
[][] []
 []

<Images/rhoHat2DN1a.jpg, id=65, 843.15pt x 632.3625pt>
File: Images/rhoHat2DN1a.jpg Graphic file (type jpg)
<use Images/rhoHat2DN1a.jpg>
Package pdftex.def Info: Images/rhoHat2DN1a.jpg  used on input line 70.
(pdftex.def)             Requested size: 252.94695pt x 189.7102pt.
<Images/rhoFW2DN1a.jpg, id=66, 843.15pt x 632.3625pt>
File: Images/rhoFW2DN1a.jpg Graphic file (type jpg)
<use Images/rhoFW2DN1a.jpg>
Package pdftex.def Info: Images/rhoFW2DN1a.jpg  used on input line 71.
(pdftex.def)             Requested size: 252.94695pt x 189.7102pt.
<Images/rhoOpt2DN1a.jpg, id=67, 843.15pt x 632.3625pt>
File: Images/rhoOpt2DN1a.jpg Graphic file (type jpg)
<use Images/rhoOpt2DN1a.jpg>
Package pdftex.def Info: Images/rhoOpt2DN1a.jpg  used on input line 72.
(pdftex.def)             Requested size: 252.94695pt x 189.7102pt.

Overfull \hbox (55.35933pt too wide) in paragraph at lines 70--73
[][] []
 []

<Images/rhoHat2DN1b.jpg, id=68, 843.15pt x 632.3625pt>
File: Images/rhoHat2DN1b.jpg Graphic file (type jpg)
<use Images/rhoHat2DN1b.jpg>
Package pdftex.def Info: Images/rhoHat2DN1b.jpg  used on input line 77.
(pdftex.def)             Requested size: 252.94695pt x 189.7102pt.
<Images/rhoFW2DN1b.jpg, id=69, 843.15pt x 632.3625pt>
File: Images/rhoFW2DN1b.jpg Graphic file (type jpg)
<use Images/rhoFW2DN1b.jpg>
Package pdftex.def Info: Images/rhoFW2DN1b.jpg  used on input line 78.
(pdftex.def)             Requested size: 252.94695pt x 189.7102pt.
<Images/rhoOpt2DN1b.jpg, id=70, 843.15pt x 632.3625pt>
File: Images/rhoOpt2DN1b.jpg Graphic file (type jpg)
<use Images/rhoOpt2DN1b.jpg>
Package pdftex.def Info: Images/rhoOpt2DN1b.jpg  used on input line 79.
(pdftex.def)             Requested size: 252.94695pt x 189.7102pt.

Overfull \hbox (55.35933pt too wide) in paragraph at lines 77--80
[][] []
 []

<Images/rhoHat2DN2.jpg, id=74, 843.15pt x 632.3625pt>
File: Images/rhoHat2DN2.jpg Graphic file (type jpg)
<use Images/rhoHat2DN2.jpg>
Package pdftex.def Info: Images/rhoHat2DN2.jpg  used on input line 85.
(pdftex.def)             Requested size: 252.94695pt x 189.7102pt.
<Images/rhoFW2DN2.jpg, id=75, 843.15pt x 632.3625pt>
File: Images/rhoFW2DN2.jpg Graphic file (type jpg)
<use Images/rhoFW2DN2.jpg>
Package pdftex.def Info: Images/rhoFW2DN2.jpg  used on input line 86.
(pdftex.def)             Requested size: 252.94695pt x 189.7102pt.
<Images/rhoOpt2DN2.jpg, id=76, 843.15pt x 632.3625pt>
File: Images/rhoOpt2DN2.jpg Graphic file (type jpg)
<use Images/rhoOpt2DN2.jpg>
Package pdftex.def Info: Images/rhoOpt2DN2.jpg  used on input line 87.
(pdftex.def)             Requested size: 252.94695pt x 189.7102pt.

Overfull \hbox (55.35933pt too wide) in paragraph at lines 85--88
[][] []
 []

<Images/rhoHat2DN2a.jpg, id=77, 843.15pt x 632.3625pt>
File: Images/rhoHat2DN2a.jpg Graphic file (type jpg)
<use Images/rhoHat2DN2a.jpg>
Package pdftex.def Info: Images/rhoHat2DN2a.jpg  used on input line 92.
(pdftex.def)             Requested size: 252.94695pt x 189.7102pt.
<Images/rhoFW2DN2a.jpg, id=78, 843.15pt x 632.3625pt>
File: Images/rhoFW2DN2a.jpg Graphic file (type jpg)
<use Images/rhoFW2DN2a.jpg>
Package pdftex.def Info: Images/rhoFW2DN2a.jpg  used on input line 93.
(pdftex.def)             Requested size: 252.94695pt x 189.7102pt.
<Images/rhoOpt2DN2a.jpg, id=79, 843.15pt x 632.3625pt>
File: Images/rhoOpt2DN2a.jpg Graphic file (type jpg)
<use Images/rhoOpt2DN2a.jpg>
Package pdftex.def Info: Images/rhoOpt2DN2a.jpg  used on input line 94.
(pdftex.def)             Requested size: 252.94695pt x 189.7102pt.

Overfull \hbox (55.35933pt too wide) in paragraph at lines 92--95
[][] []
 []

<Images/rhoHat2DN2b.jpg, id=80, 843.15pt x 632.3625pt>
File: Images/rhoHat2DN2b.jpg Graphic file (type jpg)
<use Images/rhoHat2DN2b.jpg>
Package pdftex.def Info: Images/rhoHat2DN2b.jpg  used on input line 99.
(pdftex.def)             Requested size: 252.94695pt x 189.7102pt.
<Images/rhoFW2DN2b.jpg, id=81, 843.15pt x 632.3625pt>
File: Images/rhoFW2DN2b.jpg Graphic file (type jpg)
<use Images/rhoFW2DN2b.jpg>
Package pdftex.def Info: Images/rhoFW2DN2b.jpg  used on input line 100.
(pdftex.def)             Requested size: 252.94695pt x 189.7102pt.
<Images/rhoOpt2DN2b.jpg, id=82, 843.15pt x 632.3625pt>
File: Images/rhoOpt2DN2b.jpg Graphic file (type jpg)
<use Images/rhoOpt2DN2b.jpg>
Package pdftex.def Info: Images/rhoOpt2DN2b.jpg  used on input line 101.
(pdftex.def)             Requested size: 252.94695pt x 189.7102pt.

Overfull \hbox (55.35933pt too wide) in paragraph at lines 99--102
[][] []
 []


LaTeX Warning: `h' float specifier changed to `ht'.


LaTeX Warning: `h' float specifier changed to `ht'.


LaTeX Warning: `h' float specifier changed to `ht'.


LaTeX Warning: `h' float specifier changed to `ht'.


LaTeX Warning: `h' float specifier changed to `ht'.


LaTeX Warning: `h' float specifier changed to `ht'.

<Images/rhoHat2DN3.jpg, id=86, 843.15pt x 632.3625pt>
File: Images/rhoHat2DN3.jpg Graphic file (type jpg)
<use Images/rhoHat2DN3.jpg>
Package pdftex.def Info: Images/rhoHat2DN3.jpg  used on input line 117.
(pdftex.def)             Requested size: 252.94695pt x 189.7102pt.
<Images/rhoFW2DN3.jpg, id=87, 843.15pt x 632.3625pt>
File: Images/rhoFW2DN3.jpg Graphic file (type jpg)
<use Images/rhoFW2DN3.jpg>
Package pdftex.def Info: Images/rhoFW2DN3.jpg  used on input line 118.
(pdftex.def)             Requested size: 252.94695pt x 189.7102pt.
<Images/rhoOpt2D3.jpg, id=88, 843.15pt x 632.3625pt>
File: Images/rhoOpt2D3.jpg Graphic file (type jpg)
<use Images/rhoOpt2D3.jpg>
Package pdftex.def Info: Images/rhoOpt2D3.jpg  used on input line 119.
(pdftex.def)             Requested size: 252.94695pt x 189.7102pt.

Overfull \hbox (55.35933pt too wide) in paragraph at lines 117--120
[][] []
 []

<Images/rhoHat2DN3a.jpg, id=89, 843.15pt x 632.3625pt>
File: Images/rhoHat2DN3a.jpg Graphic file (type jpg)
<use Images/rhoHat2DN3a.jpg>
Package pdftex.def Info: Images/rhoHat2DN3a.jpg  used on input line 124.
(pdftex.def)             Requested size: 252.94695pt x 189.7102pt.
<Images/rhoFW2DN3a.jpg, id=90, 843.15pt x 632.3625pt>
File: Images/rhoFW2DN3a.jpg Graphic file (type jpg)
<use Images/rhoFW2DN3a.jpg>
Package pdftex.def Info: Images/rhoFW2DN3a.jpg  used on input line 125.
(pdftex.def)             Requested size: 252.94695pt x 189.7102pt.
<Images/rhoOpt2D3a.jpg, id=91, 843.15pt x 632.3625pt>
File: Images/rhoOpt2D3a.jpg Graphic file (type jpg)
<use Images/rhoOpt2D3a.jpg>
Package pdftex.def Info: Images/rhoOpt2D3a.jpg  used on input line 126.
(pdftex.def)             Requested size: 252.94695pt x 189.7102pt.

Overfull \hbox (55.35933pt too wide) in paragraph at lines 124--127
[][] []
 []

<Images/rhoHat2DN3b.jpg, id=92, 843.15pt x 632.3625pt>
File: Images/rhoHat2DN3b.jpg Graphic file (type jpg)
<use Images/rhoHat2DN3b.jpg>
Package pdftex.def Info: Images/rhoHat2DN3b.jpg  used on input line 131.
(pdftex.def)             Requested size: 252.94695pt x 189.7102pt.
<Images/rhoFW2DN3b.jpg, id=93, 843.15pt x 632.3625pt>
File: Images/rhoFW2DN3b.jpg Graphic file (type jpg)
<use Images/rhoFW2DN3b.jpg>
Package pdftex.def Info: Images/rhoFW2DN3b.jpg  used on input line 132.
(pdftex.def)             Requested size: 252.94695pt x 189.7102pt.
<Images/rhoOpt2D3b.jpg, id=94, 843.15pt x 632.3625pt>
File: Images/rhoOpt2D3b.jpg Graphic file (type jpg)
<use Images/rhoOpt2D3b.jpg>
Package pdftex.def Info: Images/rhoOpt2D3b.jpg  used on input line 133.
(pdftex.def)             Requested size: 252.94695pt x 189.7102pt.

Overfull \hbox (55.35933pt too wide) in paragraph at lines 131--134
[][] []
 []

<Images/rhoHat2DN4.jpg, id=98, 843.15pt x 632.3625pt>
File: Images/rhoHat2DN4.jpg Graphic file (type jpg)
<use Images/rhoHat2DN4.jpg>
Package pdftex.def Info: Images/rhoHat2DN4.jpg  used on input line 139.
(pdftex.def)             Requested size: 252.94695pt x 189.7102pt.
<Images/rhoFW2DN4a.jpg, id=99, 843.15pt x 632.3625pt>
File: Images/rhoFW2DN4a.jpg Graphic file (type jpg)
<use Images/rhoFW2DN4a.jpg>
Package pdftex.def Info: Images/rhoFW2DN4a.jpg  used on input line 140.
(pdftex.def)             Requested size: 252.94695pt x 189.7102pt.
<Images/rhoOpt2D4.jpg, id=100, 843.15pt x 632.3625pt>
File: Images/rhoOpt2D4.jpg Graphic file (type jpg)
<use Images/rhoOpt2D4.jpg>
Package pdftex.def Info: Images/rhoOpt2D4.jpg  used on input line 141.
(pdftex.def)             Requested size: 252.94695pt x 189.7102pt.

Overfull \hbox (55.35933pt too wide) in paragraph at lines 139--142
[][] []
 []

<Images/rhoHat2DN4a.jpg, id=101, 843.15pt x 632.3625pt>
File: Images/rhoHat2DN4a.jpg Graphic file (type jpg)
<use Images/rhoHat2DN4a.jpg>
Package pdftex.def Info: Images/rhoHat2DN4a.jpg  used on input line 146.
(pdftex.def)             Requested size: 252.94695pt x 189.7102pt.
<Images/rhoFW2DN4aa.jpg, id=102, 843.15pt x 632.3625pt>
File: Images/rhoFW2DN4aa.jpg Graphic file (type jpg)
<use Images/rhoFW2DN4aa.jpg>
Package pdftex.def Info: Images/rhoFW2DN4aa.jpg  used on input line 147.
(pdftex.def)             Requested size: 252.94695pt x 189.7102pt.
<Images/rhoOpt2D4a.jpg, id=103, 843.15pt x 632.3625pt>
File: Images/rhoOpt2D4a.jpg Graphic file (type jpg)
<use Images/rhoOpt2D4a.jpg>
Package pdftex.def Info: Images/rhoOpt2D4a.jpg  used on input line 148.
(pdftex.def)             Requested size: 252.94695pt x 189.7102pt.

Overfull \hbox (55.35933pt too wide) in paragraph at lines 146--149
[][] []
 []

<Images/rhoHat2DN4b.jpg, id=104, 843.15pt x 632.3625pt>
File: Images/rhoHat2DN4b.jpg Graphic file (type jpg)
<use Images/rhoHat2DN4b.jpg>
Package pdftex.def Info: Images/rhoHat2DN4b.jpg  used on input line 153.
(pdftex.def)             Requested size: 252.94695pt x 189.7102pt.
<Images/rhoFW2DN4b.jpg, id=105, 843.15pt x 632.3625pt>
File: Images/rhoFW2DN4b.jpg Graphic file (type jpg)
<use Images/rhoFW2DN4b.jpg>
Package pdftex.def Info: Images/rhoFW2DN4b.jpg  used on input line 154.
(pdftex.def)             Requested size: 252.94695pt x 189.7102pt.
<Images/rhoOpt2D4b.jpg, id=106, 843.15pt x 632.3625pt>
File: Images/rhoOpt2D4b.jpg Graphic file (type jpg)
<use Images/rhoOpt2D4b.jpg>
Package pdftex.def Info: Images/rhoOpt2D4b.jpg  used on input line 155.
(pdftex.def)             Requested size: 252.94695pt x 189.7102pt.

Overfull \hbox (55.35933pt too wide) in paragraph at lines 153--156
[][] []
 []


LaTeX Warning: `h' float specifier changed to `ht'.


LaTeX Warning: `h' float specifier changed to `ht'.


LaTeX Warning: `h' float specifier changed to `ht'.


LaTeX Warning: `h' float specifier changed to `ht'.


LaTeX Warning: `h' float specifier changed to `ht'.


LaTeX Warning: `h' float specifier changed to `ht'.

[1

{C:/Users/s1452504/AppData/Local/MiKTeX/2.9/pdftex/config/pdftex.map}]
<Images/Res2Peak1.jpg, id=134, 1427.3325pt x 896.34875pt>
File: Images/Res2Peak1.jpg Graphic file (type jpg)
<use Images/Res2Peak1.jpg>
Package pdftex.def Info: Images/Res2Peak1.jpg  used on input line 174.
(pdftex.def)             Requested size: 428.20305pt x 268.9067pt.
<Images/Res2Peak1a.jpg, id=136, 1434.35875pt x 941.5175pt>
File: Images/Res2Peak1a.jpg Graphic file (type jpg)
<use Images/Res2Peak1a.jpg>
Package pdftex.def Info: Images/Res2Peak1a.jpg  used on input line 180.
(pdftex.def)             Requested size: 430.31094pt x 282.45743pt.
<Images/Res2Peak1b.jpg, id=138, 1416.29124pt x 919.435pt>
File: Images/Res2Peak1b.jpg Graphic file (type jpg)
<use Images/Res2Peak1b.jpg>
Package pdftex.def Info: Images/Res2Peak1b.jpg  used on input line 186.
(pdftex.def)             Requested size: 424.89066pt x 275.83263pt.


LaTeX Warning: `h' float specifier changed to `ht'.


LaTeX Warning: `h' float specifier changed to `ht'.


LaTeX Warning: `h' float specifier changed to `ht'.

pdfTeX warning (ext4): destination with the same identifier (name{page.}) has b
een already used, duplicate ignored
<to be read again> 
                   \relax 
l.195 \end{align*}
                   [2 <./Images/rhoHat2DN1.jpg> <./Images/rhoFW2DN1.jpg> <./Ima
ges/rhoOpt2DN1.jpg>]
<Images/Res2Peak2.jpg, id=146, 1452.42625pt x 943.525pt>
File: Images/Res2Peak2.jpg Graphic file (type jpg)
<use Images/Res2Peak2.jpg>
Package pdftex.def Info: Images/Res2Peak2.jpg  used on input line 202.
(pdftex.def)             Requested size: 435.73123pt x 283.05968pt.
<Images/Res2Peak2a.jpg, id=148, 1469.49pt x 950.55125pt>
File: Images/Res2Peak2a.jpg Graphic file (type jpg)
<use Images/Res2Peak2a.jpg>
Package pdftex.def Info: Images/Res2Peak2a.jpg  used on input line 208.
(pdftex.def)             Requested size: 440.8504pt x 285.16757pt.
<Images/Res2Peak2b.jpg, id=150, 1484.54625pt x 955.57pt>
File: Images/Res2Peak2b.jpg Graphic file (type jpg)
<use Images/Res2Peak2b.jpg>
Package pdftex.def Info: Images/Res2Peak2b.jpg  used on input line 214.
(pdftex.def)             Requested size: 445.36732pt x 286.67322pt.


LaTeX Warning: `h' float specifier changed to `ht'.


LaTeX Warning: `h' float specifier changed to `ht'.


LaTeX Warning: `h' float specifier changed to `ht'.

pdfTeX warning (ext4): destination with the same identifier (name{page.}) has b
een already used, duplicate ignored
<to be read again> 
                   \relax 
l.223 \begin{align*}
                     [3 <./Images/rhoHat2DN1a.jpg> <./Images/rhoFW2DN1a.jpg> <.
/Images/rhoOpt2DN1a.jpg>]
<Images/ResD01.jpg, id=158, 1480.53125pt x 954.56625pt>
File: Images/ResD01.jpg Graphic file (type jpg)
<use Images/ResD01.jpg>
Package pdftex.def Info: Images/ResD01.jpg  used on input line 232.
(pdftex.def)             Requested size: 444.16281pt x 286.37209pt.
<Images/ResD01a.jpg, id=160, 1459.4525pt x 942.52126pt>
File: Images/ResD01a.jpg Graphic file (type jpg)
<use Images/ResD01a.jpg>
Package pdftex.def Info: Images/ResD01a.jpg  used on input line 238.
(pdftex.def)             Requested size: 437.83913pt x 282.75856pt.
<Images/ResD01b.jpg, id=162, 1505.625pt x 978.65625pt>
File: Images/ResD01b.jpg Graphic file (type jpg)
<use Images/ResD01b.jpg>
Package pdftex.def Info: Images/ResD01b.jpg  used on input line 244.
(pdftex.def)             Requested size: 451.691pt x 293.59914pt.


LaTeX Warning: `h' float specifier changed to `ht'.


LaTeX Warning: `h' float specifier changed to `ht'.


LaTeX Warning: `h' float specifier changed to `ht'.

pdfTeX warning (ext4): destination with the same identifier (name{page.}) has b
een already used, duplicate ignored
<to be read again> 
                   \relax 
l.255 \subsection
                 {Example 1} [4 <./Images/rhoHat2DN1b.jpg> <./Images/rhoFW2DN1b
.jpg> <./Images/rhoOpt2DN1b.jpg>]
<Images/ResD051.jpg, id=170, 1931.215pt x 677.53125pt>
File: Images/ResD051.jpg Graphic file (type jpg)
<use Images/ResD051.jpg>
Package pdftex.def Info: Images/ResD051.jpg  used on input line 266.
(pdftex.def)             Requested size: 579.36897pt x 203.26094pt.

Overfull \hbox (126.40108pt too wide) in paragraph at lines 266--267
[][] 
 []

<Images/ResD051a.jpg, id=172, 1931.215pt x 677.53125pt>
File: Images/ResD051a.jpg Graphic file (type jpg)
<use Images/ResD051a.jpg>
Package pdftex.def Info: Images/ResD051a.jpg  used on input line 272.
(pdftex.def)             Requested size: 579.36897pt x 203.26094pt.

Overfull \hbox (126.40108pt too wide) in paragraph at lines 272--273
[][] 
 []

<Images/ResD051b.jpg, id=174, 1931.215pt x 677.53125pt>
File: Images/ResD051b.jpg Graphic file (type jpg)
<use Images/ResD051b.jpg>
Package pdftex.def Info: Images/ResD051b.jpg  used on input line 278.
(pdftex.def)             Requested size: 579.36897pt x 203.26094pt.

Overfull \hbox (126.40108pt too wide) in paragraph at lines 278--279
[][] 
 []


LaTeX Warning: `h' float specifier changed to `ht'.

pdfTeX warning (ext4): destination with the same identifier (name{page.}) has b
een already used, duplicate ignored
<to be read again> 
                   \relax 
l.283 
       [5 <./Images/rhoHat2DN2.jpg> <./Images/rhoFW2DN2.jpg> <./Images/rhoOpt2D
N2.jpg>]

LaTeX Warning: `h' float specifier changed to `ht'.


LaTeX Warning: `h' float specifier changed to `ht'.

<Images/ResD052.jpg, id=179, 1931.215pt x 677.53125pt>
File: Images/ResD052.jpg Graphic file (type jpg)
<use Images/ResD052.jpg>
Package pdftex.def Info: Images/ResD052.jpg  used on input line 295.
(pdftex.def)             Requested size: 579.36897pt x 203.26094pt.

Overfull \hbox (126.40108pt too wide) in paragraph at lines 295--296
[][] 
 []

<Images/ResD052a.jpg, id=181, 1931.215pt x 677.53125pt>
File: Images/ResD052a.jpg Graphic file (type jpg)
<use Images/ResD052a.jpg>
Package pdftex.def Info: Images/ResD052a.jpg  used on input line 301.
(pdftex.def)             Requested size: 579.36897pt x 203.26094pt.

Overfull \hbox (126.40108pt too wide) in paragraph at lines 301--302
[][] 
 []

<Images/ResD052b.jpg, id=183, 1931.215pt x 677.53125pt>
File: Images/ResD052b.jpg Graphic file (type jpg)
<use Images/ResD052b.jpg>
Package pdftex.def Info: Images/ResD052b.jpg  used on input line 307.
(pdftex.def)             Requested size: 579.36897pt x 203.26094pt.

Overfull \hbox (126.40108pt too wide) in paragraph at lines 307--308
[][] 
 []


LaTeX Warning: `h' float specifier changed to `ht'.

pdfTeX warning (ext4): destination with the same identifier (name{page.}) has b
een already used, duplicate ignored
<to be read again> 
                   \relax 
l.312 
       [6 <./Images/rhoHat2DN2a.jpg> <./Images/rhoFW2DN2a.jpg> <./Images/rhoOpt
2DN2a.jpg>]

LaTeX Warning: `h' float specifier changed to `ht'.


LaTeX Warning: `h' float specifier changed to `ht'.

<Images/ResD053.jpg, id=191, 1931.215pt x 677.53125pt>
File: Images/ResD053.jpg Graphic file (type jpg)
<use Images/ResD053.jpg>
Package pdftex.def Info: Images/ResD053.jpg  used on input line 325.
(pdftex.def)             Requested size: 579.36897pt x 203.26094pt.

Overfull \hbox (126.40108pt too wide) in paragraph at lines 325--326
[][] 
 []

<Images/ResD053a.jpg, id=193, 1931.215pt x 677.53125pt>
File: Images/ResD053a.jpg Graphic file (type jpg)
<use Images/ResD053a.jpg>
Package pdftex.def Info: Images/ResD053a.jpg  used on input line 331.
(pdftex.def)             Requested size: 579.36897pt x 203.26094pt.

Overfull \hbox (126.40108pt too wide) in paragraph at lines 331--332
[][] 
 []

<Images/ResD053b.jpg, id=195, 1931.215pt x 677.53125pt>
File: Images/ResD053b.jpg Graphic file (type jpg)
<use Images/ResD053b.jpg>
Package pdftex.def Info: Images/ResD053b.jpg  used on input line 337.
(pdftex.def)             Requested size: 579.36897pt x 203.26094pt.

Overfull \hbox (126.40108pt too wide) in paragraph at lines 337--338
[][] 
 []


LaTeX Warning: `h' float specifier changed to `ht'.

pdfTeX warning (ext4): destination with the same identifier (name{page.}) has b
een already used, duplicate ignored
<to be read again> 
                   \relax 
l.342 
       [7 <./Images/rhoHat2DN2b.jpg> <./Images/rhoFW2DN2b.jpg> <./Images/rhoOpt
2DN2b.jpg>]

LaTeX Warning: `h' float specifier changed to `ht'.


LaTeX Warning: `h' float specifier changed to `ht'.

pdfTeX warning (ext4): destination with the same identifier (name{page.}) has b
een already used, duplicate ignored
<to be read again> 
                   \relax 
l.353 \end{align*}
                   [8 <./Images/rhoHat2DN3.jpg> <./Images/rhoFW2DN3.jpg> <./Ima
ges/rhoOpt2D3.jpg>]
<Images/ResFD1.jpg, id=210, 1488.56125pt x 973.6375pt>
File: Images/ResFD1.jpg Graphic file (type jpg)
<use Images/ResFD1.jpg>
Package pdftex.def Info: Images/ResFD1.jpg  used on input line 356.
(pdftex.def)             Requested size: 446.57182pt x 292.0935pt.
<Images/ResFD1a.jpg, id=212, 1471.4975pt x 943.525pt>
File: Images/ResFD1a.jpg Graphic file (type jpg)
<use Images/ResFD1a.jpg>
Package pdftex.def Info: Images/ResFD1a.jpg  used on input line 362.
(pdftex.def)             Requested size: 441.45267pt x 283.05968pt.
<Images/ResFD1b.jpg, id=214, 1479.5275pt x 955.57pt>
File: Images/ResFD1b.jpg Graphic file (type jpg)
<use Images/ResFD1b.jpg>
Package pdftex.def Info: Images/ResFD1b.jpg  used on input line 368.
(pdftex.def)             Requested size: 443.86168pt x 286.67322pt.


LaTeX Warning: `h' float specifier changed to `ht'.


LaTeX Warning: `h' float specifier changed to `ht'.


LaTeX Warning: `h' float specifier changed to `ht'.

pdfTeX warning (ext4): destination with the same identifier (name{page.}) has b
een already used, duplicate ignored
<to be read again> 
                   \relax 
l.380 \end{align*}
                   [9 <./Images/rhoHat2DN3a.jpg> <./Images/rhoFW2DN3a.jpg> <./I
mages/rhoOpt2D3a.jpg>]
<Images/ResFN1.jpg, id=222, 1475.5125pt x 954.56625pt>
File: Images/ResFN1.jpg Graphic file (type jpg)
<use Images/ResFN1.jpg>
Package pdftex.def Info: Images/ResFN1.jpg  used on input line 387.
(pdftex.def)             Requested size: 442.65717pt x 286.37209pt.
<Images/ResFN1a.jpg, id=224, 1488.56125pt x 961.5925pt>
File: Images/ResFN1a.jpg Graphic file (type jpg)
<use Images/ResFN1a.jpg>
Package pdftex.def Info: Images/ResFN1a.jpg  used on input line 393.
(pdftex.def)             Requested size: 446.57182pt x 288.47997pt.
<Images/ResFN1b.jpg, id=226, 1488.56125pt x 965.6075pt>
File: Images/ResFN1b.jpg Graphic file (type jpg)
<use Images/ResFN1b.jpg>
Package pdftex.def Info: Images/ResFN1b.jpg  used on input line 399.
(pdftex.def)             Requested size: 446.57182pt x 289.68448pt.


LaTeX Warning: `h' float specifier changed to `ht'.


LaTeX Warning: `h' float specifier changed to `ht'.


LaTeX Warning: `h' float specifier changed to `ht'.


Package caption Warning: Unused \captionsetup[sub] on input line 21.
See the caption package documentation for explanation.

Package atveryend Info: Empty hook `BeforeClearDocument' on input line 409.
pdfTeX warning (ext4): destination with the same identifier (name{page.}) has b
een already used, duplicate ignored
<to be read again> 
                   \relax 
l.409 \end{document}
                     [10 <./Images/rhoHat2DN3b.jpg> <./Images/rhoFW2DN3b.jpg> <
./Images/rhoOpt2D3b.jpg>]pdfTeX warning (ext4): destination with the same ident
ifier (name{page.}) has been already used, duplicate ignored
<to be read again> 
                   \relax 
l.409 \end{document}
                     [11 <./Images/rhoHat2DN4.jpg> <./Images/rhoFW2DN4a.jpg> <.
/Images/rhoOpt2D4.jpg>]pdfTeX warning (ext4): destination with the same identif
ier (name{page.}) has been already used, duplicate ignored
<to be read again> 
                   \relax 
l.409 \end{document}
                     [12 <./Images/rhoHat2DN4a.jpg> <./Images/rhoFW2DN4aa.jpg> 
<./Images/rhoOpt2D4a.jpg>]pdfTeX warning (ext4): destination with the same iden
tifier (name{page.}) has been already used, duplicate ignored
<to be read again> 
                   \relax 
l.409 \end{document}
                     [13 <./Images/rhoHat2DN4b.jpg> <./Images/rhoFW2DN4b.jpg> <
./Images/rhoOpt2D4b.jpg>]pdfTeX warning (ext4): destination with the same ident
ifier (name{page.}) has been already used, duplicate ignored
<to be read again> 
                   \relax 
l.409 \end{document}
                     [14 <./Images/Res2Peak1.jpg> <./Images/Res2Peak1a.jpg>]pdf
TeX warning (ext4): destination with the same identifier (name{page.}) has been
 already used, duplicate ignored
<to be read again> 
                   \relax 
l.409 \end{document}
                     [15 <./Images/Res2Peak1b.jpg> <./Images/Res2Peak2.jpg>]pdf
TeX warning (ext4): destination with the same identifier (name{page.}) has been
 already used, duplicate ignored
<to be read again> 
                   \relax 
l.409 \end{document}
                     [16 <./Images/Res2Peak2a.jpg>]pdfTeX warning (ext4): desti
nation with the same identifier (name{page.}) has been already used, duplicate 
ignored
<to be read again> 
                   \relax 
l.409 \end{document}
                     [17 <./Images/Res2Peak2b.jpg>]pdfTeX warning (ext4): desti
nation with the same identifier (name{page.}) has been already used, duplicate 
ignored
<to be read again> 
                   \relax 
l.409 \end{document}
                     [18 <./Images/ResD01.jpg> <./Images/ResD01a.jpg>]pdfTeX wa
rning (ext4): destination with the same identifier (name{page.}) has been alrea
dy used, duplicate ignored
<to be read again> 
                   \relax 
l.409 \end{document}
                     [19 <./Images/ResD01b.jpg> <./Images/ResD051.jpg>]pdfTeX w
arning (ext4): destination with the same identifier (name{page.}) has been alre
ady used, duplicate ignored
<to be read again> 
                   \relax 
l.409 \end{document}
                     [20 <./Images/ResD051a.jpg> <./Images/ResD051b.jpg>]pdfTeX
 warning (ext4): destination with the same identifier (name{page.}) has been al
ready used, duplicate ignored
<to be read again> 
                   \relax 
l.409 \end{document}
                     [21 <./Images/ResD052.jpg> <./Images/ResD052a.jpg>]pdfTeX 
warning (ext4): destination with the same identifier (name{page.}) has been alr
eady used, duplicate ignored
<to be read again> 
                   \relax 
l.409 \end{document}
                     [22 <./Images/ResD052b.jpg> <./Images/ResD053.jpg>]pdfTeX 
warning (ext4): destination with the same identifier (name{page.}) has been alr
eady used, duplicate ignored
<to be read again> 
                   \relax 
l.409 \end{document}
                     [23 <./Images/ResD053a.jpg> <./Images/ResD053b.jpg>]pdfTeX
 warning (ext4): destination with the same identifier (name{page.}) has been al
ready used, duplicate ignored
<to be read again> 
                   \relax 
l.409 \end{document}
                     [24 <./Images/ResFD1.jpg>]pdfTeX warning (ext4): destinati
on with the same identifier (name{page.}) has been already used, duplicate igno
red
<to be read again> 
                   \relax 
l.409 \end{document}
                     [25 <./Images/ResFD1a.jpg> <./Images/ResFD1b.jpg>]pdfTeX w
arning (ext4): destination with the same identifier (name{page.}) has been alre
ady used, duplicate ignored
<to be read again> 
                   \relax 
l.409 \end{document}
                     [26 <./Images/ResFN1.jpg>]pdfTeX warning (ext4): destinati
on with the same identifier (name{page.}) has been already used, duplicate igno
red
<to be read again> 
                   \relax 
l.409 \end{document}
                     [27 <./Images/ResFN1a.jpg>]pdfTeX warning (ext4): destinat
ion with the same identifier (name{page.}) has been already used, duplicate ign
ored
<to be read again> 
                   \relax 
l.409 \end{document}
                     [28 <./Images/ResFN1b.jpg>]
Package atveryend Info: Empty hook `AfterLastShipout' on input line 409.
 (Report07052020.aux)
Package atveryend Info: Executing hook `AtVeryEndDocument' on input line 409.
Package atveryend Info: Executing hook `AtEndAfterFileList' on input line 409.
Package rerunfilecheck Info: File `Report07052020.out' has not changed.
(rerunfilecheck)             Checksum: AFA7899BDD62D01D9E1701D890C213C3;885.
Package atveryend Info: Empty hook `AtVeryVeryEnd' on input line 409.
 ) 
Here is how much of TeX's memory you used:
 10354 strings out of 492946
 158071 string characters out of 3124935
 263829 words of memory out of 3000000
 14037 multiletter control sequences out of 15000+200000
 9498 words of font info for 36 fonts, out of 3000000 for 9000
 1141 hyphenation exceptions out of 8191
 42i,12n,43p,316b,347s stack positions out of 5000i,500n,10000p,200000b,50000s
<C:/Users/s1452504/AppData/Local/Programs/MiKTeX 2.9/fonts/type1/public/amsfo
nts/cm/cmbx12.pfb><C:/Users/s1452504/AppData/Local/Programs/MiKTeX 2.9/fonts/ty
pe1/public/amsfonts/cm/cmex10.pfb><C:/Users/s1452504/AppData/Local/Programs/MiK
TeX 2.9/fonts/type1/public/amsfonts/cm/cmmi10.pfb><C:/Users/s1452504/AppData/Lo
cal/Programs/MiKTeX 2.9/fonts/type1/public/amsfonts/cm/cmmi8.pfb><C:/Users/s145
2504/AppData/Local/Programs/MiKTeX 2.9/fonts/type1/public/amsfonts/cm/cmr10.pfb
><C:/Users/s1452504/AppData/Local/Programs/MiKTeX 2.9/fonts/type1/public/amsfon
ts/cm/cmr8.pfb><C:/Users/s1452504/AppData/Local/Programs/MiKTeX 2.9/fonts/type1
/public/amsfonts/cm/cmsy10.pfb><C:/Users/s1452504/AppData/Local/Programs/MiKTeX
 2.9/fonts/type1/public/amsfonts/cm/cmsy8.pfb>
Output written on Report07052020.pdf (28 pages, 5152968 bytes).
PDF statistics:
 330 PDF objects out of 1000 (max. 8388607)
 53 named destinations out of 1000 (max. 500000)
 413 words of extra memory for PDF output out of 10000 (max. 10000000)

