\BOOKMARK [1][-]{section.1}{2DChebClass implementation for different shapes}{}% 1
\BOOKMARK [2][-]{subsection.1.1}{The interval \(1D\)}{section.1}% 2
\BOOKMARK [3][-]{subsubsection.1.1.1}{Discretization points, boundaries, normals}{subsection.1.1}% 3
\BOOKMARK [3][-]{subsubsection.1.1.2}{Interpolation}{subsection.1.1}% 4
\BOOKMARK [3][-]{subsubsection.1.1.3}{Differentiation}{subsection.1.1}% 5
\BOOKMARK [3][-]{subsubsection.1.1.4}{Integration}{subsection.1.1}% 6
\BOOKMARK [3][-]{subsubsection.1.1.5}{Convolution}{subsection.1.1}% 7
\BOOKMARK [2][-]{subsection.1.2}{The quadrilateral \(2D\)}{section.1}% 8
\BOOKMARK [3][-]{subsubsection.1.2.1}{Discretization points and domains}{subsection.1.2}% 9
\BOOKMARK [3][-]{subsubsection.1.2.2}{Boundaries and Normals}{subsection.1.2}% 10
\BOOKMARK [3][-]{subsubsection.1.2.3}{Interpolation}{subsection.1.2}% 11
\BOOKMARK [3][-]{subsubsection.1.2.4}{Differentiation}{subsection.1.2}% 12
\BOOKMARK [3][-]{subsubsection.1.2.5}{Integration}{subsection.1.2}% 13
\BOOKMARK [3][-]{subsubsection.1.2.6}{Convolution}{subsection.1.2}% 14
\BOOKMARK [2][-]{subsection.1.3}{The wedge \(2D\)}{section.1}% 15
\BOOKMARK [3][-]{subsubsection.1.3.1}{Discretization points and domains}{subsection.1.3}% 16
\BOOKMARK [3][-]{subsubsection.1.3.2}{Boundaries and normals}{subsection.1.3}% 17
\BOOKMARK [3][-]{subsubsection.1.3.3}{Interpolation and differentiation}{subsection.1.3}% 18
\BOOKMARK [3][-]{subsubsection.1.3.4}{Integration and convolution}{subsection.1.3}% 19
\BOOKMARK [2][-]{subsection.1.4}{The periodic box \(2D\)}{section.1}% 20
\BOOKMARK [3][-]{subsubsection.1.4.1}{Domains, boundaries, normals}{subsection.1.4}% 21
\BOOKMARK [3][-]{subsubsection.1.4.2}{Interpolation}{subsection.1.4}% 22
\BOOKMARK [3][-]{subsubsection.1.4.3}{Differentiation}{subsection.1.4}% 23
\BOOKMARK [3][-]{subsubsection.1.4.4}{Integration and convolution}{subsection.1.4}% 24
\BOOKMARK [2][-]{subsection.1.5}{Solving the PDE}{section.1}% 25
\BOOKMARK [1][-]{section.2}{Convergence Stuff}{}% 26
\BOOKMARK [1][-]{section.3}{Implementation for multishape}{}% 27
\BOOKMARK [2][-]{subsection.3.1}{Setting up the multishape}{section.3}% 28
\BOOKMARK [2][-]{subsection.3.2}{Boundaries and intersections}{section.3}% 29
\BOOKMARK [2][-]{subsection.3.3}{Interpolation, differentiation, integration and convolution}{section.3}% 30
\BOOKMARK [2][-]{subsection.3.4}{Boundary matching and solving the PDE}{section.3}% 31
\BOOKMARK [1][-]{section.4}{Validation Tests Multishape}{}% 32
\BOOKMARK [2][-]{subsection.4.1}{Testing Differentiation, Interpolation, Convolution and Integration}{section.4}% 33
\BOOKMARK [2][-]{subsection.4.2}{Exact Tests}{section.4}% 34
\BOOKMARK [3][-]{subsubsection.4.2.1}{Exact Tests - Dirichlet Conditions}{subsection.4.2}% 35
\BOOKMARK [3][-]{subsubsection.4.2.2}{Exact Tests - Dirichlet Conditions, Solution 2}{subsection.4.2}% 36
\BOOKMARK [3][-]{subsubsection.4.2.3}{Exact Tests - No-Flux Conditions}{subsection.4.2}% 37
\BOOKMARK [2][-]{subsection.4.3}{Forward Problems on multishapes}{section.4}% 38
