This is pdfTeX, Version 3.14159265-2.6-1.40.20 (MiKTeX 2.9.6960 64-bit) (preloaded format=pdflatex 2019.3.1)  2 APR 2020 10:53
entering extended mode
**./Report02042020.tex
(Report02042020.tex
LaTeX2e <2018-12-01>

("C:\Users\s1452504\AppData\Local\Programs\MiKTeX 2.9\tex/latex/base\article.cl
s"
Document Class: article 2018/09/03 v1.4i Standard LaTeX document class
("C:\Users\s1452504\AppData\Local\Programs\MiKTeX 2.9\tex/latex/base\size11.clo
"
File: size11.clo 2018/09/03 v1.4i Standard LaTeX file (size option)
)
\c@part=\count80
\c@section=\count81
\c@subsection=\count82
\c@subsubsection=\count83
\c@paragraph=\count84
\c@subparagraph=\count85
\c@figure=\count86
\c@table=\count87
\abovecaptionskip=\skip41
\belowcaptionskip=\skip42
\bibindent=\dimen102
)
("C:\Users\s1452504\AppData\Local\Programs\MiKTeX 2.9\tex/latex/natbib\natbib.s
ty"
Package: natbib 2010/09/13 8.31b (PWD, AO)
\bibhang=\skip43
\bibsep=\skip44
LaTeX Info: Redefining \cite on input line 694.
\c@NAT@ctr=\count88
)
("C:\Users\s1452504\AppData\Local\Programs\MiKTeX 2.9\tex/latex/fancyhdr\fancyh
dr.sty"
Package: fancyhdr 2017/06/30 v3.9a Extensive control of page headers and footer
s
\f@nch@headwidth=\skip45
\f@nch@O@elh=\skip46
\f@nch@O@erh=\skip47
\f@nch@O@olh=\skip48
\f@nch@O@orh=\skip49
\f@nch@O@elf=\skip50
\f@nch@O@erf=\skip51
\f@nch@O@olf=\skip52
\f@nch@O@orf=\skip53
)
("C:\Users\s1452504\AppData\Local\Programs\MiKTeX 2.9\tex/latex/caption\subcapt
ion.sty"
Package: subcaption 2018/05/01 v1.1-162 Sub-captions (AR)

("C:\Users\s1452504\AppData\Local\Programs\MiKTeX 2.9\tex/latex/caption\caption
.sty"
Package: caption 2018/10/06 v3.3-154 Customizing captions (AR)

("C:\Users\s1452504\AppData\Local\Programs\MiKTeX 2.9\tex/latex/caption\caption
3.sty"
Package: caption3 2018/09/12 v1.8c caption3 kernel (AR)
Package caption3 Info: TeX engine: e-TeX on input line 64.

("C:\Users\s1452504\AppData\Local\Programs\MiKTeX 2.9\tex/latex/graphics\keyval
.sty"
Package: keyval 2014/10/28 v1.15 key=value parser (DPC)
\KV@toks@=\toks14
)
\captionmargin=\dimen103
\captionmargin@=\dimen104
\captionwidth=\dimen105
\caption@tempdima=\dimen106
\caption@indent=\dimen107
\caption@parindent=\dimen108
\caption@hangindent=\dimen109
)
\c@caption@flags=\count89
\c@ContinuedFloat=\count90
)
\c@subfigure=\count91
\c@subtable=\count92
)
("C:\Users\s1452504\AppData\Local\Programs\MiKTeX 2.9\tex/latex/graphics\graphi
cx.sty"
Package: graphicx 2017/06/01 v1.1a Enhanced LaTeX Graphics (DPC,SPQR)

("C:\Users\s1452504\AppData\Local\Programs\MiKTeX 2.9\tex/latex/graphics\graphi
cs.sty"
Package: graphics 2017/06/25 v1.2c Standard LaTeX Graphics (DPC,SPQR)

("C:\Users\s1452504\AppData\Local\Programs\MiKTeX 2.9\tex/latex/graphics\trig.s
ty"
Package: trig 2016/01/03 v1.10 sin cos tan (DPC)
)
("C:\Users\s1452504\AppData\Local\Programs\MiKTeX 2.9\tex/latex/graphics-cfg\gr
aphics.cfg"
File: graphics.cfg 2016/06/04 v1.11 sample graphics configuration
)
Package graphics Info: Driver file: pdftex.def on input line 99.

("C:\Users\s1452504\AppData\Local\Programs\MiKTeX 2.9\tex/latex/graphics-def\pd
ftex.def"
File: pdftex.def 2018/01/08 v1.0l Graphics/color driver for pdftex
))
\Gin@req@height=\dimen110
\Gin@req@width=\dimen111
)
("C:\Users\s1452504\AppData\Local\Programs\MiKTeX 2.9\tex/latex/hyperref\hyperr
ef.sty"
Package: hyperref 2018/11/30 v6.88e Hypertext links for LaTeX

("C:\Users\s1452504\AppData\Local\Programs\MiKTeX 2.9\tex/generic/oberdiek\hobs
ub-hyperref.sty"
Package: hobsub-hyperref 2016/05/16 v1.14 Bundle oberdiek, subset hyperref (HO)


("C:\Users\s1452504\AppData\Local\Programs\MiKTeX 2.9\tex/generic/oberdiek\hobs
ub-generic.sty"
Package: hobsub-generic 2016/05/16 v1.14 Bundle oberdiek, subset generic (HO)
Package: hobsub 2016/05/16 v1.14 Construct package bundles (HO)
Package: infwarerr 2016/05/16 v1.4 Providing info/warning/error messages (HO)
Package: ltxcmds 2016/05/16 v1.23 LaTeX kernel commands for general use (HO)
Package: ifluatex 2016/05/16 v1.4 Provides the ifluatex switch (HO)
Package ifluatex Info: LuaTeX not detected.
Package: ifvtex 2016/05/16 v1.6 Detect VTeX and its facilities (HO)
Package ifvtex Info: VTeX not detected.
Package: intcalc 2016/05/16 v1.2 Expandable calculations with integers (HO)
Package: ifpdf 2018/09/07 v3.3 Provides the ifpdf switch
Package: etexcmds 2016/05/16 v1.6 Avoid name clashes with e-TeX commands (HO)
Package: kvsetkeys 2016/05/16 v1.17 Key value parser (HO)
Package: kvdefinekeys 2016/05/16 v1.4 Define keys (HO)
Package: pdftexcmds 2018/09/10 v0.29 Utility functions of pdfTeX for LuaTeX (HO
)
Package pdftexcmds Info: LuaTeX not detected.
Package pdftexcmds Info: \pdf@primitive is available.
Package pdftexcmds Info: \pdf@ifprimitive is available.
Package pdftexcmds Info: \pdfdraftmode found.
Package: pdfescape 2016/05/16 v1.14 Implements pdfTeX's escape features (HO)
Package: bigintcalc 2016/05/16 v1.4 Expandable calculations on big integers (HO
)
Package: bitset 2016/05/16 v1.2 Handle bit-vector datatype (HO)
Package: uniquecounter 2016/05/16 v1.3 Provide unlimited unique counter (HO)
)
Package hobsub Info: Skipping package `hobsub' (already loaded).
Package: letltxmacro 2016/05/16 v1.5 Let assignment for LaTeX macros (HO)
Package: hopatch 2016/05/16 v1.3 Wrapper for package hooks (HO)
Package: xcolor-patch 2016/05/16 xcolor patch
Package: atveryend 2016/05/16 v1.9 Hooks at the very end of document (HO)
Package atveryend Info: \enddocument detected (standard20110627).
Package: atbegshi 2016/06/09 v1.18 At begin shipout hook (HO)
Package: refcount 2016/05/16 v3.5 Data extraction from label references (HO)
Package: hycolor 2016/05/16 v1.8 Color options for hyperref/bookmark (HO)
)
("C:\Users\s1452504\AppData\Local\Programs\MiKTeX 2.9\tex/generic/ifxetex\ifxet
ex.sty"
Package: ifxetex 2010/09/12 v0.6 Provides ifxetex conditional
)
("C:\Users\s1452504\AppData\Local\Programs\MiKTeX 2.9\tex/latex/oberdiek\auxhoo
k.sty"
Package: auxhook 2016/05/16 v1.4 Hooks for auxiliary files (HO)
)
("C:\Users\s1452504\AppData\Local\Programs\MiKTeX 2.9\tex/latex/oberdiek\kvopti
ons.sty"
Package: kvoptions 2016/05/16 v3.12 Key value format for package options (HO)
)
\@linkdim=\dimen112
\Hy@linkcounter=\count93
\Hy@pagecounter=\count94

("C:\Users\s1452504\AppData\Local\Programs\MiKTeX 2.9\tex/latex/hyperref\pd1enc
.def"
File: pd1enc.def 2018/11/30 v6.88e Hyperref: PDFDocEncoding definition (HO)
Now handling font encoding PD1 ...
... no UTF-8 mapping file for font encoding PD1
)
\Hy@SavedSpaceFactor=\count95

("C:\Users\s1452504\AppData\Local\Programs\MiKTeX 2.9\tex/latex/00miktex\hyperr
ef.cfg"
File: hyperref.cfg 2002/06/06 v1.2 hyperref configuration of TeXLive
)
Package hyperref Info: Hyper figures OFF on input line 4519.
Package hyperref Info: Link nesting OFF on input line 4524.
Package hyperref Info: Hyper index ON on input line 4527.
Package hyperref Info: Plain pages OFF on input line 4534.
Package hyperref Info: Backreferencing OFF on input line 4539.
Package hyperref Info: Implicit mode ON; LaTeX internals redefined.
Package hyperref Info: Bookmarks ON on input line 4772.
\c@Hy@tempcnt=\count96

("C:\Users\s1452504\AppData\Local\Programs\MiKTeX 2.9\tex/latex/url\url.sty"
\Urlmuskip=\muskip10
Package: url 2013/09/16  ver 3.4  Verb mode for urls, etc.
)
LaTeX Info: Redefining \url on input line 5125.
\XeTeXLinkMargin=\dimen113
\Fld@menulength=\count97
\Field@Width=\dimen114
\Fld@charsize=\dimen115
Package hyperref Info: Hyper figures OFF on input line 6380.
Package hyperref Info: Link nesting OFF on input line 6385.
Package hyperref Info: Hyper index ON on input line 6388.
Package hyperref Info: backreferencing OFF on input line 6395.
Package hyperref Info: Link coloring OFF on input line 6400.
Package hyperref Info: Link coloring with OCG OFF on input line 6405.
Package hyperref Info: PDF/A mode OFF on input line 6410.
LaTeX Info: Redefining \ref on input line 6450.
LaTeX Info: Redefining \pageref on input line 6454.
\Hy@abspage=\count98
\c@Item=\count99
\c@Hfootnote=\count100
)
Package hyperref Info: Driver (autodetected): hpdftex.

("C:\Users\s1452504\AppData\Local\Programs\MiKTeX 2.9\tex/latex/hyperref\hpdfte
x.def"
File: hpdftex.def 2018/11/30 v6.88e Hyperref driver for pdfTeX
\Fld@listcount=\count101
\c@bookmark@seq@number=\count102

("C:\Users\s1452504\AppData\Local\Programs\MiKTeX 2.9\tex/latex/oberdiek\rerunf
ilecheck.sty"
Package: rerunfilecheck 2016/05/16 v1.8 Rerun checks for auxiliary files (HO)
Package uniquecounter Info: New unique counter `rerunfilecheck' on input line 2
82.
)
\Hy@SectionHShift=\skip54
)
("C:\Users\s1452504\AppData\Local\Programs\MiKTeX 2.9\tex/latex/amsmath\amsmath
.sty"
Package: amsmath 2018/12/01 v2.17b AMS math features
\@mathmargin=\skip55

For additional information on amsmath, use the `?' option.

("C:\Users\s1452504\AppData\Local\Programs\MiKTeX 2.9\tex/latex/amsmath\amstext
.sty"
Package: amstext 2000/06/29 v2.01 AMS text

("C:\Users\s1452504\AppData\Local\Programs\MiKTeX 2.9\tex/latex/amsmath\amsgen.
sty"
File: amsgen.sty 1999/11/30 v2.0 generic functions
\@emptytoks=\toks15
\ex@=\dimen116
))
("C:\Users\s1452504\AppData\Local\Programs\MiKTeX 2.9\tex/latex/amsmath\amsbsy.
sty"
Package: amsbsy 1999/11/29 v1.2d Bold Symbols
\pmbraise@=\dimen117
)
("C:\Users\s1452504\AppData\Local\Programs\MiKTeX 2.9\tex/latex/amsmath\amsopn.
sty"
Package: amsopn 2016/03/08 v2.02 operator names
)
\inf@bad=\count103
LaTeX Info: Redefining \frac on input line 223.
\uproot@=\count104
\leftroot@=\count105
LaTeX Info: Redefining \overline on input line 385.
\classnum@=\count106
\DOTSCASE@=\count107
LaTeX Info: Redefining \ldots on input line 482.
LaTeX Info: Redefining \dots on input line 485.
LaTeX Info: Redefining \cdots on input line 606.
\Mathstrutbox@=\box27
\strutbox@=\box28
\big@size=\dimen118
LaTeX Font Info:    Redeclaring font encoding OML on input line 729.
LaTeX Font Info:    Redeclaring font encoding OMS on input line 730.
\macc@depth=\count108
\c@MaxMatrixCols=\count109
\dotsspace@=\muskip11
\c@parentequation=\count110
\dspbrk@lvl=\count111
\tag@help=\toks16
\row@=\count112
\column@=\count113
\maxfields@=\count114
\andhelp@=\toks17
\eqnshift@=\dimen119
\alignsep@=\dimen120
\tagshift@=\dimen121
\tagwidth@=\dimen122
\totwidth@=\dimen123
\lineht@=\dimen124
\@envbody=\toks18
\multlinegap=\skip56
\multlinetaggap=\skip57
\mathdisplay@stack=\toks19
LaTeX Info: Redefining \[ on input line 2844.
LaTeX Info: Redefining \] on input line 2845.
)
("C:\Users\s1452504\AppData\Local\Programs\MiKTeX 2.9\tex/latex/amsfonts\amsfon
ts.sty"
Package: amsfonts 2013/01/14 v3.01 Basic AMSFonts support
\symAMSa=\mathgroup4
\symAMSb=\mathgroup5
LaTeX Font Info:    Overwriting math alphabet `\mathfrak' in version `bold'
(Font)                  U/euf/m/n --> U/euf/b/n on input line 106.
)
("C:\Users\s1452504\AppData\Local\Programs\MiKTeX 2.9\tex/latex/amsfonts\amssym
b.sty"
Package: amssymb 2013/01/14 v3.01 AMS font symbols
)
("C:\Users\s1452504\AppData\Local\Programs\MiKTeX 2.9\tex/latex/amscls\amsthm.s
ty"
Package: amsthm 2017/10/31 v2.20.4
\thm@style=\toks20
\thm@bodyfont=\toks21
\thm@headfont=\toks22
\thm@notefont=\toks23
\thm@headpunct=\toks24
\thm@preskip=\skip58
\thm@postskip=\skip59
\thm@headsep=\skip60
\dth@everypar=\toks25
)
("C:\Users\s1452504\AppData\Local\Programs\MiKTeX 2.9\tex/latex/mathtools\matht
ools.sty"
Package: mathtools 2018/01/08 v1.21 mathematical typesetting tools

("C:\Users\s1452504\AppData\Local\Programs\MiKTeX 2.9\tex/latex/tools\calc.sty"
Package: calc 2017/05/25 v4.3 Infix arithmetic (KKT,FJ)
\calc@Acount=\count115
\calc@Bcount=\count116
\calc@Adimen=\dimen125
\calc@Bdimen=\dimen126
\calc@Askip=\skip61
\calc@Bskip=\skip62
LaTeX Info: Redefining \setlength on input line 80.
LaTeX Info: Redefining \addtolength on input line 81.
\calc@Ccount=\count117
\calc@Cskip=\skip63
)
("C:\Users\s1452504\AppData\Local\Programs\MiKTeX 2.9\tex/latex/mathtools\mhset
up.sty"
Package: mhsetup 2017/03/31 v1.3 programming setup (MH)
)
LaTeX Info: Thecontrolsequence`\('isalreadyrobust on input line 129.
LaTeX Info: Thecontrolsequence`\)'isalreadyrobust on input line 129.
LaTeX Info: Thecontrolsequence`\['isalreadyrobust on input line 129.
LaTeX Info: Thecontrolsequence`\]'isalreadyrobust on input line 129.
\g_MT_multlinerow_int=\count118
\l_MT_multwidth_dim=\dimen127
\origjot=\skip64
\l_MT_shortvdotswithinadjustabove_dim=\dimen128
\l_MT_shortvdotswithinadjustbelow_dim=\dimen129
\l_MT_above_intertext_sep=\dimen130
\l_MT_below_intertext_sep=\dimen131
\l_MT_above_shortintertext_sep=\dimen132
\l_MT_below_shortintertext_sep=\dimen133
)
("C:\Users\s1452504\AppData\Local\Programs\MiKTeX 2.9\tex/latex/commath\commath
.sty"
("C:\Users\s1452504\AppData\Local\Programs\MiKTeX 2.9\tex/latex/base\ifthen.sty
"
Package: ifthen 2014/09/29 v1.1c Standard LaTeX ifthen package (DPC)
))
("C:\Users\s1452504\AppData\Local\Programs\MiKTeX 2.9\tex/latex/geometry\geomet
ry.sty"
Package: geometry 2018/04/16 v5.8 Page Geometry
\Gm@cnth=\count119
\Gm@cntv=\count120
\c@Gm@tempcnt=\count121
\Gm@bindingoffset=\dimen134
\Gm@wd@mp=\dimen135
\Gm@odd@mp=\dimen136
\Gm@even@mp=\dimen137
\Gm@layoutwidth=\dimen138
\Gm@layoutheight=\dimen139
\Gm@layouthoffset=\dimen140
\Gm@layoutvoffset=\dimen141
\Gm@dimlist=\toks26

("C:\Users\s1452504\AppData\Local\Programs\MiKTeX 2.9\tex/latex/geometry\geomet
ry.cfg"))
("C:\Users\s1452504\AppData\Local\Programs\MiKTeX 2.9\tex/latex/listings\listin
gs.sty"
\lst@mode=\count122
\lst@gtempboxa=\box29
\lst@token=\toks27
\lst@length=\count123
\lst@currlwidth=\dimen142
\lst@column=\count124
\lst@pos=\count125
\lst@lostspace=\dimen143
\lst@width=\dimen144
\lst@newlines=\count126
\lst@lineno=\count127
\lst@maxwidth=\dimen145

("C:\Users\s1452504\AppData\Local\Programs\MiKTeX 2.9\tex/latex/listings\lstmis
c.sty"
File: lstmisc.sty 2018/09/02 1.7 (Carsten Heinz)
\c@lstnumber=\count128
\lst@skipnumbers=\count129
\lst@framebox=\box30
)
("C:\Users\s1452504\AppData\Local\Programs\MiKTeX 2.9\tex/latex/listings\listin
gs.cfg"
File: listings.cfg 2018/09/02 1.7 listings configuration
))
Package: listings 2018/09/02 1.7 (Carsten Heinz)

("C:\Users\s1452504\AppData\Local\Programs\MiKTeX 2.9\tex/latex/graphics\color.
sty"
Package: color 2016/07/10 v1.1e Standard LaTeX Color (DPC)

("C:\Users\s1452504\AppData\Local\Programs\MiKTeX 2.9\tex/latex/graphics-cfg\co
lor.cfg"
File: color.cfg 2016/01/02 v1.6 sample color configuration
)
Package color Info: Driver file: pdftex.def on input line 147.
)
Package hyperref Info: Option `colorlinks' set `true' on input line 29.
\c@definition=\count130
 (Report02042020.aux)
\openout1 = `Report02042020.aux'.

LaTeX Font Info:    Checking defaults for OML/cmm/m/it on input line 44.
LaTeX Font Info:    ... okay on input line 44.
LaTeX Font Info:    Checking defaults for T1/cmr/m/n on input line 44.
LaTeX Font Info:    ... okay on input line 44.
LaTeX Font Info:    Checking defaults for OT1/cmr/m/n on input line 44.
LaTeX Font Info:    ... okay on input line 44.
LaTeX Font Info:    Checking defaults for OMS/cmsy/m/n on input line 44.
LaTeX Font Info:    ... okay on input line 44.
LaTeX Font Info:    Checking defaults for OMX/cmex/m/n on input line 44.
LaTeX Font Info:    ... okay on input line 44.
LaTeX Font Info:    Checking defaults for U/cmr/m/n on input line 44.
LaTeX Font Info:    ... okay on input line 44.
LaTeX Font Info:    Checking defaults for PD1/pdf/m/n on input line 44.
LaTeX Font Info:    ... okay on input line 44.
Package caption Info: Begin \AtBeginDocument code.
Package caption Info: hyperref package is loaded.
Package caption Info: listings package is loaded.
Package caption Info: End \AtBeginDocument code.

("C:\Users\s1452504\AppData\Local\Programs\MiKTeX 2.9\tex/context/base\supp-pdf
.mkii"
[Loading MPS to PDF converter (version 2006.09.02).]
\scratchcounter=\count131
\scratchdimen=\dimen146
\scratchbox=\box31
\nofMPsegments=\count132
\nofMParguments=\count133
\everyMPshowfont=\toks28
\MPscratchCnt=\count134
\MPscratchDim=\dimen147
\MPnumerator=\count135
\makeMPintoPDFobject=\count136
\everyMPtoPDFconversion=\toks29
)
("C:\Users\s1452504\AppData\Local\Programs\MiKTeX 2.9\tex/latex/oberdiek\epstop
df-base.sty"
Package: epstopdf-base 2016/05/15 v2.6 Base part for package epstopdf

("C:\Users\s1452504\AppData\Local\Programs\MiKTeX 2.9\tex/latex/oberdiek\grfext
.sty"
Package: grfext 2016/05/16 v1.2 Manage graphics extensions (HO)
)
Package epstopdf-base Info: Redefining graphics rule for `.eps' on input line 4
38.
Package grfext Info: Graphics extension search list:
(grfext)             [.pdf,.png,.jpg,.mps,.jpeg,.jbig2,.jb2,.PDF,.PNG,.JPG,.JPE
G,.JBIG2,.JB2,.eps]
(grfext)             \AppendGraphicsExtensions on input line 456.
)
\AtBeginShipoutBox=\box32
Package hyperref Info: Link coloring ON on input line 44.

("C:\Users\s1452504\AppData\Local\Programs\MiKTeX 2.9\tex/latex/hyperref\namere
f.sty"
Package: nameref 2016/05/21 v2.44 Cross-referencing by name of section

("C:\Users\s1452504\AppData\Local\Programs\MiKTeX 2.9\tex/generic/oberdiek\gett
itlestring.sty"
Package: gettitlestring 2016/05/16 v1.5 Cleanup title references (HO)
)
\c@section@level=\count137
)
LaTeX Info: Redefining \ref on input line 44.
LaTeX Info: Redefining \pageref on input line 44.
LaTeX Info: Redefining \nameref on input line 44.
 (Report02042020.out) (Report02042020.out)
\@outlinefile=\write3
\openout3 = `Report02042020.out'.


*geometry* driver: auto-detecting
*geometry* detected driver: pdftex
*geometry* verbose mode - [ preamble ] result:
* driver: pdftex
* paper: a4paper
* layout: <same size as paper>
* layoutoffset:(h,v)=(0.0pt,0.0pt)
* modes: includehead includefoot 
* h-part:(L,W,R)=(72.26999pt, 452.9679pt, 72.26999pt)
* v-part:(T,H,B)=(72.26999pt, 700.50687pt, 72.26999pt)
* \paperwidth=597.50787pt
* \paperheight=845.04684pt
* \textwidth=452.9679pt
* \textheight=633.50687pt
* \oddsidemargin=0.0pt
* \evensidemargin=0.0pt
* \topmargin=0.0pt
* \headheight=12.0pt
* \headsep=25.0pt
* \topskip=11.0pt
* \footskip=30.0pt
* \marginparwidth=50.0pt
* \marginparsep=10.0pt
* \columnsep=10.0pt
* \skip\footins=10.0pt plus 4.0pt minus 2.0pt
* \hoffset=0.0pt
* \voffset=0.0pt
* \mag=1000
* \@twocolumnfalse
* \@twosidefalse
* \@mparswitchfalse
* \@reversemarginfalse
* (1in=72.27pt=25.4mm, 1cm=28.453pt)

\c@lstlisting=\count138

("C:\Users\s1452504\AppData\Local\Programs\MiKTeX 2.9\tex/latex/listings\lstlan
g1.sty"
File: lstlang1.sty 2018/09/02 1.7 listings language file
)
LaTeX Font Info:    Try loading font information for U+msa on input line 66.

("C:\Users\s1452504\AppData\Local\Programs\MiKTeX 2.9\tex/latex/amsfonts\umsa.f
d"
File: umsa.fd 2013/01/14 v3.01 AMS symbols A
)
LaTeX Font Info:    Try loading font information for U+msb on input line 66.

("C:\Users\s1452504\AppData\Local\Programs\MiKTeX 2.9\tex/latex/amsfonts\umsb.f
d"
File: umsb.fd 2013/01/14 v3.01 AMS symbols B
)
<Images/Pertfun1.jpg, id=3, 843.15pt x 632.3625pt>
File: Images/Pertfun1.jpg Graphic file (type jpg)
<use Images/Pertfun1.jpg>
Package pdftex.def Info: Images/Pertfun1.jpg  used on input line 75.
(pdftex.def)             Requested size: 252.94695pt x 189.7102pt.
<Images/Pertw1.jpg, id=4, 843.15pt x 632.3625pt>
File: Images/Pertw1.jpg Graphic file (type jpg)
<use Images/Pertw1.jpg>
Package pdftex.def Info: Images/Pertw1.jpg  used on input line 76.
(pdftex.def)             Requested size: 252.94695pt x 189.7102pt.

Overfull \hbox (55.35933pt too wide) in paragraph at lines 75--77
[][] [] 
 []

[1

{C:/Users/s1452504/AppData/Local/MiKTeX/2.9/pdftex/config/pdftex.map} <./Images
/Pertfun1.jpg> <./Images/Pertw1.jpg>]
<Images/KalNp1.jpg, id=23, 521.95pt x 330.23375pt>
File: Images/KalNp1.jpg Graphic file (type jpg)
<use Images/KalNp1.jpg>
Package pdftex.def Info: Images/KalNp1.jpg  used on input line 91.
(pdftex.def)             Requested size: 156.5862pt x 99.07088pt.
<Images/KalNrho1.jpg, id=24, 439.6425pt x 273.02pt>
File: Images/KalNrho1.jpg Graphic file (type jpg)
<use Images/KalNrho1.jpg>
Package pdftex.def Info: Images/KalNrho1.jpg  used on input line 92.
(pdftex.def)             Requested size: 131.89375pt x 81.90663pt.
<Images/KalNw1.jpg, id=25, 547.04375pt x 335.2525pt>
File: Images/KalNw1.jpg Graphic file (type jpg)
<use Images/KalNw1.jpg>
Package pdftex.def Info: Images/KalNw1.jpg  used on input line 93.
(pdftex.def)             Requested size: 164.11438pt x 100.57652pt.

Overfull \hbox (4.4931pt too wide) in paragraph at lines 91--94
[][] [] [] 
 []

<Images/KalMp1.jpg, id=26, 566.115pt x 333.245pt>
File: Images/KalMp1.jpg Graphic file (type jpg)
<use Images/KalMp1.jpg>
Package pdftex.def Info: Images/KalMp1.jpg  used on input line 101.
(pdftex.def)             Requested size: 169.8358pt x 99.97426pt.
<Images/KalMrho1.jpg, id=27, 614.295pt x 380.42125pt>
File: Images/KalMrho1.jpg Graphic file (type jpg)
<use Images/KalMrho1.jpg>
Package pdftex.def Info: Images/KalMrho1.jpg  used on input line 102.
(pdftex.def)             Requested size: 122.85681pt x 76.08289pt.
<Images/KalMw1.jpg, id=28, 546.04pt x 403.5075pt>
File: Images/KalMw1.jpg Graphic file (type jpg)
<use Images/KalMw1.jpg>
Package pdftex.def Info: Images/KalMw1.jpg  used on input line 103.
(pdftex.def)             Requested size: 163.81326pt x 121.05318pt.

Overfull \hbox (8.40465pt too wide) in paragraph at lines 101--104
[][] [] [] 
 []


LaTeX Warning: `h' float specifier changed to `ht'.

pdfTeX warning (ext4): destination with the same identifier (name{page.}) has b
een already used, duplicate ignored
<to be read again> 
                   \relax 
l.110 
       [2 <./Images/KalNp1.jpg> <./Images/KalNrho1.jpg> <./Images/KalNw1.jpg>]p
dfTeX warning (ext4): destination with the same identifier (name{page.}) has be
en already used, duplicate ignored
<to be read again> 
                   \relax 
l.125 \subsection
                 *{Different Perturbations} [3 <./Images/KalMp1.jpg> <./Images/
KalMrho1.jpg> <./Images/KalMw1.jpg>]
<Images/KalCreatewFlow7L2Linf1.jpg, id=45, 456.70625pt x 271.0125pt>
File: Images/KalCreatewFlow7L2Linf1.jpg Graphic file (type jpg)
<use Images/KalCreatewFlow7L2Linf1.jpg>
Package pdftex.def Info: Images/KalCreatewFlow7L2Linf1.jpg  used on input line 
132.
(pdftex.def)             Requested size: 137.01292pt x 81.30437pt.
<Images/KalCreatewFlow7L2Linf2.jpg, id=46, 843.15pt x 632.3625pt>
File: Images/KalCreatewFlow7L2Linf2.jpg Graphic file (type jpg)
<use Images/KalCreatewFlow7L2Linf2.jpg>
Package pdftex.def Info: Images/KalCreatewFlow7L2Linf2.jpg  used on input line 
133.
(pdftex.def)             Requested size: 168.627pt x 126.47026pt.
<Images/KalCreatewFlow7L2Linf3.jpg, id=47, 504.88625pt x 382.42876pt>
File: Images/KalCreatewFlow7L2Linf3.jpg Graphic file (type jpg)
<use Images/KalCreatewFlow7L2Linf3.jpg>
Package pdftex.def Info: Images/KalCreatewFlow7L2Linf3.jpg  used on input line 
134.
(pdftex.def)             Requested size: 126.22124pt x 95.60695pt.

Underfull \hbox (badness 10000) in paragraph at lines 129--140

 []

<Images/KalD1.jpg, id=50, 517.935pt x 337.26pt>
File: Images/KalD1.jpg Graphic file (type jpg)
<use Images/KalD1.jpg>
Package pdftex.def Info: Images/KalD1.jpg  used on input line 146.
(pdftex.def)             Requested size: 155.38168pt x 101.17877pt.
<Images/KalD2.jpg, id=51, 534.99875pt x 380.42125pt>
File: Images/KalD2.jpg Graphic file (type jpg)
<use Images/KalD2.jpg>
Package pdftex.def Info: Images/KalD2.jpg  used on input line 147.
(pdftex.def)             Requested size: 106.99785pt x 76.08289pt.
<Images/KalD3.jpg, id=52, 446.66875pt x 279.0425pt>
File: Images/KalD3.jpg Graphic file (type jpg)
<use Images/KalD3.jpg>
Package pdftex.def Info: Images/KalD3.jpg  used on input line 148.
(pdftex.def)             Requested size: 111.6669pt x 69.76045pt.
pdfTeX warning (ext4): destination with the same identifier (name{page.}) has b
een already used, duplicate ignored
<to be read again> 
                   \relax 
l.152 
       [4 <./Images/KalCreatewFlow7L2Linf1.jpg> <./Images/KalCreatewFlow7L2Linf
2.jpg> <./Images/KalCreatewFlow7L2Linf3.jpg>]
<Images/wpert1.jpg, id=60, 843.15pt x 632.3625pt>
File: Images/wpert1.jpg Graphic file (type jpg)
<use Images/wpert1.jpg>
Package pdftex.def Info: Images/wpert1.jpg  used on input line 154.
(pdftex.def)             Requested size: 210.78697pt x 158.09024pt.
<Images/wpert2.jpg, id=61, 843.15pt x 632.3625pt>
File: Images/wpert2.jpg Graphic file (type jpg)
<use Images/wpert2.jpg>
Package pdftex.def Info: Images/wpert2.jpg  used on input line 155.
(pdftex.def)             Requested size: 210.78697pt x 158.09024pt.
<Images/MultN1.jpg, id=64, 843.15pt x 632.3625pt>
File: Images/MultN1.jpg Graphic file (type jpg)
<use Images/MultN1.jpg>
Package pdftex.def Info: Images/MultN1.jpg  used on input line 171.
(pdftex.def)             Requested size: 168.627pt x 126.47026pt.
<Images/MultN2.jpg, id=65, 843.15pt x 632.3625pt>
File: Images/MultN2.jpg Graphic file (type jpg)
<use Images/MultN2.jpg>
Package pdftex.def Info: Images/MultN2.jpg  used on input line 172.
(pdftex.def)             Requested size: 168.627pt x 126.47026pt.
<Images/MultNfin1.jpg, id=66, 843.15pt x 632.3625pt>
File: Images/MultNfin1.jpg Graphic file (type jpg)
<use Images/MultNfin1.jpg>
Package pdftex.def Info: Images/MultNfin1.jpg  used on input line 177.
(pdftex.def)             Requested size: 168.627pt x 126.47026pt.
<Images/MultNfin2.jpg, id=67, 843.15pt x 632.3625pt>
File: Images/MultNfin2.jpg Graphic file (type jpg)
<use Images/MultNfin2.jpg>
Package pdftex.def Info: Images/MultNfin2.jpg  used on input line 178.
(pdftex.def)             Requested size: 168.627pt x 126.47026pt.
pdfTeX warning (ext4): destination with the same identifier (name{page.}) has b
een already used, duplicate ignored
<to be read again> 
                   \relax 
l.182 
       [5 <./Images/KalD1.jpg> <./Images/KalD2.jpg> <./Images/KalD3.jpg> <./Ima
ges/wpert1.jpg> <./Images/wpert2.jpg>]
<Images/wFlint3.jpg, id=75, 843.15pt x 632.3625pt>
File: Images/wFlint3.jpg Graphic file (type jpg)
<use Images/wFlint3.jpg>
Package pdftex.def Info: Images/wFlint3.jpg  used on input line 191.
(pdftex.def)             Requested size: 252.94695pt x 189.7102pt.
<Images/wFlint4.jpg, id=76, 843.15pt x 632.3625pt>
File: Images/wFlint4.jpg Graphic file (type jpg)
<use Images/wFlint4.jpg>
Package pdftex.def Info: Images/wFlint4.jpg  used on input line 192.
(pdftex.def)             Requested size: 252.94695pt x 189.7102pt.

Overfull \hbox (55.35933pt too wide) in paragraph at lines 191--193
[][] [] 
 []

<Images/wFlint1.jpg, id=77, 843.15pt x 632.3625pt>
File: Images/wFlint1.jpg Graphic file (type jpg)
<use Images/wFlint1.jpg>
Package pdftex.def Info: Images/wFlint1.jpg  used on input line 197.
(pdftex.def)             Requested size: 168.627pt x 126.47026pt.
<Images/wFlint2.jpg, id=78, 843.15pt x 632.3625pt>
File: Images/wFlint2.jpg Graphic file (type jpg)
<use Images/wFlint2.jpg>
Package pdftex.def Info: Images/wFlint2.jpg  used on input line 198.
(pdftex.def)             Requested size: 168.627pt x 126.47026pt.
<Images/wFlint5.jpg, id=79, 843.15pt x 632.3625pt>
File: Images/wFlint5.jpg Graphic file (type jpg)
<use Images/wFlint5.jpg>
Package pdftex.def Info: Images/wFlint5.jpg  used on input line 199.
(pdftex.def)             Requested size: 168.627pt x 126.47026pt.

Underfull \hbox (badness 10000) in paragraph at lines 197--200
[][] []
 []

pdfTeX warning (ext4): destination with the same identifier (name{page.}) has b
een already used, duplicate ignored
<to be read again> 
                   \relax 
l.203 
       [6 <./Images/MultN1.jpg> <./Images/MultN2.jpg> <./Images/MultNfin1.jpg> 
<./Images/MultNfin2.jpg>]

LaTeX Warning: `h' float specifier changed to `ht'.

<Images/linNwexact1.jpg, id=89, 843.15pt x 632.3625pt>
File: Images/linNwexact1.jpg Graphic file (type jpg)
<use Images/linNwexact1.jpg>
Package pdftex.def Info: Images/linNwexact1.jpg  used on input line 206.
(pdftex.def)             Requested size: 252.94695pt x 189.7102pt.
<Images/linNwerr1.jpg, id=90, 843.15pt x 632.3625pt>
File: Images/linNwerr1.jpg Graphic file (type jpg)
<use Images/linNwerr1.jpg>
Package pdftex.def Info: Images/linNwerr1.jpg  used on input line 207.
(pdftex.def)             Requested size: 252.94695pt x 189.7102pt.
<Images/linNwerr2.jpg, id=91, 843.15pt x 632.3625pt>
File: Images/linNwerr2.jpg Graphic file (type jpg)
<use Images/linNwerr2.jpg>
Package pdftex.def Info: Images/linNwerr2.jpg  used on input line 208.
(pdftex.def)             Requested size: 252.94695pt x 189.7102pt.

Overfull \hbox (55.35933pt too wide) in paragraph at lines 206--209
[][] []
 []


LaTeX Warning: `h' float specifier changed to `ht'.

<Images/linNfin1.jpg, id=92, 424.58624pt x 190.7125pt>
File: Images/linNfin1.jpg Graphic file (type jpg)
<use Images/linNfin1.jpg>
Package pdftex.def Info: Images/linNfin1.jpg  used on input line 214.
(pdftex.def)             Requested size: 148.6074pt x 66.75037pt.
<Images/linNfin2.jpg, id=93, 395.4775pt x 246.9225pt>
File: Images/linNfin2.jpg Graphic file (type jpg)
<use Images/linNfin2.jpg>
Package pdftex.def Info: Images/linNfin2.jpg  used on input line 215.
(pdftex.def)             Requested size: 138.41919pt x 86.42415pt.
<Images/linNfin3.jpg, id=94, 390.45876pt x 221.82875pt>
File: Images/linNfin3.jpg Graphic file (type jpg)
<use Images/linNfin3.jpg>
Package pdftex.def Info: Images/linNfin3.jpg  used on input line 216.
(pdftex.def)             Requested size: 136.6626pt x 77.6412pt.

LaTeX Warning: `h' float specifier changed to `ht'.

<Images/linDwexact1.jpg, id=96, 843.15pt x 632.3625pt>
File: Images/linDwexact1.jpg Graphic file (type jpg)
<use Images/linDwexact1.jpg>
Package pdftex.def Info: Images/linDwexact1.jpg  used on input line 225.
(pdftex.def)             Requested size: 252.94695pt x 189.7102pt.
<Images/linDwerr1.jpg, id=97, 843.15pt x 632.3625pt>
File: Images/linDwerr1.jpg Graphic file (type jpg)
<use Images/linDwerr1.jpg>
Package pdftex.def Info: Images/linDwerr1.jpg  used on input line 226.
(pdftex.def)             Requested size: 252.94695pt x 189.7102pt.
<Images/linDwerr2.jpg, id=98, 843.15pt x 632.3625pt>
File: Images/linDwerr2.jpg Graphic file (type jpg)
<use Images/linDwerr2.jpg>
Package pdftex.def Info: Images/linDwerr2.jpg  used on input line 227.
(pdftex.def)             Requested size: 252.94695pt x 189.7102pt.

Overfull \hbox (55.35933pt too wide) in paragraph at lines 225--228
[][] []
 []

pdfTeX warning (ext4): destination with the same identifier (name{page.}) has b
een already used, duplicate ignored
<to be read again> 
                   \relax 
l.231 
       [7 <./Images/wFlint3.jpg> <./Images/wFlint4.jpg>]

LaTeX Warning: `h' float specifier changed to `ht'.

<Images/MultMD1.jpg, id=109, 843.15pt x 632.3625pt>
File: Images/MultMD1.jpg Graphic file (type jpg)
<use Images/MultMD1.jpg>
Package pdftex.def Info: Images/MultMD1.jpg  used on input line 236.
(pdftex.def)             Requested size: 252.94695pt x 189.7102pt.
<Images/MultMD2.jpg, id=110, 843.15pt x 632.3625pt>
File: Images/MultMD2.jpg Graphic file (type jpg)
<use Images/MultMD2.jpg>
Package pdftex.def Info: Images/MultMD2.jpg  used on input line 237.
(pdftex.def)             Requested size: 252.94695pt x 189.7102pt.

Overfull \hbox (55.35933pt too wide) in paragraph at lines 236--238
[][] [] 
 []


LaTeX Warning: `h' float specifier changed to `ht'.


Package caption Warning: Unused \captionsetup[sub] on input line 21.
See the caption package documentation for explanation.

Package atveryend Info: Empty hook `BeforeClearDocument' on input line 241.
pdfTeX warning (ext4): destination with the same identifier (name{page.}) has b
een already used, duplicate ignored
<to be read again> 
                   \relax 
l.241 \end{document}
                     [8 <./Images/wFlint1.jpg> <./Images/wFlint2.jpg> <./Images
/wFlint5.jpg>]pdfTeX warning (ext4): destination with the same identifier (name
{page.}) has been already used, duplicate ignored
<to be read again> 
                   \relax 
l.241 \end{document}
                     [9 <./Images/linNwexact1.jpg> <./Images/linNwerr1.jpg> <./
Images/linNwerr2.jpg> <./Images/linNfin1.jpg> <./Images/linNfin2.jpg> <./Images
/linNfin3.jpg>]pdfTeX warning (ext4): destination with the same identifier (nam
e{page.}) has been already used, duplicate ignored
<to be read again> 
                   \relax 
l.241 \end{document}
                     [10 <./Images/linDwexact1.jpg> <./Images/linDwerr1.jpg> <.
/Images/linDwerr2.jpg>]pdfTeX warning (ext4): destination with the same identif
ier (name{page.}) has been already used, duplicate ignored
<to be read again> 
                   \relax 
l.241 \end{document}
                     [11 <./Images/MultMD1.jpg> <./Images/MultMD2.jpg>]
Package atveryend Info: Empty hook `AfterLastShipout' on input line 241.

(Report02042020.aux)
Package atveryend Info: Executing hook `AtVeryEndDocument' on input line 241.
Package atveryend Info: Executing hook `AtEndAfterFileList' on input line 241.
Package rerunfilecheck Info: File `Report02042020.out' has not changed.
(rerunfilecheck)             Checksum: D41D8CD98F00B204E9800998ECF8427E;0.
Package atveryend Info: Empty hook `AtVeryVeryEnd' on input line 241.
 ) 
Here is how much of TeX's memory you used:
 10206 strings out of 492946
 154997 string characters out of 3124935
 440242 words of memory out of 3000000
 13928 multiletter control sequences out of 15000+200000
 9806 words of font info for 37 fonts, out of 3000000 for 9000
 1141 hyphenation exceptions out of 8191
 42i,9n,43p,705b,329s stack positions out of 5000i,500n,10000p,200000b,50000s
<C:/Users/s1452504/AppData/Local/Programs/MiKTeX 2.9/fonts/type1/public/amsfo
nts/cm/cmbx10.pfb><C:/Users/s1452504/AppData/Local/Programs/MiKTeX 2.9/fonts/ty
pe1/public/amsfonts/cm/cmbx12.pfb><C:/Users/s1452504/AppData/Local/Programs/MiK
TeX 2.9/fonts/type1/public/amsfonts/cm/cmmi10.pfb><C:/Users/s1452504/AppData/Lo
cal/Programs/MiKTeX 2.9/fonts/type1/public/amsfonts/cm/cmmi8.pfb><C:/Users/s145
2504/AppData/Local/Programs/MiKTeX 2.9/fonts/type1/public/amsfonts/cm/cmr10.pfb
><C:/Users/s1452504/AppData/Local/Programs/MiKTeX 2.9/fonts/type1/public/amsfon
ts/cm/cmr8.pfb><C:/Users/s1452504/AppData/Local/Programs/MiKTeX 2.9/fonts/type1
/public/amsfonts/cm/cmsy10.pfb><C:/Users/s1452504/AppData/Local/Programs/MiKTeX
 2.9/fonts/type1/public/amsfonts/cm/cmsy8.pfb>
Output written on Report02042020.pdf (11 pages, 819716 bytes).
PDF statistics:
 159 PDF objects out of 1000 (max. 8388607)
 33 named destinations out of 1000 (max. 500000)
 181 words of extra memory for PDF output out of 10000 (max. 10000000)

