\BOOKMARK [1][-]{section.1}{Introduction}{}% 1
\BOOKMARK [1][-]{section.2}{Multishape Implementation}{}% 2
\BOOKMARK [2][-]{subsubsection.2.0.1}{Setting up the multishape}{section.2}% 3
\BOOKMARK [3][-]{subsubsection.2.0.2}{Boundaries and intersections}{subsubsection.2.0.1}% 4
\BOOKMARK [3][-]{subsubsection.2.0.3}{Interpolation, differentiation, integration and convolution}{subsubsection.2.0.1}% 5
\BOOKMARK [3][-]{subsubsection.2.0.4}{Boundary matching and solving the PDE}{subsubsection.2.0.1}% 6
\BOOKMARK [3][-]{subsubsection.2.0.5}{Exact Tests}{subsubsection.2.0.1}% 7
\BOOKMARK [1][-]{section.3}{Derivation of Optimality Conditions with Periodic Boundary Conditions}{}% 8
\BOOKMARK [1][-]{section.4}{Sedimentation}{}% 9
\BOOKMARK [2][-]{subsection.4.1}{Forward Problem}{section.4}% 10
\BOOKMARK [3][-]{subsubsection.4.1.1}{The Hard Disk Approximation}{subsection.4.1}% 11
\BOOKMARK [3][-]{subsubsection.4.1.2}{Deriving the equation of motion}{subsection.4.1}% 12
\BOOKMARK [2][-]{subsection.4.2}{Derivation of Optimality Conditions}{section.4}% 13
\BOOKMARK [3][-]{subsubsection.4.2.1}{Calculating Frech\351t Derivatives}{subsection.4.2}% 14
\BOOKMARK [3][-]{subsubsection.4.2.2}{Adjoint Equation}{subsection.4.2}% 15
\BOOKMARK [3][-]{subsubsection.4.2.3}{Frech\351t Derivatives for Boundary Terms}{subsection.4.2}% 16
\BOOKMARK [3][-]{subsubsection.4.2.4}{Boundary Terms}{subsection.4.2}% 17
\BOOKMARK [3][-]{subsubsection.4.2.5}{Derivation of Time-Independent Control}{subsection.4.2}% 18
\BOOKMARK [2][-]{subsection.4.3}{Numerical Examples}{section.4}% 19
\BOOKMARK [3][-]{subsubsection.4.3.1}{Replicating examples from the paper in a periodic box}{subsection.4.3}% 20
\BOOKMARK [3][-]{subsubsection.4.3.2}{Replicating examples from the paper in a box with noflux BCs}{subsection.4.3}% 21
\BOOKMARK [3][-]{subsubsection.4.3.3}{Optimization in a Box}{subsection.4.3}% 22
\BOOKMARK [3][-]{subsubsection.4.3.4}{Optimization in a Box - Time-Independent Control}{subsection.4.3}% 23
\BOOKMARK [3][-]{subsubsection.4.3.5}{Optimization in a Periodic Box}{subsection.4.3}% 24
\BOOKMARK [3][-]{subsubsection.4.3.6}{Optimization in a Periodic Box - Time-Independent Control}{subsection.4.3}% 25
\BOOKMARK [3][-]{subsubsection.4.3.7}{Optimization in a Multishape}{subsection.4.3}% 26
\BOOKMARK [3][-]{subsubsection.4.3.8}{Optimization in a Multishape - Time-Independent Control}{subsection.4.3}% 27
