This is pdfTeX, Version 3.14159265-2.6-1.40.20 (MiKTeX 2.9.6960 64-bit) (preloaded format=pdflatex 2019.3.1)  15 JUL 2021 16:48
entering extended mode
**./ThesisCurrent.tex
(ThesisCurrent.tex
LaTeX2e <2018-12-01>

("C:\Users\s1452504\AppData\Local\Programs\MiKTeX 2.9\tex/latex/base\article.cl
s"
Document Class: article 2018/09/03 v1.4i Standard LaTeX document class
("C:\Users\s1452504\AppData\Local\Programs\MiKTeX 2.9\tex/latex/base\size11.clo
"
File: size11.clo 2018/09/03 v1.4i Standard LaTeX file (size option)
)
\c@part=\count80
\c@section=\count81
\c@subsection=\count82
\c@subsubsection=\count83
\c@paragraph=\count84
\c@subparagraph=\count85
\c@figure=\count86
\c@table=\count87
\abovecaptionskip=\skip41
\belowcaptionskip=\skip42
\bibindent=\dimen102
)
("C:\Users\s1452504\AppData\Local\Programs\MiKTeX 2.9\tex/latex/natbib\natbib.s
ty"
Package: natbib 2010/09/13 8.31b (PWD, AO)
\bibhang=\skip43
\bibsep=\skip44
LaTeX Info: Redefining \cite on input line 694.
\c@NAT@ctr=\count88
)
("C:\Users\s1452504\AppData\Local\Programs\MiKTeX 2.9\tex/latex/fancyhdr\fancyh
dr.sty"
Package: fancyhdr 2017/06/30 v3.9a Extensive control of page headers and footer
s
\f@nch@headwidth=\skip45
\f@nch@O@elh=\skip46
\f@nch@O@erh=\skip47
\f@nch@O@olh=\skip48
\f@nch@O@orh=\skip49
\f@nch@O@elf=\skip50
\f@nch@O@erf=\skip51
\f@nch@O@olf=\skip52
\f@nch@O@orf=\skip53
)
("C:\Users\s1452504\AppData\Local\Programs\MiKTeX 2.9\tex/latex/caption\subcapt
ion.sty"
Package: subcaption 2018/05/01 v1.1-162 Sub-captions (AR)

("C:\Users\s1452504\AppData\Local\Programs\MiKTeX 2.9\tex/latex/caption\caption
.sty"
Package: caption 2018/10/06 v3.3-154 Customizing captions (AR)

("C:\Users\s1452504\AppData\Local\Programs\MiKTeX 2.9\tex/latex/caption\caption
3.sty"
Package: caption3 2018/09/12 v1.8c caption3 kernel (AR)
Package caption3 Info: TeX engine: e-TeX on input line 64.

("C:\Users\s1452504\AppData\Local\Programs\MiKTeX 2.9\tex/latex/graphics\keyval
.sty"
Package: keyval 2014/10/28 v1.15 key=value parser (DPC)
\KV@toks@=\toks14
)
\captionmargin=\dimen103
\captionmargin@=\dimen104
\captionwidth=\dimen105
\caption@tempdima=\dimen106
\caption@indent=\dimen107
\caption@parindent=\dimen108
\caption@hangindent=\dimen109
)
\c@caption@flags=\count89
\c@ContinuedFloat=\count90
)
\c@subfigure=\count91
\c@subtable=\count92
)
("C:\Users\s1452504\AppData\Local\Programs\MiKTeX 2.9\tex/latex/graphics\graphi
cx.sty"
Package: graphicx 2017/06/01 v1.1a Enhanced LaTeX Graphics (DPC,SPQR)

("C:\Users\s1452504\AppData\Local\Programs\MiKTeX 2.9\tex/latex/graphics\graphi
cs.sty"
Package: graphics 2017/06/25 v1.2c Standard LaTeX Graphics (DPC,SPQR)

("C:\Users\s1452504\AppData\Local\Programs\MiKTeX 2.9\tex/latex/graphics\trig.s
ty"
Package: trig 2016/01/03 v1.10 sin cos tan (DPC)
)
("C:\Users\s1452504\AppData\Local\Programs\MiKTeX 2.9\tex/latex/graphics-cfg\gr
aphics.cfg"
File: graphics.cfg 2016/06/04 v1.11 sample graphics configuration
)
Package graphics Info: Driver file: pdftex.def on input line 99.

("C:\Users\s1452504\AppData\Local\Programs\MiKTeX 2.9\tex/latex/graphics-def\pd
ftex.def"
File: pdftex.def 2018/01/08 v1.0l Graphics/color driver for pdftex
))
\Gin@req@height=\dimen110
\Gin@req@width=\dimen111
)
("C:\Users\s1452504\AppData\Local\Programs\MiKTeX 2.9\tex/latex/numprint\numpri
nt.sty"
Package: numprint 2012/08/20 v1.39 Print numbers (HH)

("C:\Users\s1452504\AppData\Local\Programs\MiKTeX 2.9\tex/latex/tools\array.sty
"
Package: array 2018/11/13 v2.4j Tabular extension package (FMi)
\col@sep=\dimen112
\ar@mcellbox=\box27
\extrarowheight=\dimen113
\NC@list=\toks15
\extratabsurround=\skip54
\backup@length=\skip55
\ar@cellbox=\box28
)
\c@nprt@mantissa@digitsbefore=\count93
\c@nprt@mantissa@digitsafter=\count94
\c@nprt@exponent@digitsbefore=\count95
\c@nprt@exponent@digitsafter=\count96
\nprt@digitwidth=\skip56
\nprt@sepwidth=\skip57
\nprt@decimalwidth=\skip58
\nprt@blockwidth=\skip59
\nprt@digittoks=\toks16
\nprt@pretoks=\toks17
\nprt@posttoks=\toks18
\nprt@thisdigit=\count97
\nprt@curpos=\count98
\nprt@rndpos=\count99
\c@nprt@digitsfirstblock=\count100
\c@nprt@blockcnt=\count101
\c@nprt@cntprint=\count102
 No configuration file `numprint.cfg' found.)
("C:\Users\s1452504\AppData\Local\Programs\MiKTeX 2.9\tex/latex/multirow\multir
ow.sty"
Package: multirow 2019/01/01 v2.4 Span multiple rows of a table
\multirow@colwidth=\skip60
\multirow@cntb=\count103
\multirow@dima=\skip61
\bigstrutjot=\dimen114
)
("C:\Users\s1452504\AppData\Local\Programs\MiKTeX 2.9\tex/latex/hyperref\hyperr
ef.sty"
Package: hyperref 2018/11/30 v6.88e Hypertext links for LaTeX

("C:\Users\s1452504\AppData\Local\Programs\MiKTeX 2.9\tex/generic/oberdiek\hobs
ub-hyperref.sty"
Package: hobsub-hyperref 2016/05/16 v1.14 Bundle oberdiek, subset hyperref (HO)


("C:\Users\s1452504\AppData\Local\Programs\MiKTeX 2.9\tex/generic/oberdiek\hobs
ub-generic.sty"
Package: hobsub-generic 2016/05/16 v1.14 Bundle oberdiek, subset generic (HO)
Package: hobsub 2016/05/16 v1.14 Construct package bundles (HO)
Package: infwarerr 2016/05/16 v1.4 Providing info/warning/error messages (HO)
Package: ltxcmds 2016/05/16 v1.23 LaTeX kernel commands for general use (HO)
Package: ifluatex 2016/05/16 v1.4 Provides the ifluatex switch (HO)
Package ifluatex Info: LuaTeX not detected.
Package: ifvtex 2016/05/16 v1.6 Detect VTeX and its facilities (HO)
Package ifvtex Info: VTeX not detected.
Package: intcalc 2016/05/16 v1.2 Expandable calculations with integers (HO)
Package: ifpdf 2018/09/07 v3.3 Provides the ifpdf switch
Package: etexcmds 2016/05/16 v1.6 Avoid name clashes with e-TeX commands (HO)
Package: kvsetkeys 2016/05/16 v1.17 Key value parser (HO)
Package: kvdefinekeys 2016/05/16 v1.4 Define keys (HO)
Package: pdftexcmds 2018/09/10 v0.29 Utility functions of pdfTeX for LuaTeX (HO
)
Package pdftexcmds Info: LuaTeX not detected.
Package pdftexcmds Info: \pdf@primitive is available.
Package pdftexcmds Info: \pdf@ifprimitive is available.
Package pdftexcmds Info: \pdfdraftmode found.
Package: pdfescape 2016/05/16 v1.14 Implements pdfTeX's escape features (HO)
Package: bigintcalc 2016/05/16 v1.4 Expandable calculations on big integers (HO
)
Package: bitset 2016/05/16 v1.2 Handle bit-vector datatype (HO)
Package: uniquecounter 2016/05/16 v1.3 Provide unlimited unique counter (HO)
)
Package hobsub Info: Skipping package `hobsub' (already loaded).
Package: letltxmacro 2016/05/16 v1.5 Let assignment for LaTeX macros (HO)
Package: hopatch 2016/05/16 v1.3 Wrapper for package hooks (HO)
Package: xcolor-patch 2016/05/16 xcolor patch
Package: atveryend 2016/05/16 v1.9 Hooks at the very end of document (HO)
Package atveryend Info: \enddocument detected (standard20110627).
Package: atbegshi 2016/06/09 v1.18 At begin shipout hook (HO)
Package: refcount 2016/05/16 v3.5 Data extraction from label references (HO)
Package: hycolor 2016/05/16 v1.8 Color options for hyperref/bookmark (HO)
)
("C:\Users\s1452504\AppData\Local\Programs\MiKTeX 2.9\tex/generic/ifxetex\ifxet
ex.sty"
Package: ifxetex 2010/09/12 v0.6 Provides ifxetex conditional
)
("C:\Users\s1452504\AppData\Local\Programs\MiKTeX 2.9\tex/latex/oberdiek\auxhoo
k.sty"
Package: auxhook 2016/05/16 v1.4 Hooks for auxiliary files (HO)
)
("C:\Users\s1452504\AppData\Local\Programs\MiKTeX 2.9\tex/latex/oberdiek\kvopti
ons.sty"
Package: kvoptions 2016/05/16 v3.12 Key value format for package options (HO)
)
\@linkdim=\dimen115
\Hy@linkcounter=\count104
\Hy@pagecounter=\count105

("C:\Users\s1452504\AppData\Local\Programs\MiKTeX 2.9\tex/latex/hyperref\pd1enc
.def"
File: pd1enc.def 2018/11/30 v6.88e Hyperref: PDFDocEncoding definition (HO)
Now handling font encoding PD1 ...
... no UTF-8 mapping file for font encoding PD1
)
\Hy@SavedSpaceFactor=\count106

("C:\Users\s1452504\AppData\Local\Programs\MiKTeX 2.9\tex/latex/00miktex\hyperr
ef.cfg"
File: hyperref.cfg 2002/06/06 v1.2 hyperref configuration of TeXLive
)
Package hyperref Info: Hyper figures OFF on input line 4519.
Package hyperref Info: Link nesting OFF on input line 4524.
Package hyperref Info: Hyper index ON on input line 4527.
Package hyperref Info: Plain pages OFF on input line 4534.
Package hyperref Info: Backreferencing OFF on input line 4539.
Package hyperref Info: Implicit mode ON; LaTeX internals redefined.
Package hyperref Info: Bookmarks ON on input line 4772.
\c@Hy@tempcnt=\count107

("C:\Users\s1452504\AppData\Local\Programs\MiKTeX 2.9\tex/latex/url\url.sty"
\Urlmuskip=\muskip10
Package: url 2013/09/16  ver 3.4  Verb mode for urls, etc.
)
LaTeX Info: Redefining \url on input line 5125.
\XeTeXLinkMargin=\dimen116
\Fld@menulength=\count108
\Field@Width=\dimen117
\Fld@charsize=\dimen118
Package hyperref Info: Hyper figures OFF on input line 6380.
Package hyperref Info: Link nesting OFF on input line 6385.
Package hyperref Info: Hyper index ON on input line 6388.
Package hyperref Info: backreferencing OFF on input line 6395.
Package hyperref Info: Link coloring OFF on input line 6400.
Package hyperref Info: Link coloring with OCG OFF on input line 6405.
Package hyperref Info: PDF/A mode OFF on input line 6410.
LaTeX Info: Redefining \ref on input line 6450.
LaTeX Info: Redefining \pageref on input line 6454.
\Hy@abspage=\count109
\c@Item=\count110
\c@Hfootnote=\count111
)
Package hyperref Info: Driver (autodetected): hpdftex.

("C:\Users\s1452504\AppData\Local\Programs\MiKTeX 2.9\tex/latex/hyperref\hpdfte
x.def"
File: hpdftex.def 2018/11/30 v6.88e Hyperref driver for pdfTeX
\Fld@listcount=\count112
\c@bookmark@seq@number=\count113

("C:\Users\s1452504\AppData\Local\Programs\MiKTeX 2.9\tex/latex/oberdiek\rerunf
ilecheck.sty"
Package: rerunfilecheck 2016/05/16 v1.8 Rerun checks for auxiliary files (HO)
Package uniquecounter Info: New unique counter `rerunfilecheck' on input line 2
82.
)
\Hy@SectionHShift=\skip62
)
("C:\Users\s1452504\AppData\Local\Programs\MiKTeX 2.9\tex/latex/amsmath\amsmath
.sty"
Package: amsmath 2018/12/01 v2.17b AMS math features
\@mathmargin=\skip63

For additional information on amsmath, use the `?' option.

("C:\Users\s1452504\AppData\Local\Programs\MiKTeX 2.9\tex/latex/amsmath\amstext
.sty"
Package: amstext 2000/06/29 v2.01 AMS text

("C:\Users\s1452504\AppData\Local\Programs\MiKTeX 2.9\tex/latex/amsmath\amsgen.
sty"
File: amsgen.sty 1999/11/30 v2.0 generic functions
\@emptytoks=\toks19
\ex@=\dimen119
))
("C:\Users\s1452504\AppData\Local\Programs\MiKTeX 2.9\tex/latex/amsmath\amsbsy.
sty"
Package: amsbsy 1999/11/29 v1.2d Bold Symbols
\pmbraise@=\dimen120
)
("C:\Users\s1452504\AppData\Local\Programs\MiKTeX 2.9\tex/latex/amsmath\amsopn.
sty"
Package: amsopn 2016/03/08 v2.02 operator names
)
\inf@bad=\count114
LaTeX Info: Redefining \frac on input line 223.
\uproot@=\count115
\leftroot@=\count116
LaTeX Info: Redefining \overline on input line 385.
\classnum@=\count117
\DOTSCASE@=\count118
LaTeX Info: Redefining \ldots on input line 482.
LaTeX Info: Redefining \dots on input line 485.
LaTeX Info: Redefining \cdots on input line 606.
\Mathstrutbox@=\box29
\strutbox@=\box30
\big@size=\dimen121
LaTeX Font Info:    Redeclaring font encoding OML on input line 729.
LaTeX Font Info:    Redeclaring font encoding OMS on input line 730.
\macc@depth=\count119
\c@MaxMatrixCols=\count120
\dotsspace@=\muskip11
\c@parentequation=\count121
\dspbrk@lvl=\count122
\tag@help=\toks20
\row@=\count123
\column@=\count124
\maxfields@=\count125
\andhelp@=\toks21
\eqnshift@=\dimen122
\alignsep@=\dimen123
\tagshift@=\dimen124
\tagwidth@=\dimen125
\totwidth@=\dimen126
\lineht@=\dimen127
\@envbody=\toks22
\multlinegap=\skip64
\multlinetaggap=\skip65
\mathdisplay@stack=\toks23
LaTeX Info: Redefining \[ on input line 2844.
LaTeX Info: Redefining \] on input line 2845.
)
("C:\Users\s1452504\AppData\Local\Programs\MiKTeX 2.9\tex/latex/amsfonts\amsfon
ts.sty"
Package: amsfonts 2013/01/14 v3.01 Basic AMSFonts support
\symAMSa=\mathgroup4
\symAMSb=\mathgroup5
LaTeX Font Info:    Overwriting math alphabet `\mathfrak' in version `bold'
(Font)                  U/euf/m/n --> U/euf/b/n on input line 106.
)
("C:\Users\s1452504\AppData\Local\Programs\MiKTeX 2.9\tex/latex/amsfonts\amssym
b.sty"
Package: amssymb 2013/01/14 v3.01 AMS font symbols
)
("C:\Users\s1452504\AppData\Local\Programs\MiKTeX 2.9\tex/latex/amscls\amsthm.s
ty"
Package: amsthm 2017/10/31 v2.20.4
\thm@style=\toks24
\thm@bodyfont=\toks25
\thm@headfont=\toks26
\thm@notefont=\toks27
\thm@headpunct=\toks28
\thm@preskip=\skip66
\thm@postskip=\skip67
\thm@headsep=\skip68
\dth@everypar=\toks29
)
("C:\Users\s1452504\AppData\Local\Programs\MiKTeX 2.9\tex/latex/mathtools\matht
ools.sty"
Package: mathtools 2018/01/08 v1.21 mathematical typesetting tools

("C:\Users\s1452504\AppData\Local\Programs\MiKTeX 2.9\tex/latex/tools\calc.sty"
Package: calc 2017/05/25 v4.3 Infix arithmetic (KKT,FJ)
\calc@Acount=\count126
\calc@Bcount=\count127
\calc@Adimen=\dimen128
\calc@Bdimen=\dimen129
\calc@Askip=\skip69
\calc@Bskip=\skip70
LaTeX Info: Redefining \setlength on input line 80.
LaTeX Info: Redefining \addtolength on input line 81.
\calc@Ccount=\count128
\calc@Cskip=\skip71
)
("C:\Users\s1452504\AppData\Local\Programs\MiKTeX 2.9\tex/latex/mathtools\mhset
up.sty"
Package: mhsetup 2017/03/31 v1.3 programming setup (MH)
)
LaTeX Info: Thecontrolsequence`\('isalreadyrobust on input line 129.
LaTeX Info: Thecontrolsequence`\)'isalreadyrobust on input line 129.
LaTeX Info: Thecontrolsequence`\['isalreadyrobust on input line 129.
LaTeX Info: Thecontrolsequence`\]'isalreadyrobust on input line 129.
\g_MT_multlinerow_int=\count129
\l_MT_multwidth_dim=\dimen130
\origjot=\skip72
\l_MT_shortvdotswithinadjustabove_dim=\dimen131
\l_MT_shortvdotswithinadjustbelow_dim=\dimen132
\l_MT_above_intertext_sep=\dimen133
\l_MT_below_intertext_sep=\dimen134
\l_MT_above_shortintertext_sep=\dimen135
\l_MT_below_shortintertext_sep=\dimen136
)
("C:\Users\s1452504\AppData\Local\Programs\MiKTeX 2.9\tex/latex/commath\commath
.sty"
("C:\Users\s1452504\AppData\Local\Programs\MiKTeX 2.9\tex/latex/base\ifthen.sty
"
Package: ifthen 2014/09/29 v1.1c Standard LaTeX ifthen package (DPC)
)) ("C:\Users\s1452504\AppData\Local\Programs\MiKTeX 2.9\tex/latex/bbm\bbm.sty"
Package: bbm 1999/03/15 V 1.2 provides fonts for set symbols - TH
LaTeX Font Info:    Overwriting math alphabet `\mathbbm' in version `bold'
(Font)                  U/bbm/m/n --> U/bbm/bx/n on input line 33.
LaTeX Font Info:    Overwriting math alphabet `\mathbbmss' in version `bold'
(Font)                  U/bbmss/m/n --> U/bbmss/bx/n on input line 35.
)
("C:\Users\s1452504\AppData\Local\Programs\MiKTeX 2.9\tex/latex/algorithm2e\alg
orithm2e.sty"
Package: algorithm2e 2017/07/18 v5.2 algorithms environments
\c@AlgoLine=\count130
\algocf@hangindent=\skip73

("C:\Users\s1452504\AppData\Local\Programs\MiKTeX 2.9\tex/latex/ifoddpage\ifodd
page.sty"
Package: ifoddpage 2016/04/23 v1.1 Conditionals for odd/even page detection
\c@checkoddpage=\count131
)
("C:\Users\s1452504\AppData\Local\Programs\MiKTeX 2.9\tex/latex/tools\xspace.st
y"
Package: xspace 2014/10/28 v1.13 Space after command names (DPC,MH)
)
("C:\Users\s1452504\AppData\Local\Programs\MiKTeX 2.9\tex/latex/relsize\relsize
.sty"
Package: relsize 2013/03/29 ver 4.1
)
\skiptotal=\skip74
\skiplinenumber=\skip75
\skiprule=\skip76
\skiphlne=\skip77
\skiptext=\skip78
\skiplength=\skip79
\algomargin=\skip80
\skipalgocfslide=\skip81
\algowidth=\dimen137
\inoutsize=\dimen138
\inoutindent=\dimen139
\interspacetitleruled=\dimen140
\interspacealgoruled=\dimen141
\interspacetitleboxruled=\dimen142
\algocf@ruledwidth=\skip82
\algocf@inoutbox=\box31
\algocf@inputbox=\box32
\AlCapSkip=\skip83
\AlCapHSkip=\skip84
\algoskipindent=\skip85
\algocf@nlbox=\box33
\algocf@hangingbox=\box34
\algocf@untilbox=\box35
\algocf@skipuntil=\skip86
\algocf@capbox=\box36
\algocf@lcaptionbox=\skip87
\algoheightruledefault=\skip88
\algoheightrule=\skip89
\algotitleheightruledefault=\skip90
\algotitleheightrule=\skip91
\c@algocfline=\count132
\c@algocfproc=\count133
\c@algocf=\count134
\algocf@algoframe=\box37
\algocf@algobox=\box38
)
("C:\Users\s1452504\AppData\Local\Programs\MiKTeX 2.9\tex/latex/geometry\geomet
ry.sty"
Package: geometry 2018/04/16 v5.8 Page Geometry
\Gm@cnth=\count135
\Gm@cntv=\count136
\c@Gm@tempcnt=\count137
\Gm@bindingoffset=\dimen143
\Gm@wd@mp=\dimen144
\Gm@odd@mp=\dimen145
\Gm@even@mp=\dimen146
\Gm@layoutwidth=\dimen147
\Gm@layoutheight=\dimen148
\Gm@layouthoffset=\dimen149
\Gm@layoutvoffset=\dimen150
\Gm@dimlist=\toks30

("C:\Users\s1452504\AppData\Local\Programs\MiKTeX 2.9\tex/latex/geometry\geomet
ry.cfg"))
("C:\Users\s1452504\AppData\Local\Programs\MiKTeX 2.9\tex/latex/listings\listin
gs.sty"
\lst@mode=\count138
\lst@gtempboxa=\box39
\lst@token=\toks31
\lst@length=\count139
\lst@currlwidth=\dimen151
\lst@column=\count140
\lst@pos=\count141
\lst@lostspace=\dimen152
\lst@width=\dimen153
\lst@newlines=\count142
\lst@lineno=\count143
\lst@maxwidth=\dimen154

("C:\Users\s1452504\AppData\Local\Programs\MiKTeX 2.9\tex/latex/listings\lstmis
c.sty"
File: lstmisc.sty 2018/09/02 1.7 (Carsten Heinz)
\c@lstnumber=\count144
\lst@skipnumbers=\count145
\lst@framebox=\box40
)
("C:\Users\s1452504\AppData\Local\Programs\MiKTeX 2.9\tex/latex/listings\listin
gs.cfg"
File: listings.cfg 2018/09/02 1.7 listings configuration
))
Package: listings 2018/09/02 1.7 (Carsten Heinz)

("C:\Users\s1452504\AppData\Local\Programs\MiKTeX 2.9\tex/latex/graphics\color.
sty"
Package: color 2016/07/10 v1.1e Standard LaTeX Color (DPC)

("C:\Users\s1452504\AppData\Local\Programs\MiKTeX 2.9\tex/latex/graphics-cfg\co
lor.cfg"
File: color.cfg 2016/01/02 v1.6 sample color configuration
)
Package color Info: Driver file: pdftex.def on input line 147.
)
Package hyperref Info: Option `colorlinks' set `true' on input line 33.
\c@definition=\count146
 (ThesisCurrent.aux

LaTeX Warning: Label `F3a' multiply defined.


LaTeX Warning: Label `F3b' multiply defined.


LaTeX Warning: Label `F2' multiply defined.


LaTeX Warning: Label `F3' multiply defined.


LaTeX Warning: Label `F4' multiply defined.


LaTeX Warning: Label `F5' multiply defined.


LaTeX Warning: Label `F6' multiply defined.


LaTeX Warning: Label `F7' multiply defined.


LaTeX Warning: Label `F5' multiply defined.


LaTeX Warning: Label `F7' multiply defined.


LaTeX Warning: Label `F5b' multiply defined.


LaTeX Warning: Label `F1' multiply defined.


LaTeX Warning: Label `F1a' multiply defined.


LaTeX Warning: Label `F2' multiply defined.


LaTeX Warning: Label `F3' multiply defined.


LaTeX Warning: Label `F4' multiply defined.


LaTeX Warning: Label `F5' multiply defined.


LaTeX Warning: Label `F6' multiply defined.


LaTeX Warning: Label `F7' multiply defined.

)
\openout1 = `ThesisCurrent.aux'.

LaTeX Font Info:    Checking defaults for OML/cmm/m/it on input line 74.
LaTeX Font Info:    ... okay on input line 74.
LaTeX Font Info:    Checking defaults for T1/cmr/m/n on input line 74.
LaTeX Font Info:    ... okay on input line 74.
LaTeX Font Info:    Checking defaults for OT1/cmr/m/n on input line 74.
LaTeX Font Info:    ... okay on input line 74.
LaTeX Font Info:    Checking defaults for OMS/cmsy/m/n on input line 74.
LaTeX Font Info:    ... okay on input line 74.
LaTeX Font Info:    Checking defaults for OMX/cmex/m/n on input line 74.
LaTeX Font Info:    ... okay on input line 74.
LaTeX Font Info:    Checking defaults for U/cmr/m/n on input line 74.
LaTeX Font Info:    ... okay on input line 74.
LaTeX Font Info:    Checking defaults for PD1/pdf/m/n on input line 74.
LaTeX Font Info:    ... okay on input line 74.
Package caption Info: Begin \AtBeginDocument code.
Package caption Info: hyperref package is loaded.
Package caption Info: listings package is loaded.
Package caption Info: End \AtBeginDocument code.

("C:\Users\s1452504\AppData\Local\Programs\MiKTeX 2.9\tex/context/base\supp-pdf
.mkii"
[Loading MPS to PDF converter (version 2006.09.02).]
\scratchcounter=\count147
\scratchdimen=\dimen155
\scratchbox=\box41
\nofMPsegments=\count148
\nofMParguments=\count149
\everyMPshowfont=\toks32
\MPscratchCnt=\count150
\MPscratchDim=\dimen156
\MPnumerator=\count151
\makeMPintoPDFobject=\count152
\everyMPtoPDFconversion=\toks33
)
("C:\Users\s1452504\AppData\Local\Programs\MiKTeX 2.9\tex/latex/oberdiek\epstop
df-base.sty"
Package: epstopdf-base 2016/05/15 v2.6 Base part for package epstopdf

("C:\Users\s1452504\AppData\Local\Programs\MiKTeX 2.9\tex/latex/oberdiek\grfext
.sty"
Package: grfext 2016/05/16 v1.2 Manage graphics extensions (HO)
)
Package epstopdf-base Info: Redefining graphics rule for `.eps' on input line 4
38.
Package grfext Info: Graphics extension search list:
(grfext)             [.pdf,.png,.jpg,.mps,.jpeg,.jbig2,.jb2,.PDF,.PNG,.JPG,.JPE
G,.JBIG2,.JB2,.eps]
(grfext)             \AppendGraphicsExtensions on input line 456.
)
\AtBeginShipoutBox=\box42
Package hyperref Info: Link coloring ON on input line 74.

("C:\Users\s1452504\AppData\Local\Programs\MiKTeX 2.9\tex/latex/hyperref\namere
f.sty"
Package: nameref 2016/05/21 v2.44 Cross-referencing by name of section

("C:\Users\s1452504\AppData\Local\Programs\MiKTeX 2.9\tex/generic/oberdiek\gett
itlestring.sty"
Package: gettitlestring 2016/05/16 v1.5 Cleanup title references (HO)
)
\c@section@level=\count153
)
LaTeX Info: Redefining \ref on input line 74.
LaTeX Info: Redefining \pageref on input line 74.
LaTeX Info: Redefining \nameref on input line 74.
 (ThesisCurrent.out) (ThesisCurrent.out)
\@outlinefile=\write3
\openout3 = `ThesisCurrent.out'.


*geometry* driver: auto-detecting
*geometry* detected driver: pdftex
*geometry* verbose mode - [ preamble ] result:
* driver: pdftex
* paper: a4paper
* layout: <same size as paper>
* layoutoffset:(h,v)=(0.0pt,0.0pt)
* modes: includehead includefoot 
* h-part:(L,W,R)=(72.26999pt, 452.9679pt, 72.26999pt)
* v-part:(T,H,B)=(72.26999pt, 700.50687pt, 72.26999pt)
* \paperwidth=597.50787pt
* \paperheight=845.04684pt
* \textwidth=452.9679pt
* \textheight=633.50687pt
* \oddsidemargin=0.0pt
* \evensidemargin=0.0pt
* \topmargin=0.0pt
* \headheight=12.0pt
* \headsep=25.0pt
* \topskip=11.0pt
* \footskip=30.0pt
* \marginparwidth=50.0pt
* \marginparsep=10.0pt
* \columnsep=10.0pt
* \skip\footins=10.0pt plus 4.0pt minus 2.0pt
* \hoffset=0.0pt
* \voffset=0.0pt
* \mag=1000
* \@twocolumnfalse
* \@twosidefalse
* \@mparswitchfalse
* \@reversemarginfalse
* (1in=72.27pt=25.4mm, 1cm=28.453pt)

\c@lstlisting=\count154
LaTeX Font Info:    Try loading font information for U+msa on input line 76.

("C:\Users\s1452504\AppData\Local\Programs\MiKTeX 2.9\tex/latex/amsfonts\umsa.f
d"
File: umsa.fd 2013/01/14 v3.01 AMS symbols A
)
LaTeX Font Info:    Try loading font information for U+msb on input line 76.

("C:\Users\s1452504\AppData\Local\Programs\MiKTeX 2.9\tex/latex/amsfonts\umsb.f
d"
File: umsb.fd 2013/01/14 v3.01 AMS symbols B
) [1

{C:/Users/s1452504/AppData/Local/MiKTeX/2.9/pdftex/config/pdftex.map}]
(ThesisCurrent.toc [1] [2] [3])
\tf@toc=\write4
\openout4 = `ThesisCurrent.toc'.

 [4]
LaTeX Font Info:    Try loading font information for OMS+cmr on input line 109.


("C:\Users\s1452504\AppData\Local\Programs\MiKTeX 2.9\tex/latex/base\omscmr.fd"
File: omscmr.fd 2014/09/29 v2.5h Standard LaTeX font definitions
)
LaTeX Font Info:    Font shape `OMS/cmr/m/n' in size <10.95> not available
(Font)              Font shape `OMS/cmsy/m/n' tried instead on input line 109.
 (MultiscaleParticleDynamicsIntro.tex [1] [2] [3] [4] [5] [6] [7] [8])
(ShapeNotes.tex [9] [10] [11] [12]
Underfull \hbox (badness 10000) in paragraph at lines 123--130

 []

[13] [14] [15] [16] [17]
Underfull \hbox (badness 10000) in paragraph at lines 315--319

 []

[18]
Underfull \hbox (badness 10000) in paragraph at lines 343--347

 []

[19]
Underfull \hbox (badness 10000) in paragraph at lines 367--372

 []

[20] [21] [22]
Underfull \hbox (badness 10000) in paragraph at lines 459--463

 []

[23]
Overfull \hbox (51.879pt too wide) in paragraph at lines 491--493
\OT1/cmr/m/n/10.95 +++++++++++++++ More on con-ver-gence stuff... see Boyd ++++
+++++++++++++++++++
 []

) (MultiShapeNotes.tex

Package natbib Warning: Citation `SEMPatera84' on page 24 undefined on input li
ne 6.


Package natbib Warning: Citation `SEMLagrange98' on page 24 undefined on input 
line 6.


Underfull \hbox (badness 10000) in paragraph at lines 3--8

 []

[24]
Underfull \hbox (badness 10000) in paragraph at lines 11--18

 []


Underfull \hbox (badness 10000) in paragraph at lines 11--18

 []

[25]
Overfull \hbox (33.65005pt too wide) detected at line 45
[][] 
 []

[26] [27]
Overfull \hbox (33.65005pt too wide) detected at line 141
[][] 
 []

[28] [29]
Overfull \hbox (16.82503pt too wide) detected at line 163
[][] 
 []


Overfull \hbox (50.47508pt too wide) detected at line 203
[][] 
 []

[30]
Overfull \vbox (10.35956pt too high) has occurred while \output is active []


[31]

Package natbib Warning: Citation `Hutomo_2019' on page 32 undefined on input li
ne 235.

[32]
<Images/boxEx.png, id=861, 1445.4pt x 704.6325pt>
File: Images/boxEx.png Graphic file (type png)
<use Images/boxEx.png>
Package pdftex.def Info: Images/boxEx.png  used on input line 246.
(pdftex.def)             Requested size: 505.89758pt x 246.62508pt.

Overfull \hbox (52.92969pt too wide) in paragraph at lines 246--247
 [][] 
 []


LaTeX Warning: `h' float specifier changed to `ht'.

<Images/wedgeEx.png, id=865, 1445.4pt x 704.6325pt>
File: Images/wedgeEx.png Graphic file (type png)
<use Images/wedgeEx.png>
Package pdftex.def Info: Images/wedgeEx.png  used on input line 257.
(pdftex.def)             Requested size: 505.89758pt x 246.62508pt.

Overfull \hbox (52.92969pt too wide) in paragraph at lines 257--258
 [][] 
 []


LaTeX Warning: `h' float specifier changed to `ht'.

<Images/example1.png, id=870, 1445.4pt x 704.6325pt>
File: Images/example1.png Graphic file (type png)
<use Images/example1.png>
Package pdftex.def Info: Images/example1.png  used on input line 265.
(pdftex.def)             Requested size: 505.89758pt x 246.62508pt.

Overfull \hbox (52.92969pt too wide) in paragraph at lines 265--266
 [][] 
 []


LaTeX Warning: `h' float specifier changed to `ht'.

<Images/example2.png, id=871, 1445.4pt x 704.6325pt>
File: Images/example2.png Graphic file (type png)
<use Images/example2.png>
Package pdftex.def Info: Images/example2.png  used on input line 273.
(pdftex.def)             Requested size: 505.89758pt x 246.62508pt.

Overfull \hbox (52.92969pt too wide) in paragraph at lines 273--274
 [][] 
 []


LaTeX Warning: `h' float specifier changed to `ht'.

(TabDirichletEx1.tex
Overfull \hbox (45.48303pt too wide) in paragraph at lines 3--23
 [][] 
 []

) (TabDirichletEx1MS.tex
Overfull \hbox (58.31888pt too wide) in paragraph at lines 3--13
 [][] 
 []

) [33] [34] (TabDirichletEx2.tex
Overfull \hbox (62.48328pt too wide) in paragraph at lines 3--23
 [][] 
 []

)
<Images/boxExNoFlux.png, id=901, 1445.4pt x 704.6325pt>
File: Images/boxExNoFlux.png Graphic file (type png)
<use Images/boxExNoFlux.png>
Package pdftex.def Info: Images/boxExNoFlux.png  used on input line 305.
(pdftex.def)             Requested size: 505.89758pt x 246.62508pt.

Overfull \hbox (52.92969pt too wide) in paragraph at lines 305--306
 [][] 
 []

[35 <./Images/boxEx.png (PNG copy)>]

LaTeX Warning: `h' float specifier changed to `ht'.

<Images/NormalCorrected.png, id=911, 1445.4pt x 704.6325pt>
File: Images/NormalCorrected.png Graphic file (type png)
<use Images/NormalCorrected.png>
Package pdftex.def Info: Images/NormalCorrected.png  used on input line 312.
(pdftex.def)             Requested size: 505.89758pt x 246.62508pt.

Overfull \hbox (52.92969pt too wide) in paragraph at lines 312--313
 [][] 
 []


LaTeX Warning: `h' float specifier changed to `ht'.

(TabNoFluxEx.tex
Overfull \hbox (45.48303pt too wide) in paragraph at lines 3--18
 [][] 
 []

) (TabNoFluxCorr.tex
Overfull \hbox (45.48303pt too wide) in paragraph at lines 3--14
 [][] 
 []

)
<Images/FWBox.png, id=915, 1445.4pt x 704.6325pt>
File: Images/FWBox.png Graphic file (type png)
<use Images/FWBox.png>
Package pdftex.def Info: Images/FWBox.png  used on input line 346.
(pdftex.def)             Requested size: 505.89758pt x 246.62508pt.

Overfull \hbox (52.92969pt too wide) in paragraph at lines 346--347
 [][] 
 []


LaTeX Warning: `h' float specifier changed to `ht'.

<Images/FWWedge.png, id=919, 1445.4pt x 704.6325pt>
File: Images/FWWedge.png Graphic file (type png)
<use Images/FWWedge.png>
Package pdftex.def Info: Images/FWWedge.png  used on input line 377.
(pdftex.def)             Requested size: 505.89758pt x 246.62508pt.

Overfull \hbox (52.92969pt too wide) in paragraph at lines 377--378
 [][] 
 []


LaTeX Warning: `h' float specifier changed to `ht'.

[36 <./Images/wedgeEx.png (PNG copy)>] [37]
<Images/ex1.png, id=940, 1445.4pt x 704.6325pt>
File: Images/ex1.png Graphic file (type png)
<use Images/ex1.png>
Package pdftex.def Info: Images/ex1.png  used on input line 393.
(pdftex.def)             Requested size: 505.89758pt x 246.62508pt.

Overfull \hbox (52.92969pt too wide) in paragraph at lines 393--394
 [][] 
 []


LaTeX Warning: `h' float specifier changed to `ht'.

<Images/ex2.png, id=942, 1445.4pt x 704.6325pt>
File: Images/ex2.png Graphic file (type png)
<use Images/ex2.png>
Package pdftex.def Info: Images/ex2.png  used on input line 406.
(pdftex.def)             Requested size: 505.89758pt x 246.62508pt.

Overfull \hbox (52.92969pt too wide) in paragraph at lines 406--407
 [][] 
 []


LaTeX Warning: `h' float specifier changed to `ht'.

(TabFWProbBox.tex
Overfull \hbox (36.98291pt too wide) in paragraph at lines 3--17
 [][] 
 []

) (TabFWProbWedge.tex
Overfull \hbox (36.67876pt too wide) in paragraph at lines 3--14
 [][] 
 []

) (Example12.tex
Overfull \hbox (66.6061pt too wide) in paragraph at lines 3--13
 [][] 
 []

)) (MultiShapeValidationTests.tex [38 <./Images/example1.png (PNG copy)>]
[39]
<Images/BoxSections.png, id=960, 1445.4pt x 704.6325pt>
File: Images/BoxSections.png Graphic file (type png)
<use Images/BoxSections.png>
Package pdftex.def Info: Images/BoxSections.png  used on input line 10.
(pdftex.def)             Requested size: 505.89758pt x 246.62508pt.

Overfull \hbox (52.92969pt too wide) in paragraph at lines 10--11
 [][] 
 []

<Images/quad.png, id=961, 526.96875pt x 395.22656pt>
File: Images/quad.png Graphic file (type png)
<use Images/quad.png>
Package pdftex.def Info: Images/quad.png  used on input line 16.
(pdftex.def)             Requested size: 184.44182pt x 138.33136pt.
<Images/WedgeSections.png, id=962, 1445.4pt x 704.6325pt>
File: Images/WedgeSections.png Graphic file (type png)
<use Images/WedgeSections.png>
Package pdftex.def Info: Images/WedgeSections.png  used on input line 22.
(pdftex.def)             Requested size: 505.89758pt x 246.62508pt.

Overfull \hbox (52.92969pt too wide) in paragraph at lines 22--23
 [][] 
 []


LaTeX Warning: `h' float specifier changed to `ht'.


LaTeX Warning: `h' float specifier changed to `ht'.


LaTeX Warning: `h' float specifier changed to `ht'.

[40 <./Images/example2.png (PNG copy)>] [41 <./Images/boxExNoFlux.png (PNG copy
)>] (TabGrad.tex
Overfull \hbox (62.48328pt too wide) in paragraph at lines 3--22
 [][] 
 []

) (TabDiv.tex
Overfull \hbox (62.48328pt too wide) in paragraph at lines 3--22
 [][] 
 []

) (TabLap.tex
Overfull \hbox (58.23322pt too wide) in paragraph at lines 3--22
 [][] 
 []

) (TabInterp.tex
Overfull \hbox (62.48328pt too wide) in paragraph at lines 3--22
 [][] 
 []

) (TabInterpComp.tex
Overfull \hbox (62.48328pt too wide) in paragraph at lines 3--20
 [][] 
 []

) (TabInterpPol.tex
Overfull \hbox (58.23322pt too wide) in paragraph at lines 3--15
 [][] 
 []

) (TabConv.tex
Overfull \hbox (62.48328pt too wide) in paragraph at lines 3--20
 [][] 
 []

) (TabInt.tex
Overfull \hbox (62.48328pt too wide) in paragraph at lines 3--20
 [][] 
 []

) [42 <./Images/NormalCorrected.png (PNG copy)>]) (ComparisonwithFDMandFEM.tex)
[43 <./Images/FWBox.png (PNG copy)>] [44] [45] [46] [47 <./Images/FWWedge.png (
PNG copy)>] (PDECOIntro.tex [48 <./Images/ex1.png (PNG copy)>]) [49 <./Images/e
x2.png (PNG copy)>] (MeanFieldOCPReview.tex)
Underfull \hbox (badness 10000) in paragraph at lines 149--151

 []


Underfull \hbox (badness 10000) in paragraph at lines 149--151

 []


Underfull \hbox (badness 10000) in paragraph at lines 149--151

 []


Underfull \hbox (badness 10000) in paragraph at lines 149--151

 []

[50 <./Images/BoxSections.png (PNG copy)>] [51 <./Images/quad.png (PNG copy)>]
[52 <./Images/WedgeSections.png (PNG copy)>]
(PDECOOptimalityConditionsBasics.tex [53]
Overfull \hbox (2.65187pt too wide) detected at line 21
[]
 []

[54]
Overfull \hbox (16.55704pt too wide) detected at line 52
[]
 []

[55] [56]
Overfull \hbox (5.4655pt too wide) detected at line 145
[]
 []

[57] [58] [59] [60] [61]
Overfull \hbox (0.24254pt too wide) detected at line 338
[]
 []

[62]
Overfull \hbox (44.27907pt too wide) detected at line 385
[]
 []

[63] [64] [65]) (OverdampedOptimalityConditions1.tex [66])
(ChapterPeriodicBCOCP.tex [67]
Overfull \hbox (73.2714pt too wide) detected at line 19
[]
 []


Overfull \hbox (26.63034pt too wide) detected at line 30
[]
 []

[68] [69] [70] [71]
Overfull \hbox (45.22362pt too wide) detected at line 171
[]
 []


Overfull \hbox (2.07845pt too wide) detected at line 190
[]
 []

[72]
Underfull \hbox (badness 10000) in paragraph at lines 218--223

 []

) (NonconstantFluxSubdomainObservation.tex [73]
LaTeX Font Info:    Try loading font information for U+bbm on input line 16.

("C:\Users\s1452504\AppData\Local\Programs\MiKTeX 2.9\tex/latex/bbm\ubbm.fd"
File: ubbm.fd 1999/03/15 V 1.2 Font definition for bbm font - TH
)

LaTeX Warning: Reference `Observation1' on page 74 undefined on input line 17.

[74]
Overfull \hbox (1.86983pt too wide) detected at line 45
[]
 []

[75]) (NonconstantFluxBoundaryObservation.tex) [76] (FixedPointAlgorithm.tex
Underfull \hbox (badness 10000) in paragraph at lines 1--7

 []

[77]) (PicardAlgorithm.tex [78]) (MultipleShootingIntro.tex [79]

LaTeX Warning: Reference `secExactSolsDiffusion1' on page 80 undefined on input
 line 7.


LaTeX Warning: Reference `secExactSolsDiffusion1' on page 80 undefined on input
 line 22.

[80]

LaTeX Warning: Reference `ShootingTest1DiffusionLineBlowsUp' on page 81 undefin
ed on input line 31.


Underfull \hbox (badness 10000) in paragraph at lines 29--33

 []


LaTeX Warning: Reference `ShootingMethod1' on page 81 undefined on input line 5
1.

[81]

LaTeX Warning: Reference `ShootingMethod2' on page 82 undefined on input line 6
6.


Underfull \hbox (badness 10000) in paragraph at lines 89--95

 []


LaTeX Warning: Reference `ShootingMethod3' on page 82 undefined on input line 1
13.

[82]

LaTeX Warning: Reference `ShootingMethod4' on page 83 undefined on input line 1
18.


LaTeX Warning: Reference `secCompareFEMFDMPDM' on page 83 undefined on input li
ne 119.

[83] [84] [85]

LaTeX Warning: Reference `secPSMTheory1' on page 86 undefined on input line 193
.

[86]
Overfull \hbox (10.5326pt too wide) detected at line 238
[]
 []

)

LaTeX Font Warning: Font shape `OT1/cmr/bx/sc' undefined
(Font)              using `OT1/cmr/bx/n' instead on input line 204.

LaTeX Font Info:    Font shape `OT1/cmtt/bx/n' in size <10.95> not available
(Font)              Font shape `OT1/cmtt/m/n' tried instead on input line 204.
(fsolveAlgorithm.tex [87]) [88] (ErrorMeasure.tex

LaTeX Warning: Reference `sec:Validation' on page 89 undefined on input line 3.



LaTeX Warning: Reference `sec:Examples' on page 89 undefined on input line 3.

) (ExactSolutions1.tex [89]
Underfull \hbox (badness 10000) in paragraph at lines 25--33

 []

[90] [91])
LaTeX Font Info:    Font shape `OT1/cmtt/bx/n' in size <12> not available
(Font)              Font shape `OT1/cmtt/m/n' tried instead on input line 232.
 (Comparisonwithfsolve.tex

LaTeX Warning: Reference `sec:Examples1d' on page 92 undefined on input line 2.


(fixptvsfsolve.tex))

Package hyperref Warning: Token not allowed in a PDF string (PDFDocEncoding):
(hyperref)                removing `math shift' on input line 237.


Package hyperref Warning: Token not allowed in a PDF string (PDFDocEncoding):
(hyperref)                removing `math shift' on input line 237.

(Perturbingw.tex [92] [93] (wPertExample.tex))
Underfull \hbox (badness 10000) in paragraph at lines 241--252

 []

[94] [95] (ChapterNumericalExamplesOverdamped.tex [96]

LaTeX Warning: Reference `AdvDiff_Linear' on page 97 undefined on input line 8.



LaTeX Warning: Reference `NoFlux_Linear' on page 97 undefined on input line 8.

(SCNExample2D.tex)
<Images/SCNk0.png, id=1509, 3519.1475pt x 1052.93375pt>
File: Images/SCNk0.png Graphic file (type png)
<use Images/SCNk0.png>
Package pdftex.def Info: Images/SCNk0.png  used on input line 24.
(pdftex.def)             Requested size: 351.93536pt x 105.29953pt.


LaTeX Warning: `h' float specifier changed to `ht'.

<Images/SCNkn1.png, id=1510, 3519.1475pt x 1052.93375pt>
File: Images/SCNkn1.png Graphic file (type png)
<use Images/SCNkn1.png>
Package pdftex.def Info: Images/SCNkn1.png  used on input line 30.
(pdftex.def)             Requested size: 351.93536pt x 105.29953pt.

LaTeX Warning: `h' float specifier changed to `ht'.

<Images/SCNk1.png, id=1511, 3519.1475pt x 1052.93375pt>
File: Images/SCNk1.png Graphic file (type png)
<use Images/SCNk1.png>
Package pdftex.def Info: Images/SCNk1.png  used on input line 36.
(pdftex.def)             Requested size: 351.93536pt x 105.29953pt.

LaTeX Warning: `h' float specifier changed to `ht'.

<Images/SCNk0c.png, id=1512, 3679.7475pt x 1050.92625pt>
File: Images/SCNk0c.png Graphic file (type png)
<use Images/SCNk0c.png>
Package pdftex.def Info: Images/SCNk0c.png  used on input line 44.
(pdftex.def)             Requested size: 367.9963pt x 105.09877pt.

LaTeX Warning: `h' float specifier changed to `ht'.

<Images/SCNkn1c.png, id=1513, 3679.7475pt x 1050.92625pt>
File: Images/SCNkn1c.png Graphic file (type png)
<use Images/SCNkn1c.png>
Package pdftex.def Info: Images/SCNkn1c.png  used on input line 50.
(pdftex.def)             Requested size: 367.9963pt x 105.09877pt.

LaTeX Warning: `h' float specifier changed to `ht'.

<Images/SCNk1c.png, id=1514, 3679.7475pt x 1050.92625pt>
File: Images/SCNk1c.png Graphic file (type png)
<use Images/SCNk1c.png>
Package pdftex.def Info: Images/SCNk1c.png  used on input line 56.
(pdftex.def)             Requested size: 367.9963pt x 105.09877pt.

LaTeX Warning: `h' float specifier changed to `ht'.


LaTeX Warning: Reference `AdvDiff_Linear' on page 97 undefined on input line 63
.


LaTeX Warning: Reference `Dirichlet' on page 97 undefined on input line 63.

[97] [98 <./Images/SCNk0.png (PNG copy)>] (SCDExample2D.tex)
<Images/SCDk0.png, id=1537, 3521.155pt x 1052.93375pt>
File: Images/SCDk0.png Graphic file (type png)
<use Images/SCDk0.png>
Package pdftex.def Info: Images/SCDk0.png  used on input line 76.
(pdftex.def)             Requested size: 352.13612pt x 105.29953pt.


LaTeX Warning: `h' float specifier changed to `ht'.

<Images/SCDkn1.png, id=1538, 3521.155pt x 1052.93375pt>
File: Images/SCDkn1.png Graphic file (type png)
<use Images/SCDkn1.png>
Package pdftex.def Info: Images/SCDkn1.png  used on input line 82.
(pdftex.def)             Requested size: 352.13612pt x 105.29953pt.

LaTeX Warning: `h' float specifier changed to `ht'.

<Images/SCDk1.png, id=1539, 3521.155pt x 1052.93375pt>
File: Images/SCDk1.png Graphic file (type png)
<use Images/SCDk1.png>
Package pdftex.def Info: Images/SCDk1.png  used on input line 88.
(pdftex.def)             Requested size: 352.13612pt x 105.29953pt.

LaTeX Warning: `h' float specifier changed to `ht'.

<Images/SCDk0c.png, id=1540, 3661.68pt x 1050.92625pt>
File: Images/SCDk0c.png Graphic file (type png)
<use Images/SCDk0c.png>
Package pdftex.def Info: Images/SCDk0c.png  used on input line 95.
(pdftex.def)             Requested size: 366.18945pt x 105.09877pt.

LaTeX Warning: `h' float specifier changed to `ht'.

<Images/SCDkn1c.png, id=1541, 3661.68pt x 1050.92625pt>
File: Images/SCDkn1c.png Graphic file (type png)
<use Images/SCDkn1c.png>
Package pdftex.def Info: Images/SCDkn1c.png  used on input line 101.
(pdftex.def)             Requested size: 366.18945pt x 105.09877pt.

LaTeX Warning: `h' float specifier changed to `ht'.

<Images/SCDk1c.png, id=1542, 3661.68pt x 1050.92625pt>
File: Images/SCDk1c.png Graphic file (type png)
<use Images/SCDk1c.png>
Package pdftex.def Info: Images/SCDk1c.png  used on input line 107.
(pdftex.def)             Requested size: 366.18945pt x 105.09877pt.

LaTeX Warning: `h' float specifier changed to `ht'.


LaTeX Warning: Reference `AdvDiff' on page 99 undefined on input line 115.


LaTeX Warning: Reference `NoFlux' on page 99 undefined on input line 115.

(FCNExample2D.tex)
<Images/FCNk0.png, id=1550, 3521.155pt x 1052.93375pt>
File: Images/FCNk0.png Graphic file (type png)
<use Images/FCNk0.png>
Package pdftex.def Info: Images/FCNk0.png  used on input line 128.
(pdftex.def)             Requested size: 352.13612pt x 105.29953pt.


LaTeX Warning: `h' float specifier changed to `ht'.

<Images/FCNkn1.png, id=1551, 3521.155pt x 1052.93375pt>
File: Images/FCNkn1.png Graphic file (type png)
<use Images/FCNkn1.png>
Package pdftex.def Info: Images/FCNkn1.png  used on input line 134.
(pdftex.def)             Requested size: 352.13612pt x 105.29953pt.

LaTeX Warning: `h' float specifier changed to `ht'.

<Images/FCNk1.png, id=1552, 3521.155pt x 1052.93375pt>
File: Images/FCNk1.png Graphic file (type png)
<use Images/FCNk1.png>
Package pdftex.def Info: Images/FCNk1.png  used on input line 140.
(pdftex.def)             Requested size: 352.13612pt x 105.29953pt.

LaTeX Warning: `h' float specifier changed to `ht'.

<Images/FCNk0c.png, id=1553, 3411.74625pt x 1050.92625pt>
File: Images/FCNk0c.png Graphic file (type png)
<use Images/FCNk0c.png>
Package pdftex.def Info: Images/FCNk0c.png  used on input line 148.
(pdftex.def)             Requested size: 341.19461pt x 105.09877pt.

LaTeX Warning: `h' float specifier changed to `ht'.

<Images/FCNkn1c.png, id=1554, 3411.74625pt x 1050.92625pt>
File: Images/FCNkn1c.png Graphic file (type png)
<use Images/FCNkn1c.png>
Package pdftex.def Info: Images/FCNkn1c.png  used on input line 154.
(pdftex.def)             Requested size: 341.19461pt x 105.09877pt.

LaTeX Warning: `h' float specifier changed to `ht'.

<Images/FCNk1c.png, id=1555, 3411.74625pt x 1050.92625pt>
File: Images/FCNk1c.png Graphic file (type png)
<use Images/FCNk1c.png>
Package pdftex.def Info: Images/FCNk1c.png  used on input line 160.
(pdftex.def)             Requested size: 341.19461pt x 105.09877pt.

LaTeX Warning: `h' float specifier changed to `ht'.


LaTeX Warning: Reference `AdvDiff' on page 99 undefined on input line 166.


LaTeX Warning: Reference `Dirichlet' on page 99 undefined on input line 166.


Overfull \hbox (33.66397pt too wide) detected at line 171
[]
 []

[99 <./Images/SCNkn1.png (PNG copy)> <./Images/SCNk1.png (PNG copy)>] [100]
[101 <./Images/SCNk0c.png (PNG copy)> <./Images/SCNkn1c.png (PNG copy)>]
(FCDExample2D.tex)
<Images/FCDk0.png, id=1587, 3519.1475pt x 1052.93375pt>
File: Images/FCDk0.png Graphic file (type png)
<use Images/FCDk0.png>
Package pdftex.def Info: Images/FCDk0.png  used on input line 180.
(pdftex.def)             Requested size: 351.93536pt x 105.29953pt.


LaTeX Warning: `h' float specifier changed to `ht'.

<Images/FCDkn1.png, id=1588, 3519.1475pt x 1052.93375pt>
File: Images/FCDkn1.png Graphic file (type png)
<use Images/FCDkn1.png>
Package pdftex.def Info: Images/FCDkn1.png  used on input line 186.
(pdftex.def)             Requested size: 351.93536pt x 105.29953pt.

LaTeX Warning: `h' float specifier changed to `ht'.

<Images/FCDk1.png, id=1589, 3519.1475pt x 1052.93375pt>
File: Images/FCDk1.png Graphic file (type png)
<use Images/FCDk1.png>
Package pdftex.def Info: Images/FCDk1.png  used on input line 192.
(pdftex.def)             Requested size: 351.93536pt x 105.29953pt.

LaTeX Warning: `h' float specifier changed to `ht'.

<Images/FCDk0c.png, id=1590, 3411.74625pt x 1050.92625pt>
File: Images/FCDk0c.png Graphic file (type png)
<use Images/FCDk0c.png>
Package pdftex.def Info: Images/FCDk0c.png  used on input line 201.
(pdftex.def)             Requested size: 341.19461pt x 105.09877pt.

LaTeX Warning: `h' float specifier changed to `ht'.

<Images/FCDkn1c.png, id=1591, 3411.74625pt x 1050.92625pt>
File: Images/FCDkn1c.png Graphic file (type png)
<use Images/FCDkn1c.png>
Package pdftex.def Info: Images/FCDkn1c.png  used on input line 207.
(pdftex.def)             Requested size: 341.19461pt x 105.09877pt.

LaTeX Warning: `h' float specifier changed to `ht'.

<Images/FCDk1c.png, id=1592, 3411.74625pt x 1050.92625pt>
File: Images/FCDk1c.png Graphic file (type png)
<use Images/FCDk1c.png>
Package pdftex.def Info: Images/FCDk1c.png  used on input line 213.
(pdftex.def)             Requested size: 341.19461pt x 105.09877pt.

LaTeX Warning: `h' float specifier changed to `ht'.


LaTeX Warning: Reference `AdvDiff' on page 102 undefined on input line 219.


LaTeX Warning: Reference `NoFlux' on page 102 undefined on input line 219.

[102 <./Images/SCNk1c.png (PNG copy)> <./Images/SCDk0.png (PNG copy)>]
<Images/Vext3D.png, id=1612, 526.96875pt x 395.22656pt>
File: Images/Vext3D.png Graphic file (type png)
<use Images/Vext3D.png>
Package pdftex.def Info: Images/Vext3D.png  used on input line 234.
(pdftex.def)             Requested size: 368.8756pt x 276.6567pt.


LaTeX Warning: `h' float specifier changed to `ht'.

<Images/rhok1.png, id=1613, 3587.4025pt x 965.6075pt>
File: Images/rhok1.png Graphic file (type png)
<use Images/rhok1.png>
Package pdftex.def Info: Images/rhok1.png  used on input line 243.
(pdftex.def)             Requested size: 358.76126pt x 96.5664pt.

LaTeX Warning: `h' float specifier changed to `ht'.

<Images/rhok0.png, id=1614, 3587.4025pt x 965.6075pt>
File: Images/rhok0.png Graphic file (type png)
<use Images/rhok0.png>
Package pdftex.def Info: Images/rhok0.png  used on input line 249.
(pdftex.def)             Requested size: 358.76126pt x 96.5664pt.

LaTeX Warning: `h' float specifier changed to `ht'.

<Images/rhokn1.png, id=1615, 3587.4025pt x 965.6075pt>
File: Images/rhokn1.png Graphic file (type png)
<use Images/rhokn1.png>
Package pdftex.def Info: Images/rhokn1.png  used on input line 255.
(pdftex.def)             Requested size: 358.76126pt x 96.5664pt.

LaTeX Warning: `h' float specifier changed to `ht'.

<Images/Controlk1.png, id=1616, 3099.58pt x 966.61125pt>
File: Images/Controlk1.png Graphic file (type png)
<use Images/Controlk1.png>
Package pdftex.def Info: Images/Controlk1.png  used on input line 262.
(pdftex.def)             Requested size: 309.97617pt x 96.66678pt.

LaTeX Warning: `h' float specifier changed to `ht'.

<Images/Controlk0.png, id=1617, 3099.58pt x 966.61125pt>
File: Images/Controlk0.png Graphic file (type png)
<use Images/Controlk0.png>
Package pdftex.def Info: Images/Controlk0.png  used on input line 268.
(pdftex.def)             Requested size: 309.97617pt x 96.66678pt.

LaTeX Warning: `h' float specifier changed to `ht'.

<Images/Controlkn1.png, id=1618, 3099.58pt x 966.61125pt>
File: Images/Controlkn1.png Graphic file (type png)
<use Images/Controlkn1.png>
Package pdftex.def Info: Images/Controlkn1.png  used on input line 274.
(pdftex.def)             Requested size: 309.97617pt x 96.66678pt.

LaTeX Warning: `h' float specifier changed to `ht'.

<Images/SCNConvergence.png, id=1623, 3672.72125pt x 2278.5125pt>
File: Images/SCNConvergence.png Graphic file (type png)
<use Images/SCNConvergence.png>
Package pdftex.def Info: Images/SCNConvergence.png  used on input line 283.
(pdftex.def)             Requested size: 367.29364pt x 227.8646pt.

LaTeX Warning: `h' float specifier changed to `ht'.

<Images/SCDConvergence.png, id=1624, 3672.72125pt x 2278.5125pt>
File: Images/SCDConvergence.png Graphic file (type png)
<use Images/SCDConvergence.png>
Package pdftex.def Info: Images/SCDConvergence.png  used on input line 289.
(pdftex.def)             Requested size: 367.29364pt x 227.8646pt.

LaTeX Warning: `h' float specifier changed to `ht'.

<Images/FCDConvergence.png, id=1625, 3672.72125pt x 2278.5125pt>
File: Images/FCDConvergence.png Graphic file (type png)
<use Images/FCDConvergence.png>
Package pdftex.def Info: Images/FCDConvergence.png  used on input line 295.
(pdftex.def)             Requested size: 367.29364pt x 227.8646pt.

LaTeX Warning: `h' float specifier changed to `ht'.

<Images/FCNConvergence.png, id=1626, 3672.72125pt x 2278.5125pt>
File: Images/FCNConvergence.png Graphic file (type png)
<use Images/FCNConvergence.png>
Package pdftex.def Info: Images/FCNConvergence.png  used on input line 301.
(pdftex.def)             Requested size: 367.29364pt x 227.8646pt.

LaTeX Warning: `h' float specifier changed to `ht'.

) (ChapterNumericalExamplesOverdMultiShape.tex [103 <./Images/SCDkn1.png (PNG c
opy)> <./Images/SCDk1.png (PNG copy)>]
<Images/Dom1.png, id=1637, 632.3625pt x 474.27188pt>
File: Images/Dom1.png Graphic file (type png)
<use Images/Dom1.png>
Package pdftex.def Info: Images/Dom1.png  used on input line 18.
(pdftex.def)             Requested size: 379.42043pt x 284.56532pt.


LaTeX Warning: `h' float specifier changed to `ht'.

<Images/FW1n1.png, id=1642, 632.3625pt x 474.27188pt>
File: Images/FW1n1.png Graphic file (type png)
<use Images/FW1n1.png>
Package pdftex.def Info: Images/FW1n1.png  used on input line 25.
(pdftex.def)             Requested size: 379.42043pt x 284.56532pt.
<Images/Opt1n1.png, id=1643, 632.3625pt x 474.27188pt>
File: Images/Opt1n1.png Graphic file (type png)
<use Images/Opt1n1.png>
Package pdftex.def Info: Images/Opt1n1.png  used on input line 31.
(pdftex.def)             Requested size: 379.42043pt x 284.56532pt.

LaTeX Warning: `h' float specifier changed to `ht'.


LaTeX Warning: `h' float specifier changed to `ht'.

<Images/FW11.png, id=1644, 632.3625pt x 474.27188pt>
File: Images/FW11.png Graphic file (type png)
<use Images/FW11.png>
Package pdftex.def Info: Images/FW11.png  used on input line 38.
(pdftex.def)             Requested size: 379.42043pt x 284.56532pt.

LaTeX Warning: `h' float specifier changed to `ht'.

<Images/Opt11.png, id=1645, 632.3625pt x 474.27188pt>
File: Images/Opt11.png Graphic file (type png)
<use Images/Opt11.png>
Package pdftex.def Info: Images/Opt11.png  used on input line 44.
(pdftex.def)             Requested size: 379.42043pt x 284.56532pt.

LaTeX Warning: `h' float specifier changed to `ht'.

<Images/Dom2.png, id=1647, 632.3625pt x 474.27188pt>
File: Images/Dom2.png Graphic file (type png)
<use Images/Dom2.png>
Package pdftex.def Info: Images/Dom2.png  used on input line 58.
(pdftex.def)             Requested size: 379.42043pt x 284.56532pt.
[104 <./Images/SCDk0c.png (PNG copy)> <./Images/SCDkn1c.png (PNG copy)>]

LaTeX Warning: `h' float specifier changed to `ht'.

<Images/FW2n1.png, id=1663, 1445.4pt x 685.8122pt>
File: Images/FW2n1.png Graphic file (type png)
<use Images/FW2n1.png>
Package pdftex.def Info: Images/FW2n1.png  used on input line 67.
(pdftex.def)             Requested size: 433.62335pt x 205.74524pt.
<Images/Opt2n1.png, id=1664, 1445.4pt x 685.8122pt>
File: Images/Opt2n1.png Graphic file (type png)
<use Images/Opt2n1.png>
Package pdftex.def Info: Images/Opt2n1.png  used on input line 73.
(pdftex.def)             Requested size: 433.62335pt x 205.74524pt.

LaTeX Warning: `h' float specifier changed to `ht'.


LaTeX Warning: `h' float specifier changed to `ht'.

<Images/FW21.png, id=1665, 1445.4pt x 685.8122pt>
File: Images/FW21.png Graphic file (type png)
<use Images/FW21.png>
Package pdftex.def Info: Images/FW21.png  used on input line 80.
(pdftex.def)             Requested size: 433.62335pt x 205.74524pt.

LaTeX Warning: `h' float specifier changed to `ht'.

<Images/Opt21.png, id=1666, 1445.4pt x 685.8122pt>
File: Images/Opt21.png Graphic file (type png)
<use Images/Opt21.png>
Package pdftex.def Info: Images/Opt21.png  used on input line 86.
(pdftex.def)             Requested size: 433.62335pt x 205.74524pt.

LaTeX Warning: `h' float specifier changed to `ht'.

<Images/Dom3.png, id=1668, 632.3625pt x 474.27188pt>
File: Images/Dom3.png Graphic file (type png)
<use Images/Dom3.png>
Package pdftex.def Info: Images/Dom3.png  used on input line 107.
(pdftex.def)             Requested size: 252.94052pt x 189.70538pt.
<Images/Flow3.png, id=1669, 632.3625pt x 474.27188pt>
File: Images/Flow3.png Graphic file (type png)
<use Images/Flow3.png>
Package pdftex.def Info: Images/Flow3.png  used on input line 108.
(pdftex.def)             Requested size: 252.94052pt x 189.70538pt.

LaTeX Warning: `h' float specifier changed to `ht'.

<Images/FW3n1.png, id=1672, 1445.4pt x 685.8122pt>
File: Images/FW3n1.png Graphic file (type png)
<use Images/FW3n1.png>
Package pdftex.def Info: Images/FW3n1.png  used on input line 116.
(pdftex.def)             Requested size: 433.62335pt x 205.74524pt.
<Images/Opt3n1.png, id=1673, 1445.4pt x 685.8122pt>
File: Images/Opt3n1.png Graphic file (type png)
<use Images/Opt3n1.png>
Package pdftex.def Info: Images/Opt3n1.png  used on input line 122.
(pdftex.def)             Requested size: 433.62335pt x 205.74524pt.
[105 <./Images/SCDk1c.png (PNG copy)> <./Images/FCNk0.png (PNG copy)>]

LaTeX Warning: `h' float specifier changed to `ht'.


LaTeX Warning: `h' float specifier changed to `ht'.

<Images/FW31.png, id=1687, 1445.4pt x 685.8122pt>
File: Images/FW31.png Graphic file (type png)
<use Images/FW31.png>
Package pdftex.def Info: Images/FW31.png  used on input line 130.
(pdftex.def)             Requested size: 433.62335pt x 205.74524pt.
<Images/Opt31.png, id=1688, 1445.4pt x 685.8122pt>
File: Images/Opt31.png Graphic file (type png)
<use Images/Opt31.png>
Package pdftex.def Info: Images/Opt31.png  used on input line 136.
(pdftex.def)             Requested size: 433.62335pt x 205.74524pt.

LaTeX Warning: `h' float specifier changed to `ht'.


LaTeX Warning: `h' float specifier changed to `ht'.

) (ChapterSedimentationForwardModel.tex [106 <./Images/FCNkn1.png (PNG copy)> <
./Images/FCNk1.png (PNG copy)>] [107 <./Images/FCNk0c.png (PNG copy)> <./Images
/FCNkn1c.png (PNG copy)>] [108 <./Images/FCNk1c.png (PNG copy)>] [109 <./Images
/FCDk0.png (PNG copy)> <./Images/FCDkn1.png (PNG copy)>] [110 <./Images/FCDk1.p
ng (PNG copy)> <./Images/FCDk0c.png (PNG copy)>] [111 <./Images/FCDkn1c.png (PN
G copy)> <./Images/FCDk1c.png (PNG copy)>] [112 <./Images/Vext3D.png (PNG copy)
>]) [113 <./Images/rhok1.png (PNG copy)> <./Images/rhok0.png (PNG copy)>]
(ChapterSedimentationOptimalityConditions.tex [114 <./Images/rhokn1.png (PNG co
py)> <./Images/Controlk1.png (PNG copy)>] [115 <./Images/Controlk0.png (PNG cop
y)> <./Images/Controlkn1.png (PNG copy)>] [116 <./Images/SCNConvergence.png (PN
G copy)>] [117 <./Images/SCDConvergence.png (PNG copy)>]
Overfull \hbox (63.55605pt too wide) detected at line 73
[]
 []

[118 <./Images/FCDConvergence.png (PNG copy)>]
Overfull \hbox (63.55605pt too wide) detected at line 80
[]
 []


Overfull \hbox (61.2748pt too wide) detected at line 88
[]
 []

[119 <./Images/FCNConvergence.png (PNG copy)>]
Overfull \hbox (15.41628pt too wide) detected at line 94
[]
 []

[120 <./Images/Dom1.png (PNG copy)>]
Overfull \hbox (60.19765pt too wide) detected at line 101
[]
 []

[121 <./Images/FW1n1.png (PNG copy)>]
Overfull \hbox (59.96765pt too wide) detected at line 138
[]
 []

[122 <./Images/Opt1n1.png (PNG copy)>]
Overfull \hbox (22.8831pt too wide) detected at line 144
[]
 []

[123 <./Images/FW11.png (PNG copy)>]
Overfull \hbox (36.55768pt too wide) detected at line 163
[]
 []

[124 <./Images/Opt11.png (PNG copy)>] [125 <./Images/Dom2.png (PNG copy)>])
(ChapterSedimentationTimeIndependentControl.tex [126 <./Images/FW2n1.png (PNG c
opy)>]) [127 <./Images/Opt2n1.png (PNG copy)>] (ChapterSEDExamplesFW.tex
Underfull \hbox (badness 10000) in paragraph at lines 6--15

 []

[128 <./Images/FW21.png (PNG copy)>]
<Images/Plotrhobar0072.png, id=1864, 2168.1pt x 1227.83719pt>
File: Images/Plotrhobar0072.png Graphic file (type png)
<use Images/Plotrhobar0072.png>
Package pdftex.def Info: Images/Plotrhobar0072.png  used on input line 19.
(pdftex.def)             Requested size: 433.61232pt x 245.56308pt.


LaTeX Warning: `h' float specifier changed to `ht'.

<Images/Plotrhobar02.png, id=1865, 2168.1pt x 1227.83719pt>
File: Images/Plotrhobar02.png Graphic file (type png)
<use Images/Plotrhobar02.png>
Package pdftex.def Info: Images/Plotrhobar02.png  used on input line 25.
(pdftex.def)             Requested size: 433.61232pt x 245.56308pt.

LaTeX Warning: `h' float specifier changed to `ht'.

<Images/FW0072.png, id=1868, 1445.4pt x 685.8122pt>
File: Images/FW0072.png Graphic file (type png)
<use Images/FW0072.png>
Package pdftex.def Info: Images/FW0072.png  used on input line 37.
(pdftex.def)             Requested size: 289.07487pt x 137.16pt.

LaTeX Warning: `h' float specifier changed to `ht'.

<Images/FW02.png, id=1869, 1445.4pt x 685.8122pt>
File: Images/FW02.png Graphic file (type png)
<use Images/FW02.png>
Package pdftex.def Info: Images/FW02.png  used on input line 43.
(pdftex.def)             Requested size: 505.89758pt x 240.03786pt.

Overfull \hbox (52.92969pt too wide) in paragraph at lines 43--44
 [][] 
 []


LaTeX Warning: `h' float specifier changed to `ht'.

) (ChapterSEDExamplesOpt.tex
<Images/F11.png, id=1873, 1445.4pt x 685.8122pt>
File: Images/F11.png Graphic file (type png)
<use Images/F11.png>
Package pdftex.def Info: Images/F11.png  used on input line 10.
(pdftex.def)             Requested size: 505.89758pt x 240.03786pt.

Overfull \hbox (52.92969pt too wide) in paragraph at lines 10--11
 [][] 
 []

<Images/F21.png, id=1874, 1445.4pt x 685.8122pt>
File: Images/F21.png Graphic file (type png)
<use Images/F21.png>
Package pdftex.def Info: Images/F21.png  used on input line 16.
(pdftex.def)             Requested size: 505.89758pt x 240.03786pt.

Overfull \hbox (52.92969pt too wide) in paragraph at lines 16--17
 [][] 
 []

<Images/F31.png, id=1875, 1445.4pt x 685.8122pt>
File: Images/F31.png Graphic file (type png)
<use Images/F31.png>
Package pdftex.def Info: Images/F31.png  used on input line 22.
(pdftex.def)             Requested size: 505.89758pt x 240.03786pt.

Overfull \hbox (52.92969pt too wide) in paragraph at lines 22--23
 [][] 
 []

[129 <./Images/Opt21.png (PNG copy)>]

LaTeX Warning: `h' float specifier changed to `ht'.


LaTeX Warning: `h' float specifier changed to `ht'.


LaTeX Warning: `h' float specifier changed to `ht'.

<Images/C1.png, id=1885, 1445.4pt x 685.8122pt>
File: Images/C1.png Graphic file (type png)
<use Images/C1.png>
Package pdftex.def Info: Images/C1.png  used on input line 35.
(pdftex.def)             Requested size: 505.89758pt x 240.03786pt.

Overfull \hbox (52.92969pt too wide) in paragraph at lines 35--36
 [][] 
 []


LaTeX Warning: `h' float specifier changed to `ht'.

<Images/C2.png, id=1886, 1445.4pt x 685.8122pt>
File: Images/C2.png Graphic file (type png)
<use Images/C2.png>
Package pdftex.def Info: Images/C2.png  used on input line 41.
(pdftex.def)             Requested size: 505.89758pt x 240.03786pt.

Overfull \hbox (52.92969pt too wide) in paragraph at lines 41--42
 [][] 
 []


LaTeX Warning: `h' float specifier changed to `ht'.

<Images/C3.png, id=1887, 1445.4pt x 685.8122pt>
File: Images/C3.png Graphic file (type png)
<use Images/C3.png>
Package pdftex.def Info: Images/C3.png  used on input line 47.
(pdftex.def)             Requested size: 505.89758pt x 240.03786pt.

Overfull \hbox (52.92969pt too wide) in paragraph at lines 47--48
 [][] 
 []


LaTeX Warning: `h' float specifier changed to `ht'.

[130 <./Images/Dom3.png (PNG copy)> <./Images/Flow3.png (PNG copy)>]
<Images/V1.png, id=1899, 632.3625pt x 474.27188pt>
File: Images/V1.png Graphic file (type png)
<use Images/V1.png>
Package pdftex.def Info: Images/V1.png  used on input line 58.
(pdftex.def)             Requested size: 221.33018pt x 165.99763pt.
<Images/W1.png, id=1900, 632.3625pt x 474.27188pt>
File: Images/W1.png Graphic file (type png)
<use Images/W1.png>
Package pdftex.def Info: Images/W1.png  used on input line 59.
(pdftex.def)             Requested size: 221.33018pt x 165.99763pt.


LaTeX Warning: `h' float specifier changed to `ht'.

<Images/MultiOpt1a.png, id=1903, 1445.4pt x 685.8122pt>
File: Images/MultiOpt1a.png Graphic file (type png)
<use Images/MultiOpt1a.png>
Package pdftex.def Info: Images/MultiOpt1a.png  used on input line 72.
(pdftex.def)             Requested size: 505.89758pt x 240.03786pt.

Overfull \hbox (52.92969pt too wide) in paragraph at lines 72--73
 [][] 
 []

<Images/MultiCont1a.png, id=1904, 1445.4pt x 685.8122pt>
File: Images/MultiCont1a.png Graphic file (type png)
<use Images/MultiCont1a.png>
Package pdftex.def Info: Images/MultiCont1a.png  used on input line 78.
(pdftex.def)             Requested size: 505.89758pt x 240.03786pt.

Overfull \hbox (52.92969pt too wide) in paragraph at lines 78--79
 [][] 
 []

<Images/MultiOpt2.png, id=1907, 1445.4pt x 685.8122pt>
File: Images/MultiOpt2.png Graphic file (type png)
<use Images/MultiOpt2.png>
Package pdftex.def Info: Images/MultiOpt2.png  used on input line 87.
(pdftex.def)             Requested size: 505.89758pt x 240.03786pt.

Overfull \hbox (52.92969pt too wide) in paragraph at lines 87--88
 [][] 
 []

<Images/MultiCont2.png, id=1908, 1445.4pt x 685.8122pt>
File: Images/MultiCont2.png Graphic file (type png)
<use Images/MultiCont2.png>
Package pdftex.def Info: Images/MultiCont2.png  used on input line 93.
(pdftex.def)             Requested size: 505.89758pt x 240.03786pt.

Overfull \hbox (52.92969pt too wide) in paragraph at lines 93--94
 [][] 
 []

<Images/MultiwFW.png, id=1912, 1445.4pt x 685.8122pt>
File: Images/MultiwFW.png Graphic file (type png)
<use Images/MultiwFW.png>
Package pdftex.def Info: Images/MultiwFW.png  used on input line 104.
(pdftex.def)             Requested size: 505.89758pt x 240.03786pt.

Overfull \hbox (52.92969pt too wide) in paragraph at lines 104--105
 [][] 
 []

<Images/MultiOpt3.png, id=1913, 1445.4pt x 685.8122pt>
File: Images/MultiOpt3.png Graphic file (type png)
<use Images/MultiOpt3.png>
Package pdftex.def Info: Images/MultiOpt3.png  used on input line 110.
(pdftex.def)             Requested size: 505.89758pt x 240.03786pt.

Overfull \hbox (52.92969pt too wide) in paragraph at lines 110--111
 [][] 
 []

<Images/MultiCont3.png, id=1914, 1445.4pt x 685.8122pt>
File: Images/MultiCont3.png Graphic file (type png)
<use Images/MultiCont3.png>
Package pdftex.def Info: Images/MultiCont3.png  used on input line 116.
(pdftex.def)             Requested size: 505.89758pt x 240.03786pt.

Overfull \hbox (52.92969pt too wide) in paragraph at lines 116--117
 [][] 
 []


Underfull \hbox (badness 10000) in paragraph at lines 69--120

 []


Underfull \hbox (badness 10000) in paragraph at lines 69--120

 []


Overfull \hbox (38.28159pt too wide) in paragraph at lines 69--120
\OT1/cmr/m/n/10.95 +++++++++++ I think this is time in-de-pen-dent!! ++++++++++
++++++++++++++++++
 []


LaTeX Warning: `h' float specifier changed to `ht'.


LaTeX Warning: `h' float specifier changed to `ht'.


LaTeX Warning: `h' float specifier changed to `ht'.


LaTeX Warning: `h' float specifier changed to `ht'.

[131 <./Images/FW3n1.png (PNG copy)>]

LaTeX Warning: `h' float specifier changed to `ht'.


LaTeX Warning: `h' float specifier changed to `ht'.


LaTeX Warning: `h' float specifier changed to `ht'.

<Images/MultiOpt1.png, id=1926, 1445.4pt x 685.8122pt>
File: Images/MultiOpt1.png Graphic file (type png)
<use Images/MultiOpt1.png>
Package pdftex.def Info: Images/MultiOpt1.png  used on input line 128.
(pdftex.def)             Requested size: 505.89758pt x 240.03786pt.

Overfull \hbox (52.92969pt too wide) in paragraph at lines 128--129
 [][] 
 []


LaTeX Warning: `h' float specifier changed to `ht'.

<Images/MultiCont1.png, id=1927, 1445.4pt x 685.8122pt>
File: Images/MultiCont1.png Graphic file (type png)
<use Images/MultiCont1.png>
Package pdftex.def Info: Images/MultiCont1.png  used on input line 134.
(pdftex.def)             Requested size: 505.89758pt x 240.03786pt.

Overfull \hbox (52.92969pt too wide) in paragraph at lines 134--135
 [][] 
 []


LaTeX Warning: `h' float specifier changed to `ht'.

) [132 <./Images/Opt3n1.png (PNG copy)>]
(ChapterInertialEquationsForwardProb.tex [133 <./Images/FW31.png (PNG copy)>]
[134 <./Images/Opt31.png (PNG copy)>] [135 <./Images/Plotrhobar0072.png (PNG co
py)>]) (IntertialEquationsOCPDerivation.tex [136 <./Images/Plotrhobar02.png (PN
G copy)>] [137 <./Images/FW0072.png (PNG copy)>] [138 <./Images/FW02.png (PNG c
opy)>] [139 <./Images/F11.png (PNG copy)>] [140 <./Images/F21.png (PNG copy)>]
[141 <./Images/F31.png (PNG copy)>] [142 <./Images/C1.png (PNG copy)>] [143 <./
Images/C2.png (PNG copy)>] [144 <./Images/C3.png (PNG copy)>] [145 <./Images/V1
.png (PNG copy)> <./Images/W1.png (PNG copy)>] [146 <./Images/MultiOpt1a.png (P
NG copy)>]

LaTeX Warning: Reference `sec:NumericalMethods' on page 147 undefined on input 
line 253.

) [147 <./Images/MultiCont1a.png (PNG copy)>] (ChapterInertialNumericalEx1D.tex
[148 <./Images/MultiOpt2.png (PNG copy)>]
<Images/Example1IN.png, id=2030, 8945.42pt x 5545.71875pt>
File: Images/Example1IN.png Graphic file (type png)
<use Images/Example1IN.png>
Package pdftex.def Info: Images/Example1IN.png  used on input line 17.
(pdftex.def)             Requested size: 357.75586pt x 221.79097pt.
<Images/Example111.png, id=2033, 8945.42pt x 5545.71875pt>
File: Images/Example111.png Graphic file (type png)
<use Images/Example111.png>
Package pdftex.def Info: Images/Example111.png  used on input line 25.
(pdftex.def)             Requested size: 357.75586pt x 221.79097pt.
<Images/Example11n1.png, id=2034, 8945.42pt x 5545.71875pt>
File: Images/Example11n1.png Graphic file (type png)
<use Images/Example11n1.png>
Package pdftex.def Info: Images/Example11n1.png  used on input line 31.
(pdftex.def)             Requested size: 357.75586pt x 221.79097pt.
<Images/Example1a.png, id=2036, 8945.42pt x 5545.71875pt>
File: Images/Example1a.png Graphic file (type png)
<use Images/Example1a.png>
Package pdftex.def Info: Images/Example1a.png  used on input line 39.
(pdftex.def)             Requested size: 357.75586pt x 221.79097pt.
<Images/Example1b.png, id=2038, 8945.42pt x 5545.71875pt>
File: Images/Example1b.png Graphic file (type png)
<use Images/Example1b.png>
Package pdftex.def Info: Images/Example1b.png  used on input line 46.
(pdftex.def)             Requested size: 357.75586pt x 221.79097pt.


LaTeX Warning: `h' float specifier changed to `ht'.


LaTeX Warning: `h' float specifier changed to `ht'.


LaTeX Warning: `h' float specifier changed to `ht'.


LaTeX Warning: `h' float specifier changed to `ht'.


LaTeX Warning: `h' float specifier changed to `ht'.

[149 <./Images/MultiCont2.png (PNG copy)>] [150 <./Images/MultiwFW.png (PNG cop
y)>]
<Images/Example2a.png, id=2053, 9005.645pt x 5545.71875pt>
File: Images/Example2a.png Graphic file (type png)
<use Images/Example2a.png>
Package pdftex.def Info: Images/Example2a.png  used on input line 69.
(pdftex.def)             Requested size: 360.16446pt x 221.79097pt.


LaTeX Warning: `h' float specifier changed to `ht'.

<Images/Example211.png, id=2054, 9005.645pt x 5545.71875pt>
File: Images/Example211.png Graphic file (type png)
<use Images/Example211.png>
Package pdftex.def Info: Images/Example211.png  used on input line 75.
(pdftex.def)             Requested size: 360.16446pt x 221.79097pt.

LaTeX Warning: `h' float specifier changed to `ht'.

<Images/Example21n1.png, id=2055, 9005.645pt x 5545.71875pt>
File: Images/Example21n1.png Graphic file (type png)
<use Images/Example21n1.png>
Package pdftex.def Info: Images/Example21n1.png  used on input line 81.
(pdftex.def)             Requested size: 360.16446pt x 221.79097pt.

LaTeX Warning: `h' float specifier changed to `ht'.

<Images/Example2b.png, id=2056, 9005.645pt x 5545.71875pt>
File: Images/Example2b.png Graphic file (type png)
<use Images/Example2b.png>
Package pdftex.def Info: Images/Example2b.png  used on input line 88.
(pdftex.def)             Requested size: 360.16446pt x 221.79097pt.

LaTeX Warning: `h' float specifier changed to `ht'.

<Images/Example3b.png, id=2059, 9005.645pt x 5545.71875pt>
File: Images/Example3b.png Graphic file (type png)
<use Images/Example3b.png>
Package pdftex.def Info: Images/Example3b.png  used on input line 105.
(pdftex.def)             Requested size: 360.16446pt x 221.79097pt.

LaTeX Warning: `h' float specifier changed to `ht'.

<Images/Example3a.png, id=2060, 9005.645pt x 5545.71875pt>
File: Images/Example3a.png Graphic file (type png)
<use Images/Example3a.png>
Package pdftex.def Info: Images/Example3a.png  used on input line 112.
(pdftex.def)             Requested size: 360.16446pt x 221.79097pt.

LaTeX Warning: `h' float specifier changed to `ht'.

) [151 <./Images/MultiOpt3.png (PNG copy)>] (ChapterMultipleSpecies.tex
[152 <./Images/MultiCont3.png (PNG copy)>]
Overfull \hbox (38.87569pt too wide) detected at line 34
[]
 []

[153 <./Images/MultiOpt1.png (PNG copy)>]
Overfull \hbox (25.55939pt too wide) detected at line 46
[]
 []

[154 <./Images/MultiCont1.png (PNG copy)>]
Overfull \hbox (62.57375pt too wide) detected at line 64
[]
 []

[155 <./Images/Example1IN.png (PNG copy)>]
Overfull \vbox (87.25427pt too high) has occurred while \output is active []


[156 <./Images/Example111.png (PNG copy)>] [157 <./Images/Example11n1.png (PNG 
copy)>]
Overfull \hbox (59.90517pt too wide) detected at line 112
[]
 []

[158 <./Images/Example1a.png (PNG copy)>] [159 <./Images/Example1b.png (PNG cop
y)>]) (ChapterAvgAD3Dto2D.tex [160 <./Images/Example2a.png (PNG copy)>]
[161 <./Images/Example211.png (PNG copy)>] [162 <./Images/Example21n1.png (PNG 
copy)>] [163 <./Images/Example2b.png (PNG copy)>] [164 <./Images/Example3b.png 
(PNG copy)>])
Underfull \hbox (badness 10000) in paragraph at lines 64--390

 []

[165 <./Images/Example3a.png (PNG copy)>] (ThesisCurrent.bbl [166] [167]
[168] [169] [170])

Package natbib Warning: There were undefined citations.


Package caption Warning: Unused \captionsetup[sub] on input line 25.
See the caption package documentation for explanation.

Package atveryend Info: Empty hook `BeforeClearDocument' on input line 397.
[171]
Package atveryend Info: Empty hook `AfterLastShipout' on input line 397.
 (ThesisCurrent.aux)
Package atveryend Info: Executing hook `AtVeryEndDocument' on input line 397.
Package atveryend Info: Executing hook `AtEndAfterFileList' on input line 397.


Package rerunfilecheck Warning: File `ThesisCurrent.out' has changed.
(rerunfilecheck)                Rerun to get outlines right
(rerunfilecheck)                or use package `bookmark'.

Package rerunfilecheck Info: Checksums for `ThesisCurrent.out':
(rerunfilecheck)             Before: 9B55007342FDF45F5B7CAD0A5194E0C3;8908
(rerunfilecheck)             After:  BD07B34A3063E966E37B8CCD4F86210A;8908.

LaTeX Font Warning: Some font shapes were not available, defaults substituted.


LaTeX Warning: There were undefined references.


LaTeX Warning: There were multiply-defined labels.

Package atveryend Info: Empty hook `AtVeryVeryEnd' on input line 397.
 ) 
Here is how much of TeX's memory you used:
 13230 strings out of 492946
 207257 string characters out of 3124935
 375804 words of memory out of 3000000
 16087 multiletter control sequences out of 15000+200000
 17587 words of font info for 67 fonts, out of 3000000 for 9000
 1141 hyphenation exceptions out of 8191
 42i,32n,56p,1222b,703s stack positions out of 5000i,500n,10000p,200000b,50000s
pdfTeX warning (dest): name{table.caption.35} has been referenced but does no
t exist, replaced by a fixed one

pdfTeX warning (dest): name{table.caption.34} has been referenced but does not 
exist, replaced by a fixed one

pdfTeX warning (dest): name{table.caption.32} has been referenced but does not 
exist, replaced by a fixed one

pdfTeX warning (dest): name{table.caption.29} has been referenced but does not 
exist, replaced by a fixed one

pdfTeX warning (dest): name{table.caption.28} has been referenced but does not 
exist, replaced by a fixed one

pdfTeX warning (dest): name{figure.caption.54} has been referenced but does not
 exist, replaced by a fixed one

pdfTeX warning (dest): name{figure.caption.53} has been referenced but does not
 exist, replaced by a fixed one

pdfTeX warning (dest): name{figure.caption.52} has been referenced but does not
 exist, replaced by a fixed one

pdfTeX warning (dest): name{figure.caption.51} has been referenced but does not
 exist, replaced by a fixed one

pdfTeX warning (dest): name{table.caption.49} has been referenced but does not 
exist, replaced by a fixed one

pdfTeX warning (dest): name{table.caption.48} has been referenced but does not 
exist, replaced by a fixed one

pdfTeX warning (dest): name{table.caption.42} has been referenced but does not 
exist, replaced by a fixed one

pdfTeX warning (dest): name{table.caption.41} has been referenced but does not 
exist, replaced by a fixed one

pdfTeX warning (dest): name{subsubsection.2.5.2} has been referenced but does n
ot exist, replaced by a fixed one

 <C:\Users\s1452504\AppData\Local\MiKTeX\2.9\fonts/pk/ljfour/public/bbm/dpi657\
bbm10.pk><C:/Users/s1452504/AppData/Local/Programs/MiKTeX 2.9/fonts/type1/publi
c/amsfonts/cmextra/cmbsy8.pfb><C:/Users/s1452504/AppData/Local/Programs/MiKTeX 
2.9/fonts/type1/public/amsfonts/cm/cmbx10.pfb><C:/Users/s1452504/AppData/Local/
Programs/MiKTeX 2.9/fonts/type1/public/amsfonts/cm/cmbx12.pfb><C:/Users/s145250
4/AppData/Local/Programs/MiKTeX 2.9/fonts/type1/public/amsfonts/cm/cmbx8.pfb><C
:/Users/s1452504/AppData/Local/Programs/MiKTeX 2.9/fonts/type1/public/amsfonts/
cm/cmcsc10.pfb><C:/Users/s1452504/AppData/Local/Programs/MiKTeX 2.9/fonts/type1
/public/amsfonts/cm/cmex10.pfb><C:/Users/s1452504/AppData/Local/Programs/MiKTeX
 2.9/fonts/type1/public/amsfonts/cmextra/cmex8.pfb><C:/Users/s1452504/AppData/L
ocal/Programs/MiKTeX 2.9/fonts/type1/public/amsfonts/cm/cmmi10.pfb><C:/Users/s1
452504/AppData/Local/Programs/MiKTeX 2.9/fonts/type1/public/amsfonts/cm/cmmi12.
pfb><C:/Users/s1452504/AppData/Local/Programs/MiKTeX 2.9/fonts/type1/public/ams
fonts/cm/cmmi6.pfb><C:/Users/s1452504/AppData/Local/Programs/MiKTeX 2.9/fonts/t
ype1/public/amsfonts/cm/cmmi8.pfb><C:/Users/s1452504/AppData/Local/Programs/MiK
TeX 2.9/fonts/type1/public/amsfonts/cm/cmmib10.pfb><C:/Users/s1452504/AppData/L
ocal/Programs/MiKTeX 2.9/fonts/type1/public/amsfonts/cmextra/cmmib8.pfb><C:/Use
rs/s1452504/AppData/Local/Programs/MiKTeX 2.9/fonts/type1/public/amsfonts/cm/cm
r10.pfb><C:/Users/s1452504/AppData/Local/Programs/MiKTeX 2.9/fonts/type1/public
/amsfonts/cm/cmr12.pfb><C:/Users/s1452504/AppData/Local/Programs/MiKTeX 2.9/fon
ts/type1/public/amsfonts/cm/cmr17.pfb><C:/Users/s1452504/AppData/Local/Programs
/MiKTeX 2.9/fonts/type1/public/amsfonts/cm/cmr6.pfb><C:/Users/s1452504/AppData/
Local/Programs/MiKTeX 2.9/fonts/type1/public/amsfonts/cm/cmr8.pfb><C:/Users/s14
52504/AppData/Local/Programs/MiKTeX 2.9/fonts/type1/public/amsfonts/cm/cmsy10.p
fb><C:/Users/s1452504/AppData/Local/Programs/MiKTeX 2.9/fonts/type1/public/amsf
onts/cm/cmsy6.pfb><C:/Users/s1452504/AppData/Local/Programs/MiKTeX 2.9/fonts/ty
pe1/public/amsfonts/cm/cmsy8.pfb><C:/Users/s1452504/AppData/Local/Programs/MiKT
eX 2.9/fonts/type1/public/amsfonts/cm/cmti10.pfb><C:/Users/s1452504/AppData/Loc
al/Programs/MiKTeX 2.9/fonts/type1/public/amsfonts/cm/cmti8.pfb><C:/Users/s1452
504/AppData/Local/Programs/MiKTeX 2.9/fonts/type1/public/amsfonts/cm/cmtt10.pfb
><C:/Users/s1452504/AppData/Local/Programs/MiKTeX 2.9/fonts/type1/public/amsfon
ts/cm/cmtt12.pfb><C:/Users/s1452504/AppData/Local/Programs/MiKTeX 2.9/fonts/typ
e1/public/amsfonts/symbols/msbm10.pfb>
Output written on ThesisCurrent.pdf (176 pages, 39436834 bytes).
PDF statistics:
 2369 PDF objects out of 2487 (max. 8388607)
 619 named destinations out of 1000 (max. 500000)
 1321 words of extra memory for PDF output out of 10000 (max. 10000000)

