This is pdfTeX, Version 3.14159265-2.6-1.40.20 (MiKTeX 2.9.6960 64-bit) (preloaded format=pdflatex 2019.3.1)  8 AUG 2020 21:32
entering extended mode
**./ThesisEndOfYear1.tex
(ThesisEndOfYear1.tex
LaTeX2e <2018-12-01>

("C:\Users\s1452504\AppData\Local\Programs\MiKTeX 2.9\tex/latex/base\article.cl
s"
Document Class: article 2018/09/03 v1.4i Standard LaTeX document class
("C:\Users\s1452504\AppData\Local\Programs\MiKTeX 2.9\tex/latex/base\size11.clo
"
File: size11.clo 2018/09/03 v1.4i Standard LaTeX file (size option)
)
\c@part=\count80
\c@section=\count81
\c@subsection=\count82
\c@subsubsection=\count83
\c@paragraph=\count84
\c@subparagraph=\count85
\c@figure=\count86
\c@table=\count87
\abovecaptionskip=\skip41
\belowcaptionskip=\skip42
\bibindent=\dimen102
)
("C:\Users\s1452504\AppData\Local\Programs\MiKTeX 2.9\tex/latex/natbib\natbib.s
ty"
Package: natbib 2010/09/13 8.31b (PWD, AO)
\bibhang=\skip43
\bibsep=\skip44
LaTeX Info: Redefining \cite on input line 694.
\c@NAT@ctr=\count88
)
("C:\Users\s1452504\AppData\Local\Programs\MiKTeX 2.9\tex/latex/fancyhdr\fancyh
dr.sty"
Package: fancyhdr 2017/06/30 v3.9a Extensive control of page headers and footer
s
\f@nch@headwidth=\skip45
\f@nch@O@elh=\skip46
\f@nch@O@erh=\skip47
\f@nch@O@olh=\skip48
\f@nch@O@orh=\skip49
\f@nch@O@elf=\skip50
\f@nch@O@erf=\skip51
\f@nch@O@olf=\skip52
\f@nch@O@orf=\skip53
)
("C:\Users\s1452504\AppData\Local\Programs\MiKTeX 2.9\tex/latex/caption\subcapt
ion.sty"
Package: subcaption 2018/05/01 v1.1-162 Sub-captions (AR)

("C:\Users\s1452504\AppData\Local\Programs\MiKTeX 2.9\tex/latex/caption\caption
.sty"
Package: caption 2018/10/06 v3.3-154 Customizing captions (AR)

("C:\Users\s1452504\AppData\Local\Programs\MiKTeX 2.9\tex/latex/caption\caption
3.sty"
Package: caption3 2018/09/12 v1.8c caption3 kernel (AR)
Package caption3 Info: TeX engine: e-TeX on input line 64.

("C:\Users\s1452504\AppData\Local\Programs\MiKTeX 2.9\tex/latex/graphics\keyval
.sty"
Package: keyval 2014/10/28 v1.15 key=value parser (DPC)
\KV@toks@=\toks14
)
\captionmargin=\dimen103
\captionmargin@=\dimen104
\captionwidth=\dimen105
\caption@tempdima=\dimen106
\caption@indent=\dimen107
\caption@parindent=\dimen108
\caption@hangindent=\dimen109
)
\c@caption@flags=\count89
\c@ContinuedFloat=\count90
)
\c@subfigure=\count91
\c@subtable=\count92
)
("C:\Users\s1452504\AppData\Local\Programs\MiKTeX 2.9\tex/latex/graphics\graphi
cx.sty"
Package: graphicx 2017/06/01 v1.1a Enhanced LaTeX Graphics (DPC,SPQR)

("C:\Users\s1452504\AppData\Local\Programs\MiKTeX 2.9\tex/latex/graphics\graphi
cs.sty"
Package: graphics 2017/06/25 v1.2c Standard LaTeX Graphics (DPC,SPQR)

("C:\Users\s1452504\AppData\Local\Programs\MiKTeX 2.9\tex/latex/graphics\trig.s
ty"
Package: trig 2016/01/03 v1.10 sin cos tan (DPC)
)
("C:\Users\s1452504\AppData\Local\Programs\MiKTeX 2.9\tex/latex/graphics-cfg\gr
aphics.cfg"
File: graphics.cfg 2016/06/04 v1.11 sample graphics configuration
)
Package graphics Info: Driver file: pdftex.def on input line 99.

("C:\Users\s1452504\AppData\Local\Programs\MiKTeX 2.9\tex/latex/graphics-def\pd
ftex.def"
File: pdftex.def 2018/01/08 v1.0l Graphics/color driver for pdftex
))
\Gin@req@height=\dimen110
\Gin@req@width=\dimen111
)
("C:\Users\s1452504\AppData\Local\Programs\MiKTeX 2.9\tex/latex/hyperref\hyperr
ef.sty"
Package: hyperref 2018/11/30 v6.88e Hypertext links for LaTeX

("C:\Users\s1452504\AppData\Local\Programs\MiKTeX 2.9\tex/generic/oberdiek\hobs
ub-hyperref.sty"
Package: hobsub-hyperref 2016/05/16 v1.14 Bundle oberdiek, subset hyperref (HO)


("C:\Users\s1452504\AppData\Local\Programs\MiKTeX 2.9\tex/generic/oberdiek\hobs
ub-generic.sty"
Package: hobsub-generic 2016/05/16 v1.14 Bundle oberdiek, subset generic (HO)
Package: hobsub 2016/05/16 v1.14 Construct package bundles (HO)
Package: infwarerr 2016/05/16 v1.4 Providing info/warning/error messages (HO)
Package: ltxcmds 2016/05/16 v1.23 LaTeX kernel commands for general use (HO)
Package: ifluatex 2016/05/16 v1.4 Provides the ifluatex switch (HO)
Package ifluatex Info: LuaTeX not detected.
Package: ifvtex 2016/05/16 v1.6 Detect VTeX and its facilities (HO)
Package ifvtex Info: VTeX not detected.
Package: intcalc 2016/05/16 v1.2 Expandable calculations with integers (HO)
Package: ifpdf 2018/09/07 v3.3 Provides the ifpdf switch
Package: etexcmds 2016/05/16 v1.6 Avoid name clashes with e-TeX commands (HO)
Package: kvsetkeys 2016/05/16 v1.17 Key value parser (HO)
Package: kvdefinekeys 2016/05/16 v1.4 Define keys (HO)
Package: pdftexcmds 2018/09/10 v0.29 Utility functions of pdfTeX for LuaTeX (HO
)
Package pdftexcmds Info: LuaTeX not detected.
Package pdftexcmds Info: \pdf@primitive is available.
Package pdftexcmds Info: \pdf@ifprimitive is available.
Package pdftexcmds Info: \pdfdraftmode found.
Package: pdfescape 2016/05/16 v1.14 Implements pdfTeX's escape features (HO)
Package: bigintcalc 2016/05/16 v1.4 Expandable calculations on big integers (HO
)
Package: bitset 2016/05/16 v1.2 Handle bit-vector datatype (HO)
Package: uniquecounter 2016/05/16 v1.3 Provide unlimited unique counter (HO)
)
Package hobsub Info: Skipping package `hobsub' (already loaded).
Package: letltxmacro 2016/05/16 v1.5 Let assignment for LaTeX macros (HO)
Package: hopatch 2016/05/16 v1.3 Wrapper for package hooks (HO)
Package: xcolor-patch 2016/05/16 xcolor patch
Package: atveryend 2016/05/16 v1.9 Hooks at the very end of document (HO)
Package atveryend Info: \enddocument detected (standard20110627).
Package: atbegshi 2016/06/09 v1.18 At begin shipout hook (HO)
Package: refcount 2016/05/16 v3.5 Data extraction from label references (HO)
Package: hycolor 2016/05/16 v1.8 Color options for hyperref/bookmark (HO)
)
("C:\Users\s1452504\AppData\Local\Programs\MiKTeX 2.9\tex/generic/ifxetex\ifxet
ex.sty"
Package: ifxetex 2010/09/12 v0.6 Provides ifxetex conditional
)
("C:\Users\s1452504\AppData\Local\Programs\MiKTeX 2.9\tex/latex/oberdiek\auxhoo
k.sty"
Package: auxhook 2016/05/16 v1.4 Hooks for auxiliary files (HO)
)
("C:\Users\s1452504\AppData\Local\Programs\MiKTeX 2.9\tex/latex/oberdiek\kvopti
ons.sty"
Package: kvoptions 2016/05/16 v3.12 Key value format for package options (HO)
)
\@linkdim=\dimen112
\Hy@linkcounter=\count93
\Hy@pagecounter=\count94

("C:\Users\s1452504\AppData\Local\Programs\MiKTeX 2.9\tex/latex/hyperref\pd1enc
.def"
File: pd1enc.def 2018/11/30 v6.88e Hyperref: PDFDocEncoding definition (HO)
Now handling font encoding PD1 ...
... no UTF-8 mapping file for font encoding PD1
)
\Hy@SavedSpaceFactor=\count95

("C:\Users\s1452504\AppData\Local\Programs\MiKTeX 2.9\tex/latex/00miktex\hyperr
ef.cfg"
File: hyperref.cfg 2002/06/06 v1.2 hyperref configuration of TeXLive
)
Package hyperref Info: Hyper figures OFF on input line 4519.
Package hyperref Info: Link nesting OFF on input line 4524.
Package hyperref Info: Hyper index ON on input line 4527.
Package hyperref Info: Plain pages OFF on input line 4534.
Package hyperref Info: Backreferencing OFF on input line 4539.
Package hyperref Info: Implicit mode ON; LaTeX internals redefined.
Package hyperref Info: Bookmarks ON on input line 4772.
\c@Hy@tempcnt=\count96

("C:\Users\s1452504\AppData\Local\Programs\MiKTeX 2.9\tex/latex/url\url.sty"
\Urlmuskip=\muskip10
Package: url 2013/09/16  ver 3.4  Verb mode for urls, etc.
)
LaTeX Info: Redefining \url on input line 5125.
\XeTeXLinkMargin=\dimen113
\Fld@menulength=\count97
\Field@Width=\dimen114
\Fld@charsize=\dimen115
Package hyperref Info: Hyper figures OFF on input line 6380.
Package hyperref Info: Link nesting OFF on input line 6385.
Package hyperref Info: Hyper index ON on input line 6388.
Package hyperref Info: backreferencing OFF on input line 6395.
Package hyperref Info: Link coloring OFF on input line 6400.
Package hyperref Info: Link coloring with OCG OFF on input line 6405.
Package hyperref Info: PDF/A mode OFF on input line 6410.
LaTeX Info: Redefining \ref on input line 6450.
LaTeX Info: Redefining \pageref on input line 6454.
\Hy@abspage=\count98
\c@Item=\count99
\c@Hfootnote=\count100
)
Package hyperref Info: Driver (autodetected): hpdftex.

("C:\Users\s1452504\AppData\Local\Programs\MiKTeX 2.9\tex/latex/hyperref\hpdfte
x.def"
File: hpdftex.def 2018/11/30 v6.88e Hyperref driver for pdfTeX
\Fld@listcount=\count101
\c@bookmark@seq@number=\count102

("C:\Users\s1452504\AppData\Local\Programs\MiKTeX 2.9\tex/latex/oberdiek\rerunf
ilecheck.sty"
Package: rerunfilecheck 2016/05/16 v1.8 Rerun checks for auxiliary files (HO)
Package uniquecounter Info: New unique counter `rerunfilecheck' on input line 2
82.
)
\Hy@SectionHShift=\skip54
)
("C:\Users\s1452504\AppData\Local\Programs\MiKTeX 2.9\tex/latex/amsmath\amsmath
.sty"
Package: amsmath 2018/12/01 v2.17b AMS math features
\@mathmargin=\skip55

For additional information on amsmath, use the `?' option.

("C:\Users\s1452504\AppData\Local\Programs\MiKTeX 2.9\tex/latex/amsmath\amstext
.sty"
Package: amstext 2000/06/29 v2.01 AMS text

("C:\Users\s1452504\AppData\Local\Programs\MiKTeX 2.9\tex/latex/amsmath\amsgen.
sty"
File: amsgen.sty 1999/11/30 v2.0 generic functions
\@emptytoks=\toks15
\ex@=\dimen116
))
("C:\Users\s1452504\AppData\Local\Programs\MiKTeX 2.9\tex/latex/amsmath\amsbsy.
sty"
Package: amsbsy 1999/11/29 v1.2d Bold Symbols
\pmbraise@=\dimen117
)
("C:\Users\s1452504\AppData\Local\Programs\MiKTeX 2.9\tex/latex/amsmath\amsopn.
sty"
Package: amsopn 2016/03/08 v2.02 operator names
)
\inf@bad=\count103
LaTeX Info: Redefining \frac on input line 223.
\uproot@=\count104
\leftroot@=\count105
LaTeX Info: Redefining \overline on input line 385.
\classnum@=\count106
\DOTSCASE@=\count107
LaTeX Info: Redefining \ldots on input line 482.
LaTeX Info: Redefining \dots on input line 485.
LaTeX Info: Redefining \cdots on input line 606.
\Mathstrutbox@=\box27
\strutbox@=\box28
\big@size=\dimen118
LaTeX Font Info:    Redeclaring font encoding OML on input line 729.
LaTeX Font Info:    Redeclaring font encoding OMS on input line 730.
\macc@depth=\count108
\c@MaxMatrixCols=\count109
\dotsspace@=\muskip11
\c@parentequation=\count110
\dspbrk@lvl=\count111
\tag@help=\toks16
\row@=\count112
\column@=\count113
\maxfields@=\count114
\andhelp@=\toks17
\eqnshift@=\dimen119
\alignsep@=\dimen120
\tagshift@=\dimen121
\tagwidth@=\dimen122
\totwidth@=\dimen123
\lineht@=\dimen124
\@envbody=\toks18
\multlinegap=\skip56
\multlinetaggap=\skip57
\mathdisplay@stack=\toks19
LaTeX Info: Redefining \[ on input line 2844.
LaTeX Info: Redefining \] on input line 2845.
)
("C:\Users\s1452504\AppData\Local\Programs\MiKTeX 2.9\tex/latex/amsfonts\amsfon
ts.sty"
Package: amsfonts 2013/01/14 v3.01 Basic AMSFonts support
\symAMSa=\mathgroup4
\symAMSb=\mathgroup5
LaTeX Font Info:    Overwriting math alphabet `\mathfrak' in version `bold'
(Font)                  U/euf/m/n --> U/euf/b/n on input line 106.
)
("C:\Users\s1452504\AppData\Local\Programs\MiKTeX 2.9\tex/latex/amsfonts\amssym
b.sty"
Package: amssymb 2013/01/14 v3.01 AMS font symbols
)
("C:\Users\s1452504\AppData\Local\Programs\MiKTeX 2.9\tex/latex/amscls\amsthm.s
ty"
Package: amsthm 2017/10/31 v2.20.4
\thm@style=\toks20
\thm@bodyfont=\toks21
\thm@headfont=\toks22
\thm@notefont=\toks23
\thm@headpunct=\toks24
\thm@preskip=\skip58
\thm@postskip=\skip59
\thm@headsep=\skip60
\dth@everypar=\toks25
)
("C:\Users\s1452504\AppData\Local\Programs\MiKTeX 2.9\tex/latex/numprint\numpri
nt.sty"
Package: numprint 2012/08/20 v1.39 Print numbers (HH)

("C:\Users\s1452504\AppData\Local\Programs\MiKTeX 2.9\tex/latex/tools\array.sty
"
Package: array 2018/11/13 v2.4j Tabular extension package (FMi)
\col@sep=\dimen125
\ar@mcellbox=\box29
\extrarowheight=\dimen126
\NC@list=\toks26
\extratabsurround=\skip61
\backup@length=\skip62
\ar@cellbox=\box30
)
\c@nprt@mantissa@digitsbefore=\count115
\c@nprt@mantissa@digitsafter=\count116
\c@nprt@exponent@digitsbefore=\count117
\c@nprt@exponent@digitsafter=\count118
\nprt@digitwidth=\skip63
\nprt@sepwidth=\skip64
\nprt@decimalwidth=\skip65
\nprt@blockwidth=\skip66
\nprt@digittoks=\toks27
\nprt@pretoks=\toks28
\nprt@posttoks=\toks29
\nprt@thisdigit=\count119
\nprt@curpos=\count120
\nprt@rndpos=\count121
\c@nprt@digitsfirstblock=\count122
\c@nprt@blockcnt=\count123
\c@nprt@cntprint=\count124
 No configuration file `numprint.cfg' found.)
("C:\Users\s1452504\AppData\Local\Programs\MiKTeX 2.9\tex/latex/multirow\multir
ow.sty"
Package: multirow 2019/01/01 v2.4 Span multiple rows of a table
\multirow@colwidth=\skip67
\multirow@cntb=\count125
\multirow@dima=\skip68
\bigstrutjot=\dimen127
)
("C:\Users\s1452504\AppData\Local\Programs\MiKTeX 2.9\tex/latex/mathtools\matht
ools.sty"
Package: mathtools 2018/01/08 v1.21 mathematical typesetting tools

("C:\Users\s1452504\AppData\Local\Programs\MiKTeX 2.9\tex/latex/tools\calc.sty"
Package: calc 2017/05/25 v4.3 Infix arithmetic (KKT,FJ)
\calc@Acount=\count126
\calc@Bcount=\count127
\calc@Adimen=\dimen128
\calc@Bdimen=\dimen129
\calc@Askip=\skip69
\calc@Bskip=\skip70
LaTeX Info: Redefining \setlength on input line 80.
LaTeX Info: Redefining \addtolength on input line 81.
\calc@Ccount=\count128
\calc@Cskip=\skip71
)
("C:\Users\s1452504\AppData\Local\Programs\MiKTeX 2.9\tex/latex/mathtools\mhset
up.sty"
Package: mhsetup 2017/03/31 v1.3 programming setup (MH)
)
LaTeX Info: Thecontrolsequence`\('isalreadyrobust on input line 129.
LaTeX Info: Thecontrolsequence`\)'isalreadyrobust on input line 129.
LaTeX Info: Thecontrolsequence`\['isalreadyrobust on input line 129.
LaTeX Info: Thecontrolsequence`\]'isalreadyrobust on input line 129.
\g_MT_multlinerow_int=\count129
\l_MT_multwidth_dim=\dimen130
\origjot=\skip72
\l_MT_shortvdotswithinadjustabove_dim=\dimen131
\l_MT_shortvdotswithinadjustbelow_dim=\dimen132
\l_MT_above_intertext_sep=\dimen133
\l_MT_below_intertext_sep=\dimen134
\l_MT_above_shortintertext_sep=\dimen135
\l_MT_below_shortintertext_sep=\dimen136
)
("C:\Users\s1452504\AppData\Local\Programs\MiKTeX 2.9\tex/latex/commath\commath
.sty"
("C:\Users\s1452504\AppData\Local\Programs\MiKTeX 2.9\tex/latex/base\ifthen.sty
"
Package: ifthen 2014/09/29 v1.1c Standard LaTeX ifthen package (DPC)
)) ("C:\Users\s1452504\AppData\Local\Programs\MiKTeX 2.9\tex/latex/bbm\bbm.sty"
Package: bbm 1999/03/15 V 1.2 provides fonts for set symbols - TH
LaTeX Font Info:    Overwriting math alphabet `\mathbbm' in version `bold'
(Font)                  U/bbm/m/n --> U/bbm/bx/n on input line 33.
LaTeX Font Info:    Overwriting math alphabet `\mathbbmss' in version `bold'
(Font)                  U/bbmss/m/n --> U/bbmss/bx/n on input line 35.
)
("C:\Users\s1452504\AppData\Local\Programs\MiKTeX 2.9\tex/latex/geometry\geomet
ry.sty"
Package: geometry 2018/04/16 v5.8 Page Geometry
\Gm@cnth=\count130
\Gm@cntv=\count131
\c@Gm@tempcnt=\count132
\Gm@bindingoffset=\dimen137
\Gm@wd@mp=\dimen138
\Gm@odd@mp=\dimen139
\Gm@even@mp=\dimen140
\Gm@layoutwidth=\dimen141
\Gm@layoutheight=\dimen142
\Gm@layouthoffset=\dimen143
\Gm@layoutvoffset=\dimen144
\Gm@dimlist=\toks30

("C:\Users\s1452504\AppData\Local\Programs\MiKTeX 2.9\tex/latex/geometry\geomet
ry.cfg"))
("C:\Users\s1452504\AppData\Local\Programs\MiKTeX 2.9\tex/latex/listings\listin
gs.sty"
\lst@mode=\count133
\lst@gtempboxa=\box31
\lst@token=\toks31
\lst@length=\count134
\lst@currlwidth=\dimen145
\lst@column=\count135
\lst@pos=\count136
\lst@lostspace=\dimen146
\lst@width=\dimen147
\lst@newlines=\count137
\lst@lineno=\count138
\lst@maxwidth=\dimen148

("C:\Users\s1452504\AppData\Local\Programs\MiKTeX 2.9\tex/latex/listings\lstmis
c.sty"
File: lstmisc.sty 2018/09/02 1.7 (Carsten Heinz)
\c@lstnumber=\count139
\lst@skipnumbers=\count140
\lst@framebox=\box32
)
("C:\Users\s1452504\AppData\Local\Programs\MiKTeX 2.9\tex/latex/listings\listin
gs.cfg"
File: listings.cfg 2018/09/02 1.7 listings configuration
))
Package: listings 2018/09/02 1.7 (Carsten Heinz)

("C:\Users\s1452504\AppData\Local\Programs\MiKTeX 2.9\tex/latex/graphics\color.
sty"
Package: color 2016/07/10 v1.1e Standard LaTeX Color (DPC)

("C:\Users\s1452504\AppData\Local\Programs\MiKTeX 2.9\tex/latex/graphics-cfg\co
lor.cfg"
File: color.cfg 2016/01/02 v1.6 sample color configuration
)
Package color Info: Driver file: pdftex.def on input line 147.
)
Package hyperref Info: Option `colorlinks' set `true' on input line 33.
\c@definition=\count141
 (ThesisEndOfYear1.aux)
\openout1 = `ThesisEndOfYear1.aux'.

LaTeX Font Info:    Checking defaults for OML/cmm/m/it on input line 61.
LaTeX Font Info:    ... okay on input line 61.
LaTeX Font Info:    Checking defaults for T1/cmr/m/n on input line 61.
LaTeX Font Info:    ... okay on input line 61.
LaTeX Font Info:    Checking defaults for OT1/cmr/m/n on input line 61.
LaTeX Font Info:    ... okay on input line 61.
LaTeX Font Info:    Checking defaults for OMS/cmsy/m/n on input line 61.
LaTeX Font Info:    ... okay on input line 61.
LaTeX Font Info:    Checking defaults for OMX/cmex/m/n on input line 61.
LaTeX Font Info:    ... okay on input line 61.
LaTeX Font Info:    Checking defaults for U/cmr/m/n on input line 61.
LaTeX Font Info:    ... okay on input line 61.
LaTeX Font Info:    Checking defaults for PD1/pdf/m/n on input line 61.
LaTeX Font Info:    ... okay on input line 61.
Package caption Info: Begin \AtBeginDocument code.
Package caption Info: hyperref package is loaded.
Package caption Info: listings package is loaded.
Package caption Info: End \AtBeginDocument code.

("C:\Users\s1452504\AppData\Local\Programs\MiKTeX 2.9\tex/context/base\supp-pdf
.mkii"
[Loading MPS to PDF converter (version 2006.09.02).]
\scratchcounter=\count142
\scratchdimen=\dimen149
\scratchbox=\box33
\nofMPsegments=\count143
\nofMParguments=\count144
\everyMPshowfont=\toks32
\MPscratchCnt=\count145
\MPscratchDim=\dimen150
\MPnumerator=\count146
\makeMPintoPDFobject=\count147
\everyMPtoPDFconversion=\toks33
)
("C:\Users\s1452504\AppData\Local\Programs\MiKTeX 2.9\tex/latex/oberdiek\epstop
df-base.sty"
Package: epstopdf-base 2016/05/15 v2.6 Base part for package epstopdf

("C:\Users\s1452504\AppData\Local\Programs\MiKTeX 2.9\tex/latex/oberdiek\grfext
.sty"
Package: grfext 2016/05/16 v1.2 Manage graphics extensions (HO)
)
Package epstopdf-base Info: Redefining graphics rule for `.eps' on input line 4
38.
Package grfext Info: Graphics extension search list:
(grfext)             [.pdf,.png,.jpg,.mps,.jpeg,.jbig2,.jb2,.PDF,.PNG,.JPG,.JPE
G,.JBIG2,.JB2,.eps]
(grfext)             \AppendGraphicsExtensions on input line 456.
)
\AtBeginShipoutBox=\box34
Package hyperref Info: Link coloring ON on input line 61.

("C:\Users\s1452504\AppData\Local\Programs\MiKTeX 2.9\tex/latex/hyperref\namere
f.sty"
Package: nameref 2016/05/21 v2.44 Cross-referencing by name of section

("C:\Users\s1452504\AppData\Local\Programs\MiKTeX 2.9\tex/generic/oberdiek\gett
itlestring.sty"
Package: gettitlestring 2016/05/16 v1.5 Cleanup title references (HO)
)
\c@section@level=\count148
)
LaTeX Info: Redefining \ref on input line 61.
LaTeX Info: Redefining \pageref on input line 61.
LaTeX Info: Redefining \nameref on input line 61.
 (ThesisEndOfYear1.out) (ThesisEndOfYear1.out)
\@outlinefile=\write3
\openout3 = `ThesisEndOfYear1.out'.


*geometry* driver: auto-detecting
*geometry* detected driver: pdftex
*geometry* verbose mode - [ preamble ] result:
* driver: pdftex
* paper: a4paper
* layout: <same size as paper>
* layoutoffset:(h,v)=(0.0pt,0.0pt)
* modes: includehead includefoot 
* h-part:(L,W,R)=(72.26999pt, 452.9679pt, 72.26999pt)
* v-part:(T,H,B)=(72.26999pt, 700.50687pt, 72.26999pt)
* \paperwidth=597.50787pt
* \paperheight=845.04684pt
* \textwidth=452.9679pt
* \textheight=633.50687pt
* \oddsidemargin=0.0pt
* \evensidemargin=0.0pt
* \topmargin=0.0pt
* \headheight=12.0pt
* \headsep=25.0pt
* \topskip=11.0pt
* \footskip=30.0pt
* \marginparwidth=50.0pt
* \marginparsep=10.0pt
* \columnsep=10.0pt
* \skip\footins=10.0pt plus 4.0pt minus 2.0pt
* \hoffset=0.0pt
* \voffset=0.0pt
* \mag=1000
* \@twocolumnfalse
* \@twosidefalse
* \@mparswitchfalse
* \@reversemarginfalse
* (1in=72.27pt=25.4mm, 1cm=28.453pt)

\c@lstlisting=\count149

("C:\Users\s1452504\AppData\Local\Programs\MiKTeX 2.9\tex/latex/listings\lstlan
g1.sty"
File: lstlang1.sty 2018/09/02 1.7 listings language file
)
LaTeX Font Info:    Try loading font information for U+msa on input line 86.

("C:\Users\s1452504\AppData\Local\Programs\MiKTeX 2.9\tex/latex/amsfonts\umsa.f
d"
File: umsa.fd 2013/01/14 v3.01 AMS symbols A
)
LaTeX Font Info:    Try loading font information for U+msb on input line 86.

("C:\Users\s1452504\AppData\Local\Programs\MiKTeX 2.9\tex/latex/amsfonts\umsb.f
d"
File: umsb.fd 2013/01/14 v3.01 AMS symbols B
) [1

{C:/Users/s1452504/AppData/Local/MiKTeX/2.9/pdftex/config/pdftex.map}]
(ThesisEndOfYear1.toc [1])
\tf@toc=\write4
\openout4 = `ThesisEndOfYear1.toc'.

 [2] (MeanFieldOptimalControl.tex
Underfull \hbox (badness 10000) in paragraph at lines 2--28

 []


Underfull \hbox (badness 10000) in paragraph at lines 2--28

 []


Underfull \hbox (badness 10000) in paragraph at lines 2--28

 []


Underfull \hbox (badness 10000) in paragraph at lines 2--28

 []

[1] [2]) [3] [4] (OptimalityConditionsArcherNew.tex [5] [6] [7] [8] [9]
[10]) [11] (NonconstantFluxSubdomainObservation.tex
<Images/observation.png, id=370, 464.4853pt x 241.65282pt>
File: Images/observation.png Graphic file (type png)
<use Images/observation.png>
Package pdftex.def Info: Images/observation.png  used on input line 5.
(pdftex.def)             Requested size: 371.58875pt x 193.32251pt.


LaTeX Warning: `h' float specifier changed to `ht'.

LaTeX Font Info:    Try loading font information for U+bbm on input line 16.
("C:\Users\s1452504\AppData\Local\Programs\MiKTeX 2.9\tex/latex/bbm\ubbm.fd"
File: ubbm.fd 1999/03/15 V 1.2 Font definition for bbm font - TH
)
[12] [13 <./Images/observation.png>]
Overfull \hbox (1.86983pt too wide) detected at line 45
[]
 []

) (NonconstantFluxBoundaryObservation.tex [14]) [15]
Underfull \hbox (badness 10000) in paragraph at lines 224--230

 []

LaTeX Font Info:    Try loading font information for OMS+cmr on input line 236.

("C:\Users\s1452504\AppData\Local\Programs\MiKTeX 2.9\tex/latex/base\omscmr.fd"
File: omscmr.fd 2014/09/29 v2.5h Standard LaTeX font definitions
)
LaTeX Font Info:    Font shape `OMS/cmr/m/n' in size <10.95> not available
(Font)              Font shape `OMS/cmsy/m/n' tried instead on input line 236.
 [16] [17]

LaTeX Font Warning: Font shape `OT1/cmr/bx/sc' undefined
(Font)              using `OT1/cmr/bx/n' instead on input line 267.

LaTeX Font Info:    Font shape `OT1/cmtt/bx/n' in size <12> not available
(Font)              Font shape `OT1/cmtt/m/n' tried instead on input line 267.
[18] [19] (Comparisonwithfsolve.tex (fixptvsfsolve.tex))

Package hyperref Warning: Token not allowed in a PDF string (PDFDocEncoding):
(hyperref)                removing `math shift' on input line 316.


Package hyperref Warning: Token not allowed in a PDF string (PDFDocEncoding):
(hyperref)                removing `math shift' on input line 316.

(Perturbingw.tex [20] [21] (wPertExample.tex))
Underfull \hbox (badness 10000) in paragraph at lines 319--330

 []

[22] [23] (NumericalExperiments.tex [24]
Overfull \hbox (1.32245pt too wide) in paragraph at lines 13--13
[]\OT1/cmr/bx/n/12 Non-linear Con-trol Prob-lems with an Ad-di-tional Non-local
 In-te-gral Term
 []

[25]
<Images/Figure1.png, id=483, 7069.41125pt x 2414.01875pt>
File: Images/Figure1.png Graphic file (type png)
<use Images/Figure1.png>
Package pdftex.def Info: Images/Figure1.png  used on input line 31.
(pdftex.def)             Requested size: 438.2774pt x 149.66025pt.
<Images/Figure2.png, id=484, 7902.52374pt x 5522.6325pt>
File: Images/Figure2.png Graphic file (type png)
<use Images/Figure2.png>
Package pdftex.def Info: Images/Figure2.png  used on input line 36.
(pdftex.def)             Requested size: 458.33464pt x 320.30449pt.

Overfull \hbox (5.36674pt too wide) in paragraph at lines 36--37
[][] 
 []


LaTeX Warning: `h' float specifier changed to `ht'.

(InteractingProb1.tex)
<Images/Figure3.png, id=487, 7555.22626pt x 5528.655pt>
File: Images/Figure3.png Graphic file (type png)
<use Images/Figure3.png>
Package pdftex.def Info: Images/Figure3.png  used on input line 56.
(pdftex.def)             Requested size: 438.19191pt x 320.65378pt.
 [26 <./Images/Figure1.png (PNG copy)>]

LaTeX Warning: `h' float specifier changed to `ht'.

(InteractingProb2.tex) (InteractingProb3.tex) [27 <./Images/Figure2.png (PNG co
py)>] [28] [29 <./Images/Figure3.png (PNG copy)>] (InteractingProb4.tex)
(InteractingProb5.tex) [30]
Overfull \hbox (1.32245pt too wide) in paragraph at lines 135--135
[]\OT1/cmr/bx/n/12 Non-linear Con-trol Prob-lems with an Ad-di-tional Non-local
 In-te-gral Term
 []

[31] (Interacting2DProb1.tex)
<Images/Figure12D.png, id=536, 8259.85875pt x 2075.755pt>
File: Images/Figure12D.png Graphic file (type png)
<use Images/Figure12D.png>
Package pdftex.def Info: Images/Figure12D.png  used on input line 152.
(pdftex.def)             Requested size: 413.01714pt x 103.79382pt.
<Images/Figure22D.png, id=537, 6680.96pt x 3796.1825pt>
File: Images/Figure22D.png Graphic file (type png)
<use Images/Figure22D.png>
Package pdftex.def Info: Images/Figure22D.png  used on input line 157.
(pdftex.def)             Requested size: 414.19485pt x 235.3493pt.


LaTeX Warning: `h' float specifier changed to `ht'.

[32 <./Images/Figure12D.png (PNG copy)>] (Interacting2DProb2.tex)
<Images/Figure32D.png, id=548, 8259.85875pt x 2075.755pt>
File: Images/Figure32D.png Graphic file (type png)
<use Images/Figure32D.png>
Package pdftex.def Info: Images/Figure32D.png  used on input line 179.
(pdftex.def)             Requested size: 413.01714pt x 103.79382pt.


LaTeX Warning: `h' float specifier changed to `ht'.

<Images/Figure42D.png, id=549, 6680.96pt x 3796.1825pt>
File: Images/Figure42D.png Graphic file (type png)
<use Images/Figure42D.png>
Package pdftex.def Info: Images/Figure42D.png  used on input line 184.
(pdftex.def)             Requested size: 414.19485pt x 235.3493pt.

LaTeX Warning: `h' float specifier changed to `ht'.

) [33] (ThesisEndOfYear1.bbl [34 <./Images/Figure22D.png (PNG copy)> <./Images/
Figure32D.png (PNG copy)>] [35] [36 <./Images/Figure42D.png (PNG copy)>])
[37] [38]
Underfull \hbox (badness 10000) in paragraph at lines 365--371

 []


Package caption Warning: Unused \captionsetup[sub] on input line 25.
See the caption package documentation for explanation.

Package atveryend Info: Empty hook `BeforeClearDocument' on input line 375.
[39]
Package atveryend Info: Empty hook `AfterLastShipout' on input line 375.
 (ThesisEndOfYear1.aux)
Package atveryend Info: Executing hook `AtVeryEndDocument' on input line 375.
Package atveryend Info: Executing hook `AtEndAfterFileList' on input line 375.
Package rerunfilecheck Info: File `ThesisEndOfYear1.out' has not changed.
(rerunfilecheck)             Checksum: 4734941D61A5656F690A63AB4D04213D;3247.


LaTeX Font Warning: Some font shapes were not available, defaults substituted.

Package atveryend Info: Empty hook `AtVeryVeryEnd' on input line 375.
 ) 
Here is how much of TeX's memory you used:
 10908 strings out of 492946
 166656 string characters out of 3124935
 471616 words of memory out of 3000000
 14450 multiletter control sequences out of 15000+200000
 15493 words of font info for 60 fonts, out of 3000000 for 9000
 1141 hyphenation exceptions out of 8191
 42i,13n,56p,1422b,515s stack positions out of 5000i,500n,10000p,200000b,50000s
 <C:\Users\s1452504\AppData\Local\MiKTeX\2.9\fonts/pk/ljfour/public/bbm/dpi65
7\bbm10.pk><C:/Users/s1452504/AppData/Local/Programs/MiKTeX 2.9/fonts/type1/pub
lic/amsfonts/cmextra/cmbsy8.pfb><C:/Users/s1452504/AppData/Local/Programs/MiKTe
X 2.9/fonts/type1/public/amsfonts/cm/cmbx10.pfb><C:/Users/s1452504/AppData/Loca
l/Programs/MiKTeX 2.9/fonts/type1/public/amsfonts/cm/cmbx12.pfb><C:/Users/s1452
504/AppData/Local/Programs/MiKTeX 2.9/fonts/type1/public/amsfonts/cm/cmbx8.pfb>
<C:/Users/s1452504/AppData/Local/Programs/MiKTeX 2.9/fonts/type1/public/amsfont
s/cm/cmcsc10.pfb><C:/Users/s1452504/AppData/Local/Programs/MiKTeX 2.9/fonts/typ
e1/public/amsfonts/cm/cmex10.pfb><C:/Users/s1452504/AppData/Local/Programs/MiKT
eX 2.9/fonts/type1/public/amsfonts/cm/cmitt10.pfb><C:/Users/s1452504/AppData/Lo
cal/Programs/MiKTeX 2.9/fonts/type1/public/amsfonts/cm/cmmi10.pfb><C:/Users/s14
52504/AppData/Local/Programs/MiKTeX 2.9/fonts/type1/public/amsfonts/cm/cmmi12.p
fb><C:/Users/s1452504/AppData/Local/Programs/MiKTeX 2.9/fonts/type1/public/amsf
onts/cm/cmmi6.pfb><C:/Users/s1452504/AppData/Local/Programs/MiKTeX 2.9/fonts/ty
pe1/public/amsfonts/cm/cmmi8.pfb><C:/Users/s1452504/AppData/Local/Programs/MiKT
eX 2.9/fonts/type1/public/amsfonts/cm/cmmib10.pfb><C:/Users/s1452504/AppData/Lo
cal/Programs/MiKTeX 2.9/fonts/type1/public/amsfonts/cmextra/cmmib8.pfb><C:/User
s/s1452504/AppData/Local/Programs/MiKTeX 2.9/fonts/type1/public/amsfonts/cm/cmr
10.pfb><C:/Users/s1452504/AppData/Local/Programs/MiKTeX 2.9/fonts/type1/public/
amsfonts/cm/cmr12.pfb><C:/Users/s1452504/AppData/Local/Programs/MiKTeX 2.9/font
s/type1/public/amsfonts/cm/cmr17.pfb><C:/Users/s1452504/AppData/Local/Programs/
MiKTeX 2.9/fonts/type1/public/amsfonts/cm/cmr6.pfb><C:/Users/s1452504/AppData/L
ocal/Programs/MiKTeX 2.9/fonts/type1/public/amsfonts/cm/cmr8.pfb><C:/Users/s145
2504/AppData/Local/Programs/MiKTeX 2.9/fonts/type1/public/amsfonts/cm/cmsy10.pf
b><C:/Users/s1452504/AppData/Local/Programs/MiKTeX 2.9/fonts/type1/public/amsfo
nts/cm/cmsy6.pfb><C:/Users/s1452504/AppData/Local/Programs/MiKTeX 2.9/fonts/typ
e1/public/amsfonts/cm/cmsy8.pfb><C:/Users/s1452504/AppData/Local/Programs/MiKTe
X 2.9/fonts/type1/public/amsfonts/cm/cmti10.pfb><C:/Users/s1452504/AppData/Loca
l/Programs/MiKTeX 2.9/fonts/type1/public/amsfonts/cm/cmtt10.pfb><C:/Users/s1452
504/AppData/Local/Programs/MiKTeX 2.9/fonts/type1/public/amsfonts/cm/cmtt12.pfb
>
Output written on ThesisEndOfYear1.pdf (42 pages, 14117022 bytes).
PDF statistics:
 695 PDF objects out of 1000 (max. 8388607)
 148 named destinations out of 1000 (max. 500000)
 353 words of extra memory for PDF output out of 10000 (max. 10000000)

