This is pdfTeX, Version 3.14159265-2.6-1.40.20 (MiKTeX 2.9.6960 64-bit) (preloaded format=pdflatex 2019.3.1)  10 JUL 2020 11:30
entering extended mode
**./Report20200708.tex
(Report20200708.tex
LaTeX2e <2018-12-01>

("C:\Users\s1452504\AppData\Local\Programs\MiKTeX 2.9\tex/latex/base\article.cl
s"
Document Class: article 2018/09/03 v1.4i Standard LaTeX document class
("C:\Users\s1452504\AppData\Local\Programs\MiKTeX 2.9\tex/latex/base\size11.clo
"
File: size11.clo 2018/09/03 v1.4i Standard LaTeX file (size option)
)
\c@part=\count80
\c@section=\count81
\c@subsection=\count82
\c@subsubsection=\count83
\c@paragraph=\count84
\c@subparagraph=\count85
\c@figure=\count86
\c@table=\count87
\abovecaptionskip=\skip41
\belowcaptionskip=\skip42
\bibindent=\dimen102
)
("C:\Users\s1452504\AppData\Local\Programs\MiKTeX 2.9\tex/latex/natbib\natbib.s
ty"
Package: natbib 2010/09/13 8.31b (PWD, AO)
\bibhang=\skip43
\bibsep=\skip44
LaTeX Info: Redefining \cite on input line 694.
\c@NAT@ctr=\count88
)
("C:\Users\s1452504\AppData\Local\Programs\MiKTeX 2.9\tex/latex/fancyhdr\fancyh
dr.sty"
Package: fancyhdr 2017/06/30 v3.9a Extensive control of page headers and footer
s
\f@nch@headwidth=\skip45
\f@nch@O@elh=\skip46
\f@nch@O@erh=\skip47
\f@nch@O@olh=\skip48
\f@nch@O@orh=\skip49
\f@nch@O@elf=\skip50
\f@nch@O@erf=\skip51
\f@nch@O@olf=\skip52
\f@nch@O@orf=\skip53
)
("C:\Users\s1452504\AppData\Local\Programs\MiKTeX 2.9\tex/latex/caption\subcapt
ion.sty"
Package: subcaption 2018/05/01 v1.1-162 Sub-captions (AR)

("C:\Users\s1452504\AppData\Local\Programs\MiKTeX 2.9\tex/latex/caption\caption
.sty"
Package: caption 2018/10/06 v3.3-154 Customizing captions (AR)

("C:\Users\s1452504\AppData\Local\Programs\MiKTeX 2.9\tex/latex/caption\caption
3.sty"
Package: caption3 2018/09/12 v1.8c caption3 kernel (AR)
Package caption3 Info: TeX engine: e-TeX on input line 64.

("C:\Users\s1452504\AppData\Local\Programs\MiKTeX 2.9\tex/latex/graphics\keyval
.sty"
Package: keyval 2014/10/28 v1.15 key=value parser (DPC)
\KV@toks@=\toks14
)
\captionmargin=\dimen103
\captionmargin@=\dimen104
\captionwidth=\dimen105
\caption@tempdima=\dimen106
\caption@indent=\dimen107
\caption@parindent=\dimen108
\caption@hangindent=\dimen109
)
\c@caption@flags=\count89
\c@ContinuedFloat=\count90
)
\c@subfigure=\count91
\c@subtable=\count92
)
("C:\Users\s1452504\AppData\Local\Programs\MiKTeX 2.9\tex/latex/graphics\graphi
cx.sty"
Package: graphicx 2017/06/01 v1.1a Enhanced LaTeX Graphics (DPC,SPQR)

("C:\Users\s1452504\AppData\Local\Programs\MiKTeX 2.9\tex/latex/graphics\graphi
cs.sty"
Package: graphics 2017/06/25 v1.2c Standard LaTeX Graphics (DPC,SPQR)

("C:\Users\s1452504\AppData\Local\Programs\MiKTeX 2.9\tex/latex/graphics\trig.s
ty"
Package: trig 2016/01/03 v1.10 sin cos tan (DPC)
)
("C:\Users\s1452504\AppData\Local\Programs\MiKTeX 2.9\tex/latex/graphics-cfg\gr
aphics.cfg"
File: graphics.cfg 2016/06/04 v1.11 sample graphics configuration
)
Package graphics Info: Driver file: pdftex.def on input line 99.

("C:\Users\s1452504\AppData\Local\Programs\MiKTeX 2.9\tex/latex/graphics-def\pd
ftex.def"
File: pdftex.def 2018/01/08 v1.0l Graphics/color driver for pdftex
))
\Gin@req@height=\dimen110
\Gin@req@width=\dimen111
)
("C:\Users\s1452504\AppData\Local\Programs\MiKTeX 2.9\tex/latex/hyperref\hyperr
ef.sty"
Package: hyperref 2018/11/30 v6.88e Hypertext links for LaTeX

("C:\Users\s1452504\AppData\Local\Programs\MiKTeX 2.9\tex/generic/oberdiek\hobs
ub-hyperref.sty"
Package: hobsub-hyperref 2016/05/16 v1.14 Bundle oberdiek, subset hyperref (HO)


("C:\Users\s1452504\AppData\Local\Programs\MiKTeX 2.9\tex/generic/oberdiek\hobs
ub-generic.sty"
Package: hobsub-generic 2016/05/16 v1.14 Bundle oberdiek, subset generic (HO)
Package: hobsub 2016/05/16 v1.14 Construct package bundles (HO)
Package: infwarerr 2016/05/16 v1.4 Providing info/warning/error messages (HO)
Package: ltxcmds 2016/05/16 v1.23 LaTeX kernel commands for general use (HO)
Package: ifluatex 2016/05/16 v1.4 Provides the ifluatex switch (HO)
Package ifluatex Info: LuaTeX not detected.
Package: ifvtex 2016/05/16 v1.6 Detect VTeX and its facilities (HO)
Package ifvtex Info: VTeX not detected.
Package: intcalc 2016/05/16 v1.2 Expandable calculations with integers (HO)
Package: ifpdf 2018/09/07 v3.3 Provides the ifpdf switch
Package: etexcmds 2016/05/16 v1.6 Avoid name clashes with e-TeX commands (HO)
Package: kvsetkeys 2016/05/16 v1.17 Key value parser (HO)
Package: kvdefinekeys 2016/05/16 v1.4 Define keys (HO)
Package: pdftexcmds 2018/09/10 v0.29 Utility functions of pdfTeX for LuaTeX (HO
)
Package pdftexcmds Info: LuaTeX not detected.
Package pdftexcmds Info: \pdf@primitive is available.
Package pdftexcmds Info: \pdf@ifprimitive is available.
Package pdftexcmds Info: \pdfdraftmode found.
Package: pdfescape 2016/05/16 v1.14 Implements pdfTeX's escape features (HO)
Package: bigintcalc 2016/05/16 v1.4 Expandable calculations on big integers (HO
)
Package: bitset 2016/05/16 v1.2 Handle bit-vector datatype (HO)
Package: uniquecounter 2016/05/16 v1.3 Provide unlimited unique counter (HO)
)
Package hobsub Info: Skipping package `hobsub' (already loaded).
Package: letltxmacro 2016/05/16 v1.5 Let assignment for LaTeX macros (HO)
Package: hopatch 2016/05/16 v1.3 Wrapper for package hooks (HO)
Package: xcolor-patch 2016/05/16 xcolor patch
Package: atveryend 2016/05/16 v1.9 Hooks at the very end of document (HO)
Package atveryend Info: \enddocument detected (standard20110627).
Package: atbegshi 2016/06/09 v1.18 At begin shipout hook (HO)
Package: refcount 2016/05/16 v3.5 Data extraction from label references (HO)
Package: hycolor 2016/05/16 v1.8 Color options for hyperref/bookmark (HO)
)
("C:\Users\s1452504\AppData\Local\Programs\MiKTeX 2.9\tex/generic/ifxetex\ifxet
ex.sty"
Package: ifxetex 2010/09/12 v0.6 Provides ifxetex conditional
)
("C:\Users\s1452504\AppData\Local\Programs\MiKTeX 2.9\tex/latex/oberdiek\auxhoo
k.sty"
Package: auxhook 2016/05/16 v1.4 Hooks for auxiliary files (HO)
)
("C:\Users\s1452504\AppData\Local\Programs\MiKTeX 2.9\tex/latex/oberdiek\kvopti
ons.sty"
Package: kvoptions 2016/05/16 v3.12 Key value format for package options (HO)
)
\@linkdim=\dimen112
\Hy@linkcounter=\count93
\Hy@pagecounter=\count94

("C:\Users\s1452504\AppData\Local\Programs\MiKTeX 2.9\tex/latex/hyperref\pd1enc
.def"
File: pd1enc.def 2018/11/30 v6.88e Hyperref: PDFDocEncoding definition (HO)
Now handling font encoding PD1 ...
... no UTF-8 mapping file for font encoding PD1
)
\Hy@SavedSpaceFactor=\count95

("C:\Users\s1452504\AppData\Local\Programs\MiKTeX 2.9\tex/latex/00miktex\hyperr
ef.cfg"
File: hyperref.cfg 2002/06/06 v1.2 hyperref configuration of TeXLive
)
Package hyperref Info: Hyper figures OFF on input line 4519.
Package hyperref Info: Link nesting OFF on input line 4524.
Package hyperref Info: Hyper index ON on input line 4527.
Package hyperref Info: Plain pages OFF on input line 4534.
Package hyperref Info: Backreferencing OFF on input line 4539.
Package hyperref Info: Implicit mode ON; LaTeX internals redefined.
Package hyperref Info: Bookmarks ON on input line 4772.
\c@Hy@tempcnt=\count96

("C:\Users\s1452504\AppData\Local\Programs\MiKTeX 2.9\tex/latex/url\url.sty"
\Urlmuskip=\muskip10
Package: url 2013/09/16  ver 3.4  Verb mode for urls, etc.
)
LaTeX Info: Redefining \url on input line 5125.
\XeTeXLinkMargin=\dimen113
\Fld@menulength=\count97
\Field@Width=\dimen114
\Fld@charsize=\dimen115
Package hyperref Info: Hyper figures OFF on input line 6380.
Package hyperref Info: Link nesting OFF on input line 6385.
Package hyperref Info: Hyper index ON on input line 6388.
Package hyperref Info: backreferencing OFF on input line 6395.
Package hyperref Info: Link coloring OFF on input line 6400.
Package hyperref Info: Link coloring with OCG OFF on input line 6405.
Package hyperref Info: PDF/A mode OFF on input line 6410.
LaTeX Info: Redefining \ref on input line 6450.
LaTeX Info: Redefining \pageref on input line 6454.
\Hy@abspage=\count98
\c@Item=\count99
\c@Hfootnote=\count100
)
Package hyperref Info: Driver (autodetected): hpdftex.

("C:\Users\s1452504\AppData\Local\Programs\MiKTeX 2.9\tex/latex/hyperref\hpdfte
x.def"
File: hpdftex.def 2018/11/30 v6.88e Hyperref driver for pdfTeX
\Fld@listcount=\count101
\c@bookmark@seq@number=\count102

("C:\Users\s1452504\AppData\Local\Programs\MiKTeX 2.9\tex/latex/oberdiek\rerunf
ilecheck.sty"
Package: rerunfilecheck 2016/05/16 v1.8 Rerun checks for auxiliary files (HO)
Package uniquecounter Info: New unique counter `rerunfilecheck' on input line 2
82.
)
\Hy@SectionHShift=\skip54
)
("C:\Users\s1452504\AppData\Local\Programs\MiKTeX 2.9\tex/latex/amsmath\amsmath
.sty"
Package: amsmath 2018/12/01 v2.17b AMS math features
\@mathmargin=\skip55

For additional information on amsmath, use the `?' option.

("C:\Users\s1452504\AppData\Local\Programs\MiKTeX 2.9\tex/latex/amsmath\amstext
.sty"
Package: amstext 2000/06/29 v2.01 AMS text

("C:\Users\s1452504\AppData\Local\Programs\MiKTeX 2.9\tex/latex/amsmath\amsgen.
sty"
File: amsgen.sty 1999/11/30 v2.0 generic functions
\@emptytoks=\toks15
\ex@=\dimen116
))
("C:\Users\s1452504\AppData\Local\Programs\MiKTeX 2.9\tex/latex/amsmath\amsbsy.
sty"
Package: amsbsy 1999/11/29 v1.2d Bold Symbols
\pmbraise@=\dimen117
)
("C:\Users\s1452504\AppData\Local\Programs\MiKTeX 2.9\tex/latex/amsmath\amsopn.
sty"
Package: amsopn 2016/03/08 v2.02 operator names
)
\inf@bad=\count103
LaTeX Info: Redefining \frac on input line 223.
\uproot@=\count104
\leftroot@=\count105
LaTeX Info: Redefining \overline on input line 385.
\classnum@=\count106
\DOTSCASE@=\count107
LaTeX Info: Redefining \ldots on input line 482.
LaTeX Info: Redefining \dots on input line 485.
LaTeX Info: Redefining \cdots on input line 606.
\Mathstrutbox@=\box27
\strutbox@=\box28
\big@size=\dimen118
LaTeX Font Info:    Redeclaring font encoding OML on input line 729.
LaTeX Font Info:    Redeclaring font encoding OMS on input line 730.
\macc@depth=\count108
\c@MaxMatrixCols=\count109
\dotsspace@=\muskip11
\c@parentequation=\count110
\dspbrk@lvl=\count111
\tag@help=\toks16
\row@=\count112
\column@=\count113
\maxfields@=\count114
\andhelp@=\toks17
\eqnshift@=\dimen119
\alignsep@=\dimen120
\tagshift@=\dimen121
\tagwidth@=\dimen122
\totwidth@=\dimen123
\lineht@=\dimen124
\@envbody=\toks18
\multlinegap=\skip56
\multlinetaggap=\skip57
\mathdisplay@stack=\toks19
LaTeX Info: Redefining \[ on input line 2844.
LaTeX Info: Redefining \] on input line 2845.
)
("C:\Users\s1452504\AppData\Local\Programs\MiKTeX 2.9\tex/latex/amsfonts\amsfon
ts.sty"
Package: amsfonts 2013/01/14 v3.01 Basic AMSFonts support
\symAMSa=\mathgroup4
\symAMSb=\mathgroup5
LaTeX Font Info:    Overwriting math alphabet `\mathfrak' in version `bold'
(Font)                  U/euf/m/n --> U/euf/b/n on input line 106.
)
("C:\Users\s1452504\AppData\Local\Programs\MiKTeX 2.9\tex/latex/amsfonts\amssym
b.sty"
Package: amssymb 2013/01/14 v3.01 AMS font symbols
)
("C:\Users\s1452504\AppData\Local\Programs\MiKTeX 2.9\tex/latex/amscls\amsthm.s
ty"
Package: amsthm 2017/10/31 v2.20.4
\thm@style=\toks20
\thm@bodyfont=\toks21
\thm@headfont=\toks22
\thm@notefont=\toks23
\thm@headpunct=\toks24
\thm@preskip=\skip58
\thm@postskip=\skip59
\thm@headsep=\skip60
\dth@everypar=\toks25
)
("C:\Users\s1452504\AppData\Local\Programs\MiKTeX 2.9\tex/latex/mathtools\matht
ools.sty"
Package: mathtools 2018/01/08 v1.21 mathematical typesetting tools

("C:\Users\s1452504\AppData\Local\Programs\MiKTeX 2.9\tex/latex/tools\calc.sty"
Package: calc 2017/05/25 v4.3 Infix arithmetic (KKT,FJ)
\calc@Acount=\count115
\calc@Bcount=\count116
\calc@Adimen=\dimen125
\calc@Bdimen=\dimen126
\calc@Askip=\skip61
\calc@Bskip=\skip62
LaTeX Info: Redefining \setlength on input line 80.
LaTeX Info: Redefining \addtolength on input line 81.
\calc@Ccount=\count117
\calc@Cskip=\skip63
)
("C:\Users\s1452504\AppData\Local\Programs\MiKTeX 2.9\tex/latex/mathtools\mhset
up.sty"
Package: mhsetup 2017/03/31 v1.3 programming setup (MH)
)
LaTeX Info: Thecontrolsequence`\('isalreadyrobust on input line 129.
LaTeX Info: Thecontrolsequence`\)'isalreadyrobust on input line 129.
LaTeX Info: Thecontrolsequence`\['isalreadyrobust on input line 129.
LaTeX Info: Thecontrolsequence`\]'isalreadyrobust on input line 129.
\g_MT_multlinerow_int=\count118
\l_MT_multwidth_dim=\dimen127
\origjot=\skip64
\l_MT_shortvdotswithinadjustabove_dim=\dimen128
\l_MT_shortvdotswithinadjustbelow_dim=\dimen129
\l_MT_above_intertext_sep=\dimen130
\l_MT_below_intertext_sep=\dimen131
\l_MT_above_shortintertext_sep=\dimen132
\l_MT_below_shortintertext_sep=\dimen133
)
("C:\Users\s1452504\AppData\Local\Programs\MiKTeX 2.9\tex/latex/commath\commath
.sty"
("C:\Users\s1452504\AppData\Local\Programs\MiKTeX 2.9\tex/latex/base\ifthen.sty
"
Package: ifthen 2014/09/29 v1.1c Standard LaTeX ifthen package (DPC)
))
("C:\Users\s1452504\AppData\Local\Programs\MiKTeX 2.9\tex/latex/numprint\numpri
nt.sty"
Package: numprint 2012/08/20 v1.39 Print numbers (HH)

("C:\Users\s1452504\AppData\Local\Programs\MiKTeX 2.9\tex/latex/tools\array.sty
"
Package: array 2018/11/13 v2.4j Tabular extension package (FMi)
\col@sep=\dimen134
\ar@mcellbox=\box29
\extrarowheight=\dimen135
\NC@list=\toks26
\extratabsurround=\skip65
\backup@length=\skip66
\ar@cellbox=\box30
)
\c@nprt@mantissa@digitsbefore=\count119
\c@nprt@mantissa@digitsafter=\count120
\c@nprt@exponent@digitsbefore=\count121
\c@nprt@exponent@digitsafter=\count122
\nprt@digitwidth=\skip67
\nprt@sepwidth=\skip68
\nprt@decimalwidth=\skip69
\nprt@blockwidth=\skip70
\nprt@digittoks=\toks27
\nprt@pretoks=\toks28
\nprt@posttoks=\toks29
\nprt@thisdigit=\count123
\nprt@curpos=\count124
\nprt@rndpos=\count125
\c@nprt@digitsfirstblock=\count126
\c@nprt@blockcnt=\count127
\c@nprt@cntprint=\count128
 No configuration file `numprint.cfg' found.)
("C:\Users\s1452504\AppData\Local\Programs\MiKTeX 2.9\tex/latex/geometry\geomet
ry.sty"
Package: geometry 2018/04/16 v5.8 Page Geometry
\Gm@cnth=\count129
\Gm@cntv=\count130
\c@Gm@tempcnt=\count131
\Gm@bindingoffset=\dimen136
\Gm@wd@mp=\dimen137
\Gm@odd@mp=\dimen138
\Gm@even@mp=\dimen139
\Gm@layoutwidth=\dimen140
\Gm@layoutheight=\dimen141
\Gm@layouthoffset=\dimen142
\Gm@layoutvoffset=\dimen143
\Gm@dimlist=\toks30

("C:\Users\s1452504\AppData\Local\Programs\MiKTeX 2.9\tex/latex/geometry\geomet
ry.cfg"))
("C:\Users\s1452504\AppData\Local\Programs\MiKTeX 2.9\tex/latex/listings\listin
gs.sty"
\lst@mode=\count132
\lst@gtempboxa=\box31
\lst@token=\toks31
\lst@length=\count133
\lst@currlwidth=\dimen144
\lst@column=\count134
\lst@pos=\count135
\lst@lostspace=\dimen145
\lst@width=\dimen146
\lst@newlines=\count136
\lst@lineno=\count137
\lst@maxwidth=\dimen147

("C:\Users\s1452504\AppData\Local\Programs\MiKTeX 2.9\tex/latex/listings\lstmis
c.sty"
File: lstmisc.sty 2018/09/02 1.7 (Carsten Heinz)
\c@lstnumber=\count138
\lst@skipnumbers=\count139
\lst@framebox=\box32
)
("C:\Users\s1452504\AppData\Local\Programs\MiKTeX 2.9\tex/latex/listings\listin
gs.cfg"
File: listings.cfg 2018/09/02 1.7 listings configuration
))
Package: listings 2018/09/02 1.7 (Carsten Heinz)

("C:\Users\s1452504\AppData\Local\Programs\MiKTeX 2.9\tex/latex/graphics\color.
sty"
Package: color 2016/07/10 v1.1e Standard LaTeX Color (DPC)

("C:\Users\s1452504\AppData\Local\Programs\MiKTeX 2.9\tex/latex/graphics-cfg\co
lor.cfg"
File: color.cfg 2016/01/02 v1.6 sample color configuration
)
Package color Info: Driver file: pdftex.def on input line 147.
)
Package hyperref Info: Option `colorlinks' set `true' on input line 31.
\c@definition=\count140
 (Report20200708.aux)
\openout1 = `Report20200708.aux'.

LaTeX Font Info:    Checking defaults for OML/cmm/m/it on input line 54.
LaTeX Font Info:    ... okay on input line 54.
LaTeX Font Info:    Checking defaults for T1/cmr/m/n on input line 54.
LaTeX Font Info:    ... okay on input line 54.
LaTeX Font Info:    Checking defaults for OT1/cmr/m/n on input line 54.
LaTeX Font Info:    ... okay on input line 54.
LaTeX Font Info:    Checking defaults for OMS/cmsy/m/n on input line 54.
LaTeX Font Info:    ... okay on input line 54.
LaTeX Font Info:    Checking defaults for OMX/cmex/m/n on input line 54.
LaTeX Font Info:    ... okay on input line 54.
LaTeX Font Info:    Checking defaults for U/cmr/m/n on input line 54.
LaTeX Font Info:    ... okay on input line 54.
LaTeX Font Info:    Checking defaults for PD1/pdf/m/n on input line 54.
LaTeX Font Info:    ... okay on input line 54.
Package caption Info: Begin \AtBeginDocument code.
Package caption Info: hyperref package is loaded.
Package caption Info: listings package is loaded.
Package caption Info: End \AtBeginDocument code.

("C:\Users\s1452504\AppData\Local\Programs\MiKTeX 2.9\tex/context/base\supp-pdf
.mkii"
[Loading MPS to PDF converter (version 2006.09.02).]
\scratchcounter=\count141
\scratchdimen=\dimen148
\scratchbox=\box33
\nofMPsegments=\count142
\nofMParguments=\count143
\everyMPshowfont=\toks32
\MPscratchCnt=\count144
\MPscratchDim=\dimen149
\MPnumerator=\count145
\makeMPintoPDFobject=\count146
\everyMPtoPDFconversion=\toks33
)
("C:\Users\s1452504\AppData\Local\Programs\MiKTeX 2.9\tex/latex/oberdiek\epstop
df-base.sty"
Package: epstopdf-base 2016/05/15 v2.6 Base part for package epstopdf

("C:\Users\s1452504\AppData\Local\Programs\MiKTeX 2.9\tex/latex/oberdiek\grfext
.sty"
Package: grfext 2016/05/16 v1.2 Manage graphics extensions (HO)
)
Package epstopdf-base Info: Redefining graphics rule for `.eps' on input line 4
38.
Package grfext Info: Graphics extension search list:
(grfext)             [.pdf,.png,.jpg,.mps,.jpeg,.jbig2,.jb2,.PDF,.PNG,.JPG,.JPE
G,.JBIG2,.JB2,.eps]
(grfext)             \AppendGraphicsExtensions on input line 456.
)
\AtBeginShipoutBox=\box34
Package hyperref Info: Link coloring ON on input line 54.

("C:\Users\s1452504\AppData\Local\Programs\MiKTeX 2.9\tex/latex/hyperref\namere
f.sty"
Package: nameref 2016/05/21 v2.44 Cross-referencing by name of section

("C:\Users\s1452504\AppData\Local\Programs\MiKTeX 2.9\tex/generic/oberdiek\gett
itlestring.sty"
Package: gettitlestring 2016/05/16 v1.5 Cleanup title references (HO)
)
\c@section@level=\count147
)
LaTeX Info: Redefining \ref on input line 54.
LaTeX Info: Redefining \pageref on input line 54.
LaTeX Info: Redefining \nameref on input line 54.
 (Report20200708.out) (Report20200708.out)
\@outlinefile=\write3
\openout3 = `Report20200708.out'.


*geometry* driver: auto-detecting
*geometry* detected driver: pdftex
*geometry* verbose mode - [ preamble ] result:
* driver: pdftex
* paper: a4paper
* layout: <same size as paper>
* layoutoffset:(h,v)=(0.0pt,0.0pt)
* modes: includehead includefoot 
* h-part:(L,W,R)=(72.26999pt, 452.9679pt, 72.26999pt)
* v-part:(T,H,B)=(72.26999pt, 700.50687pt, 72.26999pt)
* \paperwidth=597.50787pt
* \paperheight=845.04684pt
* \textwidth=452.9679pt
* \textheight=633.50687pt
* \oddsidemargin=0.0pt
* \evensidemargin=0.0pt
* \topmargin=0.0pt
* \headheight=12.0pt
* \headsep=25.0pt
* \topskip=11.0pt
* \footskip=30.0pt
* \marginparwidth=50.0pt
* \marginparsep=10.0pt
* \columnsep=10.0pt
* \skip\footins=10.0pt plus 4.0pt minus 2.0pt
* \hoffset=0.0pt
* \voffset=0.0pt
* \mag=1000
* \@twocolumnfalse
* \@twosidefalse
* \@mparswitchfalse
* \@reversemarginfalse
* (1in=72.27pt=25.4mm, 1cm=28.453pt)

\c@lstlisting=\count148
LaTeX Font Info:    Try loading font information for U+msa on input line 59.

("C:\Users\s1452504\AppData\Local\Programs\MiKTeX 2.9\tex/latex/amsfonts\umsa.f
d"
File: umsa.fd 2013/01/14 v3.01 AMS symbols A
)
LaTeX Font Info:    Try loading font information for U+msb on input line 59.

("C:\Users\s1452504\AppData\Local\Programs\MiKTeX 2.9\tex/latex/amsfonts\umsb.f
d"
File: umsb.fd 2013/01/14 v3.01 AMS symbols B
)
Underfull \hbox (badness 10000) in paragraph at lines 55--70

 []

LaTeX Font Info:    Try loading font information for OMS+cmr on input line 82.
("C:\Users\s1452504\AppData\Local\Programs\MiKTeX 2.9\tex/latex/base\omscmr.fd"
File: omscmr.fd 2014/09/29 v2.5h Standard LaTeX font definitions
)
LaTeX Font Info:    Font shape `OMS/cmr/m/n' in size <10.95> not available
(Font)              Font shape `OMS/cmsy/m/n' tried instead on input line 82.
 [1

{C:/Users/s1452504/AppData/Local/MiKTeX/2.9/pdftex/config/pdftex.map}]
<Images/rho1.png, id=61, 632.3625pt x 474.27188pt>
File: Images/rho1.png Graphic file (type png)
<use Images/rho1.png>
Package pdftex.def Info: Images/rho1.png  used on input line 126.
(pdftex.def)             Requested size: 227.62204pt x 170.71603pt.
<Images/v1.png, id=62, 632.3625pt x 474.27188pt>
File: Images/v1.png Graphic file (type png)
<use Images/v1.png>
Package pdftex.def Info: Images/v1.png  used on input line 127.
(pdftex.def)             Requested size: 227.62204pt x 170.71603pt.

Overfull \hbox (4.70952pt too wide) in paragraph at lines 126--128
[][] [] 
 []

<Images/rho2.png, id=63, 632.3625pt x 462.22687pt>
File: Images/rho2.png Graphic file (type png)
<use Images/rho2.png>
Package pdftex.def Info: Images/rho2.png  used on input line 132.
(pdftex.def)             Requested size: 227.62204pt x 166.38039pt.
<Images/v2.png, id=64, 632.3625pt x 474.27188pt>
File: Images/v2.png Graphic file (type png)
<use Images/v2.png>
Package pdftex.def Info: Images/v2.png  used on input line 133.
(pdftex.def)             Requested size: 227.62204pt x 170.71603pt.

Overfull \hbox (4.70952pt too wide) in paragraph at lines 132--134
[][] [] 
 []

<Images/rho3.png, id=65, 632.3625pt x 474.27188pt>
File: Images/rho3.png Graphic file (type png)
<use Images/rho3.png>
Package pdftex.def Info: Images/rho3.png  used on input line 138.
(pdftex.def)             Requested size: 227.62204pt x 170.71603pt.
<Images/v3.png, id=66, 632.3625pt x 474.27188pt>
File: Images/v3.png Graphic file (type png)
<use Images/v3.png>
Package pdftex.def Info: Images/v3.png  used on input line 139.
(pdftex.def)             Requested size: 227.62204pt x 170.71603pt.

Overfull \hbox (4.70952pt too wide) in paragraph at lines 138--140
[][] [] 
 []

<Images/rho4.png, id=67, 632.3625pt x 467.49657pt>
File: Images/rho4.png Graphic file (type png)
<use Images/rho4.png>
Package pdftex.def Info: Images/rho4.png  used on input line 145.
(pdftex.def)             Requested size: 227.62204pt x 168.27724pt.
<Images/v4.png, id=68, 632.3625pt x 474.27188pt>
File: Images/v4.png Graphic file (type png)
<use Images/v4.png>
Package pdftex.def Info: Images/v4.png  used on input line 146.
(pdftex.def)             Requested size: 227.62204pt x 170.71603pt.

Overfull \hbox (4.70952pt too wide) in paragraph at lines 145--147
[][] [] 
 []

<Images/rho5.png, id=69, 632.3625pt x 474.27188pt>
File: Images/rho5.png Graphic file (type png)
<use Images/rho5.png>
Package pdftex.def Info: Images/rho5.png  used on input line 151.
(pdftex.def)             Requested size: 227.62204pt x 170.71603pt.
<Images/v5.png, id=70, 632.3625pt x 474.27188pt>
File: Images/v5.png Graphic file (type png)
<use Images/v5.png>
Package pdftex.def Info: Images/v5.png  used on input line 152.
(pdftex.def)             Requested size: 227.62204pt x 170.71603pt.

Overfull \hbox (4.70952pt too wide) in paragraph at lines 151--153
[][] [] 
 []

<Images/rho6.png, id=71, 632.3625pt x 474.27188pt>
File: Images/rho6.png Graphic file (type png)
<use Images/rho6.png>
Package pdftex.def Info: Images/rho6.png  used on input line 157.
(pdftex.def)             Requested size: 227.62204pt x 170.71603pt.
<Images/v6.png, id=72, 632.3625pt x 474.27188pt>
File: Images/v6.png Graphic file (type png)
<use Images/v6.png>
Package pdftex.def Info: Images/v6.png  used on input line 158.
(pdftex.def)             Requested size: 227.62204pt x 170.71603pt.

Overfull \hbox (4.70952pt too wide) in paragraph at lines 157--159
[][] [] 
 []

<Images/rho7.png, id=74, 632.3625pt x 463.7325pt>
File: Images/rho7.png Graphic file (type png)
<use Images/rho7.png>
Package pdftex.def Info: Images/rho7.png  used on input line 172.
(pdftex.def)             Requested size: 227.62204pt x 166.92233pt.
<Images/v7.png, id=75, 632.3625pt x 474.27188pt>
File: Images/v7.png Graphic file (type png)
<use Images/v7.png>
Package pdftex.def Info: Images/v7.png  used on input line 173.
(pdftex.def)             Requested size: 227.62204pt x 170.71603pt.

Overfull \hbox (4.70952pt too wide) in paragraph at lines 172--174
[][] [] 
 []

pdfTeX warning (ext4): destination with the same identifier (name{page.}) has b
een already used, duplicate ignored
<to be read again> 
                   \relax 
l.176 \end{figure}
                   [2]pdfTeX warning (ext4): destination with the same identifi
er (name{page.}) has been already used, duplicate ignored
<to be read again> 
                   \relax 
l.176 \end{figure}
                   [3 <./Images/rho1.png (PNG copy)> <./Images/v1.png (PNG copy
)> <./Images/rho2.png (PNG copy)> <./Images/v2.png (PNG copy)> <./Images/rho3.p
ng (PNG copy)> <./Images/v3.png (PNG copy)>]pdfTeX warning (ext4): destination 
with the same identifier (name{page.}) has been already used, duplicate ignored

<to be read again> 
                   \relax 
l.176 \end{figure}
                   [4 <./Images/rho4.png (PNG copy)> <./Images/v4.png (PNG copy
)> <./Images/rho5.png (PNG copy)> <./Images/v5.png (PNG copy)> <./Images/rho6.p
ng (PNG copy)> <./Images/v6.png (PNG copy)>]pdfTeX warning (ext4): destination 
with the same identifier (name{page.}) has been already used, duplicate ignored

<to be read again> 
                   \relax 
l.197 \end{align*}
                   [5 <./Images/rho7.png (PNG copy)> <./Images/v7.png (PNG copy
)>]
<Images/rhoHat1.png, id=101, 632.3625pt x 474.27188pt>
File: Images/rhoHat1.png Graphic file (type png)
<use Images/rhoHat1.png>
Package pdftex.def Info: Images/rhoHat1.png  used on input line 224.
(pdftex.def)             Requested size: 199.16928pt x 149.37471pt.
<Images/vHat1.png, id=102, 632.3625pt x 474.27188pt>
File: Images/vHat1.png Graphic file (type png)
<use Images/vHat1.png>
Package pdftex.def Info: Images/vHat1.png  used on input line 225.
(pdftex.def)             Requested size: 199.16928pt x 149.37471pt.
<Images/FWrho1.png, id=103, 632.3625pt x 474.27188pt>
File: Images/FWrho1.png Graphic file (type png)
<use Images/FWrho1.png>
Package pdftex.def Info: Images/FWrho1.png  used on input line 226.
(pdftex.def)             Requested size: 142.26378pt x 106.6921pt.
<Images/FWv1.png, id=104, 632.3625pt x 474.27188pt>
File: Images/FWv1.png Graphic file (type png)
<use Images/FWv1.png>
Package pdftex.def Info: Images/FWv1.png  used on input line 227.
(pdftex.def)             Requested size: 142.26378pt x 106.6921pt.
<Images/FWCont1.png, id=105, 632.3625pt x 474.27188pt>
File: Images/FWCont1.png Graphic file (type png)
<use Images/FWCont1.png>
Package pdftex.def Info: Images/FWCont1.png  used on input line 228.
(pdftex.def)             Requested size: 142.26378pt x 106.6921pt.
<Images/Optrho1.png, id=106, 632.3625pt x 474.27188pt>
File: Images/Optrho1.png Graphic file (type png)
<use Images/Optrho1.png>
Package pdftex.def Info: Images/Optrho1.png  used on input line 229.
(pdftex.def)             Requested size: 142.26378pt x 106.6921pt.
<Images/Optv1.png, id=107, 632.3625pt x 474.27188pt>
File: Images/Optv1.png Graphic file (type png)
<use Images/Optv1.png>
Package pdftex.def Info: Images/Optv1.png  used on input line 230.
(pdftex.def)             Requested size: 142.26378pt x 106.6921pt.
<Images/OptCont1.png, id=108, 632.3625pt x 474.27188pt>
File: Images/OptCont1.png Graphic file (type png)
<use Images/OptCont1.png>
Package pdftex.def Info: Images/OptCont1.png  used on input line 231.
(pdftex.def)             Requested size: 142.26378pt x 106.6921pt.
<Images/FWrho3.png, id=110, 632.3625pt x 474.27188pt>
File: Images/FWrho3.png Graphic file (type png)
<use Images/FWrho3.png>
Package pdftex.def Info: Images/FWrho3.png  used on input line 239.
(pdftex.def)             Requested size: 142.26378pt x 106.6921pt.
<Images/FWv3.png, id=111, 632.3625pt x 474.27188pt>
File: Images/FWv3.png Graphic file (type png)
<use Images/FWv3.png>
Package pdftex.def Info: Images/FWv3.png  used on input line 240.
(pdftex.def)             Requested size: 142.26378pt x 106.6921pt.
<Images/FWCont3.png, id=112, 632.3625pt x 474.27188pt>
File: Images/FWCont3.png Graphic file (type png)
<use Images/FWCont3.png>
Package pdftex.def Info: Images/FWCont3.png  used on input line 241.
(pdftex.def)             Requested size: 142.26378pt x 106.6921pt.
<Images/Optrho3.png, id=113, 632.3625pt x 474.27188pt>
File: Images/Optrho3.png Graphic file (type png)
<use Images/Optrho3.png>
Package pdftex.def Info: Images/Optrho3.png  used on input line 242.
(pdftex.def)             Requested size: 142.26378pt x 106.6921pt.
<Images/Optv3.png, id=114, 632.3625pt x 474.27188pt>
File: Images/Optv3.png Graphic file (type png)
<use Images/Optv3.png>
Package pdftex.def Info: Images/Optv3.png  used on input line 243.
(pdftex.def)             Requested size: 142.26378pt x 106.6921pt.
<Images/OptCont3.png, id=115, 632.3625pt x 474.27188pt>
File: Images/OptCont3.png Graphic file (type png)
<use Images/OptCont3.png>
Package pdftex.def Info: Images/OptCont3.png  used on input line 244.
(pdftex.def)             Requested size: 142.26378pt x 106.6921pt.
<Images/Optrho4.png, id=117, 632.3625pt x 474.27188pt>
File: Images/Optrho4.png Graphic file (type png)
<use Images/Optrho4.png>
Package pdftex.def Info: Images/Optrho4.png  used on input line 250.
(pdftex.def)             Requested size: 142.26378pt x 106.6921pt.
<Images/Optv4.png, id=118, 632.3625pt x 474.27188pt>
File: Images/Optv4.png Graphic file (type png)
<use Images/Optv4.png>
Package pdftex.def Info: Images/Optv4.png  used on input line 251.
(pdftex.def)             Requested size: 142.26378pt x 106.6921pt.
<Images/OptCont4.png, id=119, 632.3625pt x 474.27188pt>
File: Images/OptCont4.png Graphic file (type png)
<use Images/OptCont4.png>
Package pdftex.def Info: Images/OptCont4.png  used on input line 252.
(pdftex.def)             Requested size: 142.26378pt x 106.6921pt.
pdfTeX warning (ext4): destination with the same identifier (name{page.}) has b
een already used, duplicate ignored
<to be read again> 
                   \relax 
l.257 \subsection
                 {Change $\nabla V^{ext}$} [6]pdfTeX warning (ext4): destinatio
n with the same identifier (name{page.}) has been already used, duplicate ignor
ed
<to be read again> 
                   \relax 
l.257 \subsection
                 {Change $\nabla V^{ext}$} [7 <./Images/rhoHat1.png (PNG copy)>
 <./Images/vHat1.png (PNG copy)> <./Images/FWrho1.png (PNG copy)> <./Images/FWv
1.png (PNG copy)> <./Images/FWCont1.png (PNG copy)> <./Images/Optrho1.png (PNG 
copy)> <./Images/Optv1.png (PNG copy)> <./Images/OptCont1.png (PNG copy)>]pdfTe
X warning (ext4): destination with the same identifier (name{page.}) has been a
lready used, duplicate ignored
<to be read again> 
                   \relax 
l.257 \subsection
                 {Change $\nabla V^{ext}$} [8 <./Images/FWrho3.png (PNG copy)> 
<./Images/FWv3.png (PNG copy)> <./Images/FWCont3.png (PNG copy)> <./Images/Optr
ho3.png (PNG copy)> <./Images/Optv3.png (PNG copy)> <./Images/OptCont3.png (PNG
 copy)> <./Images/Optrho4.png (PNG copy)> <./Images/Optv4.png (PNG copy)> <./Im
ages/OptCont4.png (PNG copy)>]

Package hyperref Warning: Token not allowed in a PDF string (PDFDocEncoding):
(hyperref)                removing `math shift' on input line 257.


Package hyperref Warning: Token not allowed in a PDF string (PDFDocEncoding):
(hyperref)                removing `\nabla' on input line 257.


Package hyperref Warning: Token not allowed in a PDF string (PDFDocEncoding):
(hyperref)                removing `superscript' on input line 257.


Package hyperref Warning: Token not allowed in a PDF string (PDFDocEncoding):
(hyperref)                removing `math shift' on input line 257.

pdfTeX warning (ext4): destination with the same identifier (name{page.}) has b
een already used, duplicate ignored
<to be read again> 
                   \relax 
l.293 \end{align*}
                   [9]
<Images/FWrho4.png, id=138, 632.3625pt x 474.27188pt>
File: Images/FWrho4.png Graphic file (type png)
<use Images/FWrho4.png>
Package pdftex.def Info: Images/FWrho4.png  used on input line 313.
(pdftex.def)             Requested size: 142.26378pt x 106.6921pt.
<Images/FWv4.png, id=139, 632.3625pt x 474.27188pt>
File: Images/FWv4.png Graphic file (type png)
<use Images/FWv4.png>
Package pdftex.def Info: Images/FWv4.png  used on input line 314.
(pdftex.def)             Requested size: 142.26378pt x 106.6921pt.
<Images/FWCont4.png, id=140, 632.3625pt x 474.27188pt>
File: Images/FWCont4.png Graphic file (type png)
<use Images/FWCont4.png>
Package pdftex.def Info: Images/FWCont4.png  used on input line 315.
(pdftex.def)             Requested size: 142.26378pt x 106.6921pt.
<Images/Optrho5.png, id=141, 632.3625pt x 474.27188pt>
File: Images/Optrho5.png Graphic file (type png)
<use Images/Optrho5.png>
Package pdftex.def Info: Images/Optrho5.png  used on input line 316.
(pdftex.def)             Requested size: 142.26378pt x 106.6921pt.
<Images/Optv5.png, id=142, 632.3625pt x 474.27188pt>
File: Images/Optv5.png Graphic file (type png)
<use Images/Optv5.png>
Package pdftex.def Info: Images/Optv5.png  used on input line 317.
(pdftex.def)             Requested size: 142.26378pt x 106.6921pt.
<Images/OptCont5.png, id=143, 632.3625pt x 474.27188pt>
File: Images/OptCont5.png Graphic file (type png)
<use Images/OptCont5.png>
Package pdftex.def Info: Images/OptCont5.png  used on input line 318.
(pdftex.def)             Requested size: 142.26378pt x 106.6921pt.
<Images/FWrho6.png, id=145, 632.3625pt x 474.27188pt>
File: Images/FWrho6.png Graphic file (type png)
<use Images/FWrho6.png>
Package pdftex.def Info: Images/FWrho6.png  used on input line 325.
(pdftex.def)             Requested size: 142.26378pt x 106.6921pt.
<Images/FWv6.png, id=146, 632.3625pt x 474.27188pt>
File: Images/FWv6.png Graphic file (type png)
<use Images/FWv6.png>
Package pdftex.def Info: Images/FWv6.png  used on input line 326.
(pdftex.def)             Requested size: 142.26378pt x 106.6921pt.
<Images/FWCont6.png, id=147, 632.3625pt x 474.27188pt>
File: Images/FWCont6.png Graphic file (type png)
<use Images/FWCont6.png>
Package pdftex.def Info: Images/FWCont6.png  used on input line 327.
(pdftex.def)             Requested size: 142.26378pt x 106.6921pt.
<Images/Optrho6.png, id=148, 632.3625pt x 474.27188pt>
File: Images/Optrho6.png Graphic file (type png)
<use Images/Optrho6.png>
Package pdftex.def Info: Images/Optrho6.png  used on input line 328.
(pdftex.def)             Requested size: 142.26378pt x 106.6921pt.
<Images/Optv6.png, id=149, 632.3625pt x 474.27188pt>
File: Images/Optv6.png Graphic file (type png)
<use Images/Optv6.png>
Package pdftex.def Info: Images/Optv6.png  used on input line 329.
(pdftex.def)             Requested size: 142.26378pt x 106.6921pt.
<Images/OptCont6.png, id=150, 632.3625pt x 474.27188pt>
File: Images/OptCont6.png Graphic file (type png)
<use Images/OptCont6.png>
Package pdftex.def Info: Images/OptCont6.png  used on input line 330.
(pdftex.def)             Requested size: 142.26378pt x 106.6921pt.


Package caption Warning: Unused \captionsetup[sub] on input line 23.
See the caption package documentation for explanation.

Package atveryend Info: Empty hook `BeforeClearDocument' on input line 338.
pdfTeX warning (ext4): destination with the same identifier (name{page.}) has b
een already used, duplicate ignored
<to be read again> 
                   \relax 
l.338 \end{document}
                     [10]pdfTeX warning (ext4): destination with the same ident
ifier (name{page.}) has been already used, duplicate ignored
<to be read again> 
                   \relax 
l.338 \end{document}
                     [11 <./Images/FWrho4.png (PNG copy)> <./Images/FWv4.png (P
NG copy)> <./Images/FWCont4.png (PNG copy)> <./Images/Optrho5.png (PNG copy)> <
./Images/Optv5.png (PNG copy)> <./Images/OptCont5.png (PNG copy)> <./Images/FWr
ho6.png (PNG copy)> <./Images/FWv6.png (PNG copy)> <./Images/FWCont6.png (PNG c
opy)> <./Images/Optrho6.png (PNG copy)> <./Images/Optv6.png (PNG copy)> <./Imag
es/OptCont6.png (PNG copy)>]
Package atveryend Info: Empty hook `AfterLastShipout' on input line 338.
 (Report20200708.aux)
Package atveryend Info: Executing hook `AtVeryEndDocument' on input line 338.
Package atveryend Info: Executing hook `AtEndAfterFileList' on input line 338.
Package rerunfilecheck Info: File `Report20200708.out' has not changed.
(rerunfilecheck)             Checksum: D190819907DCCCBFCA1F88E96C221BD1;748.
Package atveryend Info: Empty hook `AtVeryVeryEnd' on input line 338.
 ) 
Here is how much of TeX's memory you used:
 10603 strings out of 492946
 160602 string characters out of 3124935
 269589 words of memory out of 3000000
 14319 multiletter control sequences out of 15000+200000
 11674 words of font info for 44 fonts, out of 3000000 for 9000
 1141 hyphenation exceptions out of 8191
 42i,12n,43p,420b,393s stack positions out of 5000i,500n,10000p,200000b,50000s
<C:/Users/s1452504/AppData/Local/Programs/MiKTeX 2.9/fonts/type1/public/amsfo
nts/cm/cmbx10.pfb><C:/Users/s1452504/AppData/Local/Programs/MiKTeX 2.9/fonts/ty
pe1/public/amsfonts/cm/cmbx12.pfb><C:/Users/s1452504/AppData/Local/Programs/MiK
TeX 2.9/fonts/type1/public/amsfonts/cm/cmbx8.pfb><C:/Users/s1452504/AppData/Loc
al/Programs/MiKTeX 2.9/fonts/type1/public/amsfonts/cm/cmex10.pfb><C:/Users/s145
2504/AppData/Local/Programs/MiKTeX 2.9/fonts/type1/public/amsfonts/cm/cmmi10.pf
b><C:/Users/s1452504/AppData/Local/Programs/MiKTeX 2.9/fonts/type1/public/amsfo
nts/cm/cmmi12.pfb><C:/Users/s1452504/AppData/Local/Programs/MiKTeX 2.9/fonts/ty
pe1/public/amsfonts/cm/cmmi6.pfb><C:/Users/s1452504/AppData/Local/Programs/MiKT
eX 2.9/fonts/type1/public/amsfonts/cm/cmmi8.pfb><C:/Users/s1452504/AppData/Loca
l/Programs/MiKTeX 2.9/fonts/type1/public/amsfonts/cm/cmr10.pfb><C:/Users/s14525
04/AppData/Local/Programs/MiKTeX 2.9/fonts/type1/public/amsfonts/cm/cmr6.pfb><C
:/Users/s1452504/AppData/Local/Programs/MiKTeX 2.9/fonts/type1/public/amsfonts/
cm/cmr8.pfb><C:/Users/s1452504/AppData/Local/Programs/MiKTeX 2.9/fonts/type1/pu
blic/amsfonts/cm/cmsy10.pfb><C:/Users/s1452504/AppData/Local/Programs/MiKTeX 2.
9/fonts/type1/public/amsfonts/cm/cmsy8.pfb>
Output written on Report20200708.pdf (11 pages, 3653923 bytes).
PDF statistics:
 207 PDF objects out of 1000 (max. 8388607)
 24 named destinations out of 1000 (max. 500000)
 296 words of extra memory for PDF output out of 10000 (max. 10000000)

