This is pdfTeX, Version 3.141592653-2.6-1.40.22 (MiKTeX 21.2) (preloaded format=pdflatex 2021.3.17)  23 MAR 2021 15:43
entering extended mode
**./SedimentationWriteUp.tex
(SedimentationWriteUp.tex
LaTeX2e <2020-10-01> patch level 4
L3 programming layer <2021-02-18> xparse <2020-03-03>
(C:\Users\biowe\AppData\Local\Programs\MiKTeX\tex/latex/base\article.cls
Document Class: article 2020/04/10 v1.4m Standard LaTeX document class
(C:\Users\biowe\AppData\Local\Programs\MiKTeX\tex/latex/base\size11.clo
File: size11.clo 2020/04/10 v1.4m Standard LaTeX file (size option)
)
\c@part=\count179
\c@section=\count180
\c@subsection=\count181
\c@subsubsection=\count182
\c@paragraph=\count183
\c@subparagraph=\count184
\c@figure=\count185
\c@table=\count186
\abovecaptionskip=\skip47
\belowcaptionskip=\skip48
\bibindent=\dimen138
)
(C:\Users\biowe\AppData\Local\Programs\MiKTeX\tex/latex/natbib\natbib.sty
Package: natbib 2010/09/13 8.31b (PWD, AO)
\bibhang=\skip49
\bibsep=\skip50
LaTeX Info: Redefining \cite on input line 694.
\c@NAT@ctr=\count187
)
(C:\Users\biowe\AppData\Local\Programs\MiKTeX\tex/latex/fancyhdr\fancyhdr.sty
Package: fancyhdr 2021/01/28 v4.0.1 Extensive control of page headers and foote
rs
\f@nch@headwidth=\skip51
\f@nch@O@elh=\skip52
\f@nch@O@erh=\skip53
\f@nch@O@olh=\skip54
\f@nch@O@orh=\skip55
\f@nch@O@elf=\skip56
\f@nch@O@erf=\skip57
\f@nch@O@olf=\skip58
\f@nch@O@orf=\skip59
)
(C:\Users\biowe\AppData\Local\Programs\MiKTeX\tex/latex/caption\subcaption.sty
Package: subcaption 2020/10/07 v1.3j Sub-captions (AR)

(C:\Users\biowe\AppData\Local\Programs\MiKTeX\tex/latex/caption\caption.sty
Package: caption 2020/10/26 v3.5g Customizing captions (AR)

(C:\Users\biowe\AppData\Local\Programs\MiKTeX\tex/latex/caption\caption3.sty
Package: caption3 2020/10/21 v2.2e caption3 kernel (AR)

(C:\Users\biowe\AppData\Local\Programs\MiKTeX\tex/latex/graphics\keyval.sty
Package: keyval 2014/10/28 v1.15 key=value parser (DPC)
\KV@toks@=\toks15
)
\captionmargin=\dimen139
\captionmargin@=\dimen140
\captionwidth=\dimen141
\caption@tempdima=\dimen142
\caption@indent=\dimen143
\caption@parindent=\dimen144
\caption@hangindent=\dimen145
Package caption Info: Standard document class detected.
)
\c@caption@flags=\count188
\c@continuedfloat=\count189
)
\c@subfigure=\count190
\c@subtable=\count191
) (C:\Users\biowe\AppData\Local\Programs\MiKTeX\tex/latex/graphics\graphicx.sty
Package: graphicx 2020/09/09 v1.2b Enhanced LaTeX Graphics (DPC,SPQR)

(C:\Users\biowe\AppData\Local\Programs\MiKTeX\tex/latex/graphics\graphics.sty
Package: graphics 2020/08/30 v1.4c Standard LaTeX Graphics (DPC,SPQR)

(C:\Users\biowe\AppData\Local\Programs\MiKTeX\tex/latex/graphics\trig.sty
Package: trig 2016/01/03 v1.10 sin cos tan (DPC)
)
(C:\Users\biowe\AppData\Local\Programs\MiKTeX\tex/latex/graphics-cfg\graphics.c
fg
File: graphics.cfg 2016/06/04 v1.11 sample graphics configuration
)
Package graphics Info: Driver file: pdftex.def on input line 105.

(C:\Users\biowe\AppData\Local\Programs\MiKTeX\tex/latex/graphics-def\pdftex.def
File: pdftex.def 2020/10/05 v1.2a Graphics/color driver for pdftex
))
\Gin@req@height=\dimen146
\Gin@req@width=\dimen147
)
(C:\Users\biowe\AppData\Local\Programs\MiKTeX\tex/latex/numprint\numprint.sty
Package: numprint 2012/08/20 v1.39 Print numbers (HH)

(C:\Users\biowe\AppData\Local\Programs\MiKTeX\tex/latex/latex-tools\array.sty
Package: array 2020/10/01 v2.5c Tabular extension package (FMi)
\col@sep=\dimen148
\ar@mcellbox=\box47
\extrarowheight=\dimen149
\NC@list=\toks16
\extratabsurround=\skip60
\backup@length=\skip61
\ar@cellbox=\box48
)
\c@nprt@mantissa@digitsbefore=\count192
\c@nprt@mantissa@digitsafter=\count193
\c@nprt@exponent@digitsbefore=\count194
\c@nprt@exponent@digitsafter=\count195
\nprt@digitwidth=\skip62
\nprt@sepwidth=\skip63
\nprt@decimalwidth=\skip64
\nprt@blockwidth=\skip65
\nprt@digittoks=\toks17
\nprt@pretoks=\toks18
\nprt@posttoks=\toks19
\nprt@thisdigit=\count196
\nprt@curpos=\count197
\nprt@rndpos=\count198
\c@nprt@digitsfirstblock=\count199
\c@nprt@blockcnt=\count266
\c@nprt@cntprint=\count267

No configuration file `numprint.cfg' found.)
(C:\Users\biowe\AppData\Local\Programs\MiKTeX\tex/latex/multirow\multirow.sty
Package: multirow 2021/01/29 v2.7 Span multiple rows of a table
\multirow@colwidth=\skip66
\multirow@cntb=\count268
\multirow@dima=\skip67
\bigstrutjot=\dimen150
)
(C:\Users\biowe\AppData\Local\Programs\MiKTeX\tex/latex/hyperref\hyperref.sty
Package: hyperref 2021-02-10 v7.00j Hypertext links for LaTeX

(C:\Users\biowe\AppData\Local\Programs\MiKTeX\tex/generic/ltxcmds\ltxcmds.sty
Package: ltxcmds 2020-05-10 v1.25 LaTeX kernel commands for general use (HO)
)
(C:\Users\biowe\AppData\Local\Programs\MiKTeX\tex/generic/iftex\iftex.sty
Package: iftex 2020/03/06 v1.0d TeX engine tests
)
(C:\Users\biowe\AppData\Local\Programs\MiKTeX\tex/generic/pdftexcmds\pdftexcmds
.sty
Package: pdftexcmds 2020-06-27 v0.33 Utility functions of pdfTeX for LuaTeX (HO
)

(C:\Users\biowe\AppData\Local\Programs\MiKTeX\tex/generic/infwarerr\infwarerr.s
ty
Package: infwarerr 2019/12/03 v1.5 Providing info/warning/error messages (HO)
)
Package pdftexcmds Info: \pdf@primitive is available.
Package pdftexcmds Info: \pdf@ifprimitive is available.
Package pdftexcmds Info: \pdfdraftmode found.
)
(C:\Users\biowe\AppData\Local\Programs\MiKTeX\tex/generic/kvsetkeys\kvsetkeys.s
ty
Package: kvsetkeys 2019/12/15 v1.18 Key value parser (HO)
)
(C:\Users\biowe\AppData\Local\Programs\MiKTeX\tex/generic/kvdefinekeys\kvdefine
keys.sty
Package: kvdefinekeys 2019-12-19 v1.6 Define keys (HO)
)
(C:\Users\biowe\AppData\Local\Programs\MiKTeX\tex/generic/pdfescape\pdfescape.s
ty
Package: pdfescape 2019/12/09 v1.15 Implements pdfTeX's escape features (HO)
) (C:\Users\biowe\AppData\Local\Programs\MiKTeX\tex/latex/hycolor\hycolor.sty
Package: hycolor 2020-01-27 v1.10 Color options for hyperref/bookmark (HO)
)
(C:\Users\biowe\AppData\Local\Programs\MiKTeX\tex/latex/letltxmacro\letltxmacro
.sty
Package: letltxmacro 2019/12/03 v1.6 Let assignment for LaTeX macros (HO)
)
(C:\Users\biowe\AppData\Local\Programs\MiKTeX\tex/latex/auxhook\auxhook.sty
Package: auxhook 2019-12-17 v1.6 Hooks for auxiliary files (HO)
)
(C:\Users\biowe\AppData\Local\Programs\MiKTeX\tex/latex/kvoptions\kvoptions.sty
Package: kvoptions 2020-10-07 v3.14 Key value format for package options (HO)
)
\@linkdim=\dimen151
\Hy@linkcounter=\count269
\Hy@pagecounter=\count270
 (C:\Users\biowe\AppData\Local\Programs\MiKTeX\tex/latex/hyperref\pd1enc.def
File: pd1enc.def 2021-02-10 v7.00j Hyperref: PDFDocEncoding definition (HO)
Now handling font encoding PD1 ...
... no UTF-8 mapping file for font encoding PD1
)
(C:\Users\biowe\AppData\Local\Programs\MiKTeX\tex/latex/hyperref\hyperref-langp
atches.def
File: hyperref-langpatches.def 2021-02-10 v7.00j Hyperref: patches for babel la
nguages
)
(C:\Users\biowe\AppData\Local\Programs\MiKTeX\tex/generic/intcalc\intcalc.sty
Package: intcalc 2019/12/15 v1.3 Expandable calculations with integers (HO)
)
(C:\Users\biowe\AppData\Local\Programs\MiKTeX\tex/generic/etexcmds\etexcmds.sty
Package: etexcmds 2019/12/15 v1.7 Avoid name clashes with e-TeX commands (HO)
)
\Hy@SavedSpaceFactor=\count271
 (C:\Users\biowe\AppData\Local\Programs\MiKTeX\tex/latex/hyperref\puenc.def
File: puenc.def 2021-02-10 v7.00j Hyperref: PDF Unicode definition (HO)
Now handling font encoding PU ...
... no UTF-8 mapping file for font encoding PU
)
Package hyperref Info: Hyper figures OFF on input line 4192.
Package hyperref Info: Link nesting OFF on input line 4197.
Package hyperref Info: Hyper index ON on input line 4200.
Package hyperref Info: Plain pages OFF on input line 4207.
Package hyperref Info: Backreferencing OFF on input line 4212.
Package hyperref Info: Implicit mode ON; LaTeX internals redefined.
Package hyperref Info: Bookmarks ON on input line 4445.
\c@Hy@tempcnt=\count272

(C:\Users\biowe\AppData\Local\Programs\MiKTeX\tex/latex/url\url.sty
\Urlmuskip=\muskip16
Package: url 2013/09/16  ver 3.4  Verb mode for urls, etc.
)
LaTeX Info: Redefining \url on input line 4804.
\XeTeXLinkMargin=\dimen152

(C:\Users\biowe\AppData\Local\Programs\MiKTeX\tex/generic/bitset\bitset.sty
Package: bitset 2019/12/09 v1.3 Handle bit-vector datatype (HO)

(C:\Users\biowe\AppData\Local\Programs\MiKTeX\tex/generic/bigintcalc\bigintcalc
.sty
Package: bigintcalc 2019/12/15 v1.5 Expandable calculations on big integers (HO
)
))
\Fld@menulength=\count273
\Field@Width=\dimen153
\Fld@charsize=\dimen154
Package hyperref Info: Hyper figures OFF on input line 6075.
Package hyperref Info: Link nesting OFF on input line 6080.
Package hyperref Info: Hyper index ON on input line 6083.
Package hyperref Info: backreferencing OFF on input line 6090.
Package hyperref Info: Link coloring OFF on input line 6095.
Package hyperref Info: Link coloring with OCG OFF on input line 6100.
Package hyperref Info: PDF/A mode OFF on input line 6105.
LaTeX Info: Redefining \ref on input line 6145.
LaTeX Info: Redefining \pageref on input line 6149.

(C:\Users\biowe\AppData\Local\Programs\MiKTeX\tex/latex/base\atbegshi-ltx.sty
Package: atbegshi-ltx 2020/08/17 v1.0a Emulation of the original atbegshi packa
ge
with kernel methods
)
\Hy@abspage=\count274
\c@Item=\count275
\c@Hfootnote=\count276
)
Package hyperref Info: Driver (autodetected): hpdftex.
(C:\Users\biowe\AppData\Local\Programs\MiKTeX\tex/latex/hyperref\hpdftex.def
File: hpdftex.def 2021-02-10 v7.00j Hyperref driver for pdfTeX

(C:\Users\biowe\AppData\Local\Programs\MiKTeX\tex/latex/base\atveryend-ltx.sty
Package: atveryend-ltx 2020/08/19 v1.0a Emulation of the original atvery packag
e
with kernel methods
)
\Fld@listcount=\count277
\c@bookmark@seq@number=\count278

(C:\Users\biowe\AppData\Local\Programs\MiKTeX\tex/latex/rerunfilecheck\rerunfil
echeck.sty
Package: rerunfilecheck 2019/12/05 v1.9 Rerun checks for auxiliary files (HO)

(C:\Users\biowe\AppData\Local\Programs\MiKTeX\tex/generic/uniquecounter\uniquec
ounter.sty
Package: uniquecounter 2019/12/15 v1.4 Provide unlimited unique counter (HO)
)
Package uniquecounter Info: New unique counter `rerunfilecheck' on input line 2
86.
)
\Hy@SectionHShift=\skip68
)
(C:\Users\biowe\AppData\Local\Programs\MiKTeX\tex/latex/amsmath\amsmath.sty
Package: amsmath 2020/09/23 v2.17i AMS math features
\@mathmargin=\skip69

For additional information on amsmath, use the `?' option.
(C:\Users\biowe\AppData\Local\Programs\MiKTeX\tex/latex/amsmath\amstext.sty
Package: amstext 2000/06/29 v2.01 AMS text

(C:\Users\biowe\AppData\Local\Programs\MiKTeX\tex/latex/amsmath\amsgen.sty
File: amsgen.sty 1999/11/30 v2.0 generic functions
\@emptytoks=\toks20
\ex@=\dimen155
))
(C:\Users\biowe\AppData\Local\Programs\MiKTeX\tex/latex/amsmath\amsbsy.sty
Package: amsbsy 1999/11/29 v1.2d Bold Symbols
\pmbraise@=\dimen156
)
(C:\Users\biowe\AppData\Local\Programs\MiKTeX\tex/latex/amsmath\amsopn.sty
Package: amsopn 2016/03/08 v2.02 operator names
)
\inf@bad=\count279
LaTeX Info: Redefining \frac on input line 234.
\uproot@=\count280
\leftroot@=\count281
LaTeX Info: Redefining \overline on input line 399.
\classnum@=\count282
\DOTSCASE@=\count283
LaTeX Info: Redefining \ldots on input line 496.
LaTeX Info: Redefining \dots on input line 499.
LaTeX Info: Redefining \cdots on input line 620.
\Mathstrutbox@=\box49
\strutbox@=\box50
\big@size=\dimen157
LaTeX Font Info:    Redeclaring font encoding OML on input line 743.
LaTeX Font Info:    Redeclaring font encoding OMS on input line 744.
\macc@depth=\count284
\c@MaxMatrixCols=\count285
\dotsspace@=\muskip17
\c@parentequation=\count286
\dspbrk@lvl=\count287
\tag@help=\toks21
\row@=\count288
\column@=\count289
\maxfields@=\count290
\andhelp@=\toks22
\eqnshift@=\dimen158
\alignsep@=\dimen159
\tagshift@=\dimen160
\tagwidth@=\dimen161
\totwidth@=\dimen162
\lineht@=\dimen163
\@envbody=\toks23
\multlinegap=\skip70
\multlinetaggap=\skip71
\mathdisplay@stack=\toks24
LaTeX Info: Redefining \[ on input line 2923.
LaTeX Info: Redefining \] on input line 2924.
)
(C:\Users\biowe\AppData\Local\Programs\MiKTeX\tex/latex/amsfonts\amsfonts.sty
Package: amsfonts 2013/01/14 v3.01 Basic AMSFonts support
\symAMSa=\mathgroup4
\symAMSb=\mathgroup5
LaTeX Font Info:    Redeclaring math symbol \hbar on input line 98.
LaTeX Font Info:    Overwriting math alphabet `\mathfrak' in version `bold'
(Font)                  U/euf/m/n --> U/euf/b/n on input line 106.
)
(C:\Users\biowe\AppData\Local\Programs\MiKTeX\tex/latex/amsfonts\amssymb.sty
Package: amssymb 2013/01/14 v3.01 AMS font symbols
)
(C:\Users\biowe\AppData\Local\Programs\MiKTeX\tex/latex/amscls\amsthm.sty
Package: amsthm 2020/05/29 v2.20.6
\thm@style=\toks25
\thm@bodyfont=\toks26
\thm@headfont=\toks27
\thm@notefont=\toks28
\thm@headpunct=\toks29
\thm@preskip=\skip72
\thm@postskip=\skip73
\thm@headsep=\skip74
\dth@everypar=\toks30
)
(C:\Users\biowe\AppData\Local\Programs\MiKTeX\tex/latex/mathtools\mathtools.sty
Package: mathtools 2020/03/24 v1.24 mathematical typesetting tools
(C:\Users\biowe\AppData\Local\Programs\MiKTeX\tex/latex/latex-tools\calc.sty
Package: calc 2017/05/25 v4.3 Infix arithmetic (KKT,FJ)
\calc@Acount=\count291
\calc@Bcount=\count292
\calc@Adimen=\dimen164
\calc@Bdimen=\dimen165
\calc@Askip=\skip75
\calc@Bskip=\skip76
LaTeX Info: Redefining \setlength on input line 80.
LaTeX Info: Redefining \addtolength on input line 81.
\calc@Ccount=\count293
\calc@Cskip=\skip77
)
(C:\Users\biowe\AppData\Local\Programs\MiKTeX\tex/latex/mathtools\mhsetup.sty
Package: mhsetup 2017/03/31 v1.3 programming setup (MH)
)
LaTeX Info: Thecontrolsequence`\('isalreadyrobust on input line 130.
LaTeX Info: Thecontrolsequence`\)'isalreadyrobust on input line 130.
LaTeX Info: Thecontrolsequence`\['isalreadyrobust on input line 130.
LaTeX Info: Thecontrolsequence`\]'isalreadyrobust on input line 130.
\g_MT_multlinerow_int=\count294
\l_MT_multwidth_dim=\dimen166
\origjot=\skip78
\l_MT_shortvdotswithinadjustabove_dim=\dimen167
\l_MT_shortvdotswithinadjustbelow_dim=\dimen168
\l_MT_above_intertext_sep=\dimen169
\l_MT_below_intertext_sep=\dimen170
\l_MT_above_shortintertext_sep=\dimen171
\l_MT_below_shortintertext_sep=\dimen172
\xmathstrut@box=\box51
\xmathstrut@dim=\dimen173
) (C:\Users\biowe\AppData\Local\Programs\MiKTeX\tex/latex/commath\commath.sty
(C:\Users\biowe\AppData\Local\Programs\MiKTeX\tex/latex/base\ifthen.sty
Package: ifthen 2014/09/29 v1.1c Standard LaTeX ifthen package (DPC)
))
(C:\Users\biowe\AppData\Local\Programs\MiKTeX\tex/latex/bbm\bbm.sty
Package: bbm 1999/03/15 V 1.2 provides fonts for set symbols - TH
LaTeX Font Info:    Overwriting math alphabet `\mathbbm' in version `bold'
(Font)                  U/bbm/m/n --> U/bbm/bx/n on input line 33.
LaTeX Font Info:    Overwriting math alphabet `\mathbbmss' in version `bold'
(Font)                  U/bbmss/m/n --> U/bbmss/bx/n on input line 35.
)
(C:\Users\biowe\AppData\Local\Programs\MiKTeX\tex/latex/geometry\geometry.sty
Package: geometry 2020/01/02 v5.9 Page Geometry

(C:\Users\biowe\AppData\Local\Programs\MiKTeX\tex/generic/iftex\ifvtex.sty
Package: ifvtex 2019/10/25 v1.7 ifvtex legacy package. Use iftex instead.
)
\Gm@cnth=\count295
\Gm@cntv=\count296
\c@Gm@tempcnt=\count297
\Gm@bindingoffset=\dimen174
\Gm@wd@mp=\dimen175
\Gm@odd@mp=\dimen176
\Gm@even@mp=\dimen177
\Gm@layoutwidth=\dimen178
\Gm@layoutheight=\dimen179
\Gm@layouthoffset=\dimen180
\Gm@layoutvoffset=\dimen181
\Gm@dimlist=\toks31

(C:\Users\biowe\AppData\Local\Programs\MiKTeX\tex/latex/geometry\geometry.cfg))
(C:\Users\biowe\AppData\Local\Programs\MiKTeX\tex/latex/listings\listings.sty
\lst@mode=\count298
\lst@gtempboxa=\box52
\lst@token=\toks32
\lst@length=\count299
\lst@currlwidth=\dimen182
\lst@column=\count300
\lst@pos=\count301
\lst@lostspace=\dimen183
\lst@width=\dimen184
\lst@newlines=\count302
\lst@lineno=\count303
\lst@maxwidth=\dimen185

(C:\Users\biowe\AppData\Local\Programs\MiKTeX\tex/latex/listings\lstmisc.sty
File: lstmisc.sty 2020/03/24 1.8d (Carsten Heinz)
\c@lstnumber=\count304
\lst@skipnumbers=\count305
\lst@framebox=\box53
)
(C:\Users\biowe\AppData\Local\Programs\MiKTeX\tex/latex/listings\listings.cfg
File: listings.cfg 2020/03/24 1.8d listings configuration
))
Package: listings 2020/03/24 1.8d (Carsten Heinz)
(C:\Users\biowe\AppData\Local\Programs\MiKTeX\tex/latex/graphics\color.sty
Package: color 2020/02/24 v1.2b Standard LaTeX Color (DPC)

(C:\Users\biowe\AppData\Local\Programs\MiKTeX\tex/latex/graphics-cfg\color.cfg
File: color.cfg 2016/01/02 v1.6 sample color configuration
)
Package color Info: Driver file: pdftex.def on input line 147.
)
Package hyperref Info: Option `colorlinks' set `true' on input line 32.
\c@definition=\count306

(C:\Users\biowe\AppData\Local\Programs\MiKTeX\tex/latex/l3backend\l3backend-pdf
tex.def
File: l3backend-pdftex.def 2021-02-18 L3 backend support: PDF output (pdfTeX)
\l__color_backend_stack_int=\count307
\l__pdf_internal_box=\box54
) (SedimentationWriteUp.aux)
\openout1 = `SedimentationWriteUp.aux'.

LaTeX Font Info:    Checking defaults for OML/cmm/m/it on input line 66.
LaTeX Font Info:    ... okay on input line 66.
LaTeX Font Info:    Checking defaults for OMS/cmsy/m/n on input line 66.
LaTeX Font Info:    ... okay on input line 66.
LaTeX Font Info:    Checking defaults for OT1/cmr/m/n on input line 66.
LaTeX Font Info:    ... okay on input line 66.
LaTeX Font Info:    Checking defaults for T1/cmr/m/n on input line 66.
LaTeX Font Info:    ... okay on input line 66.
LaTeX Font Info:    Checking defaults for TS1/cmr/m/n on input line 66.
LaTeX Font Info:    ... okay on input line 66.
LaTeX Font Info:    Checking defaults for OMX/cmex/m/n on input line 66.
LaTeX Font Info:    ... okay on input line 66.
LaTeX Font Info:    Checking defaults for U/cmr/m/n on input line 66.
LaTeX Font Info:    ... okay on input line 66.
LaTeX Font Info:    Checking defaults for PD1/pdf/m/n on input line 66.
LaTeX Font Info:    ... okay on input line 66.
LaTeX Font Info:    Checking defaults for PU/pdf/m/n on input line 66.
LaTeX Font Info:    ... okay on input line 66.
Package caption Info: Begin \AtBeginDocument code.
Package caption Info: hyperref package is loaded.
Package caption Info: listings package is loaded.
Package caption Info: End \AtBeginDocument code.

(C:\Users\biowe\AppData\Local\Programs\MiKTeX\tex/context/base/mkii\supp-pdf.mk
ii
[Loading MPS to PDF converter (version 2006.09.02).]
\scratchcounter=\count308
\scratchdimen=\dimen186
\scratchbox=\box55
\nofMPsegments=\count309
\nofMParguments=\count310
\everyMPshowfont=\toks33
\MPscratchCnt=\count311
\MPscratchDim=\dimen187
\MPnumerator=\count312
\makeMPintoPDFobject=\count313
\everyMPtoPDFconversion=\toks34
)
(C:\Users\biowe\AppData\Local\Programs\MiKTeX\tex/latex/epstopdf-pkg\epstopdf-b
ase.sty
Package: epstopdf-base 2020-01-24 v2.11 Base part for package epstopdf
Package epstopdf-base Info: Redefining graphics rule for `.eps' on input line 4
85.
)
Package hyperref Info: Link coloring ON on input line 66.

(C:\Users\biowe\AppData\Local\Programs\MiKTeX\tex/latex/hyperref\nameref.sty
Package: nameref 2021-04-02 v2.47 Cross-referencing by name of section

(C:\Users\biowe\AppData\Local\Programs\MiKTeX\tex/latex/refcount\refcount.sty
Package: refcount 2019/12/15 v3.6 Data extraction from label references (HO)
)
(C:\Users\biowe\AppData\Local\Programs\MiKTeX\tex/generic/gettitlestring\gettit
lestring.sty
Package: gettitlestring 2019/12/15 v1.6 Cleanup title references (HO)
)
\c@section@level=\count314
)
LaTeX Info: Redefining \ref on input line 66.
LaTeX Info: Redefining \pageref on input line 66.
LaTeX Info: Redefining \nameref on input line 66.
 (SedimentationWriteUp.out) (SedimentationWriteUp.out)
\@outlinefile=\write3
\openout3 = `SedimentationWriteUp.out'.


*geometry* driver: auto-detecting
*geometry* detected driver: pdftex
*geometry* verbose mode - [ preamble ] result:
* driver: pdftex
* paper: a4paper
* layout: <same size as paper>
* layoutoffset:(h,v)=(0.0pt,0.0pt)
* modes: includehead includefoot 
* h-part:(L,W,R)=(72.26999pt, 452.9679pt, 72.26999pt)
* v-part:(T,H,B)=(72.26999pt, 700.50687pt, 72.26999pt)
* \paperwidth=597.50787pt
* \paperheight=845.04684pt
* \textwidth=452.9679pt
* \textheight=633.50687pt
* \oddsidemargin=0.0pt
* \evensidemargin=0.0pt
* \topmargin=0.0pt
* \headheight=12.0pt
* \headsep=25.0pt
* \topskip=11.0pt
* \footskip=30.0pt
* \marginparwidth=50.0pt
* \marginparsep=10.0pt
* \columnsep=10.0pt
* \skip\footins=10.0pt plus 4.0pt minus 2.0pt
* \hoffset=0.0pt
* \voffset=0.0pt
* \mag=1000
* \@twocolumnfalse
* \@twosidefalse
* \@mparswitchfalse
* \@reversemarginfalse
* (1in=72.27pt=25.4mm, 1cm=28.453pt)

\c@lstlisting=\count315
LaTeX Font Info:    Trying to load font information for U+msa on input line 71.

(C:\Users\biowe\AppData\Local\Programs\MiKTeX\tex/latex/amsfonts\umsa.fd
File: umsa.fd 2013/01/14 v3.01 AMS symbols A
)
LaTeX Font Info:    Trying to load font information for U+msb on input line 71.


(C:\Users\biowe\AppData\Local\Programs\MiKTeX\tex/latex/amsfonts\umsb.fd
File: umsb.fd 2013/01/14 v3.01 AMS symbols B
)
[1

{C:/Users/biowe/AppData/Local/MiKTeX/pdftex/config/pdftex.map}] [2] [3]
[4] [5]
Overfull \hbox (63.55605pt too wide) detected at line 247
[]
 []


Overfull \hbox (63.55605pt too wide) detected at line 254
[]
 []


Overfull \hbox (61.2748pt too wide) detected at line 262
[]
 []

[6]
Overfull \hbox (15.41628pt too wide) detected at line 268
[]
 []


Overfull \hbox (60.19765pt too wide) detected at line 275
[]
 []

[7]
Overfull \hbox (59.96765pt too wide) detected at line 312
[]
 []


Overfull \hbox (22.8831pt too wide) detected at line 318
[]
 []

[8]
Overfull \hbox (36.55768pt too wide) detected at line 337
[]
 []

[9] [10]
Underfull \hbox (badness 10000) in paragraph at lines 397--406

 []

<Images//Plotrhobar0072.png, id=206, 2168.1pt x 1227.83719pt>
File: Images//Plotrhobar0072.png Graphic file (type png)
<use Images//Plotrhobar0072.png>
Package pdftex.def Info: Images//Plotrhobar0072.png  used on input line 410.
(pdftex.def)             Requested size: 433.61232pt x 245.56308pt.

LaTeX Warning: `h' float specifier changed to `ht'.

<Images//Plotrhobar02.png, id=207, 2168.1pt x 1227.83719pt>
File: Images//Plotrhobar02.png Graphic file (type png)
<use Images//Plotrhobar02.png>
Package pdftex.def Info: Images//Plotrhobar02.png  used on input line 416.
(pdftex.def)             Requested size: 433.61232pt x 245.56308pt.

LaTeX Warning: `h' float specifier changed to `ht'.

<Images//FW0072.png, id=210, 1445.4pt x 685.8122pt>
File: Images//FW0072.png Graphic file (type png)
<use Images//FW0072.png>
Package pdftex.def Info: Images//FW0072.png  used on input line 428.
(pdftex.def)             Requested size: 289.07487pt x 137.16pt.

LaTeX Warning: `h' float specifier changed to `ht'.

<Images//FW02.png, id=211, 1445.4pt x 685.8122pt>
File: Images//FW02.png Graphic file (type png)
<use Images//FW02.png>
Package pdftex.def Info: Images//FW02.png  used on input line 434.
(pdftex.def)             Requested size: 505.89758pt x 240.03786pt.

Overfull \hbox (52.92969pt too wide) in paragraph at lines 434--435
 [][] 
 []


LaTeX Warning: `h' float specifier changed to `ht'.

<Images//F11.png, id=215, 1445.4pt x 685.8122pt>
File: Images//F11.png Graphic file (type png)
<use Images//F11.png>
Package pdftex.def Info: Images//F11.png  used on input line 449.
(pdftex.def)             Requested size: 505.89758pt x 240.03786pt.

Overfull \hbox (52.92969pt too wide) in paragraph at lines 449--450
 [][] 
 []

<Images//F21.png, id=216, 1445.4pt x 685.8122pt>
File: Images//F21.png Graphic file (type png)
<use Images//F21.png>
Package pdftex.def Info: Images//F21.png  used on input line 455.
(pdftex.def)             Requested size: 505.89758pt x 240.03786pt.

Overfull \hbox (52.92969pt too wide) in paragraph at lines 455--456
 [][] 
 []

<Images//F31.png, id=217, 1445.4pt x 685.8122pt>
File: Images//F31.png Graphic file (type png)
<use Images//F31.png>
Package pdftex.def Info: Images//F31.png  used on input line 461.
(pdftex.def)             Requested size: 505.89758pt x 240.03786pt.

Overfull \hbox (52.92969pt too wide) in paragraph at lines 461--462
 [][] 
 []

[11]

LaTeX Warning: `h' float specifier changed to `ht'.


LaTeX Warning: `h' float specifier changed to `ht'.


LaTeX Warning: `h' float specifier changed to `ht'.

<Images//C1.png, id=230, 1445.4pt x 685.8122pt>
File: Images//C1.png Graphic file (type png)
<use Images//C1.png>
Package pdftex.def Info: Images//C1.png  used on input line 474.
(pdftex.def)             Requested size: 505.89758pt x 240.03786pt.

Overfull \hbox (52.92969pt too wide) in paragraph at lines 474--475
 [][] 
 []


LaTeX Warning: `h' float specifier changed to `ht'.

<Images//C2.png, id=231, 1445.4pt x 685.8122pt>
File: Images//C2.png Graphic file (type png)
<use Images//C2.png>
Package pdftex.def Info: Images//C2.png  used on input line 480.
(pdftex.def)             Requested size: 505.89758pt x 240.03786pt.

Overfull \hbox (52.92969pt too wide) in paragraph at lines 480--481
 [][] 
 []


LaTeX Warning: `h' float specifier changed to `ht'.

<Images//C3.png, id=232, 1445.4pt x 685.8122pt>
File: Images//C3.png Graphic file (type png)
<use Images//C3.png>
Package pdftex.def Info: Images//C3.png  used on input line 486.
(pdftex.def)             Requested size: 505.89758pt x 240.03786pt.

Overfull \hbox (52.92969pt too wide) in paragraph at lines 486--487
 [][] 
 []


LaTeX Warning: `h' float specifier changed to `ht'.

<Images//V1.png, id=234, 632.3625pt x 474.27188pt>
File: Images//V1.png Graphic file (type png)
<use Images//V1.png>
Package pdftex.def Info: Images//V1.png  used on input line 497.
(pdftex.def)             Requested size: 221.33018pt x 165.99763pt.
<Images//W1.png, id=235, 632.3625pt x 474.27188pt>
File: Images//W1.png Graphic file (type png)
<use Images//W1.png>
Package pdftex.def Info: Images//W1.png  used on input line 498.
(pdftex.def)             Requested size: 221.33018pt x 165.99763pt.

LaTeX Warning: `h' float specifier changed to `ht'.

<Images//MultiOpt1a.png, id=238, 1445.4pt x 685.8122pt>
File: Images//MultiOpt1a.png Graphic file (type png)
<use Images//MultiOpt1a.png>
Package pdftex.def Info: Images//MultiOpt1a.png  used on input line 511.
(pdftex.def)             Requested size: 505.89758pt x 240.03786pt.

Overfull \hbox (52.92969pt too wide) in paragraph at lines 511--512
 [][] 
 []

<Images//MultiCont1a.png, id=239, 1445.4pt x 685.8122pt>
File: Images//MultiCont1a.png Graphic file (type png)
<use Images//MultiCont1a.png>
Package pdftex.def Info: Images//MultiCont1a.png  used on input line 517.
(pdftex.def)             Requested size: 505.89758pt x 240.03786pt.

Overfull \hbox (52.92969pt too wide) in paragraph at lines 517--518
 [][] 
 []

<Images//MultiOpt2.png, id=242, 1445.4pt x 685.8122pt>
File: Images//MultiOpt2.png Graphic file (type png)
<use Images//MultiOpt2.png>
Package pdftex.def Info: Images//MultiOpt2.png  used on input line 526.
(pdftex.def)             Requested size: 505.89758pt x 240.03786pt.

Overfull \hbox (52.92969pt too wide) in paragraph at lines 526--527
 [][] 
 []

<Images//MultiCont2.png, id=243, 1445.4pt x 685.8122pt>
File: Images//MultiCont2.png Graphic file (type png)
<use Images//MultiCont2.png>
Package pdftex.def Info: Images//MultiCont2.png  used on input line 532.
(pdftex.def)             Requested size: 505.89758pt x 240.03786pt.

Overfull \hbox (52.92969pt too wide) in paragraph at lines 532--533
 [][] 
 []

<Images//MultiwFW.png, id=247, 1445.4pt x 685.8122pt>
File: Images//MultiwFW.png Graphic file (type png)
<use Images//MultiwFW.png>
Package pdftex.def Info: Images//MultiwFW.png  used on input line 542.
(pdftex.def)             Requested size: 505.89758pt x 240.03786pt.

Overfull \hbox (52.92969pt too wide) in paragraph at lines 542--543
 [][] 
 []

<Images//MultiOpt3.png, id=248, 1445.4pt x 685.8122pt>
File: Images//MultiOpt3.png Graphic file (type png)
<use Images//MultiOpt3.png>
Package pdftex.def Info: Images//MultiOpt3.png  used on input line 548.
(pdftex.def)             Requested size: 505.89758pt x 240.03786pt.

Overfull \hbox (52.92969pt too wide) in paragraph at lines 548--549
 [][] 
 []

<Images//MultiCont3.png, id=249, 1445.4pt x 685.8122pt>
File: Images//MultiCont3.png Graphic file (type png)
<use Images//MultiCont3.png>
Package pdftex.def Info: Images//MultiCont3.png  used on input line 554.
(pdftex.def)             Requested size: 505.89758pt x 240.03786pt.

Overfull \hbox (52.92969pt too wide) in paragraph at lines 554--555
 [][] 
 []


Underfull \hbox (badness 10000) in paragraph at lines 508--558

 []


Underfull \hbox (badness 10000) in paragraph at lines 508--558

 []

[12 <./Images//Plotrhobar0072.png (PNG copy)>]

LaTeX Warning: `h' float specifier changed to `ht'.


LaTeX Warning: `h' float specifier changed to `ht'.


LaTeX Warning: `h' float specifier changed to `ht'.


LaTeX Warning: `h' float specifier changed to `ht'.

[13 <./Images//Plotrhobar02.png (PNG copy)>]

LaTeX Warning: `h' float specifier changed to `ht'.


LaTeX Warning: `h' float specifier changed to `ht'.


LaTeX Warning: `h' float specifier changed to `ht'.

<Images//MultiOpt1.png, id=275, 1445.4pt x 685.8122pt>
File: Images//MultiOpt1.png Graphic file (type png)
<use Images//MultiOpt1.png>
Package pdftex.def Info: Images//MultiOpt1.png  used on input line 566.
(pdftex.def)             Requested size: 505.89758pt x 240.03786pt.

Overfull \hbox (52.92969pt too wide) in paragraph at lines 566--567
 [][] 
 []


LaTeX Warning: `h' float specifier changed to `ht'.

<Images//MultiCont1.png, id=276, 1445.4pt x 685.8122pt>
File: Images//MultiCont1.png Graphic file (type png)
<use Images//MultiCont1.png>
Package pdftex.def Info: Images//MultiCont1.png  used on input line 572.
(pdftex.def)             Requested size: 505.89758pt x 240.03786pt.

Overfull \hbox (52.92969pt too wide) in paragraph at lines 572--573
 [][] 
 []


LaTeX Warning: `h' float specifier changed to `ht'.

[14 <./Images//FW0072.png (PNG copy)>] (SedimentationWriteUp.bbl [15 <./Images/
/FW02.png (PNG copy)>] [16 <./Images//F11.png (PNG copy)>] [17 <./Images//F21.p
ng (PNG copy)>])

Package caption Warning: Unused \captionsetup[sub] on input line 24.
See the caption package documentation for explanation.

[18 <./Images//F31.png (PNG copy)>] [19 <./Images//C1.png (PNG copy)> <./Images
//C2.png (PNG copy)>] [20 <./Images//C3.png (PNG copy)> <./Images//V1.png (PNG 
copy)> <./Images//W1.png (PNG copy)>] [21 <./Images//MultiOpt1a.png (PNG copy)>
 <./Images//MultiCont1a.png (PNG copy)>] [22 <./Images//MultiOpt2.png (PNG copy
)> <./Images//MultiCont2.png (PNG copy)>] [23 <./Images//MultiwFW.png (PNG copy
)> <./Images//MultiOpt3.png (PNG copy)>] [24 <./Images//MultiCont3.png (PNG cop
y)> <./Images//MultiOpt1.png (PNG copy)>] [25 <./Images//MultiCont1.png (PNG co
py)>] (SedimentationWriteUp.aux)
Package rerunfilecheck Info: File `SedimentationWriteUp.out' has not changed.
(rerunfilecheck)             Checksum: 8FBCE3A73C9EA78577AEA7B02B62E7C7;4570.
 ) 
Here is how much of TeX's memory you used:
 13986 strings out of 479334
 212181 string characters out of 2857084
 536818 words of memory out of 3000000
 31137 multiletter control sequences out of 15000+200000
 410563 words of font info for 53 fonts, out of 3000000 for 9000
 1141 hyphenation exceptions out of 8191
 80i,12n,88p,840b,535s stack positions out of 5000i,500n,10000p,200000b,50000s
<C:/Users/biowe/AppData/Local/Programs/MiKTeX/fonts/type1/public/amsfonts/cm/
cmbx10.pfb><C:/Users/biowe/AppData/Local/Programs/MiKTeX/fonts/type1/public/ams
fonts/cm/cmbx12.pfb><C:/Users/biowe/AppData/Local/Programs/MiKTeX/fonts/type1/p
ublic/amsfonts/cm/cmbx8.pfb><C:/Users/biowe/AppData/Local/Programs/MiKTeX/fonts
/type1/public/amsfonts/cm/cmex10.pfb><C:/Users/biowe/AppData/Local/Programs/MiK
TeX/fonts/type1/public/amsfonts/cmextra/cmex8.pfb><C:/Users/biowe/AppData/Local
/Programs/MiKTeX/fonts/type1/public/amsfonts/cm/cmmi10.pfb><C:/Users/biowe/AppD
ata/Local/Programs/MiKTeX/fonts/type1/public/amsfonts/cm/cmmi6.pfb><C:/Users/bi
owe/AppData/Local/Programs/MiKTeX/fonts/type1/public/amsfonts/cm/cmmi8.pfb><C:/
Users/biowe/AppData/Local/Programs/MiKTeX/fonts/type1/public/amsfonts/cm/cmr10.
pfb><C:/Users/biowe/AppData/Local/Programs/MiKTeX/fonts/type1/public/amsfonts/c
m/cmr6.pfb><C:/Users/biowe/AppData/Local/Programs/MiKTeX/fonts/type1/public/ams
fonts/cm/cmr8.pfb><C:/Users/biowe/AppData/Local/Programs/MiKTeX/fonts/type1/pub
lic/amsfonts/cm/cmsy10.pfb><C:/Users/biowe/AppData/Local/Programs/MiKTeX/fonts/
type1/public/amsfonts/cm/cmsy6.pfb><C:/Users/biowe/AppData/Local/Programs/MiKTe
X/fonts/type1/public/amsfonts/cm/cmsy8.pfb><C:/Users/biowe/AppData/Local/Progra
ms/MiKTeX/fonts/type1/public/amsfonts/cm/cmti10.pfb>
Output written on SedimentationWriteUp.pdf (25 pages, 3657617 bytes).
PDF statistics:
 401 PDF objects out of 1000 (max. 8388607)
 96 named destinations out of 1000 (max. 500000)
 266 words of extra memory for PDF output out of 10000 (max. 10000000)

