\BOOKMARK [1][-]{section.1}{The Forward Model}{}% 1
\BOOKMARK [2][-]{subsection.1.1}{The Hard Disk Approximation}{section.1}% 2
\BOOKMARK [2][-]{subsection.1.2}{Deriving the equation of motion}{section.1}% 3
\BOOKMARK [1][-]{section.2}{Optimality Conditions}{}% 4
\BOOKMARK [2][-]{subsection.2.1}{Calculating Frech\351t Derivatives}{section.2}% 5
\BOOKMARK [2][-]{subsection.2.2}{Adjoint Equation}{section.2}% 6
\BOOKMARK [2][-]{subsection.2.3}{Frech\351t Derivatives for Boundary Terms}{section.2}% 7
\BOOKMARK [2][-]{subsection.2.4}{Boundary Terms}{section.2}% 8
\BOOKMARK [2][-]{subsection.2.5}{Time-Independent Control}{section.2}% 9
\BOOKMARK [2][-]{subsection.2.6}{Periodic Boundary Conditions}{section.2}% 10
\BOOKMARK [1][-]{section.3}{Numerical Results}{}% 11
\BOOKMARK [2][-]{subsection.3.1}{Replicating examples from the paper in a box with noflux BCs}{section.3}% 12
\BOOKMARK [2][-]{subsection.3.2}{Replicating examples from the paper in a periodic box}{section.3}% 13
\BOOKMARK [2][-]{subsection.3.3}{Optimization Problems}{section.3}% 14
\BOOKMARK [3][-]{subsubsection.3.3.1}{Optimization in a Box}{subsection.3.3}% 15
\BOOKMARK [3][-]{subsubsection.3.3.2}{Optimization in a Box - Time-Independent Control}{subsection.3.3}% 16
\BOOKMARK [3][-]{subsubsection.3.3.3}{Optimization in a Periodic Box}{subsection.3.3}% 17
\BOOKMARK [3][-]{subsubsection.3.3.4}{Optimization in a Periodic Box - Time-Independent Control}{subsection.3.3}% 18
\BOOKMARK [3][-]{subsubsection.3.3.5}{Optimization in a Multishape}{subsection.3.3}% 19
\BOOKMARK [3][-]{subsubsection.3.3.6}{Optimization in a Multishape - Time-Independent Control}{subsection.3.3}% 20
