This is pdfTeX, Version 3.14159265-2.6-1.40.20 (MiKTeX 2.9.6960 64-bit) (preloaded format=pdflatex 2019.3.1)  23 APR 2020 16:04
entering extended mode
**./Report23042020.tex
(Report23042020.tex
LaTeX2e <2018-12-01>

("C:\Users\s1452504\AppData\Local\Programs\MiKTeX 2.9\tex/latex/base\article.cl
s"
Document Class: article 2018/09/03 v1.4i Standard LaTeX document class
("C:\Users\s1452504\AppData\Local\Programs\MiKTeX 2.9\tex/latex/base\size11.clo
"
File: size11.clo 2018/09/03 v1.4i Standard LaTeX file (size option)
)
\c@part=\count80
\c@section=\count81
\c@subsection=\count82
\c@subsubsection=\count83
\c@paragraph=\count84
\c@subparagraph=\count85
\c@figure=\count86
\c@table=\count87
\abovecaptionskip=\skip41
\belowcaptionskip=\skip42
\bibindent=\dimen102
)
("C:\Users\s1452504\AppData\Local\Programs\MiKTeX 2.9\tex/latex/natbib\natbib.s
ty"
Package: natbib 2010/09/13 8.31b (PWD, AO)
\bibhang=\skip43
\bibsep=\skip44
LaTeX Info: Redefining \cite on input line 694.
\c@NAT@ctr=\count88
)
("C:\Users\s1452504\AppData\Local\Programs\MiKTeX 2.9\tex/latex/fancyhdr\fancyh
dr.sty"
Package: fancyhdr 2017/06/30 v3.9a Extensive control of page headers and footer
s
\f@nch@headwidth=\skip45
\f@nch@O@elh=\skip46
\f@nch@O@erh=\skip47
\f@nch@O@olh=\skip48
\f@nch@O@orh=\skip49
\f@nch@O@elf=\skip50
\f@nch@O@erf=\skip51
\f@nch@O@olf=\skip52
\f@nch@O@orf=\skip53
)
("C:\Users\s1452504\AppData\Local\Programs\MiKTeX 2.9\tex/latex/caption\subcapt
ion.sty"
Package: subcaption 2018/05/01 v1.1-162 Sub-captions (AR)

("C:\Users\s1452504\AppData\Local\Programs\MiKTeX 2.9\tex/latex/caption\caption
.sty"
Package: caption 2018/10/06 v3.3-154 Customizing captions (AR)

("C:\Users\s1452504\AppData\Local\Programs\MiKTeX 2.9\tex/latex/caption\caption
3.sty"
Package: caption3 2018/09/12 v1.8c caption3 kernel (AR)
Package caption3 Info: TeX engine: e-TeX on input line 64.

("C:\Users\s1452504\AppData\Local\Programs\MiKTeX 2.9\tex/latex/graphics\keyval
.sty"
Package: keyval 2014/10/28 v1.15 key=value parser (DPC)
\KV@toks@=\toks14
)
\captionmargin=\dimen103
\captionmargin@=\dimen104
\captionwidth=\dimen105
\caption@tempdima=\dimen106
\caption@indent=\dimen107
\caption@parindent=\dimen108
\caption@hangindent=\dimen109
)
\c@caption@flags=\count89
\c@ContinuedFloat=\count90
)
\c@subfigure=\count91
\c@subtable=\count92
)
("C:\Users\s1452504\AppData\Local\Programs\MiKTeX 2.9\tex/latex/graphics\graphi
cx.sty"
Package: graphicx 2017/06/01 v1.1a Enhanced LaTeX Graphics (DPC,SPQR)

("C:\Users\s1452504\AppData\Local\Programs\MiKTeX 2.9\tex/latex/graphics\graphi
cs.sty"
Package: graphics 2017/06/25 v1.2c Standard LaTeX Graphics (DPC,SPQR)

("C:\Users\s1452504\AppData\Local\Programs\MiKTeX 2.9\tex/latex/graphics\trig.s
ty"
Package: trig 2016/01/03 v1.10 sin cos tan (DPC)
)
("C:\Users\s1452504\AppData\Local\Programs\MiKTeX 2.9\tex/latex/graphics-cfg\gr
aphics.cfg"
File: graphics.cfg 2016/06/04 v1.11 sample graphics configuration
)
Package graphics Info: Driver file: pdftex.def on input line 99.

("C:\Users\s1452504\AppData\Local\Programs\MiKTeX 2.9\tex/latex/graphics-def\pd
ftex.def"
File: pdftex.def 2018/01/08 v1.0l Graphics/color driver for pdftex
))
\Gin@req@height=\dimen110
\Gin@req@width=\dimen111
)
("C:\Users\s1452504\AppData\Local\Programs\MiKTeX 2.9\tex/latex/hyperref\hyperr
ef.sty"
Package: hyperref 2018/11/30 v6.88e Hypertext links for LaTeX

("C:\Users\s1452504\AppData\Local\Programs\MiKTeX 2.9\tex/generic/oberdiek\hobs
ub-hyperref.sty"
Package: hobsub-hyperref 2016/05/16 v1.14 Bundle oberdiek, subset hyperref (HO)


("C:\Users\s1452504\AppData\Local\Programs\MiKTeX 2.9\tex/generic/oberdiek\hobs
ub-generic.sty"
Package: hobsub-generic 2016/05/16 v1.14 Bundle oberdiek, subset generic (HO)
Package: hobsub 2016/05/16 v1.14 Construct package bundles (HO)
Package: infwarerr 2016/05/16 v1.4 Providing info/warning/error messages (HO)
Package: ltxcmds 2016/05/16 v1.23 LaTeX kernel commands for general use (HO)
Package: ifluatex 2016/05/16 v1.4 Provides the ifluatex switch (HO)
Package ifluatex Info: LuaTeX not detected.
Package: ifvtex 2016/05/16 v1.6 Detect VTeX and its facilities (HO)
Package ifvtex Info: VTeX not detected.
Package: intcalc 2016/05/16 v1.2 Expandable calculations with integers (HO)
Package: ifpdf 2018/09/07 v3.3 Provides the ifpdf switch
Package: etexcmds 2016/05/16 v1.6 Avoid name clashes with e-TeX commands (HO)
Package: kvsetkeys 2016/05/16 v1.17 Key value parser (HO)
Package: kvdefinekeys 2016/05/16 v1.4 Define keys (HO)
Package: pdftexcmds 2018/09/10 v0.29 Utility functions of pdfTeX for LuaTeX (HO
)
Package pdftexcmds Info: LuaTeX not detected.
Package pdftexcmds Info: \pdf@primitive is available.
Package pdftexcmds Info: \pdf@ifprimitive is available.
Package pdftexcmds Info: \pdfdraftmode found.
Package: pdfescape 2016/05/16 v1.14 Implements pdfTeX's escape features (HO)
Package: bigintcalc 2016/05/16 v1.4 Expandable calculations on big integers (HO
)
Package: bitset 2016/05/16 v1.2 Handle bit-vector datatype (HO)
Package: uniquecounter 2016/05/16 v1.3 Provide unlimited unique counter (HO)
)
Package hobsub Info: Skipping package `hobsub' (already loaded).
Package: letltxmacro 2016/05/16 v1.5 Let assignment for LaTeX macros (HO)
Package: hopatch 2016/05/16 v1.3 Wrapper for package hooks (HO)
Package: xcolor-patch 2016/05/16 xcolor patch
Package: atveryend 2016/05/16 v1.9 Hooks at the very end of document (HO)
Package atveryend Info: \enddocument detected (standard20110627).
Package: atbegshi 2016/06/09 v1.18 At begin shipout hook (HO)
Package: refcount 2016/05/16 v3.5 Data extraction from label references (HO)
Package: hycolor 2016/05/16 v1.8 Color options for hyperref/bookmark (HO)
)
("C:\Users\s1452504\AppData\Local\Programs\MiKTeX 2.9\tex/generic/ifxetex\ifxet
ex.sty"
Package: ifxetex 2010/09/12 v0.6 Provides ifxetex conditional
)
("C:\Users\s1452504\AppData\Local\Programs\MiKTeX 2.9\tex/latex/oberdiek\auxhoo
k.sty"
Package: auxhook 2016/05/16 v1.4 Hooks for auxiliary files (HO)
)
("C:\Users\s1452504\AppData\Local\Programs\MiKTeX 2.9\tex/latex/oberdiek\kvopti
ons.sty"
Package: kvoptions 2016/05/16 v3.12 Key value format for package options (HO)
)
\@linkdim=\dimen112
\Hy@linkcounter=\count93
\Hy@pagecounter=\count94

("C:\Users\s1452504\AppData\Local\Programs\MiKTeX 2.9\tex/latex/hyperref\pd1enc
.def"
File: pd1enc.def 2018/11/30 v6.88e Hyperref: PDFDocEncoding definition (HO)
Now handling font encoding PD1 ...
... no UTF-8 mapping file for font encoding PD1
)
\Hy@SavedSpaceFactor=\count95

("C:\Users\s1452504\AppData\Local\Programs\MiKTeX 2.9\tex/latex/00miktex\hyperr
ef.cfg"
File: hyperref.cfg 2002/06/06 v1.2 hyperref configuration of TeXLive
)
Package hyperref Info: Hyper figures OFF on input line 4519.
Package hyperref Info: Link nesting OFF on input line 4524.
Package hyperref Info: Hyper index ON on input line 4527.
Package hyperref Info: Plain pages OFF on input line 4534.
Package hyperref Info: Backreferencing OFF on input line 4539.
Package hyperref Info: Implicit mode ON; LaTeX internals redefined.
Package hyperref Info: Bookmarks ON on input line 4772.
\c@Hy@tempcnt=\count96

("C:\Users\s1452504\AppData\Local\Programs\MiKTeX 2.9\tex/latex/url\url.sty"
\Urlmuskip=\muskip10
Package: url 2013/09/16  ver 3.4  Verb mode for urls, etc.
)
LaTeX Info: Redefining \url on input line 5125.
\XeTeXLinkMargin=\dimen113
\Fld@menulength=\count97
\Field@Width=\dimen114
\Fld@charsize=\dimen115
Package hyperref Info: Hyper figures OFF on input line 6380.
Package hyperref Info: Link nesting OFF on input line 6385.
Package hyperref Info: Hyper index ON on input line 6388.
Package hyperref Info: backreferencing OFF on input line 6395.
Package hyperref Info: Link coloring OFF on input line 6400.
Package hyperref Info: Link coloring with OCG OFF on input line 6405.
Package hyperref Info: PDF/A mode OFF on input line 6410.
LaTeX Info: Redefining \ref on input line 6450.
LaTeX Info: Redefining \pageref on input line 6454.
\Hy@abspage=\count98
\c@Item=\count99
\c@Hfootnote=\count100
)
Package hyperref Info: Driver (autodetected): hpdftex.

("C:\Users\s1452504\AppData\Local\Programs\MiKTeX 2.9\tex/latex/hyperref\hpdfte
x.def"
File: hpdftex.def 2018/11/30 v6.88e Hyperref driver for pdfTeX
\Fld@listcount=\count101
\c@bookmark@seq@number=\count102

("C:\Users\s1452504\AppData\Local\Programs\MiKTeX 2.9\tex/latex/oberdiek\rerunf
ilecheck.sty"
Package: rerunfilecheck 2016/05/16 v1.8 Rerun checks for auxiliary files (HO)
Package uniquecounter Info: New unique counter `rerunfilecheck' on input line 2
82.
)
\Hy@SectionHShift=\skip54
)
("C:\Users\s1452504\AppData\Local\Programs\MiKTeX 2.9\tex/latex/amsmath\amsmath
.sty"
Package: amsmath 2018/12/01 v2.17b AMS math features
\@mathmargin=\skip55

For additional information on amsmath, use the `?' option.

("C:\Users\s1452504\AppData\Local\Programs\MiKTeX 2.9\tex/latex/amsmath\amstext
.sty"
Package: amstext 2000/06/29 v2.01 AMS text

("C:\Users\s1452504\AppData\Local\Programs\MiKTeX 2.9\tex/latex/amsmath\amsgen.
sty"
File: amsgen.sty 1999/11/30 v2.0 generic functions
\@emptytoks=\toks15
\ex@=\dimen116
))
("C:\Users\s1452504\AppData\Local\Programs\MiKTeX 2.9\tex/latex/amsmath\amsbsy.
sty"
Package: amsbsy 1999/11/29 v1.2d Bold Symbols
\pmbraise@=\dimen117
)
("C:\Users\s1452504\AppData\Local\Programs\MiKTeX 2.9\tex/latex/amsmath\amsopn.
sty"
Package: amsopn 2016/03/08 v2.02 operator names
)
\inf@bad=\count103
LaTeX Info: Redefining \frac on input line 223.
\uproot@=\count104
\leftroot@=\count105
LaTeX Info: Redefining \overline on input line 385.
\classnum@=\count106
\DOTSCASE@=\count107
LaTeX Info: Redefining \ldots on input line 482.
LaTeX Info: Redefining \dots on input line 485.
LaTeX Info: Redefining \cdots on input line 606.
\Mathstrutbox@=\box27
\strutbox@=\box28
\big@size=\dimen118
LaTeX Font Info:    Redeclaring font encoding OML on input line 729.
LaTeX Font Info:    Redeclaring font encoding OMS on input line 730.
\macc@depth=\count108
\c@MaxMatrixCols=\count109
\dotsspace@=\muskip11
\c@parentequation=\count110
\dspbrk@lvl=\count111
\tag@help=\toks16
\row@=\count112
\column@=\count113
\maxfields@=\count114
\andhelp@=\toks17
\eqnshift@=\dimen119
\alignsep@=\dimen120
\tagshift@=\dimen121
\tagwidth@=\dimen122
\totwidth@=\dimen123
\lineht@=\dimen124
\@envbody=\toks18
\multlinegap=\skip56
\multlinetaggap=\skip57
\mathdisplay@stack=\toks19
LaTeX Info: Redefining \[ on input line 2844.
LaTeX Info: Redefining \] on input line 2845.
)
("C:\Users\s1452504\AppData\Local\Programs\MiKTeX 2.9\tex/latex/amsfonts\amsfon
ts.sty"
Package: amsfonts 2013/01/14 v3.01 Basic AMSFonts support
\symAMSa=\mathgroup4
\symAMSb=\mathgroup5
LaTeX Font Info:    Overwriting math alphabet `\mathfrak' in version `bold'
(Font)                  U/euf/m/n --> U/euf/b/n on input line 106.
)
("C:\Users\s1452504\AppData\Local\Programs\MiKTeX 2.9\tex/latex/amsfonts\amssym
b.sty"
Package: amssymb 2013/01/14 v3.01 AMS font symbols
)
("C:\Users\s1452504\AppData\Local\Programs\MiKTeX 2.9\tex/latex/amscls\amsthm.s
ty"
Package: amsthm 2017/10/31 v2.20.4
\thm@style=\toks20
\thm@bodyfont=\toks21
\thm@headfont=\toks22
\thm@notefont=\toks23
\thm@headpunct=\toks24
\thm@preskip=\skip58
\thm@postskip=\skip59
\thm@headsep=\skip60
\dth@everypar=\toks25
)
("C:\Users\s1452504\AppData\Local\Programs\MiKTeX 2.9\tex/latex/mathtools\matht
ools.sty"
Package: mathtools 2018/01/08 v1.21 mathematical typesetting tools

("C:\Users\s1452504\AppData\Local\Programs\MiKTeX 2.9\tex/latex/tools\calc.sty"
Package: calc 2017/05/25 v4.3 Infix arithmetic (KKT,FJ)
\calc@Acount=\count115
\calc@Bcount=\count116
\calc@Adimen=\dimen125
\calc@Bdimen=\dimen126
\calc@Askip=\skip61
\calc@Bskip=\skip62
LaTeX Info: Redefining \setlength on input line 80.
LaTeX Info: Redefining \addtolength on input line 81.
\calc@Ccount=\count117
\calc@Cskip=\skip63
)
("C:\Users\s1452504\AppData\Local\Programs\MiKTeX 2.9\tex/latex/mathtools\mhset
up.sty"
Package: mhsetup 2017/03/31 v1.3 programming setup (MH)
)
LaTeX Info: Thecontrolsequence`\('isalreadyrobust on input line 129.
LaTeX Info: Thecontrolsequence`\)'isalreadyrobust on input line 129.
LaTeX Info: Thecontrolsequence`\['isalreadyrobust on input line 129.
LaTeX Info: Thecontrolsequence`\]'isalreadyrobust on input line 129.
\g_MT_multlinerow_int=\count118
\l_MT_multwidth_dim=\dimen127
\origjot=\skip64
\l_MT_shortvdotswithinadjustabove_dim=\dimen128
\l_MT_shortvdotswithinadjustbelow_dim=\dimen129
\l_MT_above_intertext_sep=\dimen130
\l_MT_below_intertext_sep=\dimen131
\l_MT_above_shortintertext_sep=\dimen132
\l_MT_below_shortintertext_sep=\dimen133
)
("C:\Users\s1452504\AppData\Local\Programs\MiKTeX 2.9\tex/latex/commath\commath
.sty"
("C:\Users\s1452504\AppData\Local\Programs\MiKTeX 2.9\tex/latex/base\ifthen.sty
"
Package: ifthen 2014/09/29 v1.1c Standard LaTeX ifthen package (DPC)
))
("C:\Users\s1452504\AppData\Local\Programs\MiKTeX 2.9\tex/latex/geometry\geomet
ry.sty"
Package: geometry 2018/04/16 v5.8 Page Geometry
\Gm@cnth=\count119
\Gm@cntv=\count120
\c@Gm@tempcnt=\count121
\Gm@bindingoffset=\dimen134
\Gm@wd@mp=\dimen135
\Gm@odd@mp=\dimen136
\Gm@even@mp=\dimen137
\Gm@layoutwidth=\dimen138
\Gm@layoutheight=\dimen139
\Gm@layouthoffset=\dimen140
\Gm@layoutvoffset=\dimen141
\Gm@dimlist=\toks26

("C:\Users\s1452504\AppData\Local\Programs\MiKTeX 2.9\tex/latex/geometry\geomet
ry.cfg"))
("C:\Users\s1452504\AppData\Local\Programs\MiKTeX 2.9\tex/latex/listings\listin
gs.sty"
\lst@mode=\count122
\lst@gtempboxa=\box29
\lst@token=\toks27
\lst@length=\count123
\lst@currlwidth=\dimen142
\lst@column=\count124
\lst@pos=\count125
\lst@lostspace=\dimen143
\lst@width=\dimen144
\lst@newlines=\count126
\lst@lineno=\count127
\lst@maxwidth=\dimen145

("C:\Users\s1452504\AppData\Local\Programs\MiKTeX 2.9\tex/latex/listings\lstmis
c.sty"
File: lstmisc.sty 2018/09/02 1.7 (Carsten Heinz)
\c@lstnumber=\count128
\lst@skipnumbers=\count129
\lst@framebox=\box30
)
("C:\Users\s1452504\AppData\Local\Programs\MiKTeX 2.9\tex/latex/listings\listin
gs.cfg"
File: listings.cfg 2018/09/02 1.7 listings configuration
))
Package: listings 2018/09/02 1.7 (Carsten Heinz)

("C:\Users\s1452504\AppData\Local\Programs\MiKTeX 2.9\tex/latex/graphics\color.
sty"
Package: color 2016/07/10 v1.1e Standard LaTeX Color (DPC)

("C:\Users\s1452504\AppData\Local\Programs\MiKTeX 2.9\tex/latex/graphics-cfg\co
lor.cfg"
File: color.cfg 2016/01/02 v1.6 sample color configuration
)
Package color Info: Driver file: pdftex.def on input line 147.
)
Package hyperref Info: Option `colorlinks' set `true' on input line 29.
\c@definition=\count130
 (Report23042020.aux)
\openout1 = `Report23042020.aux'.

LaTeX Font Info:    Checking defaults for OML/cmm/m/it on input line 44.
LaTeX Font Info:    ... okay on input line 44.
LaTeX Font Info:    Checking defaults for T1/cmr/m/n on input line 44.
LaTeX Font Info:    ... okay on input line 44.
LaTeX Font Info:    Checking defaults for OT1/cmr/m/n on input line 44.
LaTeX Font Info:    ... okay on input line 44.
LaTeX Font Info:    Checking defaults for OMS/cmsy/m/n on input line 44.
LaTeX Font Info:    ... okay on input line 44.
LaTeX Font Info:    Checking defaults for OMX/cmex/m/n on input line 44.
LaTeX Font Info:    ... okay on input line 44.
LaTeX Font Info:    Checking defaults for U/cmr/m/n on input line 44.
LaTeX Font Info:    ... okay on input line 44.
LaTeX Font Info:    Checking defaults for PD1/pdf/m/n on input line 44.
LaTeX Font Info:    ... okay on input line 44.
Package caption Info: Begin \AtBeginDocument code.
Package caption Info: hyperref package is loaded.
Package caption Info: listings package is loaded.
Package caption Info: End \AtBeginDocument code.

("C:\Users\s1452504\AppData\Local\Programs\MiKTeX 2.9\tex/context/base\supp-pdf
.mkii"
[Loading MPS to PDF converter (version 2006.09.02).]
\scratchcounter=\count131
\scratchdimen=\dimen146
\scratchbox=\box31
\nofMPsegments=\count132
\nofMParguments=\count133
\everyMPshowfont=\toks28
\MPscratchCnt=\count134
\MPscratchDim=\dimen147
\MPnumerator=\count135
\makeMPintoPDFobject=\count136
\everyMPtoPDFconversion=\toks29
)
("C:\Users\s1452504\AppData\Local\Programs\MiKTeX 2.9\tex/latex/oberdiek\epstop
df-base.sty"
Package: epstopdf-base 2016/05/15 v2.6 Base part for package epstopdf

("C:\Users\s1452504\AppData\Local\Programs\MiKTeX 2.9\tex/latex/oberdiek\grfext
.sty"
Package: grfext 2016/05/16 v1.2 Manage graphics extensions (HO)
)
Package epstopdf-base Info: Redefining graphics rule for `.eps' on input line 4
38.
Package grfext Info: Graphics extension search list:
(grfext)             [.pdf,.png,.jpg,.mps,.jpeg,.jbig2,.jb2,.PDF,.PNG,.JPG,.JPE
G,.JBIG2,.JB2,.eps]
(grfext)             \AppendGraphicsExtensions on input line 456.
)
\AtBeginShipoutBox=\box32
Package hyperref Info: Link coloring ON on input line 44.

("C:\Users\s1452504\AppData\Local\Programs\MiKTeX 2.9\tex/latex/hyperref\namere
f.sty"
Package: nameref 2016/05/21 v2.44 Cross-referencing by name of section

("C:\Users\s1452504\AppData\Local\Programs\MiKTeX 2.9\tex/generic/oberdiek\gett
itlestring.sty"
Package: gettitlestring 2016/05/16 v1.5 Cleanup title references (HO)
)
\c@section@level=\count137
)
LaTeX Info: Redefining \ref on input line 44.
LaTeX Info: Redefining \pageref on input line 44.
LaTeX Info: Redefining \nameref on input line 44.
 (Report23042020.out) (Report23042020.out)
\@outlinefile=\write3
\openout3 = `Report23042020.out'.


*geometry* driver: auto-detecting
*geometry* detected driver: pdftex
*geometry* verbose mode - [ preamble ] result:
* driver: pdftex
* paper: a4paper
* layout: <same size as paper>
* layoutoffset:(h,v)=(0.0pt,0.0pt)
* modes: includehead includefoot 
* h-part:(L,W,R)=(72.26999pt, 452.9679pt, 72.26999pt)
* v-part:(T,H,B)=(72.26999pt, 700.50687pt, 72.26999pt)
* \paperwidth=597.50787pt
* \paperheight=845.04684pt
* \textwidth=452.9679pt
* \textheight=633.50687pt
* \oddsidemargin=0.0pt
* \evensidemargin=0.0pt
* \topmargin=0.0pt
* \headheight=12.0pt
* \headsep=25.0pt
* \topskip=11.0pt
* \footskip=30.0pt
* \marginparwidth=50.0pt
* \marginparsep=10.0pt
* \columnsep=10.0pt
* \skip\footins=10.0pt plus 4.0pt minus 2.0pt
* \hoffset=0.0pt
* \voffset=0.0pt
* \mag=1000
* \@twocolumnfalse
* \@twosidefalse
* \@mparswitchfalse
* \@reversemarginfalse
* (1in=72.27pt=25.4mm, 1cm=28.453pt)

\c@lstlisting=\count138
LaTeX Font Info:    Try loading font information for U+msa on input line 46.

("C:\Users\s1452504\AppData\Local\Programs\MiKTeX 2.9\tex/latex/amsfonts\umsa.f
d"
File: umsa.fd 2013/01/14 v3.01 AMS symbols A
)
LaTeX Font Info:    Try loading font information for U+msb on input line 46.

("C:\Users\s1452504\AppData\Local\Programs\MiKTeX 2.9\tex/latex/amsfonts\umsb.f
d"
File: umsb.fd 2013/01/14 v3.01 AMS symbols B
)
Underfull \hbox (badness 10000) in paragraph at lines 46--50

 []

<Images/rhoIC1.jpg, id=40, 843.15pt x 632.3625pt>
File: Images/rhoIC1.jpg Graphic file (type jpg)
<use Images/rhoIC1.jpg>
Package pdftex.def Info: Images/rhoIC1.jpg  used on input line 68.
(pdftex.def)             Requested size: 252.94695pt x 189.7102pt.
<Images/rhoHat1.jpg, id=41, 843.15pt x 632.3625pt>
File: Images/rhoHat1.jpg Graphic file (type jpg)
<use Images/rhoHat1.jpg>
Package pdftex.def Info: Images/rhoHat1.jpg  used on input line 69.
(pdftex.def)             Requested size: 252.94695pt x 189.7102pt.

Overfull \hbox (55.35933pt too wide) in paragraph at lines 68--70
[][] [] 
 []


LaTeX Warning: `h' float specifier changed to `ht'.

[1

{C:/Users/s1452504/AppData/Local/MiKTeX/2.9/pdftex/config/pdftex.map}]
<Images/rhoFW01.jpg, id=69, 843.15pt x 632.3625pt>
File: Images/rhoFW01.jpg Graphic file (type jpg)
<use Images/rhoFW01.jpg>
Package pdftex.def Info: Images/rhoFW01.jpg  used on input line 87.
(pdftex.def)             Requested size: 252.94695pt x 189.7102pt.
<Images/rhoOpt01.jpg, id=70, 843.15pt x 632.3625pt>
File: Images/rhoOpt01.jpg Graphic file (type jpg)
<use Images/rhoOpt01.jpg>
Package pdftex.def Info: Images/rhoOpt01.jpg  used on input line 88.
(pdftex.def)             Requested size: 252.94695pt x 189.7102pt.
<Images/wOpt01.jpg, id=71, 843.15pt x 632.3625pt>
File: Images/wOpt01.jpg Graphic file (type jpg)
<use Images/wOpt01.jpg>
Package pdftex.def Info: Images/wOpt01.jpg  used on input line 89.
(pdftex.def)             Requested size: 252.94695pt x 189.7102pt.

Overfull \hbox (55.35933pt too wide) in paragraph at lines 87--90
[][] []
 []


LaTeX Warning: `h' float specifier changed to `ht'.

<Images/rhoFW01a.jpg, id=72, 843.15pt x 632.3625pt>
File: Images/rhoFW01a.jpg Graphic file (type jpg)
<use Images/rhoFW01a.jpg>
Package pdftex.def Info: Images/rhoFW01a.jpg  used on input line 95.
(pdftex.def)             Requested size: 252.94695pt x 189.7102pt.
<Images/rhoOpt01a.jpg, id=73, 843.15pt x 632.3625pt>
File: Images/rhoOpt01a.jpg Graphic file (type jpg)
<use Images/rhoOpt01a.jpg>
Package pdftex.def Info: Images/rhoOpt01a.jpg  used on input line 96.
(pdftex.def)             Requested size: 252.94695pt x 189.7102pt.
<Images/wOpt01a.jpg, id=74, 843.15pt x 632.3625pt>
File: Images/wOpt01a.jpg Graphic file (type jpg)
<use Images/wOpt01a.jpg>
Package pdftex.def Info: Images/wOpt01a.jpg  used on input line 97.
(pdftex.def)             Requested size: 252.94695pt x 189.7102pt.

Overfull \hbox (55.35933pt too wide) in paragraph at lines 95--98
[][] []
 []


LaTeX Warning: `h' float specifier changed to `ht'.

<Images/rhoFW0305a.jpg, id=75, 843.15pt x 632.3625pt>
File: Images/rhoFW0305a.jpg Graphic file (type jpg)
<use Images/rhoFW0305a.jpg>
Package pdftex.def Info: Images/rhoFW0305a.jpg  used on input line 102.
(pdftex.def)             Requested size: 252.94695pt x 189.7102pt.
<Images/rhoOpt0305a.jpg, id=76, 843.15pt x 632.3625pt>
File: Images/rhoOpt0305a.jpg Graphic file (type jpg)
<use Images/rhoOpt0305a.jpg>
Package pdftex.def Info: Images/rhoOpt0305a.jpg  used on input line 103.
(pdftex.def)             Requested size: 252.94695pt x 189.7102pt.
<Images/wOpt0305a.jpg, id=77, 843.15pt x 632.3625pt>
File: Images/wOpt0305a.jpg Graphic file (type jpg)
<use Images/wOpt0305a.jpg>
Package pdftex.def Info: Images/wOpt0305a.jpg  used on input line 104.
(pdftex.def)             Requested size: 252.94695pt x 189.7102pt.

Overfull \hbox (55.35933pt too wide) in paragraph at lines 102--105
[][] []
 []


LaTeX Warning: `h' float specifier changed to `ht'.

<Images/rhoFW0305.jpg, id=78, 843.15pt x 632.3625pt>
File: Images/rhoFW0305.jpg Graphic file (type jpg)
<use Images/rhoFW0305.jpg>
Package pdftex.def Info: Images/rhoFW0305.jpg  used on input line 110.
(pdftex.def)             Requested size: 252.94695pt x 189.7102pt.
<Images/wOpt0305.jpg, id=79, 843.15pt x 632.3625pt>
File: Images/wOpt0305.jpg Graphic file (type jpg)
<use Images/wOpt0305.jpg>
Package pdftex.def Info: Images/wOpt0305.jpg  used on input line 111.
(pdftex.def)             Requested size: 252.94695pt x 189.7102pt.
<Images/rhoOpt0305.jpg, id=80, 843.15pt x 632.3625pt>
File: Images/rhoOpt0305.jpg Graphic file (type jpg)
<use Images/rhoOpt0305.jpg>
Package pdftex.def Info: Images/rhoOpt0305.jpg  used on input line 112.
(pdftex.def)             Requested size: 252.94695pt x 189.7102pt.

Overfull \hbox (55.35933pt too wide) in paragraph at lines 110--113
[][] []
 []


LaTeX Warning: `h' float specifier changed to `ht'.

<Images/rhoFW0305D03.jpg, id=83, 843.15pt x 632.3625pt>
File: Images/rhoFW0305D03.jpg Graphic file (type jpg)
<use Images/rhoFW0305D03.jpg>
Package pdftex.def Info: Images/rhoFW0305D03.jpg  used on input line 122.
(pdftex.def)             Requested size: 252.94695pt x 189.7102pt.
<Images/rhoOpt0305D03.jpg, id=84, 843.15pt x 632.3625pt>
File: Images/rhoOpt0305D03.jpg Graphic file (type jpg)
<use Images/rhoOpt0305D03.jpg>
Package pdftex.def Info: Images/rhoOpt0305D03.jpg  used on input line 122.
(pdftex.def)             Requested size: 252.94695pt x 189.7102pt.
<Images/wOpt0305D03.jpg, id=85, 843.15pt x 632.3625pt>
File: Images/wOpt0305D03.jpg Graphic file (type jpg)
<use Images/wOpt0305D03.jpg>
Package pdftex.def Info: Images/wOpt0305D03.jpg  used on input line 123.
(pdftex.def)             Requested size: 252.94695pt x 189.7102pt.

Overfull \hbox (55.35933pt too wide) in paragraph at lines 122--124
[][] []
 []


LaTeX Warning: `h' float specifier changed to `ht'.

File: Images/rhoFW0305D03.jpg Graphic file (type jpg)
<use Images/rhoFW0305D03.jpg>
Package pdftex.def Info: Images/rhoFW0305D03.jpg  used on input line 129.
(pdftex.def)             Requested size: 252.94695pt x 189.7102pt.
File: Images/rhoOpt0305D03.jpg Graphic file (type jpg)
<use Images/rhoOpt0305D03.jpg>
Package pdftex.def Info: Images/rhoOpt0305D03.jpg  used on input line 129.
(pdftex.def)             Requested size: 252.94695pt x 189.7102pt.
File: Images/wOpt0305D03.jpg Graphic file (type jpg)
<use Images/wOpt0305D03.jpg>
Package pdftex.def Info: Images/wOpt0305D03.jpg  used on input line 130.
(pdftex.def)             Requested size: 252.94695pt x 189.7102pt.

Overfull \hbox (55.35933pt too wide) in paragraph at lines 129--131
[][] []
 []


LaTeX Warning: `h' float specifier changed to `ht'.

<Images/rhoHat2.jpg, id=87, 843.15pt x 632.3625pt>
File: Images/rhoHat2.jpg Graphic file (type jpg)
<use Images/rhoHat2.jpg>
Package pdftex.def Info: Images/rhoHat2.jpg  used on input line 143.
(pdftex.def)             Requested size: 252.94695pt x 189.7102pt.

LaTeX Warning: `h' float specifier changed to `ht'.

pdfTeX warning (ext4): destination with the same identifier (name{page.}) has b
een already used, duplicate ignored
<to be read again> 
                   \relax 
l.151 
       [2 <./Images/rhoIC1.jpg> <./Images/rhoHat1.jpg>]pdfTeX warning (ext4): d
estination with the same identifier (name{page.}) has been already used, duplic
ate ignored
<to be read again> 
                   \relax 
l.151 
       [3 <./Images/rhoFW01.jpg> <./Images/rhoOpt01.jpg> <./Images/wOpt01.jpg>]
<Images/rhoFWD01.jpg, id=106, 843.15pt x 632.3625pt>
File: Images/rhoFWD01.jpg Graphic file (type jpg)
<use Images/rhoFWD01.jpg>
Package pdftex.def Info: Images/rhoFWD01.jpg  used on input line 153.
(pdftex.def)             Requested size: 252.94695pt x 189.7102pt.
<Images/rhoOptD01.jpg, id=107, 843.15pt x 632.3625pt>
File: Images/rhoOptD01.jpg Graphic file (type jpg)
<use Images/rhoOptD01.jpg>
Package pdftex.def Info: Images/rhoOptD01.jpg  used on input line 153.
(pdftex.def)             Requested size: 252.94695pt x 189.7102pt.
<Images/wOptD01.jpg, id=108, 843.15pt x 632.3625pt>
File: Images/wOptD01.jpg Graphic file (type jpg)
<use Images/wOptD01.jpg>
Package pdftex.def Info: Images/wOptD01.jpg  used on input line 154.
(pdftex.def)             Requested size: 252.94695pt x 189.7102pt.

Overfull \hbox (55.35933pt too wide) in paragraph at lines 153--155
[][] []
 []


LaTeX Warning: `h' float specifier changed to `ht'.

<Images/rhoFWD01a.jpg, id=109, 843.15pt x 632.3625pt>
File: Images/rhoFWD01a.jpg Graphic file (type jpg)
<use Images/rhoFWD01a.jpg>
Package pdftex.def Info: Images/rhoFWD01a.jpg  used on input line 159.
(pdftex.def)             Requested size: 252.94695pt x 189.7102pt.
<Images/rhoOptD01a.jpg, id=110, 843.15pt x 632.3625pt>
File: Images/rhoOptD01a.jpg Graphic file (type jpg)
<use Images/rhoOptD01a.jpg>
Package pdftex.def Info: Images/rhoOptD01a.jpg  used on input line 159.
(pdftex.def)             Requested size: 252.94695pt x 189.7102pt.
<Images/wOptD01a.jpg, id=111, 843.15pt x 632.3625pt>
File: Images/wOptD01a.jpg Graphic file (type jpg)
<use Images/wOptD01a.jpg>
Package pdftex.def Info: Images/wOptD01a.jpg  used on input line 160.
(pdftex.def)             Requested size: 252.94695pt x 189.7102pt.

Overfull \hbox (55.35933pt too wide) in paragraph at lines 159--161
[][] []
 []


LaTeX Warning: `h' float specifier changed to `ht'.

<Images/rhoFWD03a.jpg, id=112, 843.15pt x 632.3625pt>
File: Images/rhoFWD03a.jpg Graphic file (type jpg)
<use Images/rhoFWD03a.jpg>
Package pdftex.def Info: Images/rhoFWD03a.jpg  used on input line 165.
(pdftex.def)             Requested size: 252.94695pt x 189.7102pt.
<Images/rhoOptD03a.jpg, id=113, 843.15pt x 632.3625pt>
File: Images/rhoOptD03a.jpg Graphic file (type jpg)
<use Images/rhoOptD03a.jpg>
Package pdftex.def Info: Images/rhoOptD03a.jpg  used on input line 165.
(pdftex.def)             Requested size: 252.94695pt x 189.7102pt.
<Images/wOptD03a.jpg, id=114, 843.15pt x 632.3625pt>
File: Images/wOptD03a.jpg Graphic file (type jpg)
<use Images/wOptD03a.jpg>
Package pdftex.def Info: Images/wOptD03a.jpg  used on input line 166.
(pdftex.def)             Requested size: 252.94695pt x 189.7102pt.

Overfull \hbox (55.35933pt too wide) in paragraph at lines 165--167
[][] []
 []


LaTeX Warning: `h' float specifier changed to `ht'.

<Images/rhoFWD03.jpg, id=115, 843.15pt x 632.3625pt>
File: Images/rhoFWD03.jpg Graphic file (type jpg)
<use Images/rhoFWD03.jpg>
Package pdftex.def Info: Images/rhoFWD03.jpg  used on input line 171.
(pdftex.def)             Requested size: 252.94695pt x 189.7102pt.
<Images/rhoOptD03.jpg, id=116, 843.15pt x 632.3625pt>
File: Images/rhoOptD03.jpg Graphic file (type jpg)
<use Images/rhoOptD03.jpg>
Package pdftex.def Info: Images/rhoOptD03.jpg  used on input line 171.
(pdftex.def)             Requested size: 252.94695pt x 189.7102pt.
<Images/wOptD03.jpg, id=117, 843.15pt x 632.3625pt>
File: Images/wOptD03.jpg Graphic file (type jpg)
<use Images/wOptD03.jpg>
Package pdftex.def Info: Images/wOptD03.jpg  used on input line 172.
(pdftex.def)             Requested size: 252.94695pt x 189.7102pt.

Overfull \hbox (55.35933pt too wide) in paragraph at lines 171--173
[][] []
 []


LaTeX Warning: `h' float specifier changed to `ht'.

<Images/rhoFW03D3.jpg, id=119, 843.15pt x 632.3625pt>
File: Images/rhoFW03D3.jpg Graphic file (type jpg)
<use Images/rhoFW03D3.jpg>
Package pdftex.def Info: Images/rhoFW03D3.jpg  used on input line 179.
(pdftex.def)             Requested size: 252.94695pt x 189.7102pt.
<Images/rhoOptD03D3.jpg, id=120, 843.15pt x 632.3625pt>
File: Images/rhoOptD03D3.jpg Graphic file (type jpg)
<use Images/rhoOptD03D3.jpg>
Package pdftex.def Info: Images/rhoOptD03D3.jpg  used on input line 179.
(pdftex.def)             Requested size: 252.94695pt x 189.7102pt.
<Images/wOpt03D3.jpg, id=121, 843.15pt x 632.3625pt>
File: Images/wOpt03D3.jpg Graphic file (type jpg)
<use Images/wOpt03D3.jpg>
Package pdftex.def Info: Images/wOpt03D3.jpg  used on input line 180.
(pdftex.def)             Requested size: 252.94695pt x 189.7102pt.

Overfull \hbox (55.35933pt too wide) in paragraph at lines 179--181
[][] []
 []


LaTeX Warning: `h' float specifier changed to `ht'.

pdfTeX warning (ext4): destination with the same identifier (name{page.}) has b
een already used, duplicate ignored
<to be read again> 
                   \relax 
l.189 \end{align*}
                   [4 <./Images/rhoFW01a.jpg> <./Images/rhoOpt01a.jpg> <./Image
s/wOpt01a.jpg>]
<Images/rhoHat3.jpg, id=127, 843.15pt x 632.3625pt>
File: Images/rhoHat3.jpg Graphic file (type jpg)
<use Images/rhoHat3.jpg>
Package pdftex.def Info: Images/rhoHat3.jpg  used on input line 193.
(pdftex.def)             Requested size: 252.94695pt x 189.7102pt.


LaTeX Warning: `h' float specifier changed to `ht'.

<Images/rhoFWM2.jpg, id=129, 843.15pt x 632.3625pt>
File: Images/rhoFWM2.jpg Graphic file (type jpg)
<use Images/rhoFWM2.jpg>
Package pdftex.def Info: Images/rhoFWM2.jpg  used on input line 203.
(pdftex.def)             Requested size: 252.94695pt x 189.7102pt.
<Images/rhoOptM2.jpg, id=130, 843.15pt x 632.3625pt>
File: Images/rhoOptM2.jpg Graphic file (type jpg)
<use Images/rhoOptM2.jpg>
Package pdftex.def Info: Images/rhoOptM2.jpg  used on input line 203.
(pdftex.def)             Requested size: 252.94695pt x 189.7102pt.
<Images/wOptM2.jpg, id=131, 843.15pt x 632.3625pt>
File: Images/wOptM2.jpg Graphic file (type jpg)
<use Images/wOptM2.jpg>
Package pdftex.def Info: Images/wOptM2.jpg  used on input line 204.
(pdftex.def)             Requested size: 252.94695pt x 189.7102pt.

Overfull \hbox (55.35933pt too wide) in paragraph at lines 203--205
[][] []
 []

<Images/rhoFWM3.jpg, id=132, 843.15pt x 632.3625pt>
File: Images/rhoFWM3.jpg Graphic file (type jpg)
<use Images/rhoFWM3.jpg>
Package pdftex.def Info: Images/rhoFWM3.jpg  used on input line 209.
(pdftex.def)             Requested size: 252.94695pt x 189.7102pt.
<Images/rhoOptM3.jpg, id=133, 843.15pt x 632.3625pt>
File: Images/rhoOptM3.jpg Graphic file (type jpg)
<use Images/rhoOptM3.jpg>
Package pdftex.def Info: Images/rhoOptM3.jpg  used on input line 209.
(pdftex.def)             Requested size: 252.94695pt x 189.7102pt.
<Images/wOptM3.jpg, id=134, 843.15pt x 632.3625pt>
File: Images/wOptM3.jpg Graphic file (type jpg)
<use Images/wOptM3.jpg>
Package pdftex.def Info: Images/wOptM3.jpg  used on input line 210.
(pdftex.def)             Requested size: 252.94695pt x 189.7102pt.

Overfull \hbox (55.35933pt too wide) in paragraph at lines 209--211
[][] []
 []

pdfTeX warning (ext4): destination with the same identifier (name{page.}) has b
een already used, duplicate ignored
<to be read again> 
                   \relax 
l.214 \subsection
                 {Diffusion vs advection term} [5 <./Images/rhoFW0305a.jpg> <./
Images/rhoOpt0305a.jpg> <./Images/wOpt0305a.jpg>]

LaTeX Warning: `h' float specifier changed to `ht'.


LaTeX Warning: `h' float specifier changed to `ht'.

<Images/rhoHat4.jpg, id=141, 843.15pt x 632.3625pt>
File: Images/rhoHat4.jpg Graphic file (type jpg)
<use Images/rhoHat4.jpg>
Package pdftex.def Info: Images/rhoHat4.jpg  used on input line 225.
(pdftex.def)             Requested size: 252.94695pt x 189.7102pt.
pdfTeX warning (ext4): destination with the same identifier (name{page.}) has b
een already used, duplicate ignored
<to be read again> 
                   \relax 
l.229 
       [6 <./Images/rhoFW0305.jpg> <./Images/wOpt0305.jpg> <./Images/rhoOpt0305
.jpg>]

LaTeX Warning: `h' float specifier changed to `ht'.


Underfull \hbox (badness 10000) in paragraph at lines 230--234

 []

pdfTeX warning (ext4): destination with the same identifier (name{page.}) has b
een already used, duplicate ignored
<to be read again> 
                   \relax 
l.236 
       [7 <./Images/rhoFW0305D03.jpg> <./Images/rhoOpt0305D03.jpg> <./Images/wO
pt0305D03.jpg>]
<Images/rhoFWt.jpg, id=154, 843.15pt x 632.3625pt>
File: Images/rhoFWt.jpg Graphic file (type jpg)
<use Images/rhoFWt.jpg>
Package pdftex.def Info: Images/rhoFWt.jpg  used on input line 238.
(pdftex.def)             Requested size: 252.94695pt x 189.7102pt.
<Images/rhoOptt.jpg, id=155, 843.15pt x 632.3625pt>
File: Images/rhoOptt.jpg Graphic file (type jpg)
<use Images/rhoOptt.jpg>
Package pdftex.def Info: Images/rhoOptt.jpg  used on input line 238.
(pdftex.def)             Requested size: 252.94695pt x 189.7102pt.
<Images/wOptt.jpg, id=156, 843.15pt x 632.3625pt>
File: Images/wOptt.jpg Graphic file (type jpg)
<use Images/wOptt.jpg>
Package pdftex.def Info: Images/wOptt.jpg  used on input line 239.
(pdftex.def)             Requested size: 252.94695pt x 189.7102pt.

Overfull \hbox (55.35933pt too wide) in paragraph at lines 238--240
[][] []
 []


LaTeX Warning: `h' float specifier changed to `ht'.

<Images/rhoFWt2.jpg, id=157, 843.15pt x 632.3625pt>
File: Images/rhoFWt2.jpg Graphic file (type jpg)
<use Images/rhoFWt2.jpg>
Package pdftex.def Info: Images/rhoFWt2.jpg  used on input line 246.
(pdftex.def)             Requested size: 252.94695pt x 189.7102pt.
<Images/rhoOptt2.jpg, id=158, 843.15pt x 632.3625pt>
File: Images/rhoOptt2.jpg Graphic file (type jpg)
<use Images/rhoOptt2.jpg>
Package pdftex.def Info: Images/rhoOptt2.jpg  used on input line 246.
(pdftex.def)             Requested size: 252.94695pt x 189.7102pt.
<Images/wOpt2.jpg, id=159, 843.15pt x 632.3625pt>
File: Images/wOpt2.jpg Graphic file (type jpg)
<use Images/wOpt2.jpg>
Package pdftex.def Info: Images/wOpt2.jpg  used on input line 247.
(pdftex.def)             Requested size: 252.94695pt x 189.7102pt.

Overfull \hbox (55.35933pt too wide) in paragraph at lines 246--248
[][] []
 []


LaTeX Warning: `h' float specifier changed to `ht'.

<Images/rhoFWDiv1.jpg, id=164, 843.15pt x 632.3625pt>
File: Images/rhoFWDiv1.jpg Graphic file (type jpg)
<use Images/rhoFWDiv1.jpg>
Package pdftex.def Info: Images/rhoFWDiv1.jpg  used on input line 258.
(pdftex.def)             Requested size: 252.94695pt x 189.7102pt.
<Images/rhoOptDiv1.jpg, id=165, 843.15pt x 632.3625pt>
File: Images/rhoOptDiv1.jpg Graphic file (type jpg)
<use Images/rhoOptDiv1.jpg>
Package pdftex.def Info: Images/rhoOptDiv1.jpg  used on input line 258.
(pdftex.def)             Requested size: 252.94695pt x 189.7102pt.
<Images/wOptDiv1.jpg, id=166, 843.15pt x 632.3625pt>
File: Images/wOptDiv1.jpg Graphic file (type jpg)
<use Images/wOptDiv1.jpg>
Package pdftex.def Info: Images/wOptDiv1.jpg  used on input line 259.
(pdftex.def)             Requested size: 252.94695pt x 189.7102pt.

Overfull \hbox (55.35933pt too wide) in paragraph at lines 258--260
[][] []
 []


LaTeX Warning: `h' float specifier changed to `ht'.


Package hyperref Warning: Token not allowed in a PDF string (PDFDocEncoding):
(hyperref)                removing `math shift' on input line 266.


Package hyperref Warning: Token not allowed in a PDF string (PDFDocEncoding):
(hyperref)                removing `\gamma' on input line 266.


Package hyperref Warning: Token not allowed in a PDF string (PDFDocEncoding):
(hyperref)                removing `math shift' on input line 266.

<Images/rhoOptg1.jpg, id=168, 843.15pt x 632.3625pt>
File: Images/rhoOptg1.jpg Graphic file (type jpg)
<use Images/rhoOptg1.jpg>
Package pdftex.def Info: Images/rhoOptg1.jpg  used on input line 269.
(pdftex.def)             Requested size: 252.94695pt x 189.7102pt.
<Images/wOptg1.jpg, id=169, 843.15pt x 632.3625pt>
File: Images/wOptg1.jpg Graphic file (type jpg)
<use Images/wOptg1.jpg>
Package pdftex.def Info: Images/wOptg1.jpg  used on input line 270.
(pdftex.def)             Requested size: 252.94695pt x 189.7102pt.

Overfull \hbox (55.35933pt too wide) in paragraph at lines 269--271
[][] [] 
 []

pdfTeX warning (ext4): destination with the same identifier (name{page.}) has b
een already used, duplicate ignored
<to be read again> 
                   \relax 
l.274 	
        [8]

LaTeX Warning: `h' float specifier changed to `ht'.

<Images/rhoOptg2.jpg, id=175, 843.15pt x 632.3625pt>
File: Images/rhoOptg2.jpg Graphic file (type jpg)
<use Images/rhoOptg2.jpg>
Package pdftex.def Info: Images/rhoOptg2.jpg  used on input line 277.
(pdftex.def)             Requested size: 252.94695pt x 189.7102pt.
<Images/wOptg2.jpg, id=176, 843.15pt x 632.3625pt>
File: Images/wOptg2.jpg Graphic file (type jpg)
<use Images/wOptg2.jpg>
Package pdftex.def Info: Images/wOptg2.jpg  used on input line 278.
(pdftex.def)             Requested size: 252.94695pt x 189.7102pt.

Overfull \hbox (55.35933pt too wide) in paragraph at lines 277--279
[][] [] 
 []


LaTeX Warning: `h' float specifier changed to `ht'.


Package caption Warning: Unused \captionsetup[sub] on input line 21.
See the caption package documentation for explanation.

Package atveryend Info: Empty hook `BeforeClearDocument' on input line 283.
pdfTeX warning (ext4): destination with the same identifier (name{page.}) has b
een already used, duplicate ignored
<to be read again> 
                   \relax 
l.283 \end{document}
                     [9 <./Images/rhoHat2.jpg>]pdfTeX warning (ext4): destinati
on with the same identifier (name{page.}) has been already used, duplicate igno
red
<to be read again> 
                   \relax 
l.283 \end{document}
                     [10 <./Images/rhoFWD01.jpg> <./Images/rhoOptD01.jpg> <./Im
ages/wOptD01.jpg>]pdfTeX warning (ext4): destination with the same identifier (
name{page.}) has been already used, duplicate ignored
<to be read again> 
                   \relax 
l.283 \end{document}
                     [11 <./Images/rhoFWD01a.jpg> <./Images/rhoOptD01a.jpg> <./
Images/wOptD01a.jpg>]pdfTeX warning (ext4): destination with the same identifie
r (name{page.}) has been already used, duplicate ignored
<to be read again> 
                   \relax 
l.283 \end{document}
                     [12 <./Images/rhoFWD03a.jpg> <./Images/rhoOptD03a.jpg> <./
Images/wOptD03a.jpg>]pdfTeX warning (ext4): destination with the same identifie
r (name{page.}) has been already used, duplicate ignored
<to be read again> 
                   \relax 
l.283 \end{document}
                     [13 <./Images/rhoFWD03.jpg> <./Images/rhoOptD03.jpg> <./Im
ages/wOptD03.jpg>]pdfTeX warning (ext4): destination with the same identifier (
name{page.}) has been already used, duplicate ignored
<to be read again> 
                   \relax 
l.283 \end{document}
                     [14 <./Images/rhoFW03D3.jpg> <./Images/rhoOptD03D3.jpg> <.
/Images/wOpt03D3.jpg> <./Images/rhoHat3.jpg>]pdfTeX warning (ext4): destination
 with the same identifier (name{page.}) has been already used, duplicate ignore
d
<to be read again> 
                   \relax 
l.283 \end{document}
                     [15 <./Images/rhoFWM2.jpg> <./Images/rhoOptM2.jpg> <./Imag
es/wOptM2.jpg>]pdfTeX warning (ext4): destination with the same identifier (nam
e{page.}) has been already used, duplicate ignored
<to be read again> 
                   \relax 
l.283 \end{document}
                     [16 <./Images/rhoFWM3.jpg> <./Images/rhoOptM3.jpg> <./Imag
es/wOptM3.jpg> <./Images/rhoHat4.jpg>]pdfTeX warning (ext4): destination with t
he same identifier (name{page.}) has been already used, duplicate ignored
<to be read again> 
                   \relax 
l.283 \end{document}
                     [17 <./Images/rhoFWt.jpg> <./Images/rhoOptt.jpg> <./Images
/wOptt.jpg>]pdfTeX warning (ext4): destination with the same identifier (name{p
age.}) has been already used, duplicate ignored
<to be read again> 
                   \relax 
l.283 \end{document}
                     [18 <./Images/rhoFWt2.jpg> <./Images/rhoOptt2.jpg> <./Imag
es/wOpt2.jpg>]pdfTeX warning (ext4): destination with the same identifier (name
{page.}) has been already used, duplicate ignored
<to be read again> 
                   \relax 
l.283 \end{document}
                     [19 <./Images/rhoFWDiv1.jpg> <./Images/rhoOptDiv1.jpg> <./
Images/wOptDiv1.jpg> <./Images/rhoOptg1.jpg> <./Images/wOptg1.jpg>]pdfTeX warni
ng (ext4): destination with the same identifier (name{page.}) has been already 
used, duplicate ignored
<to be read again> 
                   \relax 
l.283 \end{document}
                     [20 <./Images/rhoOptg2.jpg> <./Images/wOptg2.jpg>]
Package atveryend Info: Empty hook `AfterLastShipout' on input line 283.

(Report23042020.aux)
Package atveryend Info: Executing hook `AtVeryEndDocument' on input line 283.
Package atveryend Info: Executing hook `AtEndAfterFileList' on input line 283.
Package rerunfilecheck Info: File `Report23042020.out' has not changed.
(rerunfilecheck)             Checksum: C19AF9EE7C7D49408B362AA4020377AC;648.
Package atveryend Info: Empty hook `AtVeryVeryEnd' on input line 283.
 ) 
Here is how much of TeX's memory you used:
 10297 strings out of 492946
 156682 string characters out of 3124935
 260132 words of memory out of 3000000
 14004 multiletter control sequences out of 15000+200000
 11799 words of font info for 46 fonts, out of 3000000 for 9000
 1141 hyphenation exceptions out of 8191
 42i,9n,43p,690b,339s stack positions out of 5000i,500n,10000p,200000b,50000s
<C:/Users/s1452504/AppData/Local/Programs/MiKTeX 2.9/fonts/type1/public/amsfo
nts/cm/cmbx12.pfb><C:/Users/s1452504/AppData/Local/Programs/MiKTeX 2.9/fonts/ty
pe1/public/amsfonts/cm/cmex10.pfb><C:/Users/s1452504/AppData/Local/Programs/MiK
TeX 2.9/fonts/type1/public/amsfonts/cm/cmmi10.pfb><C:/Users/s1452504/AppData/Lo
cal/Programs/MiKTeX 2.9/fonts/type1/public/amsfonts/cm/cmmi12.pfb><C:/Users/s14
52504/AppData/Local/Programs/MiKTeX 2.9/fonts/type1/public/amsfonts/cm/cmmi8.pf
b><C:/Users/s1452504/AppData/Local/Programs/MiKTeX 2.9/fonts/type1/public/amsfo
nts/cm/cmr10.pfb><C:/Users/s1452504/AppData/Local/Programs/MiKTeX 2.9/fonts/typ
e1/public/amsfonts/cm/cmr12.pfb><C:/Users/s1452504/AppData/Local/Programs/MiKTe
X 2.9/fonts/type1/public/amsfonts/cm/cmr8.pfb><C:/Users/s1452504/AppData/Local/
Programs/MiKTeX 2.9/fonts/type1/public/amsfonts/cm/cmsy10.pfb><C:/Users/s145250
4/AppData/Local/Programs/MiKTeX 2.9/fonts/type1/public/amsfonts/cm/cmsy8.pfb>
Output written on Report23042020.pdf (20 pages, 4101541 bytes).
PDF statistics:
 261 PDF objects out of 1000 (max. 8388607)
 34 named destinations out of 1000 (max. 500000)
 343 words of extra memory for PDF output out of 10000 (max. 10000000)

