This is pdfTeX, Version 3.14159265-2.6-1.40.20 (MiKTeX 2.9.6960 64-bit) (preloaded format=pdflatex 2019.3.1)  30 APR 2021 10:39
entering extended mode
**./D20210429.tex
(D20210429.tex
LaTeX2e <2018-12-01>

("C:\Users\s1452504\AppData\Local\Programs\MiKTeX 2.9\tex/latex/base\article.cl
s"
Document Class: article 2018/09/03 v1.4i Standard LaTeX document class
("C:\Users\s1452504\AppData\Local\Programs\MiKTeX 2.9\tex/latex/base\size11.clo
"
File: size11.clo 2018/09/03 v1.4i Standard LaTeX file (size option)
)
\c@part=\count80
\c@section=\count81
\c@subsection=\count82
\c@subsubsection=\count83
\c@paragraph=\count84
\c@subparagraph=\count85
\c@figure=\count86
\c@table=\count87
\abovecaptionskip=\skip41
\belowcaptionskip=\skip42
\bibindent=\dimen102
)
("C:\Users\s1452504\AppData\Local\Programs\MiKTeX 2.9\tex/latex/natbib\natbib.s
ty"
Package: natbib 2010/09/13 8.31b (PWD, AO)
\bibhang=\skip43
\bibsep=\skip44
LaTeX Info: Redefining \cite on input line 694.
\c@NAT@ctr=\count88
)
("C:\Users\s1452504\AppData\Local\Programs\MiKTeX 2.9\tex/latex/fancyhdr\fancyh
dr.sty"
Package: fancyhdr 2017/06/30 v3.9a Extensive control of page headers and footer
s
\f@nch@headwidth=\skip45
\f@nch@O@elh=\skip46
\f@nch@O@erh=\skip47
\f@nch@O@olh=\skip48
\f@nch@O@orh=\skip49
\f@nch@O@elf=\skip50
\f@nch@O@erf=\skip51
\f@nch@O@olf=\skip52
\f@nch@O@orf=\skip53
)
("C:\Users\s1452504\AppData\Local\Programs\MiKTeX 2.9\tex/latex/caption\subcapt
ion.sty"
Package: subcaption 2018/05/01 v1.1-162 Sub-captions (AR)

("C:\Users\s1452504\AppData\Local\Programs\MiKTeX 2.9\tex/latex/caption\caption
.sty"
Package: caption 2018/10/06 v3.3-154 Customizing captions (AR)

("C:\Users\s1452504\AppData\Local\Programs\MiKTeX 2.9\tex/latex/caption\caption
3.sty"
Package: caption3 2018/09/12 v1.8c caption3 kernel (AR)
Package caption3 Info: TeX engine: e-TeX on input line 64.

("C:\Users\s1452504\AppData\Local\Programs\MiKTeX 2.9\tex/latex/graphics\keyval
.sty"
Package: keyval 2014/10/28 v1.15 key=value parser (DPC)
\KV@toks@=\toks14
)
\captionmargin=\dimen103
\captionmargin@=\dimen104
\captionwidth=\dimen105
\caption@tempdima=\dimen106
\caption@indent=\dimen107
\caption@parindent=\dimen108
\caption@hangindent=\dimen109
)
\c@caption@flags=\count89
\c@ContinuedFloat=\count90
)
\c@subfigure=\count91
\c@subtable=\count92
)
("C:\Users\s1452504\AppData\Local\Programs\MiKTeX 2.9\tex/latex/graphics\graphi
cx.sty"
Package: graphicx 2017/06/01 v1.1a Enhanced LaTeX Graphics (DPC,SPQR)

("C:\Users\s1452504\AppData\Local\Programs\MiKTeX 2.9\tex/latex/graphics\graphi
cs.sty"
Package: graphics 2017/06/25 v1.2c Standard LaTeX Graphics (DPC,SPQR)

("C:\Users\s1452504\AppData\Local\Programs\MiKTeX 2.9\tex/latex/graphics\trig.s
ty"
Package: trig 2016/01/03 v1.10 sin cos tan (DPC)
)
("C:\Users\s1452504\AppData\Local\Programs\MiKTeX 2.9\tex/latex/graphics-cfg\gr
aphics.cfg"
File: graphics.cfg 2016/06/04 v1.11 sample graphics configuration
)
Package graphics Info: Driver file: pdftex.def on input line 99.

("C:\Users\s1452504\AppData\Local\Programs\MiKTeX 2.9\tex/latex/graphics-def\pd
ftex.def"
File: pdftex.def 2018/01/08 v1.0l Graphics/color driver for pdftex
))
\Gin@req@height=\dimen110
\Gin@req@width=\dimen111
)
("C:\Users\s1452504\AppData\Local\Programs\MiKTeX 2.9\tex/latex/numprint\numpri
nt.sty"
Package: numprint 2012/08/20 v1.39 Print numbers (HH)

("C:\Users\s1452504\AppData\Local\Programs\MiKTeX 2.9\tex/latex/tools\array.sty
"
Package: array 2018/11/13 v2.4j Tabular extension package (FMi)
\col@sep=\dimen112
\ar@mcellbox=\box27
\extrarowheight=\dimen113
\NC@list=\toks15
\extratabsurround=\skip54
\backup@length=\skip55
\ar@cellbox=\box28
)
\c@nprt@mantissa@digitsbefore=\count93
\c@nprt@mantissa@digitsafter=\count94
\c@nprt@exponent@digitsbefore=\count95
\c@nprt@exponent@digitsafter=\count96
\nprt@digitwidth=\skip56
\nprt@sepwidth=\skip57
\nprt@decimalwidth=\skip58
\nprt@blockwidth=\skip59
\nprt@digittoks=\toks16
\nprt@pretoks=\toks17
\nprt@posttoks=\toks18
\nprt@thisdigit=\count97
\nprt@curpos=\count98
\nprt@rndpos=\count99
\c@nprt@digitsfirstblock=\count100
\c@nprt@blockcnt=\count101
\c@nprt@cntprint=\count102
 No configuration file `numprint.cfg' found.)
("C:\Users\s1452504\AppData\Local\Programs\MiKTeX 2.9\tex/latex/multirow\multir
ow.sty"
Package: multirow 2019/01/01 v2.4 Span multiple rows of a table
\multirow@colwidth=\skip60
\multirow@cntb=\count103
\multirow@dima=\skip61
\bigstrutjot=\dimen114
)
("C:\Users\s1452504\AppData\Local\Programs\MiKTeX 2.9\tex/latex/hyperref\hyperr
ef.sty"
Package: hyperref 2018/11/30 v6.88e Hypertext links for LaTeX

("C:\Users\s1452504\AppData\Local\Programs\MiKTeX 2.9\tex/generic/oberdiek\hobs
ub-hyperref.sty"
Package: hobsub-hyperref 2016/05/16 v1.14 Bundle oberdiek, subset hyperref (HO)


("C:\Users\s1452504\AppData\Local\Programs\MiKTeX 2.9\tex/generic/oberdiek\hobs
ub-generic.sty"
Package: hobsub-generic 2016/05/16 v1.14 Bundle oberdiek, subset generic (HO)
Package: hobsub 2016/05/16 v1.14 Construct package bundles (HO)
Package: infwarerr 2016/05/16 v1.4 Providing info/warning/error messages (HO)
Package: ltxcmds 2016/05/16 v1.23 LaTeX kernel commands for general use (HO)
Package: ifluatex 2016/05/16 v1.4 Provides the ifluatex switch (HO)
Package ifluatex Info: LuaTeX not detected.
Package: ifvtex 2016/05/16 v1.6 Detect VTeX and its facilities (HO)
Package ifvtex Info: VTeX not detected.
Package: intcalc 2016/05/16 v1.2 Expandable calculations with integers (HO)
Package: ifpdf 2018/09/07 v3.3 Provides the ifpdf switch
Package: etexcmds 2016/05/16 v1.6 Avoid name clashes with e-TeX commands (HO)
Package: kvsetkeys 2016/05/16 v1.17 Key value parser (HO)
Package: kvdefinekeys 2016/05/16 v1.4 Define keys (HO)
Package: pdftexcmds 2018/09/10 v0.29 Utility functions of pdfTeX for LuaTeX (HO
)
Package pdftexcmds Info: LuaTeX not detected.
Package pdftexcmds Info: \pdf@primitive is available.
Package pdftexcmds Info: \pdf@ifprimitive is available.
Package pdftexcmds Info: \pdfdraftmode found.
Package: pdfescape 2016/05/16 v1.14 Implements pdfTeX's escape features (HO)
Package: bigintcalc 2016/05/16 v1.4 Expandable calculations on big integers (HO
)
Package: bitset 2016/05/16 v1.2 Handle bit-vector datatype (HO)
Package: uniquecounter 2016/05/16 v1.3 Provide unlimited unique counter (HO)
)
Package hobsub Info: Skipping package `hobsub' (already loaded).
Package: letltxmacro 2016/05/16 v1.5 Let assignment for LaTeX macros (HO)
Package: hopatch 2016/05/16 v1.3 Wrapper for package hooks (HO)
Package: xcolor-patch 2016/05/16 xcolor patch
Package: atveryend 2016/05/16 v1.9 Hooks at the very end of document (HO)
Package atveryend Info: \enddocument detected (standard20110627).
Package: atbegshi 2016/06/09 v1.18 At begin shipout hook (HO)
Package: refcount 2016/05/16 v3.5 Data extraction from label references (HO)
Package: hycolor 2016/05/16 v1.8 Color options for hyperref/bookmark (HO)
)
("C:\Users\s1452504\AppData\Local\Programs\MiKTeX 2.9\tex/generic/ifxetex\ifxet
ex.sty"
Package: ifxetex 2010/09/12 v0.6 Provides ifxetex conditional
)
("C:\Users\s1452504\AppData\Local\Programs\MiKTeX 2.9\tex/latex/oberdiek\auxhoo
k.sty"
Package: auxhook 2016/05/16 v1.4 Hooks for auxiliary files (HO)
)
("C:\Users\s1452504\AppData\Local\Programs\MiKTeX 2.9\tex/latex/oberdiek\kvopti
ons.sty"
Package: kvoptions 2016/05/16 v3.12 Key value format for package options (HO)
)
\@linkdim=\dimen115
\Hy@linkcounter=\count104
\Hy@pagecounter=\count105

("C:\Users\s1452504\AppData\Local\Programs\MiKTeX 2.9\tex/latex/hyperref\pd1enc
.def"
File: pd1enc.def 2018/11/30 v6.88e Hyperref: PDFDocEncoding definition (HO)
Now handling font encoding PD1 ...
... no UTF-8 mapping file for font encoding PD1
)
\Hy@SavedSpaceFactor=\count106

("C:\Users\s1452504\AppData\Local\Programs\MiKTeX 2.9\tex/latex/00miktex\hyperr
ef.cfg"
File: hyperref.cfg 2002/06/06 v1.2 hyperref configuration of TeXLive
)
Package hyperref Info: Hyper figures OFF on input line 4519.
Package hyperref Info: Link nesting OFF on input line 4524.
Package hyperref Info: Hyper index ON on input line 4527.
Package hyperref Info: Plain pages OFF on input line 4534.
Package hyperref Info: Backreferencing OFF on input line 4539.
Package hyperref Info: Implicit mode ON; LaTeX internals redefined.
Package hyperref Info: Bookmarks ON on input line 4772.
\c@Hy@tempcnt=\count107

("C:\Users\s1452504\AppData\Local\Programs\MiKTeX 2.9\tex/latex/url\url.sty"
\Urlmuskip=\muskip10
Package: url 2013/09/16  ver 3.4  Verb mode for urls, etc.
)
LaTeX Info: Redefining \url on input line 5125.
\XeTeXLinkMargin=\dimen116
\Fld@menulength=\count108
\Field@Width=\dimen117
\Fld@charsize=\dimen118
Package hyperref Info: Hyper figures OFF on input line 6380.
Package hyperref Info: Link nesting OFF on input line 6385.
Package hyperref Info: Hyper index ON on input line 6388.
Package hyperref Info: backreferencing OFF on input line 6395.
Package hyperref Info: Link coloring OFF on input line 6400.
Package hyperref Info: Link coloring with OCG OFF on input line 6405.
Package hyperref Info: PDF/A mode OFF on input line 6410.
LaTeX Info: Redefining \ref on input line 6450.
LaTeX Info: Redefining \pageref on input line 6454.
\Hy@abspage=\count109
\c@Item=\count110
\c@Hfootnote=\count111
)
Package hyperref Info: Driver (autodetected): hpdftex.

("C:\Users\s1452504\AppData\Local\Programs\MiKTeX 2.9\tex/latex/hyperref\hpdfte
x.def"
File: hpdftex.def 2018/11/30 v6.88e Hyperref driver for pdfTeX
\Fld@listcount=\count112
\c@bookmark@seq@number=\count113

("C:\Users\s1452504\AppData\Local\Programs\MiKTeX 2.9\tex/latex/oberdiek\rerunf
ilecheck.sty"
Package: rerunfilecheck 2016/05/16 v1.8 Rerun checks for auxiliary files (HO)
Package uniquecounter Info: New unique counter `rerunfilecheck' on input line 2
82.
)
\Hy@SectionHShift=\skip62
)
("C:\Users\s1452504\AppData\Local\Programs\MiKTeX 2.9\tex/latex/amsmath\amsmath
.sty"
Package: amsmath 2018/12/01 v2.17b AMS math features
\@mathmargin=\skip63

For additional information on amsmath, use the `?' option.

("C:\Users\s1452504\AppData\Local\Programs\MiKTeX 2.9\tex/latex/amsmath\amstext
.sty"
Package: amstext 2000/06/29 v2.01 AMS text

("C:\Users\s1452504\AppData\Local\Programs\MiKTeX 2.9\tex/latex/amsmath\amsgen.
sty"
File: amsgen.sty 1999/11/30 v2.0 generic functions
\@emptytoks=\toks19
\ex@=\dimen119
))
("C:\Users\s1452504\AppData\Local\Programs\MiKTeX 2.9\tex/latex/amsmath\amsbsy.
sty"
Package: amsbsy 1999/11/29 v1.2d Bold Symbols
\pmbraise@=\dimen120
)
("C:\Users\s1452504\AppData\Local\Programs\MiKTeX 2.9\tex/latex/amsmath\amsopn.
sty"
Package: amsopn 2016/03/08 v2.02 operator names
)
\inf@bad=\count114
LaTeX Info: Redefining \frac on input line 223.
\uproot@=\count115
\leftroot@=\count116
LaTeX Info: Redefining \overline on input line 385.
\classnum@=\count117
\DOTSCASE@=\count118
LaTeX Info: Redefining \ldots on input line 482.
LaTeX Info: Redefining \dots on input line 485.
LaTeX Info: Redefining \cdots on input line 606.
\Mathstrutbox@=\box29
\strutbox@=\box30
\big@size=\dimen121
LaTeX Font Info:    Redeclaring font encoding OML on input line 729.
LaTeX Font Info:    Redeclaring font encoding OMS on input line 730.
\macc@depth=\count119
\c@MaxMatrixCols=\count120
\dotsspace@=\muskip11
\c@parentequation=\count121
\dspbrk@lvl=\count122
\tag@help=\toks20
\row@=\count123
\column@=\count124
\maxfields@=\count125
\andhelp@=\toks21
\eqnshift@=\dimen122
\alignsep@=\dimen123
\tagshift@=\dimen124
\tagwidth@=\dimen125
\totwidth@=\dimen126
\lineht@=\dimen127
\@envbody=\toks22
\multlinegap=\skip64
\multlinetaggap=\skip65
\mathdisplay@stack=\toks23
LaTeX Info: Redefining \[ on input line 2844.
LaTeX Info: Redefining \] on input line 2845.
)
("C:\Users\s1452504\AppData\Local\Programs\MiKTeX 2.9\tex/latex/amsfonts\amsfon
ts.sty"
Package: amsfonts 2013/01/14 v3.01 Basic AMSFonts support
\symAMSa=\mathgroup4
\symAMSb=\mathgroup5
LaTeX Font Info:    Overwriting math alphabet `\mathfrak' in version `bold'
(Font)                  U/euf/m/n --> U/euf/b/n on input line 106.
)
("C:\Users\s1452504\AppData\Local\Programs\MiKTeX 2.9\tex/latex/amsfonts\amssym
b.sty"
Package: amssymb 2013/01/14 v3.01 AMS font symbols
)
("C:\Users\s1452504\AppData\Local\Programs\MiKTeX 2.9\tex/latex/amscls\amsthm.s
ty"
Package: amsthm 2017/10/31 v2.20.4
\thm@style=\toks24
\thm@bodyfont=\toks25
\thm@headfont=\toks26
\thm@notefont=\toks27
\thm@headpunct=\toks28
\thm@preskip=\skip66
\thm@postskip=\skip67
\thm@headsep=\skip68
\dth@everypar=\toks29
)
("C:\Users\s1452504\AppData\Local\Programs\MiKTeX 2.9\tex/latex/mathtools\matht
ools.sty"
Package: mathtools 2018/01/08 v1.21 mathematical typesetting tools

("C:\Users\s1452504\AppData\Local\Programs\MiKTeX 2.9\tex/latex/tools\calc.sty"
Package: calc 2017/05/25 v4.3 Infix arithmetic (KKT,FJ)
\calc@Acount=\count126
\calc@Bcount=\count127
\calc@Adimen=\dimen128
\calc@Bdimen=\dimen129
\calc@Askip=\skip69
\calc@Bskip=\skip70
LaTeX Info: Redefining \setlength on input line 80.
LaTeX Info: Redefining \addtolength on input line 81.
\calc@Ccount=\count128
\calc@Cskip=\skip71
)
("C:\Users\s1452504\AppData\Local\Programs\MiKTeX 2.9\tex/latex/mathtools\mhset
up.sty"
Package: mhsetup 2017/03/31 v1.3 programming setup (MH)
)
LaTeX Info: Thecontrolsequence`\('isalreadyrobust on input line 129.
LaTeX Info: Thecontrolsequence`\)'isalreadyrobust on input line 129.
LaTeX Info: Thecontrolsequence`\['isalreadyrobust on input line 129.
LaTeX Info: Thecontrolsequence`\]'isalreadyrobust on input line 129.
\g_MT_multlinerow_int=\count129
\l_MT_multwidth_dim=\dimen130
\origjot=\skip72
\l_MT_shortvdotswithinadjustabove_dim=\dimen131
\l_MT_shortvdotswithinadjustbelow_dim=\dimen132
\l_MT_above_intertext_sep=\dimen133
\l_MT_below_intertext_sep=\dimen134
\l_MT_above_shortintertext_sep=\dimen135
\l_MT_below_shortintertext_sep=\dimen136
)
("C:\Users\s1452504\AppData\Local\Programs\MiKTeX 2.9\tex/latex/commath\commath
.sty"
("C:\Users\s1452504\AppData\Local\Programs\MiKTeX 2.9\tex/latex/base\ifthen.sty
"
Package: ifthen 2014/09/29 v1.1c Standard LaTeX ifthen package (DPC)
)) ("C:\Users\s1452504\AppData\Local\Programs\MiKTeX 2.9\tex/latex/bbm\bbm.sty"
Package: bbm 1999/03/15 V 1.2 provides fonts for set symbols - TH
LaTeX Font Info:    Overwriting math alphabet `\mathbbm' in version `bold'
(Font)                  U/bbm/m/n --> U/bbm/bx/n on input line 33.
LaTeX Font Info:    Overwriting math alphabet `\mathbbmss' in version `bold'
(Font)                  U/bbmss/m/n --> U/bbmss/bx/n on input line 35.
)
("C:\Users\s1452504\AppData\Local\Programs\MiKTeX 2.9\tex/latex/algorithm2e\alg
orithm2e.sty"
Package: algorithm2e 2017/07/18 v5.2 algorithms environments
\c@AlgoLine=\count130
\algocf@hangindent=\skip73

("C:\Users\s1452504\AppData\Local\Programs\MiKTeX 2.9\tex/latex/ifoddpage\ifodd
page.sty"
Package: ifoddpage 2016/04/23 v1.1 Conditionals for odd/even page detection
\c@checkoddpage=\count131
)
("C:\Users\s1452504\AppData\Local\Programs\MiKTeX 2.9\tex/latex/tools\xspace.st
y"
Package: xspace 2014/10/28 v1.13 Space after command names (DPC,MH)
)
("C:\Users\s1452504\AppData\Local\Programs\MiKTeX 2.9\tex/latex/relsize\relsize
.sty"
Package: relsize 2013/03/29 ver 4.1
)
\skiptotal=\skip74
\skiplinenumber=\skip75
\skiprule=\skip76
\skiphlne=\skip77
\skiptext=\skip78
\skiplength=\skip79
\algomargin=\skip80
\skipalgocfslide=\skip81
\algowidth=\dimen137
\inoutsize=\dimen138
\inoutindent=\dimen139
\interspacetitleruled=\dimen140
\interspacealgoruled=\dimen141
\interspacetitleboxruled=\dimen142
\algocf@ruledwidth=\skip82
\algocf@inoutbox=\box31
\algocf@inputbox=\box32
\AlCapSkip=\skip83
\AlCapHSkip=\skip84
\algoskipindent=\skip85
\algocf@nlbox=\box33
\algocf@hangingbox=\box34
\algocf@untilbox=\box35
\algocf@skipuntil=\skip86
\algocf@capbox=\box36
\algocf@lcaptionbox=\skip87
\algoheightruledefault=\skip88
\algoheightrule=\skip89
\algotitleheightruledefault=\skip90
\algotitleheightrule=\skip91
\c@algocfline=\count132
\c@algocfproc=\count133
\c@algocf=\count134
\algocf@algoframe=\box37
\algocf@algobox=\box38
)
("C:\Users\s1452504\AppData\Local\Programs\MiKTeX 2.9\tex/latex/geometry\geomet
ry.sty"
Package: geometry 2018/04/16 v5.8 Page Geometry
\Gm@cnth=\count135
\Gm@cntv=\count136
\c@Gm@tempcnt=\count137
\Gm@bindingoffset=\dimen143
\Gm@wd@mp=\dimen144
\Gm@odd@mp=\dimen145
\Gm@even@mp=\dimen146
\Gm@layoutwidth=\dimen147
\Gm@layoutheight=\dimen148
\Gm@layouthoffset=\dimen149
\Gm@layoutvoffset=\dimen150
\Gm@dimlist=\toks30

("C:\Users\s1452504\AppData\Local\Programs\MiKTeX 2.9\tex/latex/geometry\geomet
ry.cfg"))
("C:\Users\s1452504\AppData\Local\Programs\MiKTeX 2.9\tex/latex/listings\listin
gs.sty"
\lst@mode=\count138
\lst@gtempboxa=\box39
\lst@token=\toks31
\lst@length=\count139
\lst@currlwidth=\dimen151
\lst@column=\count140
\lst@pos=\count141
\lst@lostspace=\dimen152
\lst@width=\dimen153
\lst@newlines=\count142
\lst@lineno=\count143
\lst@maxwidth=\dimen154

("C:\Users\s1452504\AppData\Local\Programs\MiKTeX 2.9\tex/latex/listings\lstmis
c.sty"
File: lstmisc.sty 2018/09/02 1.7 (Carsten Heinz)
\c@lstnumber=\count144
\lst@skipnumbers=\count145
\lst@framebox=\box40
)
("C:\Users\s1452504\AppData\Local\Programs\MiKTeX 2.9\tex/latex/listings\listin
gs.cfg"
File: listings.cfg 2018/09/02 1.7 listings configuration
))
Package: listings 2018/09/02 1.7 (Carsten Heinz)

("C:\Users\s1452504\AppData\Local\Programs\MiKTeX 2.9\tex/latex/graphics\color.
sty"
Package: color 2016/07/10 v1.1e Standard LaTeX Color (DPC)

("C:\Users\s1452504\AppData\Local\Programs\MiKTeX 2.9\tex/latex/graphics-cfg\co
lor.cfg"
File: color.cfg 2016/01/02 v1.6 sample color configuration
)
Package color Info: Driver file: pdftex.def on input line 147.
)
Package hyperref Info: Option `colorlinks' set `true' on input line 33.
\c@definition=\count146
 (D20210429.aux)
\openout1 = `D20210429.aux'.

LaTeX Font Info:    Checking defaults for OML/cmm/m/it on input line 73.
LaTeX Font Info:    ... okay on input line 73.
LaTeX Font Info:    Checking defaults for T1/cmr/m/n on input line 73.
LaTeX Font Info:    ... okay on input line 73.
LaTeX Font Info:    Checking defaults for OT1/cmr/m/n on input line 73.
LaTeX Font Info:    ... okay on input line 73.
LaTeX Font Info:    Checking defaults for OMS/cmsy/m/n on input line 73.
LaTeX Font Info:    ... okay on input line 73.
LaTeX Font Info:    Checking defaults for OMX/cmex/m/n on input line 73.
LaTeX Font Info:    ... okay on input line 73.
LaTeX Font Info:    Checking defaults for U/cmr/m/n on input line 73.
LaTeX Font Info:    ... okay on input line 73.
LaTeX Font Info:    Checking defaults for PD1/pdf/m/n on input line 73.
LaTeX Font Info:    ... okay on input line 73.
Package caption Info: Begin \AtBeginDocument code.
Package caption Info: hyperref package is loaded.
Package caption Info: listings package is loaded.
Package caption Info: End \AtBeginDocument code.

("C:\Users\s1452504\AppData\Local\Programs\MiKTeX 2.9\tex/context/base\supp-pdf
.mkii"
[Loading MPS to PDF converter (version 2006.09.02).]
\scratchcounter=\count147
\scratchdimen=\dimen155
\scratchbox=\box41
\nofMPsegments=\count148
\nofMParguments=\count149
\everyMPshowfont=\toks32
\MPscratchCnt=\count150
\MPscratchDim=\dimen156
\MPnumerator=\count151
\makeMPintoPDFobject=\count152
\everyMPtoPDFconversion=\toks33
)
("C:\Users\s1452504\AppData\Local\Programs\MiKTeX 2.9\tex/latex/oberdiek\epstop
df-base.sty"
Package: epstopdf-base 2016/05/15 v2.6 Base part for package epstopdf

("C:\Users\s1452504\AppData\Local\Programs\MiKTeX 2.9\tex/latex/oberdiek\grfext
.sty"
Package: grfext 2016/05/16 v1.2 Manage graphics extensions (HO)
)
Package epstopdf-base Info: Redefining graphics rule for `.eps' on input line 4
38.
Package grfext Info: Graphics extension search list:
(grfext)             [.pdf,.png,.jpg,.mps,.jpeg,.jbig2,.jb2,.PDF,.PNG,.JPG,.JPE
G,.JBIG2,.JB2,.eps]
(grfext)             \AppendGraphicsExtensions on input line 456.
)
\AtBeginShipoutBox=\box42
Package hyperref Info: Link coloring ON on input line 73.

("C:\Users\s1452504\AppData\Local\Programs\MiKTeX 2.9\tex/latex/hyperref\namere
f.sty"
Package: nameref 2016/05/21 v2.44 Cross-referencing by name of section

("C:\Users\s1452504\AppData\Local\Programs\MiKTeX 2.9\tex/generic/oberdiek\gett
itlestring.sty"
Package: gettitlestring 2016/05/16 v1.5 Cleanup title references (HO)
)
\c@section@level=\count153
)
LaTeX Info: Redefining \ref on input line 73.
LaTeX Info: Redefining \pageref on input line 73.
LaTeX Info: Redefining \nameref on input line 73.
 (D20210429.out) (D20210429.out)
\@outlinefile=\write3
\openout3 = `D20210429.out'.


*geometry* driver: auto-detecting
*geometry* detected driver: pdftex
*geometry* verbose mode - [ preamble ] result:
* driver: pdftex
* paper: a4paper
* layout: <same size as paper>
* layoutoffset:(h,v)=(0.0pt,0.0pt)
* modes: includehead includefoot 
* h-part:(L,W,R)=(72.26999pt, 452.9679pt, 72.26999pt)
* v-part:(T,H,B)=(72.26999pt, 700.50687pt, 72.26999pt)
* \paperwidth=597.50787pt
* \paperheight=845.04684pt
* \textwidth=452.9679pt
* \textheight=633.50687pt
* \oddsidemargin=0.0pt
* \evensidemargin=0.0pt
* \topmargin=0.0pt
* \headheight=12.0pt
* \headsep=25.0pt
* \topskip=11.0pt
* \footskip=30.0pt
* \marginparwidth=50.0pt
* \marginparsep=10.0pt
* \columnsep=10.0pt
* \skip\footins=10.0pt plus 4.0pt minus 2.0pt
* \hoffset=0.0pt
* \voffset=0.0pt
* \mag=1000
* \@twocolumnfalse
* \@twosidefalse
* \@mparswitchfalse
* \@reversemarginfalse
* (1in=72.27pt=25.4mm, 1cm=28.453pt)

\c@lstlisting=\count154
LaTeX Font Info:    Try loading font information for U+msa on input line 80.

("C:\Users\s1452504\AppData\Local\Programs\MiKTeX 2.9\tex/latex/amsfonts\umsa.f
d"
File: umsa.fd 2013/01/14 v3.01 AMS symbols A
)
LaTeX Font Info:    Try loading font information for U+msb on input line 80.

("C:\Users\s1452504\AppData\Local\Programs\MiKTeX 2.9\tex/latex/amsfonts\umsb.f
d"
File: umsb.fd 2013/01/14 v3.01 AMS symbols B
)
Underfull \hbox (badness 10000) in paragraph at lines 76--85

 []


Underfull \hbox (badness 10000) in paragraph at lines 91--96

 []


Underfull \hbox (badness 10000) in paragraph at lines 98--107

 []


Underfull \hbox (badness 10000) in paragraph at lines 98--107

 []

[1

{C:/Users/s1452504/AppData/Local/MiKTeX/2.9/pdftex/config/pdftex.map}]
<Images/Simplerhok.png, id=52, 1445.4pt x 704.6325pt>
File: Images/Simplerhok.png Graphic file (type png)
<use Images/Simplerhok.png>
Package pdftex.def Info: Images/Simplerhok.png  used on input line 113.
(pdftex.def)             Requested size: 505.89758pt x 246.62508pt.

Overfull \hbox (52.92969pt too wide) in paragraph at lines 113--114
 [][] 
 []


LaTeX Warning: `h' float specifier changed to `ht'.

<Images/SimpleConk.png, id=55, 1445.4pt x 704.6325pt>
File: Images/SimpleConk.png Graphic file (type png)
<use Images/SimpleConk.png>
Package pdftex.def Info: Images/SimpleConk.png  used on input line 119.
(pdftex.def)             Requested size: 505.89758pt x 246.62508pt.

Overfull \hbox (52.92969pt too wide) in paragraph at lines 119--120
 [][] 
 []


LaTeX Warning: `h' float specifier changed to `ht'.

<Images/Simplerhokn.png, id=58, 1445.4pt x 704.6325pt>
File: Images/Simplerhokn.png Graphic file (type png)
<use Images/Simplerhokn.png>
Package pdftex.def Info: Images/Simplerhokn.png  used on input line 126.
(pdftex.def)             Requested size: 505.89758pt x 246.62508pt.

Overfull \hbox (52.92969pt too wide) in paragraph at lines 126--127
 [][] 
 []


LaTeX Warning: `h' float specifier changed to `ht'.

<Images/SimpleConkn.png, id=61, 1445.4pt x 704.6325pt>
File: Images/SimpleConkn.png Graphic file (type png)
<use Images/SimpleConkn.png>
Package pdftex.def Info: Images/SimpleConkn.png  used on input line 132.
(pdftex.def)             Requested size: 505.89758pt x 246.62508pt.

Overfull \hbox (52.92969pt too wide) in paragraph at lines 132--133
 [][] 
 []


LaTeX Warning: `h' float specifier changed to `ht'.

<Images/Vext.png, id=75, 1445.4pt x 704.6325pt>
File: Images/Vext.png Graphic file (type png)
<use Images/Vext.png>
Package pdftex.def Info: Images/Vext.png  used on input line 156.
(pdftex.def)             Requested size: 505.89758pt x 246.62508pt.

Overfull \hbox (52.92969pt too wide) in paragraph at lines 156--157
 [][] 
 []

<Images/rhok0V.png, id=78, 1445.4pt x 704.6325pt>
File: Images/rhok0V.png Graphic file (type png)
<use Images/rhok0V.png>
Package pdftex.def Info: Images/rhok0V.png  used on input line 162.
(pdftex.def)             Requested size: 505.89758pt x 246.62508pt.

Overfull \hbox (52.92969pt too wide) in paragraph at lines 162--163
 [][] 
 []

<Images/rhok05.png, id=81, 1445.4pt x 704.6325pt>
File: Images/rhok05.png Graphic file (type png)
<use Images/rhok05.png>
Package pdftex.def Info: Images/rhok05.png  used on input line 168.
(pdftex.def)             Requested size: 505.89758pt x 246.62508pt.

Overfull \hbox (52.92969pt too wide) in paragraph at lines 168--169
 [][] 
 []

<Images/rhokn05.png, id=86, 1445.4pt x 704.6325pt>
File: Images/rhokn05.png Graphic file (type png)
<use Images/rhokn05.png>
Package pdftex.def Info: Images/rhokn05.png  used on input line 174.
(pdftex.def)             Requested size: 505.89758pt x 246.62508pt.

Overfull \hbox (52.92969pt too wide) in paragraph at lines 174--175
 [][] 
 []


Underfull \hbox (badness 10000) in paragraph at lines 145--178

 []


Underfull \hbox (badness 10000) in paragraph at lines 145--178

 []

[2]

LaTeX Warning: `h' float specifier changed to `ht'.


LaTeX Warning: `h' float specifier changed to `ht'.


LaTeX Warning: `h' float specifier changed to `ht'.


LaTeX Warning: `h' float specifier changed to `ht'.

<Images/rhok05V.png, id=105, 1445.4pt x 704.6325pt>
File: Images/rhok05V.png Graphic file (type png)
<use Images/rhok05V.png>
Package pdftex.def Info: Images/rhok05V.png  used on input line 183.
(pdftex.def)             Requested size: 505.89758pt x 246.62508pt.

Overfull \hbox (52.92969pt too wide) in paragraph at lines 183--184
 [][] 
 []


LaTeX Warning: `h' float specifier changed to `ht'.

<Images/rhokn05V.png, id=110, 1445.4pt x 704.6325pt>
File: Images/rhokn05V.png Graphic file (type png)
<use Images/rhokn05V.png>
Package pdftex.def Info: Images/rhokn05V.png  used on input line 189.
(pdftex.def)             Requested size: 505.89758pt x 246.62508pt.

Overfull \hbox (52.92969pt too wide) in paragraph at lines 189--190
 [][] 
 []


LaTeX Warning: `h' float specifier changed to `ht'.

<Images/rhoOptk0V.png, id=118, 1445.4pt x 704.6325pt>
File: Images/rhoOptk0V.png Graphic file (type png)
<use Images/rhoOptk0V.png>
Package pdftex.def Info: Images/rhoOptk0V.png  used on input line 198.
(pdftex.def)             Requested size: 505.89758pt x 246.62508pt.

Overfull \hbox (52.92969pt too wide) in paragraph at lines 198--199
 [][] 
 []


LaTeX Warning: `h' float specifier changed to `ht'.

<Images/ConOptk0V.png, id=123, 1445.4pt x 704.6325pt>
File: Images/ConOptk0V.png Graphic file (type png)
<use Images/ConOptk0V.png>
Package pdftex.def Info: Images/ConOptk0V.png  used on input line 204.
(pdftex.def)             Requested size: 505.89758pt x 246.62508pt.

Overfull \hbox (52.92969pt too wide) in paragraph at lines 204--205
 [][] 
 []


LaTeX Warning: `h' float specifier changed to `ht'.

<Images/rhoOptkV.png, id=132, 1445.4pt x 704.6325pt>
File: Images/rhoOptkV.png Graphic file (type png)
<use Images/rhoOptkV.png>
Package pdftex.def Info: Images/rhoOptkV.png  used on input line 213.
(pdftex.def)             Requested size: 505.89758pt x 246.62508pt.

Overfull \hbox (52.92969pt too wide) in paragraph at lines 213--214
 [][] 
 []


LaTeX Warning: `h' float specifier changed to `ht'.

<Images/ConOptkV.png, id=137, 1445.4pt x 704.6325pt>
File: Images/ConOptkV.png Graphic file (type png)
<use Images/ConOptkV.png>
Package pdftex.def Info: Images/ConOptkV.png  used on input line 219.
(pdftex.def)             Requested size: 505.89758pt x 246.62508pt.

Overfull \hbox (52.92969pt too wide) in paragraph at lines 219--220
 [][] 
 []


LaTeX Warning: `h' float specifier changed to `ht'.

[3 <./Images/Simplerhok.png (PNG copy)>]
<Images/rhoOptknV.png, id=155, 1445.4pt x 704.6325pt>
File: Images/rhoOptknV.png Graphic file (type png)
<use Images/rhoOptknV.png>
Package pdftex.def Info: Images/rhoOptknV.png  used on input line 229.
(pdftex.def)             Requested size: 505.89758pt x 246.62508pt.

Overfull \hbox (52.92969pt too wide) in paragraph at lines 229--230
 [][] 
 []


LaTeX Warning: `h' float specifier changed to `ht'.

<Images/ConOptknV.png, id=160, 1445.4pt x 704.6325pt>
File: Images/ConOptknV.png Graphic file (type png)
<use Images/ConOptknV.png>
Package pdftex.def Info: Images/ConOptknV.png  used on input line 235.
(pdftex.def)             Requested size: 505.89758pt x 246.62508pt.

Overfull \hbox (52.92969pt too wide) in paragraph at lines 235--236
 [][] 
 []


LaTeX Warning: `h' float specifier changed to `ht'.


Underfull \hbox (badness 10000) in paragraph at lines 243--247

 []

[4 <./Images/SimpleConk.png (PNG copy)>]
<Images/rhoHatPeri1.png, id=176, 1445.4pt x 704.6325pt>
File: Images/rhoHatPeri1.png Graphic file (type png)
<use Images/rhoHatPeri1.png>
Package pdftex.def Info: Images/rhoHatPeri1.png  used on input line 256.
(pdftex.def)             Requested size: 505.89758pt x 246.62508pt.

Overfull \hbox (52.92969pt too wide) in paragraph at lines 256--257
 [][] 
 []


LaTeX Warning: `h' float specifier changed to `ht'.

<Images/rhoOptPeri1.png, id=181, 1445.4pt x 704.6325pt>
File: Images/rhoOptPeri1.png Graphic file (type png)
<use Images/rhoOptPeri1.png>
Package pdftex.def Info: Images/rhoOptPeri1.png  used on input line 262.
(pdftex.def)             Requested size: 505.89758pt x 246.62508pt.

Overfull \hbox (52.92969pt too wide) in paragraph at lines 262--263
 [][] 
 []


LaTeX Warning: `h' float specifier changed to `ht'.

<Images/ConOptPeri1.png, id=184, 1445.4pt x 704.6325pt>
File: Images/ConOptPeri1.png Graphic file (type png)
<use Images/ConOptPeri1.png>
Package pdftex.def Info: Images/ConOptPeri1.png  used on input line 269.
(pdftex.def)             Requested size: 505.89758pt x 246.62508pt.

Overfull \hbox (52.92969pt too wide) in paragraph at lines 269--270
 [][] 
 []


LaTeX Warning: `h' float specifier changed to `ht'.

<Images/rhoHatPeri2.png, id=193, 1445.4pt x 704.6325pt>
File: Images/rhoHatPeri2.png Graphic file (type png)
<use Images/rhoHatPeri2.png>
Package pdftex.def Info: Images/rhoHatPeri2.png  used on input line 278.
(pdftex.def)             Requested size: 505.89758pt x 246.62508pt.

Overfull \hbox (52.92969pt too wide) in paragraph at lines 278--279
 [][] 
 []


LaTeX Warning: `h' float specifier changed to `ht'.

<Images/rhoOptPeri2.png, id=198, 1445.4pt x 704.6325pt>
File: Images/rhoOptPeri2.png Graphic file (type png)
<use Images/rhoOptPeri2.png>
Package pdftex.def Info: Images/rhoOptPeri2.png  used on input line 284.
(pdftex.def)             Requested size: 505.89758pt x 246.62508pt.

Overfull \hbox (52.92969pt too wide) in paragraph at lines 284--285
 [][] 
 []


LaTeX Warning: `h' float specifier changed to `ht'.

<Images/ConOptPeri2.png, id=201, 1445.4pt x 704.6325pt>
File: Images/ConOptPeri2.png Graphic file (type png)
<use Images/ConOptPeri2.png>
Package pdftex.def Info: Images/ConOptPeri2.png  used on input line 291.
(pdftex.def)             Requested size: 505.89758pt x 246.62508pt.

Overfull \hbox (52.92969pt too wide) in paragraph at lines 291--292
 [][] 
 []


LaTeX Warning: `h' float specifier changed to `ht'.

<Images/rhoHatPeri3.png, id=211, 1445.4pt x 704.6325pt>
File: Images/rhoHatPeri3.png Graphic file (type png)
<use Images/rhoHatPeri3.png>
Package pdftex.def Info: Images/rhoHatPeri3.png  used on input line 305.
(pdftex.def)             Requested size: 505.89758pt x 246.62508pt.

Overfull \hbox (52.92969pt too wide) in paragraph at lines 305--306
 [][] 
 []

<Images/rhoOptPeri3.png, id=218, 1445.4pt x 704.6325pt>
File: Images/rhoOptPeri3.png Graphic file (type png)
<use Images/rhoOptPeri3.png>
Package pdftex.def Info: Images/rhoOptPeri3.png  used on input line 311.
(pdftex.def)             Requested size: 505.89758pt x 246.62508pt.

Overfull \hbox (52.92969pt too wide) in paragraph at lines 311--312
 [][] 
 []

[5 <./Images/Simplerhokn.png (PNG copy)>]

LaTeX Warning: `h' float specifier changed to `ht'.


LaTeX Warning: `h' float specifier changed to `ht'.

<Images/ConOptPeri3.png, id=232, 1445.4pt x 704.6325pt>
File: Images/ConOptPeri3.png Graphic file (type png)
<use Images/ConOptPeri3.png>
Package pdftex.def Info: Images/ConOptPeri3.png  used on input line 318.
(pdftex.def)             Requested size: 505.89758pt x 246.62508pt.

Overfull \hbox (52.92969pt too wide) in paragraph at lines 318--319
 [][] 
 []


LaTeX Warning: `h' float specifier changed to `ht'.

<Images/rhoOptPeri3a.png, id=237, 1445.4pt x 704.6325pt>
File: Images/rhoOptPeri3a.png Graphic file (type png)
<use Images/rhoOptPeri3a.png>
Package pdftex.def Info: Images/rhoOptPeri3a.png  used on input line 325.
(pdftex.def)             Requested size: 505.89758pt x 246.62508pt.

Overfull \hbox (52.92969pt too wide) in paragraph at lines 325--326
 [][] 
 []


LaTeX Warning: `h' float specifier changed to `ht'.

<Images/ConOptPeri3a.png, id=240, 1445.4pt x 704.6325pt>
File: Images/ConOptPeri3a.png Graphic file (type png)
<use Images/ConOptPeri3a.png>
Package pdftex.def Info: Images/ConOptPeri3a.png  used on input line 332.
(pdftex.def)             Requested size: 505.89758pt x 246.62508pt.

Overfull \hbox (52.92969pt too wide) in paragraph at lines 332--333
 [][] 
 []


LaTeX Warning: `h' float specifier changed to `ht'.


Package hyperref Warning: Token not allowed in a PDF string (PDFDocEncoding):
(hyperref)                removing `math shift' on input line 339.


Package hyperref Warning: Token not allowed in a PDF string (PDFDocEncoding):
(hyperref)                removing `subscript' on input line 339.


Package hyperref Warning: Token not allowed in a PDF string (PDFDocEncoding):
(hyperref)                removing `math shift' on input line 339.

[6 <./Images/SimpleConkn.png (PNG copy)>]
<Images/rhoHatPeri5.png, id=268, 1445.4pt x 704.6325pt>
File: Images/rhoHatPeri5.png Graphic file (type png)
<use Images/rhoHatPeri5.png>
Package pdftex.def Info: Images/rhoHatPeri5.png  used on input line 350.
(pdftex.def)             Requested size: 505.89758pt x 246.62508pt.

Overfull \hbox (52.92969pt too wide) in paragraph at lines 350--351
 [][] 
 []


LaTeX Warning: `h' float specifier changed to `ht'.

<Images/GradVext5.png, id=273, 1445.4pt x 704.6325pt>
File: Images/GradVext5.png Graphic file (type png)
<use Images/GradVext5.png>
Package pdftex.def Info: Images/GradVext5.png  used on input line 356.
(pdftex.def)             Requested size: 505.89758pt x 246.62508pt.

Overfull \hbox (52.92969pt too wide) in paragraph at lines 356--357
 [][] 
 []


LaTeX Warning: `h' float specifier changed to `ht'.

<Images/rhoOptPeri5.png, id=280, 1445.4pt x 704.6325pt>
File: Images/rhoOptPeri5.png Graphic file (type png)
<use Images/rhoOptPeri5.png>
Package pdftex.def Info: Images/rhoOptPeri5.png  used on input line 362.
(pdftex.def)             Requested size: 505.89758pt x 246.62508pt.

Overfull \hbox (52.92969pt too wide) in paragraph at lines 362--363
 [][] 
 []


LaTeX Warning: `h' float specifier changed to `ht'.

<Images/ConOptPeri5.png, id=283, 1445.4pt x 704.6325pt>
File: Images/ConOptPeri5.png Graphic file (type png)
<use Images/ConOptPeri5.png>
Package pdftex.def Info: Images/ConOptPeri5.png  used on input line 369.
(pdftex.def)             Requested size: 505.89758pt x 246.62508pt.

Overfull \hbox (52.92969pt too wide) in paragraph at lines 369--370
 [][] 
 []


LaTeX Warning: `h' float specifier changed to `ht'.

<Images/rhoHatPeri6.png, id=288, 1445.4pt x 704.6325pt>
File: Images/rhoHatPeri6.png Graphic file (type png)
<use Images/rhoHatPeri6.png>
Package pdftex.def Info: Images/rhoHatPeri6.png  used on input line 378.
(pdftex.def)             Requested size: 505.89758pt x 246.62508pt.

Overfull \hbox (52.92969pt too wide) in paragraph at lines 378--379
 [][] 
 []


LaTeX Warning: `h' float specifier changed to `ht'.

<Images/GradVext6.png, id=293, 1445.4pt x 704.6325pt>
File: Images/GradVext6.png Graphic file (type png)
<use Images/GradVext6.png>
Package pdftex.def Info: Images/GradVext6.png  used on input line 384.
(pdftex.def)             Requested size: 505.89758pt x 246.62508pt.

Overfull \hbox (52.92969pt too wide) in paragraph at lines 384--385
 [][] 
 []


LaTeX Warning: `h' float specifier changed to `ht'.

<Images/rhoOptPeri6.png, id=300, 1445.4pt x 704.6325pt>
File: Images/rhoOptPeri6.png Graphic file (type png)
<use Images/rhoOptPeri6.png>
Package pdftex.def Info: Images/rhoOptPeri6.png  used on input line 390.
(pdftex.def)             Requested size: 505.89758pt x 246.62508pt.

Overfull \hbox (52.92969pt too wide) in paragraph at lines 390--391
 [][] 
 []


LaTeX Warning: `h' float specifier changed to `ht'.

<Images/ConOptPeri6.png, id=303, 1445.4pt x 704.6325pt>
File: Images/ConOptPeri6.png Graphic file (type png)
<use Images/ConOptPeri6.png>
Package pdftex.def Info: Images/ConOptPeri6.png  used on input line 397.
(pdftex.def)             Requested size: 505.89758pt x 246.62508pt.

Overfull \hbox (52.92969pt too wide) in paragraph at lines 397--398
 [][] 
 []


LaTeX Warning: `h' float specifier changed to `ht'.

<Images/rhoHatPeri7.png, id=311, 1445.4pt x 704.6325pt>
File: Images/rhoHatPeri7.png Graphic file (type png)
<use Images/rhoHatPeri7.png>
Package pdftex.def Info: Images/rhoHatPeri7.png  used on input line 411.
(pdftex.def)             Requested size: 505.89758pt x 246.62508pt.

Overfull \hbox (52.92969pt too wide) in paragraph at lines 411--412
 [][] 
 []

<Images/rhoOptPeri7.png, id=316, 1445.4pt x 704.6325pt>
File: Images/rhoOptPeri7.png Graphic file (type png)
<use Images/rhoOptPeri7.png>
Package pdftex.def Info: Images/rhoOptPeri7.png  used on input line 417.
(pdftex.def)             Requested size: 505.89758pt x 246.62508pt.

Overfull \hbox (52.92969pt too wide) in paragraph at lines 417--418
 [][] 
 []


LaTeX Warning: `h' float specifier changed to `ht'.


LaTeX Warning: `h' float specifier changed to `ht'.

<Images/ConOptPeri7.png, id=319, 1445.4pt x 704.6325pt>
File: Images/ConOptPeri7.png Graphic file (type png)
<use Images/ConOptPeri7.png>
Package pdftex.def Info: Images/ConOptPeri7.png  used on input line 424.
(pdftex.def)             Requested size: 505.89758pt x 246.62508pt.

Overfull \hbox (52.92969pt too wide) in paragraph at lines 424--425
 [][] 
 []


LaTeX Warning: `h' float specifier changed to `ht'.

<Images/rhoHatPeri8.png, id=327, 1445.4pt x 704.6325pt>
File: Images/rhoHatPeri8.png Graphic file (type png)
<use Images/rhoHatPeri8.png>
Package pdftex.def Info: Images/rhoHatPeri8.png  used on input line 434.
(pdftex.def)             Requested size: 505.89758pt x 246.62508pt.

Overfull \hbox (52.92969pt too wide) in paragraph at lines 434--435
 [][] 
 []

<Images/rhoOptPeri8.png, id=332, 1445.4pt x 704.6325pt>
File: Images/rhoOptPeri8.png Graphic file (type png)
<use Images/rhoOptPeri8.png>
Package pdftex.def Info: Images/rhoOptPeri8.png  used on input line 440.
(pdftex.def)             Requested size: 505.89758pt x 246.62508pt.

Overfull \hbox (52.92969pt too wide) in paragraph at lines 440--441
 [][] 
 []

[7 <./Images/Vext.png (PNG copy)>]

LaTeX Warning: `h' float specifier changed to `ht'.


LaTeX Warning: `h' float specifier changed to `ht'.

<Images/ConOptPeri8.png, id=349, 1445.4pt x 704.6325pt>
File: Images/ConOptPeri8.png Graphic file (type png)
<use Images/ConOptPeri8.png>
Package pdftex.def Info: Images/ConOptPeri8.png  used on input line 447.
(pdftex.def)             Requested size: 505.89758pt x 246.62508pt.

Overfull \hbox (52.92969pt too wide) in paragraph at lines 447--448
 [][] 
 []


LaTeX Warning: `h' float specifier changed to `ht'.


Package caption Warning: Unused \captionsetup[sub] on input line 25.
See the caption package documentation for explanation.

Package atveryend Info: Empty hook `BeforeClearDocument' on input line 451.
[8 <./Images/rhok0V.png (PNG copy)>] [9 <./Images/rhok05.png (PNG copy)> <./Ima
ges/rhokn05.png (PNG copy)>] [10 <./Images/rhok05V.png (PNG copy)> <./Images/rh
okn05V.png (PNG copy)>] [11 <./Images/rhoOptk0V.png (PNG copy)> <./Images/ConOp
tk0V.png (PNG copy)>] [12 <./Images/rhoOptkV.png (PNG copy)> <./Images/ConOptkV
.png (PNG copy)>] [13 <./Images/rhoOptknV.png (PNG copy)> <./Images/ConOptknV.p
ng (PNG copy)>] [14 <./Images/rhoHatPeri1.png (PNG copy)> <./Images/rhoOptPeri1
.png (PNG copy)>] [15 <./Images/ConOptPeri1.png (PNG copy)> <./Images/rhoHatPer
i2.png (PNG copy)>] [16 <./Images/rhoOptPeri2.png (PNG copy)> <./Images/ConOptP
eri2.png (PNG copy)>] [17 <./Images/rhoHatPeri3.png (PNG copy)> <./Images/rhoOp
tPeri3.png (PNG copy)>] [18 <./Images/ConOptPeri3.png (PNG copy)> <./Images/rho
OptPeri3a.png (PNG copy)>] [19 <./Images/ConOptPeri3a.png (PNG copy)> <./Images
/rhoHatPeri5.png (PNG copy)>] [20 <./Images/GradVext5.png (PNG copy)> <./Images
/rhoOptPeri5.png (PNG copy)>] [21 <./Images/ConOptPeri5.png (PNG copy)> <./Imag
es/rhoHatPeri6.png (PNG copy)>] [22 <./Images/GradVext6.png (PNG copy)> <./Imag
es/rhoOptPeri6.png (PNG copy)>] [23 <./Images/ConOptPeri6.png (PNG copy)> <./Im
ages/rhoHatPeri7.png (PNG copy)>] [24 <./Images/rhoOptPeri7.png (PNG copy)> <./
Images/ConOptPeri7.png (PNG copy)>] [25 <./Images/rhoHatPeri8.png (PNG copy)> <
./Images/rhoOptPeri8.png (PNG copy)>] [26 <./Images/ConOptPeri8.png (PNG copy)>
]
Package atveryend Info: Empty hook `AfterLastShipout' on input line 451.
 (D20210429.aux)
Package atveryend Info: Executing hook `AtVeryEndDocument' on input line 451.
Package atveryend Info: Executing hook `AtEndAfterFileList' on input line 451.
Package rerunfilecheck Info: File `D20210429.out' has not changed.
(rerunfilecheck)             Checksum: E7E403662C8CE9D116A8627C5AB76EEA;582.
Package atveryend Info: Empty hook `AtVeryVeryEnd' on input line 451.
 ) 
Here is how much of TeX's memory you used:
 11676 strings out of 492946
 178484 string characters out of 3124935
 322497 words of memory out of 3000000
 15323 multiletter control sequences out of 15000+200000
 11674 words of font info for 44 fonts, out of 3000000 for 9000
 1141 hyphenation exceptions out of 8191
 42i,9n,43p,761b,339s stack positions out of 5000i,500n,10000p,200000b,50000s
<C:/Users/s1452504/AppData/Local/Programs/MiKTeX 2.9/fonts/type1/public/amsfo
nts/cm/cmbx10.pfb><C:/Users/s1452504/AppData/Local/Programs/MiKTeX 2.9/fonts/ty
pe1/public/amsfonts/cm/cmbx12.pfb><C:/Users/s1452504/AppData/Local/Programs/MiK
TeX 2.9/fonts/type1/public/amsfonts/cm/cmbx8.pfb><C:/Users/s1452504/AppData/Loc
al/Programs/MiKTeX 2.9/fonts/type1/public/amsfonts/cm/cmex10.pfb><C:/Users/s145
2504/AppData/Local/Programs/MiKTeX 2.9/fonts/type1/public/amsfonts/cm/cmmi10.pf
b><C:/Users/s1452504/AppData/Local/Programs/MiKTeX 2.9/fonts/type1/public/amsfo
nts/cm/cmmi12.pfb><C:/Users/s1452504/AppData/Local/Programs/MiKTeX 2.9/fonts/ty
pe1/public/amsfonts/cm/cmmi6.pfb><C:/Users/s1452504/AppData/Local/Programs/MiKT
eX 2.9/fonts/type1/public/amsfonts/cm/cmmi8.pfb><C:/Users/s1452504/AppData/Loca
l/Programs/MiKTeX 2.9/fonts/type1/public/amsfonts/cm/cmr10.pfb><C:/Users/s14525
04/AppData/Local/Programs/MiKTeX 2.9/fonts/type1/public/amsfonts/cm/cmr8.pfb><C
:/Users/s1452504/AppData/Local/Programs/MiKTeX 2.9/fonts/type1/public/amsfonts/
cm/cmsy10.pfb><C:/Users/s1452504/AppData/Local/Programs/MiKTeX 2.9/fonts/type1/
public/amsfonts/cm/cmsy8.pfb>
Output written on D20210429.pdf (26 pages, 5637336 bytes).
PDF statistics:
 493 PDF objects out of 1000 (max. 8388607)
 77 named destinations out of 1000 (max. 500000)
 270 words of extra memory for PDF output out of 10000 (max. 10000000)

