This is pdfTeX, Version 3.14159265-2.6-1.40.20 (MiKTeX 2.9.6960 64-bit) (preloaded format=pdflatex 2019.3.1)  12 JUL 2021 10:48
entering extended mode
**./ALOP2021Presentation.tex
(ALOP2021Presentation.tex
LaTeX2e <2018-12-01>

("C:\Users\s1452504\AppData\Local\Programs\MiKTeX 2.9\tex/latex/beamer\beamer.c
ls"
Document Class: beamer 2018/12/02 v3.55 A class for typesetting presentations

("C:\Users\s1452504\AppData\Local\Programs\MiKTeX 2.9\tex/latex/beamer\beamerba
semodes.sty"
("C:\Users\s1452504\AppData\Local\Programs\MiKTeX 2.9\tex/latex/etoolbox\etoolb
ox.sty"
Package: etoolbox 2018/08/19 v2.5f e-TeX tools for LaTeX (JAW)
\etb@tempcnta=\count80
)
\beamer@tempbox=\box27
\beamer@tempcount=\count81
\c@beamerpauses=\count82

("C:\Users\s1452504\AppData\Local\Programs\MiKTeX 2.9\tex/latex/beamer\beamerba
sedecode.sty"
\beamer@slideinframe=\count83
\beamer@minimum=\count84
)
\beamer@commentbox=\box28
\beamer@modecount=\count85
)
("C:\Users\s1452504\AppData\Local\Programs\MiKTeX 2.9\tex/generic/oberdiek\ifpd
f.sty"
Package: ifpdf 2018/09/07 v3.3 Provides the ifpdf switch
)
\headdp=\dimen102
\footheight=\dimen103
\sidebarheight=\dimen104
\beamer@tempdim=\dimen105
\beamer@finalheight=\dimen106
\beamer@animht=\dimen107
\beamer@animdp=\dimen108
\beamer@animwd=\dimen109
\beamer@leftmargin=\dimen110
\beamer@rightmargin=\dimen111
\beamer@leftsidebar=\dimen112
\beamer@rightsidebar=\dimen113
\beamer@boxsize=\dimen114
\beamer@vboxoffset=\dimen115
\beamer@descdefault=\dimen116
\beamer@descriptionwidth=\dimen117
\beamer@lastskip=\skip41
\beamer@areabox=\box29
\beamer@animcurrent=\box30
\beamer@animshowbox=\box31
\beamer@sectionbox=\box32
\beamer@logobox=\box33
\beamer@linebox=\box34
\beamer@sectioncount=\count86
\beamer@subsubsectionmax=\count87
\beamer@subsectionmax=\count88
\beamer@sectionmax=\count89
\beamer@totalheads=\count90
\beamer@headcounter=\count91
\beamer@partstartpage=\count92
\beamer@sectionstartpage=\count93
\beamer@subsectionstartpage=\count94
\beamer@animationtempa=\count95
\beamer@animationtempb=\count96
\beamer@xpos=\count97
\beamer@ypos=\count98
\beamer@ypos@offset=\count99
\beamer@showpartnumber=\count100
\beamer@currentsubsection=\count101
\beamer@coveringdepth=\count102
\beamer@sectionadjust=\count103
\beamer@tocsectionnumber=\count104

("C:\Users\s1452504\AppData\Local\Programs\MiKTeX 2.9\tex/latex/beamer\beamerba
seoptions.sty"
("C:\Users\s1452504\AppData\Local\Programs\MiKTeX 2.9\tex/latex/graphics\keyval
.sty"
Package: keyval 2014/10/28 v1.15 key=value parser (DPC)
\KV@toks@=\toks14
))
\beamer@paperwidth=\skip42
\beamer@paperheight=\skip43

("C:\Users\s1452504\AppData\Local\Programs\MiKTeX 2.9\tex/latex/geometry\geomet
ry.sty"
Package: geometry 2018/04/16 v5.8 Page Geometry

("C:\Users\s1452504\AppData\Local\Programs\MiKTeX 2.9\tex/generic/oberdiek\ifvt
ex.sty"
Package: ifvtex 2016/05/16 v1.6 Detect VTeX and its facilities (HO)
Package ifvtex Info: VTeX not detected.
)
("C:\Users\s1452504\AppData\Local\Programs\MiKTeX 2.9\tex/generic/ifxetex\ifxet
ex.sty"
Package: ifxetex 2010/09/12 v0.6 Provides ifxetex conditional
)
\Gm@cnth=\count105
\Gm@cntv=\count106
\c@Gm@tempcnt=\count107
\Gm@bindingoffset=\dimen118
\Gm@wd@mp=\dimen119
\Gm@odd@mp=\dimen120
\Gm@even@mp=\dimen121
\Gm@layoutwidth=\dimen122
\Gm@layoutheight=\dimen123
\Gm@layouthoffset=\dimen124
\Gm@layoutvoffset=\dimen125
\Gm@dimlist=\toks15

("C:\Users\s1452504\AppData\Local\Programs\MiKTeX 2.9\tex/latex/geometry\geomet
ry.cfg"))
("C:\Users\s1452504\AppData\Local\Programs\MiKTeX 2.9\tex/latex/base\size11.clo
"
File: size11.clo 2018/09/03 v1.4i Standard LaTeX file (size option)
)
("C:\Users\s1452504\AppData\Local\Programs\MiKTeX 2.9\tex/latex/pgf/basiclayer\
pgfcore.sty"
("C:\Users\s1452504\AppData\Local\Programs\MiKTeX 2.9\tex/latex/graphics\graphi
cx.sty"
Package: graphicx 2017/06/01 v1.1a Enhanced LaTeX Graphics (DPC,SPQR)

("C:\Users\s1452504\AppData\Local\Programs\MiKTeX 2.9\tex/latex/graphics\graphi
cs.sty"
Package: graphics 2017/06/25 v1.2c Standard LaTeX Graphics (DPC,SPQR)

("C:\Users\s1452504\AppData\Local\Programs\MiKTeX 2.9\tex/latex/graphics\trig.s
ty"
Package: trig 2016/01/03 v1.10 sin cos tan (DPC)
)
("C:\Users\s1452504\AppData\Local\Programs\MiKTeX 2.9\tex/latex/graphics-cfg\gr
aphics.cfg"
File: graphics.cfg 2016/06/04 v1.11 sample graphics configuration
)
Package graphics Info: Driver file: pdftex.def on input line 99.

("C:\Users\s1452504\AppData\Local\Programs\MiKTeX 2.9\tex/latex/graphics-def\pd
ftex.def"
File: pdftex.def 2018/01/08 v1.0l Graphics/color driver for pdftex
))
\Gin@req@height=\dimen126
\Gin@req@width=\dimen127
)
("C:\Users\s1452504\AppData\Local\Programs\MiKTeX 2.9\tex/latex/pgf/systemlayer
\pgfsys.sty"
("C:\Users\s1452504\AppData\Local\Programs\MiKTeX 2.9\tex/latex/pgf/utilities\p
gfrcs.sty"
("C:\Users\s1452504\AppData\Local\Programs\MiKTeX 2.9\tex/generic/pgf/utilities
\pgfutil-common.tex"
\pgfutil@everybye=\toks16
\pgfutil@tempdima=\dimen128
\pgfutil@tempdimb=\dimen129

("C:\Users\s1452504\AppData\Local\Programs\MiKTeX 2.9\tex/generic/pgf/utilities
\pgfutil-common-lists.tex"))
("C:\Users\s1452504\AppData\Local\Programs\MiKTeX 2.9\tex/generic/pgf/utilities
\pgfutil-latex.def"
\pgfutil@abb=\box35

("C:\Users\s1452504\AppData\Local\Programs\MiKTeX 2.9\tex/latex/ms\everyshi.sty
"
Package: everyshi 2001/05/15 v3.00 EveryShipout Package (MS)
))
("C:\Users\s1452504\AppData\Local\Programs\MiKTeX 2.9\tex/generic/pgf/utilities
\pgfrcs.code.tex"
("C:\Users\s1452504\AppData\Local\Programs\MiKTeX 2.9\tex/generic/pgf\pgf.revis
ion.tex")
Package: pgfrcs 2019/01/05 v3.1 (3.1)
))
("C:\Users\s1452504\AppData\Local\Programs\MiKTeX 2.9\tex/generic/pgf/systemlay
er\pgfsys.code.tex"
Package: pgfsys 2019/01/05 v3.1 (3.1)

("C:\Users\s1452504\AppData\Local\Programs\MiKTeX 2.9\tex/generic/pgf/utilities
\pgfkeys.code.tex"
\pgfkeys@pathtoks=\toks17
\pgfkeys@temptoks=\toks18

("C:\Users\s1452504\AppData\Local\Programs\MiKTeX 2.9\tex/generic/pgf/utilities
\pgfkeysfiltered.code.tex"
\pgfkeys@tmptoks=\toks19
))
\pgf@x=\dimen130
\pgf@y=\dimen131
\pgf@xa=\dimen132
\pgf@ya=\dimen133
\pgf@xb=\dimen134
\pgf@yb=\dimen135
\pgf@xc=\dimen136
\pgf@yc=\dimen137
\w@pgf@writea=\write3
\r@pgf@reada=\read1
\c@pgf@counta=\count108
\c@pgf@countb=\count109
\c@pgf@countc=\count110
\c@pgf@countd=\count111
\t@pgf@toka=\toks20
\t@pgf@tokb=\toks21
\t@pgf@tokc=\toks22
\pgf@sys@id@count=\count112

("C:\Users\s1452504\AppData\Local\Programs\MiKTeX 2.9\tex/generic/pgf/systemlay
er\pgf.cfg"
File: pgf.cfg 2019/01/05 v3.1 (3.1)
)
Driver file for pgf: pgfsys-pdftex.def

("C:\Users\s1452504\AppData\Local\Programs\MiKTeX 2.9\tex/generic/pgf/systemlay
er\pgfsys-pdftex.def"
File: pgfsys-pdftex.def 2019/01/05 v3.1 (3.1)

("C:\Users\s1452504\AppData\Local\Programs\MiKTeX 2.9\tex/generic/pgf/systemlay
er\pgfsys-common-pdf.def"
File: pgfsys-common-pdf.def 2019/01/05 v3.1 (3.1)
)))
("C:\Users\s1452504\AppData\Local\Programs\MiKTeX 2.9\tex/generic/pgf/systemlay
er\pgfsyssoftpath.code.tex"
File: pgfsyssoftpath.code.tex 2019/01/05 v3.1 (3.1)
\pgfsyssoftpath@smallbuffer@items=\count113
\pgfsyssoftpath@bigbuffer@items=\count114
)
("C:\Users\s1452504\AppData\Local\Programs\MiKTeX 2.9\tex/generic/pgf/systemlay
er\pgfsysprotocol.code.tex"
File: pgfsysprotocol.code.tex 2019/01/05 v3.1 (3.1)
))
("C:\Users\s1452504\AppData\Local\Programs\MiKTeX 2.9\tex/latex/xcolor\xcolor.s
ty"
Package: xcolor 2016/05/11 v2.12 LaTeX color extensions (UK)

("C:\Users\s1452504\AppData\Local\Programs\MiKTeX 2.9\tex/latex/graphics-cfg\co
lor.cfg"
File: color.cfg 2016/01/02 v1.6 sample color configuration
)
Package xcolor Info: Driver file: pdftex.def on input line 225.
Package xcolor Info: Model `cmy' substituted by `cmy0' on input line 1348.
Package xcolor Info: Model `hsb' substituted by `rgb' on input line 1352.
Package xcolor Info: Model `RGB' extended on input line 1364.
Package xcolor Info: Model `HTML' substituted by `rgb' on input line 1366.
Package xcolor Info: Model `Hsb' substituted by `hsb' on input line 1367.
Package xcolor Info: Model `tHsb' substituted by `hsb' on input line 1368.
Package xcolor Info: Model `HSB' substituted by `hsb' on input line 1369.
Package xcolor Info: Model `Gray' substituted by `gray' on input line 1370.
Package xcolor Info: Model `wave' substituted by `hsb' on input line 1371.

("C:\Users\s1452504\AppData\Local\Programs\MiKTeX 2.9\tex/latex/graphics\dvipsn
am.def"
File: dvipsnam.def 2016/06/17 v3.0m Driver-dependent file (DPC,SPQR)
))
("C:\Users\s1452504\AppData\Local\Programs\MiKTeX 2.9\tex/generic/pgf/basiclaye
r\pgfcore.code.tex"
Package: pgfcore 2019/01/05 v3.1 (3.1)

("C:\Users\s1452504\AppData\Local\Programs\MiKTeX 2.9\tex/generic/pgf/math\pgfm
ath.code.tex"
("C:\Users\s1452504\AppData\Local\Programs\MiKTeX 2.9\tex/generic/pgf/math\pgfm
athcalc.code.tex"
("C:\Users\s1452504\AppData\Local\Programs\MiKTeX 2.9\tex/generic/pgf/math\pgfm
athutil.code.tex")
("C:\Users\s1452504\AppData\Local\Programs\MiKTeX 2.9\tex/generic/pgf/math\pgfm
athparser.code.tex"
\pgfmath@dimen=\dimen138
\pgfmath@count=\count115
\pgfmath@box=\box36
\pgfmath@toks=\toks23
\pgfmath@stack@operand=\toks24
\pgfmath@stack@operation=\toks25
)
("C:\Users\s1452504\AppData\Local\Programs\MiKTeX 2.9\tex/generic/pgf/math\pgfm
athfunctions.code.tex"
("C:\Users\s1452504\AppData\Local\Programs\MiKTeX 2.9\tex/generic/pgf/math\pgfm
athfunctions.basic.code.tex")
("C:\Users\s1452504\AppData\Local\Programs\MiKTeX 2.9\tex/generic/pgf/math\pgfm
athfunctions.trigonometric.code.tex")
("C:\Users\s1452504\AppData\Local\Programs\MiKTeX 2.9\tex/generic/pgf/math\pgfm
athfunctions.random.code.tex")
("C:\Users\s1452504\AppData\Local\Programs\MiKTeX 2.9\tex/generic/pgf/math\pgfm
athfunctions.comparison.code.tex")
("C:\Users\s1452504\AppData\Local\Programs\MiKTeX 2.9\tex/generic/pgf/math\pgfm
athfunctions.base.code.tex")
("C:\Users\s1452504\AppData\Local\Programs\MiKTeX 2.9\tex/generic/pgf/math\pgfm
athfunctions.round.code.tex")
("C:\Users\s1452504\AppData\Local\Programs\MiKTeX 2.9\tex/generic/pgf/math\pgfm
athfunctions.misc.code.tex")
("C:\Users\s1452504\AppData\Local\Programs\MiKTeX 2.9\tex/generic/pgf/math\pgfm
athfunctions.integerarithmetics.code.tex")))
("C:\Users\s1452504\AppData\Local\Programs\MiKTeX 2.9\tex/generic/pgf/math\pgfm
athfloat.code.tex"
\c@pgfmathroundto@lastzeros=\count116
))
("C:\Users\s1452504\AppData\Local\Programs\MiKTeX 2.9\tex/generic/pgf/basiclaye
r\pgfcorepoints.code.tex"
File: pgfcorepoints.code.tex 2019/01/05 v3.1 (3.1)
\pgf@picminx=\dimen139
\pgf@picmaxx=\dimen140
\pgf@picminy=\dimen141
\pgf@picmaxy=\dimen142
\pgf@pathminx=\dimen143
\pgf@pathmaxx=\dimen144
\pgf@pathminy=\dimen145
\pgf@pathmaxy=\dimen146
\pgf@xx=\dimen147
\pgf@xy=\dimen148
\pgf@yx=\dimen149
\pgf@yy=\dimen150
\pgf@zx=\dimen151
\pgf@zy=\dimen152
)
("C:\Users\s1452504\AppData\Local\Programs\MiKTeX 2.9\tex/generic/pgf/basiclaye
r\pgfcorepathconstruct.code.tex"
File: pgfcorepathconstruct.code.tex 2019/01/05 v3.1 (3.1)
\pgf@path@lastx=\dimen153
\pgf@path@lasty=\dimen154
)
("C:\Users\s1452504\AppData\Local\Programs\MiKTeX 2.9\tex/generic/pgf/basiclaye
r\pgfcorepathusage.code.tex"
File: pgfcorepathusage.code.tex 2019/01/05 v3.1 (3.1)
\pgf@shorten@end@additional=\dimen155
\pgf@shorten@start@additional=\dimen156
)
("C:\Users\s1452504\AppData\Local\Programs\MiKTeX 2.9\tex/generic/pgf/basiclaye
r\pgfcorescopes.code.tex"
File: pgfcorescopes.code.tex 2019/01/05 v3.1 (3.1)
\pgfpic=\box37
\pgf@hbox=\box38
\pgf@layerbox@main=\box39
\pgf@picture@serial@count=\count117
)
("C:\Users\s1452504\AppData\Local\Programs\MiKTeX 2.9\tex/generic/pgf/basiclaye
r\pgfcoregraphicstate.code.tex"
File: pgfcoregraphicstate.code.tex 2019/01/05 v3.1 (3.1)
\pgflinewidth=\dimen157
)
("C:\Users\s1452504\AppData\Local\Programs\MiKTeX 2.9\tex/generic/pgf/basiclaye
r\pgfcoretransformations.code.tex"
File: pgfcoretransformations.code.tex 2019/01/05 v3.1 (3.1)
\pgf@pt@x=\dimen158
\pgf@pt@y=\dimen159
\pgf@pt@temp=\dimen160
)
("C:\Users\s1452504\AppData\Local\Programs\MiKTeX 2.9\tex/generic/pgf/basiclaye
r\pgfcorequick.code.tex"
File: pgfcorequick.code.tex 2019/01/05 v3.1 (3.1)
)
("C:\Users\s1452504\AppData\Local\Programs\MiKTeX 2.9\tex/generic/pgf/basiclaye
r\pgfcoreobjects.code.tex"
File: pgfcoreobjects.code.tex 2019/01/05 v3.1 (3.1)
)
("C:\Users\s1452504\AppData\Local\Programs\MiKTeX 2.9\tex/generic/pgf/basiclaye
r\pgfcorepathprocessing.code.tex"
File: pgfcorepathprocessing.code.tex 2019/01/05 v3.1 (3.1)
)
("C:\Users\s1452504\AppData\Local\Programs\MiKTeX 2.9\tex/generic/pgf/basiclaye
r\pgfcorearrows.code.tex"
File: pgfcorearrows.code.tex 2019/01/05 v3.1 (3.1)
\pgfarrowsep=\dimen161
)
("C:\Users\s1452504\AppData\Local\Programs\MiKTeX 2.9\tex/generic/pgf/basiclaye
r\pgfcoreshade.code.tex"
File: pgfcoreshade.code.tex 2019/01/05 v3.1 (3.1)
\pgf@max=\dimen162
\pgf@sys@shading@range@num=\count118
)
("C:\Users\s1452504\AppData\Local\Programs\MiKTeX 2.9\tex/generic/pgf/basiclaye
r\pgfcoreimage.code.tex"
File: pgfcoreimage.code.tex 2019/01/05 v3.1 (3.1)

("C:\Users\s1452504\AppData\Local\Programs\MiKTeX 2.9\tex/generic/pgf/basiclaye
r\pgfcoreexternal.code.tex"
File: pgfcoreexternal.code.tex 2019/01/05 v3.1 (3.1)
\pgfexternal@startupbox=\box40
))
("C:\Users\s1452504\AppData\Local\Programs\MiKTeX 2.9\tex/generic/pgf/basiclaye
r\pgfcorelayers.code.tex"
File: pgfcorelayers.code.tex 2019/01/05 v3.1 (3.1)
)
("C:\Users\s1452504\AppData\Local\Programs\MiKTeX 2.9\tex/generic/pgf/basiclaye
r\pgfcoretransparency.code.tex"
File: pgfcoretransparency.code.tex 2019/01/05 v3.1 (3.1)
)
("C:\Users\s1452504\AppData\Local\Programs\MiKTeX 2.9\tex/generic/pgf/basiclaye
r\pgfcorepatterns.code.tex"
File: pgfcorepatterns.code.tex 2019/01/05 v3.1 (3.1)
)
("C:\Users\s1452504\AppData\Local\Programs\MiKTeX 2.9\tex/generic/pgf/basiclaye
r\pgfcorerdf.code.tex"
File: pgfcorerdf.code.tex 2019/01/05 v3.1 (3.1)
)))
("C:\Users\s1452504\AppData\Local\Programs\MiKTeX 2.9\tex/latex/pgf/utilities\x
xcolor.sty"
Package: xxcolor 2003/10/24 ver 0.1
\XC@nummixins=\count119
\XC@countmixins=\count120
)
("C:\Users\s1452504\AppData\Local\Programs\MiKTeX 2.9\tex/generic/oberdiek\atbe
gshi.sty"
Package: atbegshi 2016/06/09 v1.18 At begin shipout hook (HO)

("C:\Users\s1452504\AppData\Local\Programs\MiKTeX 2.9\tex/generic/oberdiek\infw
arerr.sty"
Package: infwarerr 2016/05/16 v1.4 Providing info/warning/error messages (HO)
)
("C:\Users\s1452504\AppData\Local\Programs\MiKTeX 2.9\tex/generic/oberdiek\ltxc
mds.sty"
Package: ltxcmds 2016/05/16 v1.23 LaTeX kernel commands for general use (HO)
))
("C:\Users\s1452504\AppData\Local\Programs\MiKTeX 2.9\tex/latex/hyperref\hyperr
ef.sty"
Package: hyperref 2018/11/30 v6.88e Hypertext links for LaTeX

("C:\Users\s1452504\AppData\Local\Programs\MiKTeX 2.9\tex/generic/oberdiek\hobs
ub-hyperref.sty"
Package: hobsub-hyperref 2016/05/16 v1.14 Bundle oberdiek, subset hyperref (HO)


("C:\Users\s1452504\AppData\Local\Programs\MiKTeX 2.9\tex/generic/oberdiek\hobs
ub-generic.sty"
Package: hobsub-generic 2016/05/16 v1.14 Bundle oberdiek, subset generic (HO)
Package: hobsub 2016/05/16 v1.14 Construct package bundles (HO)
Package hobsub Info: Skipping package `infwarerr' (already loaded).
Package hobsub Info: Skipping package `ltxcmds' (already loaded).
Package: ifluatex 2016/05/16 v1.4 Provides the ifluatex switch (HO)
Package ifluatex Info: LuaTeX not detected.
Package hobsub Info: Skipping package `ifvtex' (already loaded).
Package: intcalc 2016/05/16 v1.2 Expandable calculations with integers (HO)
Package hobsub Info: Skipping package `ifpdf' (already loaded).
Package: etexcmds 2016/05/16 v1.6 Avoid name clashes with e-TeX commands (HO)
Package: kvsetkeys 2016/05/16 v1.17 Key value parser (HO)
Package: kvdefinekeys 2016/05/16 v1.4 Define keys (HO)
Package: pdftexcmds 2018/09/10 v0.29 Utility functions of pdfTeX for LuaTeX (HO
)
Package pdftexcmds Info: LuaTeX not detected.
Package pdftexcmds Info: \pdf@primitive is available.
Package pdftexcmds Info: \pdf@ifprimitive is available.
Package pdftexcmds Info: \pdfdraftmode found.
Package: pdfescape 2016/05/16 v1.14 Implements pdfTeX's escape features (HO)
Package: bigintcalc 2016/05/16 v1.4 Expandable calculations on big integers (HO
)
Package: bitset 2016/05/16 v1.2 Handle bit-vector datatype (HO)
Package: uniquecounter 2016/05/16 v1.3 Provide unlimited unique counter (HO)
)
Package hobsub Info: Skipping package `hobsub' (already loaded).
Package: letltxmacro 2016/05/16 v1.5 Let assignment for LaTeX macros (HO)
Package: hopatch 2016/05/16 v1.3 Wrapper for package hooks (HO)
Package: xcolor-patch 2016/05/16 xcolor patch
Package: atveryend 2016/05/16 v1.9 Hooks at the very end of document (HO)
Package hobsub Info: Skipping package `atbegshi' (already loaded).
Package: refcount 2016/05/16 v3.5 Data extraction from label references (HO)
Package: hycolor 2016/05/16 v1.8 Color options for hyperref/bookmark (HO)
)
("C:\Users\s1452504\AppData\Local\Programs\MiKTeX 2.9\tex/latex/oberdiek\auxhoo
k.sty"
Package: auxhook 2016/05/16 v1.4 Hooks for auxiliary files (HO)
)
("C:\Users\s1452504\AppData\Local\Programs\MiKTeX 2.9\tex/latex/oberdiek\kvopti
ons.sty"
Package: kvoptions 2016/05/16 v3.12 Key value format for package options (HO)
)
\@linkdim=\dimen163
\Hy@linkcounter=\count121
\Hy@pagecounter=\count122

("C:\Users\s1452504\AppData\Local\Programs\MiKTeX 2.9\tex/latex/hyperref\pd1enc
.def"
File: pd1enc.def 2018/11/30 v6.88e Hyperref: PDFDocEncoding definition (HO)
Now handling font encoding PD1 ...
... no UTF-8 mapping file for font encoding PD1
)
\Hy@SavedSpaceFactor=\count123

("C:\Users\s1452504\AppData\Local\Programs\MiKTeX 2.9\tex/latex/00miktex\hyperr
ef.cfg"
File: hyperref.cfg 2002/06/06 v1.2 hyperref configuration of TeXLive
)
Package hyperref Info: Option `bookmarks' set `true' on input line 4393.
Package hyperref Info: Option `bookmarksopen' set `true' on input line 4393.
Package hyperref Info: Option `implicit' set `false' on input line 4393.
Package hyperref Info: Hyper figures OFF on input line 4519.
Package hyperref Info: Link nesting OFF on input line 4524.
Package hyperref Info: Hyper index ON on input line 4527.
Package hyperref Info: Plain pages OFF on input line 4534.
Package hyperref Info: Backreferencing OFF on input line 4539.
Package hyperref Info: Implicit mode OFF; no redefinition of LaTeX internals.
Package hyperref Info: Bookmarks ON on input line 4772.
\c@Hy@tempcnt=\count124

("C:\Users\s1452504\AppData\Local\Programs\MiKTeX 2.9\tex/latex/url\url.sty"
\Urlmuskip=\muskip10
Package: url 2013/09/16  ver 3.4  Verb mode for urls, etc.
)
LaTeX Info: Redefining \url on input line 5125.
\XeTeXLinkMargin=\dimen164
\Fld@menulength=\count125
\Field@Width=\dimen165
\Fld@charsize=\dimen166
Package hyperref Info: Hyper figures OFF on input line 6380.
Package hyperref Info: Link nesting OFF on input line 6385.
Package hyperref Info: Hyper index ON on input line 6388.
Package hyperref Info: backreferencing OFF on input line 6395.
Package hyperref Info: Link coloring OFF on input line 6400.
Package hyperref Info: Link coloring with OCG OFF on input line 6405.
Package hyperref Info: PDF/A mode OFF on input line 6410.
LaTeX Info: Redefining \ref on input line 6450.
LaTeX Info: Redefining \pageref on input line 6454.
\Hy@abspage=\count126


Package hyperref Message: Stopped early.

)
Package hyperref Info: Driver (autodetected): hpdftex.

("C:\Users\s1452504\AppData\Local\Programs\MiKTeX 2.9\tex/latex/hyperref\hpdfte
x.def"
File: hpdftex.def 2018/11/30 v6.88e Hyperref driver for pdfTeX
\Fld@listcount=\count127
\c@bookmark@seq@number=\count128

("C:\Users\s1452504\AppData\Local\Programs\MiKTeX 2.9\tex/latex/oberdiek\rerunf
ilecheck.sty"
Package: rerunfilecheck 2016/05/16 v1.8 Rerun checks for auxiliary files (HO)
Package uniquecounter Info: New unique counter `rerunfilecheck' on input line 2
82.
))
("C:\Users\s1452504\AppData\Local\Programs\MiKTeX 2.9\tex/latex/beamer\beamerba
serequires.sty"
("C:\Users\s1452504\AppData\Local\Programs\MiKTeX 2.9\tex/latex/beamer\beamerba
secompatibility.sty")
("C:\Users\s1452504\AppData\Local\Programs\MiKTeX 2.9\tex/latex/beamer\beamerba
sefont.sty"
("C:\Users\s1452504\AppData\Local\Programs\MiKTeX 2.9\tex/latex/amsfonts\amssym
b.sty"
Package: amssymb 2013/01/14 v3.01 AMS font symbols

("C:\Users\s1452504\AppData\Local\Programs\MiKTeX 2.9\tex/latex/amsfonts\amsfon
ts.sty"
Package: amsfonts 2013/01/14 v3.01 Basic AMSFonts support
\@emptytoks=\toks26
\symAMSa=\mathgroup4
\symAMSb=\mathgroup5
LaTeX Font Info:    Overwriting math alphabet `\mathfrak' in version `bold'
(Font)                  U/euf/m/n --> U/euf/b/n on input line 106.
))
("C:\Users\s1452504\AppData\Local\Programs\MiKTeX 2.9\tex/latex/sansmathaccent\
sansmathaccent.sty"
Package: sansmathaccent 2013/03/28

("C:\Users\s1452504\AppData\Local\Programs\MiKTeX 2.9\tex/latex/filehook\fileho
ok.sty"
Package: filehook 2011/10/12 v0.5d Hooks for input files
)))
("C:\Users\s1452504\AppData\Local\Programs\MiKTeX 2.9\tex/latex/beamer\beamerba
setranslator.sty"
("C:\Users\s1452504\AppData\Local\Programs\MiKTeX 2.9\tex/latex/translator\tran
slator.sty"
Package: translator 2018/01/04 v1.12 Easy translation of strings in LaTeX
))
("C:\Users\s1452504\AppData\Local\Programs\MiKTeX 2.9\tex/latex/beamer\beamerba
semisc.sty")
("C:\Users\s1452504\AppData\Local\Programs\MiKTeX 2.9\tex/latex/beamer\beamerba
setwoscreens.sty")
("C:\Users\s1452504\AppData\Local\Programs\MiKTeX 2.9\tex/latex/beamer\beamerba
seoverlay.sty"
\beamer@argscount=\count129
\beamer@lastskipcover=\skip44
\beamer@trivlistdepth=\count130
)
("C:\Users\s1452504\AppData\Local\Programs\MiKTeX 2.9\tex/latex/beamer\beamerba
setitle.sty")
("C:\Users\s1452504\AppData\Local\Programs\MiKTeX 2.9\tex/latex/beamer\beamerba
sesection.sty"
\c@lecture=\count131
\c@part=\count132
\c@section=\count133
\c@subsection=\count134
\c@subsubsection=\count135
)
("C:\Users\s1452504\AppData\Local\Programs\MiKTeX 2.9\tex/latex/beamer\beamerba
seframe.sty"
\beamer@framebox=\box41
\beamer@frametitlebox=\box42
\beamer@zoombox=\box43
\beamer@zoomcount=\count136
\beamer@zoomframecount=\count137
\beamer@frametextheight=\dimen167
\c@subsectionslide=\count138
\beamer@frametopskip=\skip45
\beamer@framebottomskip=\skip46
\beamer@frametopskipautobreak=\skip47
\beamer@framebottomskipautobreak=\skip48
\beamer@envbody=\toks27
\framewidth=\dimen168
\c@framenumber=\count139
)
("C:\Users\s1452504\AppData\Local\Programs\MiKTeX 2.9\tex/latex/beamer\beamerba
severbatim.sty"
\beamer@verbatimfileout=\write4
)
("C:\Users\s1452504\AppData\Local\Programs\MiKTeX 2.9\tex/latex/beamer\beamerba
seframesize.sty"
\beamer@splitbox=\box44
\beamer@autobreakcount=\count140
\beamer@autobreaklastheight=\dimen169
\beamer@frametitletoks=\toks28
\beamer@framesubtitletoks=\toks29
)
("C:\Users\s1452504\AppData\Local\Programs\MiKTeX 2.9\tex/latex/beamer\beamerba
seframecomponents.sty"
\beamer@footins=\box45
)
("C:\Users\s1452504\AppData\Local\Programs\MiKTeX 2.9\tex/latex/beamer\beamerba
secolor.sty")
("C:\Users\s1452504\AppData\Local\Programs\MiKTeX 2.9\tex/latex/beamer\beamerba
senotes.sty"
\beamer@frameboxcopy=\box46
)
("C:\Users\s1452504\AppData\Local\Programs\MiKTeX 2.9\tex/latex/beamer\beamerba
setoc.sty")
("C:\Users\s1452504\AppData\Local\Programs\MiKTeX 2.9\tex/latex/beamer\beamerba
setemplates.sty"
\beamer@sbttoks=\toks30

("C:\Users\s1452504\AppData\Local\Programs\MiKTeX 2.9\tex/latex/beamer\beamerba
seauxtemplates.sty"
("C:\Users\s1452504\AppData\Local\Programs\MiKTeX 2.9\tex/latex/beamer\beamerba
seboxes.sty"
\bmb@box=\box47
\bmb@colorbox=\box48
\bmb@boxshadow=\box49
\bmb@boxshadowball=\box50
\bmb@boxshadowballlarge=\box51
\bmb@temp=\dimen170
\bmb@dima=\dimen171
\bmb@dimb=\dimen172
\bmb@prevheight=\dimen173
)
\beamer@blockheadheight=\dimen174
))
("C:\Users\s1452504\AppData\Local\Programs\MiKTeX 2.9\tex/latex/beamer\beamerba
selocalstructure.sty"
("C:\Users\s1452504\AppData\Local\Programs\MiKTeX 2.9\tex/latex/tools\enumerate
.sty"
Package: enumerate 2015/07/23 v3.00 enumerate extensions (DPC)
\@enLab=\toks31
)
\c@figure=\count141
\c@table=\count142
\abovecaptionskip=\skip49
\belowcaptionskip=\skip50
)
("C:\Users\s1452504\AppData\Local\Programs\MiKTeX 2.9\tex/latex/beamer\beamerba
senavigation.sty"
\beamer@section@min@dim=\dimen175
)
("C:\Users\s1452504\AppData\Local\Programs\MiKTeX 2.9\tex/latex/beamer\beamerba
setheorems.sty"
("C:\Users\s1452504\AppData\Local\Programs\MiKTeX 2.9\tex/latex/amsmath\amsmath
.sty"
Package: amsmath 2018/12/01 v2.17b AMS math features
\@mathmargin=\skip51

For additional information on amsmath, use the `?' option.

("C:\Users\s1452504\AppData\Local\Programs\MiKTeX 2.9\tex/latex/amsmath\amstext
.sty"
Package: amstext 2000/06/29 v2.01 AMS text

("C:\Users\s1452504\AppData\Local\Programs\MiKTeX 2.9\tex/latex/amsmath\amsgen.
sty"
File: amsgen.sty 1999/11/30 v2.0 generic functions
\@emptytoks=\toks32
\ex@=\dimen176
))
("C:\Users\s1452504\AppData\Local\Programs\MiKTeX 2.9\tex/latex/amsmath\amsbsy.
sty"
Package: amsbsy 1999/11/29 v1.2d Bold Symbols
\pmbraise@=\dimen177
)
("C:\Users\s1452504\AppData\Local\Programs\MiKTeX 2.9\tex/latex/amsmath\amsopn.
sty"
Package: amsopn 2016/03/08 v2.02 operator names
)
\inf@bad=\count143
LaTeX Info: Redefining \frac on input line 223.
\uproot@=\count144
\leftroot@=\count145
LaTeX Info: Redefining \overline on input line 385.
\classnum@=\count146
\DOTSCASE@=\count147
LaTeX Info: Redefining \ldots on input line 482.
LaTeX Info: Redefining \dots on input line 485.
LaTeX Info: Redefining \cdots on input line 606.
\Mathstrutbox@=\box52
\strutbox@=\box53
\big@size=\dimen178
LaTeX Font Info:    Redeclaring font encoding OML on input line 729.
LaTeX Font Info:    Redeclaring font encoding OMS on input line 730.
\macc@depth=\count148
\c@MaxMatrixCols=\count149
\dotsspace@=\muskip11
\c@parentequation=\count150
\dspbrk@lvl=\count151
\tag@help=\toks33
\row@=\count152
\column@=\count153
\maxfields@=\count154
\andhelp@=\toks34
\eqnshift@=\dimen179
\alignsep@=\dimen180
\tagshift@=\dimen181
\tagwidth@=\dimen182
\totwidth@=\dimen183
\lineht@=\dimen184
\@envbody=\toks35
\multlinegap=\skip52
\multlinetaggap=\skip53
\mathdisplay@stack=\toks36
LaTeX Info: Redefining \[ on input line 2844.
LaTeX Info: Redefining \] on input line 2845.
)
("C:\Users\s1452504\AppData\Local\Programs\MiKTeX 2.9\tex/latex/amscls\amsthm.s
ty"
Package: amsthm 2017/10/31 v2.20.4
\thm@style=\toks37
\thm@bodyfont=\toks38
\thm@headfont=\toks39
\thm@notefont=\toks40
\thm@headpunct=\toks41
\thm@preskip=\skip54
\thm@postskip=\skip55
\thm@headsep=\skip56
\dth@everypar=\toks42
)
\c@theorem=\count155
)
("C:\Users\s1452504\AppData\Local\Programs\MiKTeX 2.9\tex/latex/beamer\beamerba
sethemes.sty"))
("C:\Users\s1452504\AppData\Local\Programs\MiKTeX 2.9\tex/latex/beamer\beamerth
emedefault.sty"
("C:\Users\s1452504\AppData\Local\Programs\MiKTeX 2.9\tex/latex/beamer\beamerfo
ntthemedefault.sty")
("C:\Users\s1452504\AppData\Local\Programs\MiKTeX 2.9\tex/latex/beamer\beamerco
lorthemedefault.sty")
("C:\Users\s1452504\AppData\Local\Programs\MiKTeX 2.9\tex/latex/beamer\beamerin
nerthemedefault.sty"
\beamer@dima=\dimen185
\beamer@dimb=\dimen186
)
("C:\Users\s1452504\AppData\Local\Programs\MiKTeX 2.9\tex/latex/beamer\beamerou
terthemedefault.sty")))
("C:\Users\s1452504\AppData\Local\Programs\MiKTeX 2.9\tex/latex/beamer\beamerth
emeboxes.sty"
\beamer@boxheadheight=\dimen187
\beamer@boxfootheight=\dimen188
\beamer@headboxes=\count156
\beamer@headboxsizes=\dimen189
\beamer@currentbox=\count157
\beamer@footboxes=\count158
\beamer@footboxsizes=\dimen190
)
("C:\Users\s1452504\AppData\Local\Programs\MiKTeX 2.9\tex/latex/beamer\beamerco
lorthemedove.sty")
("C:\Users\s1452504\AppData\Local\Programs\MiKTeX 2.9\tex/latex/appendixnumberb
eamer\appendixnumberbeamer.sty")
("C:\Users\s1452504\AppData\Local\Programs\MiKTeX 2.9\tex/latex/base\inputenc.s
ty"
Package: inputenc 2018/08/11 v1.3c Input encoding file
\inpenc@prehook=\toks43
\inpenc@posthook=\toks44
)
("C:\Users\s1452504\AppData\Local\Programs\MiKTeX 2.9\tex/latex/mathtools\matht
ools.sty"
Package: mathtools 2018/01/08 v1.21 mathematical typesetting tools

("C:\Users\s1452504\AppData\Local\Programs\MiKTeX 2.9\tex/latex/tools\calc.sty"
Package: calc 2017/05/25 v4.3 Infix arithmetic (KKT,FJ)
\calc@Acount=\count159
\calc@Bcount=\count160
\calc@Adimen=\dimen191
\calc@Bdimen=\dimen192
\calc@Askip=\skip57
\calc@Bskip=\skip58
LaTeX Info: Redefining \setlength on input line 80.
LaTeX Info: Redefining \addtolength on input line 81.
\calc@Ccount=\count161
\calc@Cskip=\skip59
)
("C:\Users\s1452504\AppData\Local\Programs\MiKTeX 2.9\tex/latex/mathtools\mhset
up.sty"
Package: mhsetup 2017/03/31 v1.3 programming setup (MH)
)
LaTeX Info: Thecontrolsequence`\('isalreadyrobust on input line 129.
LaTeX Info: Thecontrolsequence`\)'isalreadyrobust on input line 129.
LaTeX Info: Thecontrolsequence`\['isalreadyrobust on input line 129.
LaTeX Info: Thecontrolsequence`\]'isalreadyrobust on input line 129.
\g_MT_multlinerow_int=\count162
\l_MT_multwidth_dim=\dimen193
\origjot=\skip60
\l_MT_shortvdotswithinadjustabove_dim=\dimen194
\l_MT_shortvdotswithinadjustbelow_dim=\dimen195
\l_MT_above_intertext_sep=\dimen196
\l_MT_below_intertext_sep=\dimen197
\l_MT_above_shortintertext_sep=\dimen198
\l_MT_below_shortintertext_sep=\dimen199
)
("C:\Users\s1452504\AppData\Local\Programs\MiKTeX 2.9\tex/latex/commath\commath
.sty"
("C:\Users\s1452504\AppData\Local\Programs\MiKTeX 2.9\tex/latex/base\ifthen.sty
"
Package: ifthen 2014/09/29 v1.1c Standard LaTeX ifthen package (DPC)
))
("C:\Users\s1452504\AppData\Local\Programs\MiKTeX 2.9\tex/latex/beamer\multimed
ia.sty"
Package: multimedia 2012/05/02 ver 0.02
\mm@movie=\count163
)
("C:\Users\s1452504\AppData\Local\Programs\MiKTeX 2.9\tex/latex/multirow\multir
ow.sty"
Package: multirow 2019/01/01 v2.4 Span multiple rows of a table
\multirow@colwidth=\skip61
\multirow@cntb=\count164
\multirow@dima=\skip62
\bigstrutjot=\dimen256
)
("C:\Users\s1452504\AppData\Local\Programs\MiKTeX 2.9\tex/latex/caption\subcapt
ion.sty"
Package: subcaption 2018/05/01 v1.1-162 Sub-captions (AR)

("C:\Users\s1452504\AppData\Local\Programs\MiKTeX 2.9\tex/latex/caption\caption
.sty"
Package: caption 2018/10/06 v3.3-154 Customizing captions (AR)

("C:\Users\s1452504\AppData\Local\Programs\MiKTeX 2.9\tex/latex/caption\caption
3.sty"
Package: caption3 2018/09/12 v1.8c caption3 kernel (AR)
Package caption3 Info: TeX engine: e-TeX on input line 64.
\captionmargin=\dimen257
\captionmargin@=\dimen258
\captionwidth=\dimen259
\caption@tempdima=\dimen260
\caption@indent=\dimen261
\caption@parindent=\dimen262
\caption@hangindent=\dimen263
)
\c@caption@flags=\count165
\c@ContinuedFloat=\count166
Package caption Info: beamer document class.
Package caption Info: hyperref package is loaded.
Package caption Info: Hyperref support is turned off
(caption)             because hyperref has stopped early.
)
\c@subfigure=\count167
\c@subtable=\count168
)
("C:\Users\s1452504\AppData\Local\Programs\MiKTeX 2.9\tex/latex/numprint\numpri
nt032.sty"
Package: numprint032 2003/09/18 v0.32 Print numbers
 Package `numprint032', Version 0.32 of 2003/09/18.
Compatiblity version of numprint for versions prior 1.00
("C:\Users\s1452504\AppData\Local\Programs\MiKTeX 2.9\tex/latex/tools\array.sty
"
Package: array 2018/11/13 v2.4j Tabular extension package (FMi)
\col@sep=\dimen264
\ar@mcellbox=\box54
\extrarowheight=\dimen265
\NC@list=\toks45
\extratabsurround=\skip63
\backup@length=\skip64
\ar@cellbox=\box55
)
\c@nprt@countblocksbefore=\count169
\c@nprt@digitsfirstblock=\count170
\c@nprt@digitsafterdecimal=\count171
\c@nprt@digitsbeforedecimal=\count172
\nprt@digitwidth=\skip65
\nprt@sepwidth=\skip66
\c@nprt@digitcount=\count173
\c@nprt@sepcount=\count174
\nprt@blockwidth=\skip67
\c@nprt@position=\count175
\c@nprt@thisdigit=\count176
)
("C:\Users\s1452504\AppData\Local\Programs\MiKTeX 2.9\tex/latex/biblatex\biblat
ex.sty"
Package: biblatex 2020/12/31 v3.16 programmable bibliographies (PK/MW)

("C:\Users\s1452504\AppData\Local\Programs\MiKTeX 2.9\tex/latex/logreq\logreq.s
ty"
Package: logreq 2010/08/04 v1.0 xml request logger
\lrq@indent=\count177

("C:\Users\s1452504\AppData\Local\Programs\MiKTeX 2.9\tex/latex/logreq\logreq.d
ef"
File: logreq.def 2010/08/04 v1.0 logreq spec v1.0
))
\c@tabx@nest=\count178
\c@listtotal=\count179
\c@listcount=\count180
\c@liststart=\count181
\c@liststop=\count182
\c@citecount=\count183
\c@citetotal=\count184
\c@multicitecount=\count185
\c@multicitetotal=\count186
\c@instcount=\count187
\c@maxnames=\count188
\c@minnames=\count189
\c@maxitems=\count190
\c@minitems=\count191
\c@citecounter=\count192
\c@maxcitecounter=\count193
\c@savedcitecounter=\count194
\c@uniquelist=\count195
\c@uniquename=\count196
\c@refsection=\count197
\c@refsegment=\count198
\c@maxextratitle=\count199
\c@maxextratitleyear=\count266
\c@maxextraname=\count267
\c@maxextradate=\count268
\c@maxextraalpha=\count269
\c@abbrvpenalty=\count270
\c@highnamepenalty=\count271
\c@lownamepenalty=\count272
\c@maxparens=\count273
\c@parenlevel=\count274
\blx@tempcnta=\count275
\blx@tempcntb=\count276
\blx@tempcntc=\count277
\blx@maxsection=\count278
\blx@maxsegment@0=\count279
\blx@notetype=\count280
\blx@parenlevel@text=\count281
\blx@parenlevel@foot=\count282
\blx@sectionciteorder@0=\count283
\blx@entrysetcounter=\count284
\blx@biblioinstance=\count285
\labelnumberwidth=\skip68
\labelalphawidth=\skip69
\biblabelsep=\skip70
\bibitemsep=\skip71
\bibnamesep=\skip72
\bibinitsep=\skip73
\bibparsep=\skip74
\bibhang=\skip75
\blx@bcfin=\read2
\blx@bcfout=\write5
\blx@langwohyphens=\language76
\c@mincomprange=\count286
\c@maxcomprange=\count287
\c@mincompwidth=\count288
Package biblatex Info: Trying to load biblatex default data model...
Package biblatex Info: ... file 'blx-dm.def' found.

("C:\Users\s1452504\AppData\Local\Programs\MiKTeX 2.9\tex/latex/biblatex\blx-dm
.def"
File: blx-dm.def 2020/12/31 v3.16 biblatex localization (PK/MW)
)
Package biblatex Info: Trying to load biblatex style data model...
Package biblatex Info: ... file 'verbose.dbx' not found.
Package biblatex Info: Trying to load biblatex custom data model...
Package biblatex Info: ... file 'biblatex-dm.cfg' not found.
\c@afterword=\count289
\c@savedafterword=\count290
\c@annotator=\count291
\c@savedannotator=\count292
\c@author=\count293
\c@savedauthor=\count294
\c@bookauthor=\count295
\c@savedbookauthor=\count296
\c@commentator=\count297
\c@savedcommentator=\count298
\c@editor=\count299
\c@savededitor=\count300
\c@editora=\count301
\c@savededitora=\count302
\c@editorb=\count303
\c@savededitorb=\count304
\c@editorc=\count305
\c@savededitorc=\count306
\c@foreword=\count307
\c@savedforeword=\count308
\c@holder=\count309
\c@savedholder=\count310
\c@introduction=\count311
\c@savedintroduction=\count312
\c@namea=\count313
\c@savednamea=\count314
\c@nameb=\count315
\c@savednameb=\count316
\c@namec=\count317
\c@savednamec=\count318
\c@translator=\count319
\c@savedtranslator=\count320
\c@shortauthor=\count321
\c@savedshortauthor=\count322
\c@shorteditor=\count323
\c@savedshorteditor=\count324
\c@labelname=\count325
\c@savedlabelname=\count326
\c@institution=\count327
\c@savedinstitution=\count328
\c@lista=\count329
\c@savedlista=\count330
\c@listb=\count331
\c@savedlistb=\count332
\c@listc=\count333
\c@savedlistc=\count334
\c@listd=\count335
\c@savedlistd=\count336
\c@liste=\count337
\c@savedliste=\count338
\c@listf=\count339
\c@savedlistf=\count340
\c@location=\count341
\c@savedlocation=\count342
\c@organization=\count343
\c@savedorganization=\count344
\c@origlocation=\count345
\c@savedoriglocation=\count346
\c@origpublisher=\count347
\c@savedorigpublisher=\count348
\c@publisher=\count349
\c@savedpublisher=\count350
\c@language=\count351
\c@savedlanguage=\count352
\c@origlanguage=\count353
\c@savedoriglanguage=\count354
\c@pageref=\count355
\c@savedpageref=\count356
\shorthandwidth=\skip76
\shortjournalwidth=\skip77
\shortserieswidth=\skip78
\shorttitlewidth=\skip79
\shortauthorwidth=\skip80
\shorteditorwidth=\skip81
\locallabelnumberwidth=\skip82
\locallabelalphawidth=\skip83
\localshorthandwidth=\skip84
\localshortjournalwidth=\skip85
\localshortserieswidth=\skip86
\localshorttitlewidth=\skip87
\localshortauthorwidth=\skip88
\localshorteditorwidth=\skip89
Package biblatex Info: Trying to load compatibility code...
Package biblatex Info: ... file 'blx-compat.def' found.

("C:\Users\s1452504\AppData\Local\Programs\MiKTeX 2.9\tex/latex/biblatex\blx-co
mpat.def"
File: blx-compat.def 2020/12/31 v3.16 biblatex compatibility (PK/MW)
)
Package biblatex Info: Trying to load BibTeX backend compatibility...
Package biblatex Info: ... file 'blx-bibtex.def' found.

("C:\Users\s1452504\AppData\Local\Programs\MiKTeX 2.9\tex/latex/biblatex\blx-bi
btex.def"
File: blx-bibtex.def 2020/12/31 v3.16 biblatex compatibility (PK/MW)


Package biblatex Warning: Using fall-back BibTeX(8) backend:
(biblatex)                functionality may be reduced/unavailable.

)
Package biblatex Info: Trying to load generic definitions...
Package biblatex Info: ... file 'biblatex.def' found.

("C:\Users\s1452504\AppData\Local\Programs\MiKTeX 2.9\tex/latex/biblatex\biblat
ex.def"
File: biblatex.def 2020/12/31 v3.16 biblatex compatibility (PK/MW)
\c@textcitecount=\count357
\c@textcitetotal=\count358
\c@textcitemaxnames=\count359
\c@biburlbigbreakpenalty=\count360
\c@biburlbreakpenalty=\count361
\c@biburlnumpenalty=\count362
\c@biburlucpenalty=\count363
\c@biburllcpenalty=\count364
\biburlbigskip=\muskip12
\biburlnumskip=\muskip13
\biburlucskip=\muskip14
\biburllcskip=\muskip15
\c@smartand=\count365
)
Package biblatex Info: Trying to load bibliography style 'verbose'...
Package biblatex Info: ... file 'verbose.bbx' found.

("C:\Users\s1452504\AppData\Local\Programs\MiKTeX 2.9\tex/latex/biblatex/bbx\ve
rbose.bbx"
File: verbose.bbx 2020/12/31 v3.16 biblatex bibliography style (PK/MW)
Package biblatex Info: Trying to load bibliography style 'authortitle'...
Package biblatex Info: ... file 'authortitle.bbx' found.

("C:\Users\s1452504\AppData\Local\Programs\MiKTeX 2.9\tex/latex/biblatex/bbx\au
thortitle.bbx"
File: authortitle.bbx 2020/12/31 v3.16 biblatex bibliography style (PK/MW)
Package biblatex Info: Trying to load bibliography style 'standard'...
Package biblatex Info: ... file 'standard.bbx' found.

("C:\Users\s1452504\AppData\Local\Programs\MiKTeX 2.9\tex/latex/biblatex/bbx\st
andard.bbx"
File: standard.bbx 2020/12/31 v3.16 biblatex bibliography style (PK/MW)
\c@bbx:relatedcount=\count366
\c@bbx:relatedtotal=\count367
)))
Package biblatex Info: Trying to load citation style 'verbose'...
Package biblatex Info: ... file 'verbose.cbx' found.

("C:\Users\s1452504\AppData\Local\Programs\MiKTeX 2.9\tex/latex/biblatex/cbx\ve
rbose.cbx"
File: verbose.cbx 2020/12/31 v3.16 biblatex citation style (PK/MW)
Package biblatex Info: Redefining '\cite'.
Package biblatex Info: Redefining '\parencite'.
Package biblatex Info: Redefining '\footcite'.
Package biblatex Info: Redefining '\footcitetext'.
Package biblatex Info: Redefining '\smartcite'.
Package biblatex Info: Redefining '\textcite'.
Package biblatex Info: Redefining '\textcites'.
)
Package biblatex Info: Trying to load configuration file...
Package biblatex Info: ... file 'biblatex.cfg' found.

("C:\Users\s1452504\AppData\Local\Programs\MiKTeX 2.9\tex/latex/biblatex\biblat
ex.cfg"
File: biblatex.cfg 
))
("C:\Users\s1452504\AppData\Local\Programs\MiKTeX 2.9\tex/latex/media9\media9.s
ty"
("C:\Users\s1452504\AppData\Local\Programs\MiKTeX 2.9\tex/latex/l3kernel\expl3.
sty"
Package: expl3 2019-03-05 L3 programming layer (loader) 

("C:\Users\s1452504\AppData\Local\Programs\MiKTeX 2.9\tex/latex/l3kernel\expl3-
code.tex"
Package: expl3 2019-03-05 L3 programming layer (code)
\c_max_int=\count368
\l_tmpa_int=\count369
\l_tmpb_int=\count370
\g_tmpa_int=\count371
\g_tmpb_int=\count372
\g__kernel_prg_map_int=\count373
\c_log_iow=\count374
\l_iow_line_count_int=\count375
\l__iow_line_target_int=\count376
\l__iow_one_indent_int=\count377
\l__iow_indent_int=\count378
\c_zero_dim=\dimen266
\c_max_dim=\dimen267
\l_tmpa_dim=\dimen268
\l_tmpb_dim=\dimen269
\g_tmpa_dim=\dimen270
\g_tmpb_dim=\dimen271
\c_zero_skip=\skip90
\c_max_skip=\skip91
\l_tmpa_skip=\skip92
\l_tmpb_skip=\skip93
\g_tmpa_skip=\skip94
\g_tmpb_skip=\skip95
\c_zero_muskip=\muskip16
\c_max_muskip=\muskip17
\l_tmpa_muskip=\muskip18
\l_tmpb_muskip=\muskip19
\g_tmpa_muskip=\muskip20
\g_tmpb_muskip=\muskip21
\l_keys_choice_int=\count379
\l__intarray_loop_int=\count380
\c__intarray_sp_dim=\dimen272
\g__intarray_font_int=\count381
\c__fp_leading_shift_int=\count382
\c__fp_middle_shift_int=\count383
\c__fp_trailing_shift_int=\count384
\c__fp_big_leading_shift_int=\count385
\c__fp_big_middle_shift_int=\count386
\c__fp_big_trailing_shift_int=\count387
\c__fp_Bigg_leading_shift_int=\count388
\c__fp_Bigg_middle_shift_int=\count389
\c__fp_Bigg_trailing_shift_int=\count390
\c__kernel_randint_max_int=\count391
\g__fp_array_int=\count392
\l__fp_array_loop_int=\count393
\l__sort_length_int=\count394
\l__sort_min_int=\count395
\l__sort_top_int=\count396
\l__sort_max_int=\count397
\l__sort_true_max_int=\count398
\l__sort_block_int=\count399
\l__sort_begin_int=\count400
\l__sort_end_int=\count401
\l__sort_A_int=\count402
\l__sort_B_int=\count403
\l__sort_C_int=\count404
\l__tl_analysis_normal_int=\count405
\l__tl_analysis_index_int=\count406
\l__tl_analysis_nesting_int=\count407
\l__tl_analysis_type_int=\count408
\l__regex_internal_a_int=\count409
\l__regex_internal_b_int=\count410
\l__regex_internal_c_int=\count411
\l__regex_balance_int=\count412
\l__regex_group_level_int=\count413
\l__regex_mode_int=\count414
\c__regex_cs_in_class_mode_int=\count415
\c__regex_cs_mode_int=\count416
\l__regex_catcodes_int=\count417
\l__regex_default_catcodes_int=\count418
\c__regex_catcode_D_int=\count419
\c__regex_catcode_S_int=\count420
\c__regex_catcode_L_int=\count421
\c__regex_catcode_O_int=\count422
\c__regex_catcode_A_int=\count423
\c__regex_all_catcodes_int=\count424
\l__regex_show_lines_int=\count425
\l__regex_min_state_int=\count426
\l__regex_max_state_int=\count427
\l__regex_left_state_int=\count428
\l__regex_right_state_int=\count429
\l__regex_capturing_group_int=\count430
\l__regex_min_pos_int=\count431
\l__regex_max_pos_int=\count432
\l__regex_curr_pos_int=\count433
\l__regex_start_pos_int=\count434
\l__regex_success_pos_int=\count435
\l__regex_curr_char_int=\count436
\l__regex_curr_catcode_int=\count437
\l__regex_last_char_int=\count438
\l__regex_case_changed_char_int=\count439
\l__regex_curr_state_int=\count440
\l__regex_step_int=\count441
\l__regex_min_active_int=\count442
\l__regex_max_active_int=\count443
\l__regex_replacement_csnames_int=\count444
\l__regex_match_count_int=\count445
\l__regex_min_submatch_int=\count446
\l__regex_submatch_int=\count447
\l__regex_zeroth_submatch_int=\count448
\g__regex_trace_regex_int=\count449
\c_empty_box=\box56
\l_tmpa_box=\box57
\l_tmpb_box=\box58
\g_tmpa_box=\box59
\g_tmpb_box=\box60
\l__box_top_dim=\dimen273
\l__box_bottom_dim=\dimen274
\l__box_left_dim=\dimen275
\l__box_right_dim=\dimen276
\l__box_top_new_dim=\dimen277
\l__box_bottom_new_dim=\dimen278
\l__box_left_new_dim=\dimen279
\l__box_right_new_dim=\dimen280
\l__box_internal_box=\box61
\l__coffin_internal_box=\box62
\l__coffin_internal_dim=\dimen281
\l__coffin_offset_x_dim=\dimen282
\l__coffin_offset_y_dim=\dimen283
\l__coffin_x_dim=\dimen284
\l__coffin_y_dim=\dimen285
\l__coffin_x_prime_dim=\dimen286
\l__coffin_y_prime_dim=\dimen287
\c_empty_coffin=\box63
\l__coffin_aligned_coffin=\box64
\l__coffin_aligned_internal_coffin=\box65
\l_tmpa_coffin=\box66
\l_tmpb_coffin=\box67
\g_tmpa_coffin=\box68
\g_tmpb_coffin=\box69
\l__coffin_bounding_shift_dim=\dimen288
\l__coffin_left_corner_dim=\dimen289
\l__coffin_right_corner_dim=\dimen290
\l__coffin_bottom_corner_dim=\dimen291
\l__coffin_top_corner_dim=\dimen292
\l__coffin_scaled_total_height_dim=\dimen293
\l__coffin_scaled_width_dim=\dimen294
\c__coffin_empty_coffin=\box70
\l__coffin_display_coffin=\box71
\l__coffin_display_coord_coffin=\box72
\l__coffin_display_pole_coffin=\box73
\l__coffin_display_offset_dim=\dimen295
\l__coffin_display_x_dim=\dimen296
\l__coffin_display_y_dim=\dimen297
\g__file_internal_ior=\read3
\l__seq_internal_a_int=\count450
\l__seq_internal_b_int=\count451
\c__deprecation_minus_one=\count452
)
("C:\Users\s1452504\AppData\Local\Programs\MiKTeX 2.9\tex/latex/l3kernel\l3pdfm
ode.def"
File: l3pdfmode.def 2019-03-05 v L3 Experimental driver: PDF mode
\l__driver_color_stack_int=\count453
))
("C:\Users\s1452504\AppData\Local\Programs\MiKTeX 2.9\tex/latex/l3packages/l3ke
ys2e\l3keys2e.sty"
Package: l3keys2e 2019-03-05 LaTeX2e option processing using LaTeX3 keys
)
("C:\Users\s1452504\AppData\Local\Programs\MiKTeX 2.9\tex/latex/l3packages/xpar
se\xparse.sty"
Package: xparse 2019-03-05 L3 Experimental document command parser
\l__xparse_current_arg_int=\count454
\g__xparse_grabber_int=\count455
\l__xparse_m_args_int=\count456
\l__xparse_v_nesting_int=\count457
)
Package: media9 2019/05/02 v0.97 acrobat-9/X compatible media
\g_mix_pkgresizeflag_int=\count458

("C:\Users\s1452504\AppData\Local\Programs\MiKTeX 2.9\tex/latex/media9\pdfbase.
sty"
Package: pdfbase 2019/05/02 v0.28 driver independent access to low-level PDF fe
atures
\g_pbs_page_int=\count459
\g_pbs_oc_int=\count460
)
("C:\Users\s1452504\AppData\Local\Programs\MiKTeX 2.9\tex/latex/ocgx2\ocgbase.s
ty"
Package: ocgbase 2018/06/07 v0.14 support package for ocgx2.sty
\g_ocgbase_nd_int=\count461
)
\l_mix_poster_box=\box74
\g_mix_wd_dim=\dimen298
\g_mix_ht_dim=\dimen299
\g_mix_dp_dim=\dimen300
\g_mix_rmcnt_int=\count462
\l_mix_viewcnt_int=\count463
\g@mix@page@int=\count464
\g_mix_resizeflag_int=\count465
\l_mix_lineno_int=\count466
\l_mix_pbtn_box=\box75
\mix@btn@dim=\dimen301
\g_mix_mbtncnt_int=\count467
)
\@quotelevel=\count468
\@quotereset=\count469
 (ALOP2021Presentation.aux)
\openout1 = `ALOP2021Presentation.aux'.

LaTeX Font Info:    Checking defaults for OML/cmm/m/it on input line 33.
LaTeX Font Info:    ... okay on input line 33.
LaTeX Font Info:    Checking defaults for T1/cmr/m/n on input line 33.
LaTeX Font Info:    ... okay on input line 33.
LaTeX Font Info:    Checking defaults for OT1/cmr/m/n on input line 33.
LaTeX Font Info:    ... okay on input line 33.
LaTeX Font Info:    Checking defaults for OMS/cmsy/m/n on input line 33.
LaTeX Font Info:    ... okay on input line 33.
LaTeX Font Info:    Checking defaults for OMX/cmex/m/n on input line 33.
LaTeX Font Info:    ... okay on input line 33.
LaTeX Font Info:    Checking defaults for U/cmr/m/n on input line 33.
LaTeX Font Info:    ... okay on input line 33.
LaTeX Font Info:    Checking defaults for PD1/pdf/m/n on input line 33.
LaTeX Font Info:    ... okay on input line 33.

*geometry* driver: auto-detecting
*geometry* detected driver: pdftex
*geometry* verbose mode - [ preamble ] result:
* driver: pdftex
* paper: custom
* layout: <same size as paper>
* layoutoffset:(h,v)=(0.0pt,0.0pt)
* modes: includehead includefoot 
* h-part:(L,W,R)=(28.45274pt, 398.3386pt, 28.45274pt)
* v-part:(T,H,B)=(0.0pt, 256.0748pt, 0.0pt)
* \paperwidth=455.24408pt
* \paperheight=256.0748pt
* \textwidth=398.3386pt
* \textheight=227.62207pt
* \oddsidemargin=-43.81725pt
* \evensidemargin=-43.81725pt
* \topmargin=-72.26999pt
* \headheight=14.22636pt
* \headsep=0.0pt
* \topskip=11.0pt
* \footskip=14.22636pt
* \marginparwidth=4.0pt
* \marginparsep=10.0pt
* \columnsep=10.0pt
* \skip\footins=10.0pt plus 4.0pt minus 2.0pt
* \hoffset=0.0pt
* \voffset=0.0pt
* \mag=1000
* \@twocolumnfalse
* \@twosidefalse
* \@mparswitchfalse
* \@reversemarginfalse
* (1in=72.27pt=25.4mm, 1cm=28.453pt)


("C:\Users\s1452504\AppData\Local\Programs\MiKTeX 2.9\tex/context/base\supp-pdf
.mkii"
[Loading MPS to PDF converter (version 2006.09.02).]
\scratchcounter=\count470
\scratchdimen=\dimen302
\scratchbox=\box76
\nofMPsegments=\count471
\nofMParguments=\count472
\everyMPshowfont=\toks46
\MPscratchCnt=\count473
\MPscratchDim=\dimen303
\MPnumerator=\count474
\makeMPintoPDFobject=\count475
\everyMPtoPDFconversion=\toks47
)
("C:\Users\s1452504\AppData\Local\Programs\MiKTeX 2.9\tex/latex/oberdiek\epstop
df-base.sty"
Package: epstopdf-base 2016/05/15 v2.6 Base part for package epstopdf

("C:\Users\s1452504\AppData\Local\Programs\MiKTeX 2.9\tex/latex/oberdiek\grfext
.sty"
Package: grfext 2016/05/16 v1.2 Manage graphics extensions (HO)
)
Package epstopdf-base Info: Redefining graphics rule for `.eps' on input line 4
38.
Package grfext Info: Graphics extension search list:
(grfext)             [.pdf,.png,.jpg,.mps,.jpeg,.jbig2,.jb2,.PDF,.PNG,.JPG,.JPE
G,.JBIG2,.JB2,.eps]
(grfext)             \AppendGraphicsExtensions on input line 456.
) ABD: EveryShipout initializing macros
\AtBeginShipoutBox=\box77
Package hyperref Info: Link coloring OFF on input line 33.

("C:\Users\s1452504\AppData\Local\Programs\MiKTeX 2.9\tex/latex/hyperref\namere
f.sty"
Package: nameref 2016/05/21 v2.44 Cross-referencing by name of section

("C:\Users\s1452504\AppData\Local\Programs\MiKTeX 2.9\tex/generic/oberdiek\gett
itlestring.sty"
Package: gettitlestring 2016/05/16 v1.5 Cleanup title references (HO)
)
\c@section@level=\count476
)
LaTeX Info: Redefining \ref on input line 33.
LaTeX Info: Redefining \pageref on input line 33.
LaTeX Info: Redefining \nameref on input line 33.
 (ALOP2021Presentation.out) (ALOP2021Presentation.out)
\@outlinefile=\write6
\openout6 = `ALOP2021Presentation.out'.

LaTeX Font Info:    Overwriting symbol font `operators' in version `normal'
(Font)                  OT1/cmr/m/n --> OT1/cmss/m/n on input line 33.
LaTeX Font Info:    Overwriting symbol font `operators' in version `bold'
(Font)                  OT1/cmr/bx/n --> OT1/cmss/bx/n on input line 33.
\symnumbers=\mathgroup6
\sympureletters=\mathgroup7
LaTeX Font Info:    Overwriting math alphabet `\mathrm' in version `normal'
(Font)                  OT1/cmss/m/n --> OT1/cmr/m/n on input line 33.
LaTeX Font Info:    Redeclaring math alphabet \mathbf on input line 33.
LaTeX Font Info:    Overwriting math alphabet `\mathbf' in version `normal'
(Font)                  OT1/cmr/bx/n --> OT1/cmss/bx/n on input line 33.
LaTeX Font Info:    Overwriting math alphabet `\mathbf' in version `bold'
(Font)                  OT1/cmr/bx/n --> OT1/cmss/bx/n on input line 33.
LaTeX Font Info:    Redeclaring math alphabet \mathsf on input line 33.
LaTeX Font Info:    Overwriting math alphabet `\mathsf' in version `normal'
(Font)                  OT1/cmss/m/n --> OT1/cmss/m/n on input line 33.
LaTeX Font Info:    Overwriting math alphabet `\mathsf' in version `bold'
(Font)                  OT1/cmss/bx/n --> OT1/cmss/m/n on input line 33.
LaTeX Font Info:    Redeclaring math alphabet \mathit on input line 33.
LaTeX Font Info:    Overwriting math alphabet `\mathit' in version `normal'
(Font)                  OT1/cmr/m/it --> OT1/cmss/m/it on input line 33.
LaTeX Font Info:    Overwriting math alphabet `\mathit' in version `bold'
(Font)                  OT1/cmr/bx/it --> OT1/cmss/m/it on input line 33.
LaTeX Font Info:    Redeclaring math alphabet \mathtt on input line 33.
LaTeX Font Info:    Overwriting math alphabet `\mathtt' in version `normal'
(Font)                  OT1/cmtt/m/n --> OT1/cmtt/m/n on input line 33.
LaTeX Font Info:    Overwriting math alphabet `\mathtt' in version `bold'
(Font)                  OT1/cmtt/m/n --> OT1/cmtt/m/n on input line 33.
LaTeX Font Info:    Overwriting symbol font `numbers' in version `bold'
(Font)                  OT1/cmss/m/n --> OT1/cmss/bx/n on input line 33.
LaTeX Font Info:    Overwriting symbol font `pureletters' in version `bold'
(Font)                  OT1/cmss/m/it --> OT1/cmss/bx/it on input line 33.
LaTeX Font Info:    Overwriting math alphabet `\mathrm' in version `bold'
(Font)                  OT1/cmss/bx/n --> OT1/cmr/bx/n on input line 33.
LaTeX Font Info:    Overwriting math alphabet `\mathbf' in version `bold'
(Font)                  OT1/cmss/bx/n --> OT1/cmss/bx/n on input line 33.
LaTeX Font Info:    Overwriting math alphabet `\mathsf' in version `bold'
(Font)                  OT1/cmss/m/n --> OT1/cmss/bx/n on input line 33.
LaTeX Font Info:    Overwriting math alphabet `\mathit' in version `bold'
(Font)                  OT1/cmss/m/it --> OT1/cmss/bx/it on input line 33.
LaTeX Font Info:    Overwriting math alphabet `\mathtt' in version `bold'
(Font)                  OT1/cmtt/m/n --> OT1/cmtt/bx/n on input line 33.
LaTeX Font Info:    Redeclaring symbol font `pureletters' on input line 33.
LaTeX Font Info:    Overwriting symbol font `pureletters' in version `normal'
(Font)                  OT1/cmss/m/it --> OT1/mathkerncmss/m/sl on input line 3
3.
LaTeX Font Info:    Overwriting symbol font `pureletters' in version `bold'
(Font)                  OT1/cmss/bx/it --> OT1/mathkerncmss/m/sl on input line 
33.
LaTeX Font Info:    Overwriting symbol font `pureletters' in version `bold'
(Font)                  OT1/mathkerncmss/m/sl --> OT1/mathkerncmss/bx/sl on inp
ut line 33.

("C:\Users\s1452504\AppData\Local\Programs\MiKTeX 2.9\tex/latex/translator\tran
slator-basic-dictionary-English.dict"
Dictionary: translator-basic-dictionary, Language: English 
)
("C:\Users\s1452504\AppData\Local\Programs\MiKTeX 2.9\tex/latex/translator\tran
slator-bibliography-dictionary-English.dict"
Dictionary: translator-bibliography-dictionary, Language: English 
)
("C:\Users\s1452504\AppData\Local\Programs\MiKTeX 2.9\tex/latex/translator\tran
slator-environment-dictionary-English.dict"
Dictionary: translator-environment-dictionary, Language: English 
)
("C:\Users\s1452504\AppData\Local\Programs\MiKTeX 2.9\tex/latex/translator\tran
slator-months-dictionary-English.dict"
Dictionary: translator-months-dictionary, Language: English 
)
("C:\Users\s1452504\AppData\Local\Programs\MiKTeX 2.9\tex/latex/translator\tran
slator-numbers-dictionary-English.dict"
Dictionary: translator-numbers-dictionary, Language: English 
)
("C:\Users\s1452504\AppData\Local\Programs\MiKTeX 2.9\tex/latex/translator\tran
slator-theorem-dictionary-English.dict"
Dictionary: translator-theorem-dictionary, Language: English 
)
Package caption Info: Begin \AtBeginDocument code.
Package caption Info: End \AtBeginDocument code.
Package biblatex Info: Trying to load language 'english'...
Package biblatex Info: ... file 'english.lbx' found.

("C:\Users\s1452504\AppData\Local\Programs\MiKTeX 2.9\tex/latex/biblatex/lbx\en
glish.lbx"
File: english.lbx 2020/12/31 v3.16 biblatex localization (PK/MW)
)
Package biblatex Info: Input encoding 'utf8' detected.
Package biblatex Info: Automatic encoding selection.
(biblatex)             Assuming data encoding 'utf8'.
Package biblatex Info: Input encoding 'utf8' specified.
Package biblatex Info: Data encoding 'utf8' specified.
(biblatex)             No need to reencode data.
Package biblatex Info: Document encoding is UTF8 ....


LaTeX Warning: You have requested, on input line 33, version
               `2020/04/06' of package expl3,
               but only version
               `2019-03-05 L3 programming layer (loader) '
               is available.

Package biblatex Info: ... but expl3
(biblatex)             2019-03-05 L3 programming layer (loader) 
(biblatex)             is too old (older than 2020/04/06),
(biblatex)             setting 'casechanger=latex2e'.

("C:\Users\s1452504\AppData\Local\Programs\MiKTeX 2.9\tex/latex/biblatex\blx-ca
se-latex2e.sty"
Package: blx-case-latex2e 2020/12/31 v3.16 biblatex compatibility (PK/MW)
)
\openout5 = `ALOP2021Presentation-blx.bib'.

Package biblatex Info: Trying to load bibliographic data...
Package biblatex Info: ... file 'ALOP2021Presentation.bbl' found.
 (ALOP2021Presentation.bbl)
Package biblatex Info: Reference section=0 on input line 33.
Package biblatex Info: Reference segment=0 on input line 33.
 (ALOP2021Presentation.nav)

Package hyperref Warning: Option `pdfauthor' has already been used,
(hyperref)                setting the option has no effect on input line 36.

[1

{C:/Users/s1452504/AppData/Local/MiKTeX/2.9/pdftex/config/pdftex.map}]
LaTeX Font Info:    Try loading font information for U+msa on input line 60.

("C:\Users\s1452504\AppData\Local\Programs\MiKTeX 2.9\tex/latex/amsfonts\umsa.f
d"
File: umsa.fd 2013/01/14 v3.01 AMS symbols A
)
LaTeX Font Info:    Try loading font information for U+msb on input line 60.

("C:\Users\s1452504\AppData\Local\Programs\MiKTeX 2.9\tex/latex/amsfonts\umsb.f
d"
File: umsb.fd 2013/01/14 v3.01 AMS symbols B
)
LaTeX Font Info:    Try loading font information for OT1+mathkerncmss on input 
line 60.

("C:\Users\s1452504\AppData\Local\Programs\MiKTeX 2.9\tex/latex/sansmathaccent\
ot1mathkerncmss.fd"
File: ot1mathkerncmss.fd 2013/03/27 Fontinst v1.933 font definitions for OT1/ma
thkerncmss.
) [2

]
Overfull \hbox (5.98427pt too wide) detected at line 88
[]
 []

[3

]
Overfull \hbox (24.51387pt too wide) detected at line 102
[]
 []

[4

] [5

]
<./Pictures/Shapes1.png, id=64, 1442.38875pt x 386.94562pt>
File: ./Pictures/Shapes1.png Graphic file (type png)
<use ./Pictures/Shapes1.png>
Package pdftex.def Info: ./Pictures/Shapes1.png  used on input line 139.
(pdftex.def)             Requested size: 426.79134pt x 114.49042pt.

Overfull \hbox (28.45274pt too wide) in paragraph at lines 139--139
 [] 
 []

[6

 <./Pictures/Shapes1.png (PNG copy)>]
<./Pictures/MultiShapes.png, id=71, 1437.11906pt x 383.93437pt>
File: ./Pictures/MultiShapes.png Graphic file (type png)
<use ./Pictures/MultiShapes.png>
Package pdftex.def Info: ./Pictures/MultiShapes.png  used on input line 153.
(pdftex.def)             Requested size: 426.79134pt x 114.02124pt.

Overfull \hbox (28.45274pt too wide) in paragraph at lines 153--153
 [] 
 []

[7

 <./Pictures/MultiShapes.png (PNG copy)>]
Overfull \hbox (24.51387pt too wide) detected at line 166
[]
 []

[8

] [9

]
Overfull \hbox (5.98427pt too wide) detected at line 216
[]
 []

[10

]
<./Pictures/ExRes2a2.png, id=97, 872.66025pt x 348.1005pt>
File: ./Pictures/ExRes2a2.png Graphic file (type png)
<use ./Pictures/ExRes2a2.png>
Package pdftex.def Info: ./Pictures/ExRes2a2.png  used on input line 226.
(pdftex.def)             Requested size: 398.33858pt x 158.89587pt.
 [11

 <./Pictures/ExRes2a2.png>]
<./Pictures/ExRes2b3.png, id=106, 865.43324pt x 368.577pt>
File: ./Pictures/ExRes2b3.png Graphic file (type png)
<use ./Pictures/ExRes2b3.png>
Package pdftex.def Info: ./Pictures/ExRes2b3.png  used on input line 234.
(pdftex.def)             Requested size: 398.33858pt x 169.6487pt.
 [12

 <./Pictures/ExRes2b3.png>]
Overfull \hbox (24.51387pt too wide) detected at line 247
[]
 []

[13

] [14

]
Overfull \hbox (5.82745pt too wide) detected at line 270
[]
 []

[15

]
Overfull \hbox (5.82745pt too wide) detected at line 283
[]
 []

[16

]
Overfull \hbox (26.62668pt too wide) detected at line 297
[]
 []

[17

]
Overfull \hbox (26.62668pt too wide) detected at line 332
[]
 []

[18

] [19

] [20

]
Overfull \hbox (5.98427pt too wide) detected at line 421
[]
 []

[21

]
<./Pictures/FCNkn1.png, id=173, 1448.41125pt x 376.40625pt>
File: ./Pictures/FCNkn1.png Graphic file (type png)
<use ./Pictures/FCNkn1.png>
Package pdftex.def Info: ./Pictures/FCNkn1.png  used on input line 433.
(pdftex.def)             Requested size: 384.1122pt x 99.8161pt.
<./Pictures/FCNkn1c.png, id=174, 1448.41125pt x 376.40625pt>
File: ./Pictures/FCNkn1c.png Graphic file (type png)
<use ./Pictures/FCNkn1c.png>
Package pdftex.def Info: ./Pictures/FCNkn1c.png  used on input line 433.
(pdftex.def)             Requested size: 384.1122pt x 99.8161pt.

Overfull \vbox (15.80432pt too high) detected at line 433
 []

[22

 <./Pictures/FCNkn1.png (PNG copy)> <./Pictures/FCNkn1c.png (PNG copy)>]
<./Pictures/rhokn1.png, id=181, 1444.64719pt x 356.0803pt>
File: ./Pictures/rhokn1.png Graphic file (type png)
<use ./Pictures/rhokn1.png>
Package pdftex.def Info: ./Pictures/rhokn1.png  used on input line 445.
(pdftex.def)             Requested size: 426.79134pt x 105.1949pt.

Overfull \hbox (28.45274pt too wide) in paragraph at lines 445--445
 [] 
 []

[23

 <./Pictures/rhokn1.png (PNG copy)>]
<./Pictures/Controlkn1.png, id=188, 3099.58pt x 966.61125pt>
File: ./Pictures/Controlkn1.png Graphic file (type png)
<use ./Pictures/Controlkn1.png>
Package pdftex.def Info: ./Pictures/Controlkn1.png  used on input line 455.
(pdftex.def)             Requested size: 369.88582pt x 115.33937pt.
 [24

 <./Pictures/Controlkn1.png (PNG copy)>]
<./Pictures/ufraction8.png, id=195, 653.44125pt x 257.46187pt>
File: ./Pictures/ufraction8.png Graphic file (type png)
<use ./Pictures/ufraction8.png>
Package pdftex.def Info: ./Pictures/ufraction8.png  used on input line 475.
(pdftex.def)             Requested size: 142.26378pt x 56.05249pt.
<./Pictures/Microfilter.png, id=196, 415.05063pt x 222.33063pt>
File: ./Pictures/Microfilter.png Graphic file (type png)
<use ./Pictures/Microfilter.png>
Package pdftex.def Info: ./Pictures/Microfilter.png  used on input line 475.
(pdftex.def)             Requested size: 142.26378pt x 76.20544pt.
<./Pictures/west.png, id=197, 589.20125pt x 589.20125pt>
File: ./Pictures/west.png Graphic file (type png)
<use ./Pictures/west.png>
Package pdftex.def Info: ./Pictures/west.png  used on input line 475.
(pdftex.def)             Requested size: 85.35826pt x 85.35556pt.
<./Pictures/beer.png, id=198, 387.4475pt x 220.825pt>
File: ./Pictures/beer.png Graphic file (type png)
<use ./Pictures/beer.png>
Package pdftex.def Info: ./Pictures/beer.png  used on input line 475.
(pdftex.def)             Requested size: 99.58464pt x 56.75607pt.
 [25

 <./Pictures/ufraction8.png> <./Pictures/Microfilter.png> <./Pictures/west.png>
 <./Pictures/beer.png>] [26

]

Package hyperref Warning: Token not allowed in a PDF string (PDFDocEncoding):
(hyperref)                removing `\translate ' on input line 498.


LaTeX Font Warning: Font shape `OT1/cmss/m/sc' in size <10.95> not available
(Font)              Font shape `OT1/cmr/m/sc' tried instead on input line 502.

[27

 <C:/Users/s1452504/AppData/Local/Programs/MiKTeX 2.9/tex/latex/beamer/beameric
onarticle.pdf>] (FCNExample2D.tex) [28

]
Overfull \hbox (66.3836pt too wide) detected at line 524
[]
 []


Overfull \vbox (4.92102pt too high) detected at line 524
 []

[29

] [30

] [31

] [32

]
\tf@nav=\write7
\openout7 = `ALOP2021Presentation.nav'.

\tf@toc=\write8
\openout8 = `ALOP2021Presentation.toc'.

\tf@snm=\write9
\openout9 = `ALOP2021Presentation.snm'.

Package atveryend Info: Empty hook `BeforeClearDocument' on input line 560.
Package atveryend Info: Empty hook `AfterLastShipout' on input line 560.
 (ALOP2021Presentation.aux)
Package atveryend Info: Executing hook `AtVeryEndDocument' on input line 560.
Package atveryend Info: Executing hook `AtEndAfterFileList' on input line 560.
Package rerunfilecheck Info: File `ALOP2021Presentation.out' has not changed.
(rerunfilecheck)             Checksum: 8F8627C51F53BF3C7352D0FF061B188D;96.
Package logreq Info: Writing requests to 'ALOP2021Presentation.run.xml'.
\openout1 = `ALOP2021Presentation.run.xml'.

 ) 
Here is how much of TeX's memory you used:
 36853 strings out of 492946
 726248 string characters out of 3124935
 965373 words of memory out of 3000000
 40126 multiletter control sequences out of 15000+200000
 548075 words of font info for 80 fonts, out of 3000000 for 9000
 1141 hyphenation exceptions out of 8191
 56i,15n,70p,1872b,1785s stack positions out of 5000i,500n,10000p,200000b,50000s
<C:/Users/s1452504/AppData/Local/Programs/MiKTeX 2.9/fonts/type1/public/amsfo
nts/cm/cmcsc10.pfb><C:/Users/s1452504/AppData/Local/Programs/MiKTeX 2.9/fonts/t
ype1/public/amsfonts/cm/cmex10.pfb><C:/Users/s1452504/AppData/Local/Programs/Mi
KTeX 2.9/fonts/type1/public/amsfonts/cm/cmmi10.pfb><C:/Users/s1452504/AppData/L
ocal/Programs/MiKTeX 2.9/fonts/type1/public/amsfonts/cm/cmmi8.pfb><C:/Users/s14
52504/AppData/Local/Programs/MiKTeX 2.9/fonts/type1/public/amsfonts/cm/cmss10.p
fb><C:/Users/s1452504/AppData/Local/Programs/MiKTeX 2.9/fonts/type1/public/amsf
onts/cm/cmss12.pfb><C:/Users/s1452504/AppData/Local/Programs/MiKTeX 2.9/fonts/t
ype1/public/amsfonts/cm/cmss8.pfb><C:/Users/s1452504/AppData/Local/Programs/MiK
TeX 2.9/fonts/type1/public/amsfonts/cm/cmss9.pfb><C:/Users/s1452504/AppData/Loc
al/Programs/MiKTeX 2.9/fonts/type1/public/amsfonts/cm/cmssbx10.pfb><C:/Users/s1
452504/AppData/Local/Programs/MiKTeX 2.9/fonts/type1/public/amsfonts/cm/cmssi10
.pfb><C:/Users/s1452504/AppData/Local/Programs/MiKTeX 2.9/fonts/type1/public/am
sfonts/cm/cmssi8.pfb><C:/Users/s1452504/AppData/Local/Programs/MiKTeX 2.9/fonts
/type1/public/amsfonts/cm/cmssi9.pfb><C:/Users/s1452504/AppData/Local/Programs/
MiKTeX 2.9/fonts/type1/public/amsfonts/cm/cmsy10.pfb><C:/Users/s1452504/AppData
/Local/Programs/MiKTeX 2.9/fonts/type1/public/amsfonts/cm/cmsy8.pfb><C:/Users/s
1452504/AppData/Local/Programs/MiKTeX 2.9/fonts/type1/public/amsfonts/cm/cmtt10
.pfb><C:/Users/s1452504/AppData/Local/Programs/MiKTeX 2.9/fonts/type1/public/am
sfonts/symbols/msam10.pfb>
Output written on ALOP2021Presentation.pdf (32 pages, 1837387 bytes).
PDF statistics:
 345 PDF objects out of 1000 (max. 8388607)
 76 named destinations out of 1000 (max. 500000)
 123 words of extra memory for PDF output out of 10000 (max. 10000000)

