This is pdfTeX, Version 3.14159265-2.6-1.40.19 (TeX Live 2018) (preloaded format=pdflatex 2018.11.27)  26 NOV 2019 15:26
entering extended mode
 \write18 enabled.
 file:line:error style messages enabled.
 %&-line parsing enabled.
**NumericalMethods.tex
(./NumericalMethods.tex
LaTeX2e <2018-04-01> patch level 5
./NumericalMethods.tex:1: Undefined control sequence.
l.1 \subsection
               {Pseudospectral method for the forward problem}\label{sec:Met...

? 
./NumericalMethods.tex:1: Emergency stop.
l.1 \subsection
               {Pseudospectral method for the forward problem}\label{sec:Met...
End of file on the terminal!

 
Here is how much of TeX's memory you used:
 5 strings out of 492639
 163 string characters out of 6129301
 56549 words of memory out of 5000000
 3994 multiletter control sequences out of 15000+600000
 3640 words of font info for 14 fonts, out of 8000000 for 9000
 1141 hyphenation exceptions out of 8191
 5i,0n,1p,121b,8s stack positions out of 5000i,500n,10000p,200000b,80000s
./NumericalMethods.tex:1:  ==> Fatal error occurred, no output PDF file produce
d!
